CRITICAL - 2020-05-18 21:41:34 --> syntax error, unexpected ''firstname'' (T_CONSTANT_ENCAPSED_STRING), expecting ']'
#0 C:\xampp\htdocs\dev\system\Autoloader\Autoloader.php(296): CodeIgniter\Autoloader\Autoloader->requireFile('C:\\xampp\\htdocs...')
#1 C:\xampp\htdocs\dev\system\Autoloader\Autoloader.php(258): CodeIgniter\Autoloader\Autoloader->loadInNamespace('App\\Controllers...')
#2 [internal function]: CodeIgniter\Autoloader\Autoloader->loadClass('App\\Controllers...')
#3 [internal function]: spl_autoload_call('App\\Controllers...')
#4 C:\xampp\htdocs\dev\system\CodeIgniter.php(865): class_exists('\\App\\Controller...', true)
#5 C:\xampp\htdocs\dev\system\CodeIgniter.php(390): CodeIgniter\CodeIgniter->startController()
#6 C:\xampp\htdocs\dev\system\CodeIgniter.php(308): CodeIgniter\CodeIgniter->handleRequest(NULL, Object(Config\Cache), false)
#7 C:\xampp\htdocs\dev\public\index.php(45): CodeIgniter\CodeIgniter->run()
#8 {main}
CRITICAL - 2020-05-18 21:42:29 --> syntax error, unexpected ''firstname'' (T_CONSTANT_ENCAPSED_STRING), expecting ']'
#0 C:\xampp\htdocs\dev\system\Autoloader\Autoloader.php(296): CodeIgniter\Autoloader\Autoloader->requireFile('C:\\xampp\\htdocs...')
#1 C:\xampp\htdocs\dev\system\Autoloader\Autoloader.php(258): CodeIgniter\Autoloader\Autoloader->loadInNamespace('App\\Models\\User...')
#2 [internal function]: CodeIgniter\Autoloader\Autoloader->loadClass('App\\Models\\User...')
#3 C:\xampp\htdocs\dev\app\Controllers\Users.php(55): spl_autoload_call('App\\Models\\User...')
#4 C:\xampp\htdocs\dev\system\CodeIgniter.php(914): App\Controllers\Users->register()
#5 C:\xampp\htdocs\dev\system\CodeIgniter.php(400): CodeIgniter\CodeIgniter->runController(Object(App\Controllers\Users))
#6 C:\xampp\htdocs\dev\system\CodeIgniter.php(308): CodeIgniter\CodeIgniter->handleRequest(NULL, Object(Config\Cache), false)
#7 C:\xampp\htdocs\dev\public\index.php(45): CodeIgniter\CodeIgniter->run()
#8 {main}
CRITICAL - 2020-05-18 21:52:40 --> Unknown column 'username' in 'field list'
#0 C:\xampp\htdocs\dev\system\Database\MySQLi\Connection.php(331): mysqli->query('INSERT INTO `us...')
#1 C:\xampp\htdocs\dev\system\Database\BaseConnection.php(738): CodeIgniter\Database\MySQLi\Connection->execute('INSERT INTO `us...')
#2 C:\xampp\htdocs\dev\system\Database\BaseConnection.php(666): CodeIgniter\Database\BaseConnection->simpleQuery('INSERT INTO `us...')
#3 C:\xampp\htdocs\dev\system\Database\BaseBuilder.php(2234): CodeIgniter\Database\BaseConnection->query('INSERT INTO `us...', Array, false)
#4 C:\xampp\htdocs\dev\system\Model.php(729): CodeIgniter\Database\BaseBuilder->insert()
#5 C:\xampp\htdocs\dev\system\Model.php(557): CodeIgniter\Model->insert(Array, false)
#6 C:\xampp\htdocs\dev\app\Controllers\Users.php(77): CodeIgniter\Model->save(Array)
#7 C:\xampp\htdocs\dev\system\CodeIgniter.php(914): App\Controllers\Users->register()
#8 C:\xampp\htdocs\dev\system\CodeIgniter.php(400): CodeIgniter\CodeIgniter->runController(Object(App\Controllers\Users))
#9 C:\xampp\htdocs\dev\system\CodeIgniter.php(308): CodeIgniter\CodeIgniter->handleRequest(NULL, Object(Config\Cache), false)
#10 C:\xampp\htdocs\dev\public\index.php(45): CodeIgniter\CodeIgniter->run()
#11 {main}
CRITICAL - 2020-05-18 21:53:40 --> Trying to access array offset on value of type null
#0 C:\xampp\htdocs\dev\system\Model.php(728): CodeIgniter\Debug\Exceptions->errorHandler(8, 'Trying to acces...', 'C:\\xampp\\htdocs...', 728, Array)
#1 C:\xampp\htdocs\dev\system\Model.php(557): CodeIgniter\Model->insert(Array, false)
#2 C:\xampp\htdocs\dev\app\Controllers\Users.php(77): CodeIgniter\Model->save(Array)
#3 C:\xampp\htdocs\dev\system\CodeIgniter.php(914): App\Controllers\Users->register()
#4 C:\xampp\htdocs\dev\system\CodeIgniter.php(400): CodeIgniter\CodeIgniter->runController(Object(App\Controllers\Users))
#5 C:\xampp\htdocs\dev\system\CodeIgniter.php(308): CodeIgniter\CodeIgniter->handleRequest(NULL, Object(Config\Cache), false)
#6 C:\xampp\htdocs\dev\public\index.php(45): CodeIgniter\CodeIgniter->run()
#7 {main}
CRITICAL - 2020-05-18 21:55:57 --> Trying to access array offset on value of type null
#0 C:\xampp\htdocs\dev\system\Model.php(728): CodeIgniter\Debug\Exceptions->errorHandler(8, 'Trying to acces...', 'C:\\xampp\\htdocs...', 728, Array)
#1 C:\xampp\htdocs\dev\system\Model.php(557): CodeIgniter\Model->insert(Array, false)
#2 C:\xampp\htdocs\dev\app\Controllers\Users.php(77): CodeIgniter\Model->save(Array)
#3 C:\xampp\htdocs\dev\system\CodeIgniter.php(914): App\Controllers\Users->register()
#4 C:\xampp\htdocs\dev\system\CodeIgniter.php(400): CodeIgniter\CodeIgniter->runController(Object(App\Controllers\Users))
#5 C:\xampp\htdocs\dev\system\CodeIgniter.php(308): CodeIgniter\CodeIgniter->handleRequest(NULL, Object(Config\Cache), false)
#6 C:\xampp\htdocs\dev\public\index.php(45): CodeIgniter\CodeIgniter->run()
#7 {main}
CRITICAL - 2020-05-18 21:56:17 --> Trying to access array offset on value of type null
#0 C:\xampp\htdocs\dev\system\Model.php(728): CodeIgniter\Debug\Exceptions->errorHandler(8, 'Trying to acces...', 'C:\\xampp\\htdocs...', 728, Array)
#1 C:\xampp\htdocs\dev\system\Model.php(557): CodeIgniter\Model->insert(Array, false)
#2 C:\xampp\htdocs\dev\app\Controllers\Users.php(77): CodeIgniter\Model->save(Array)
#3 C:\xampp\htdocs\dev\system\CodeIgniter.php(914): App\Controllers\Users->register()
#4 C:\xampp\htdocs\dev\system\CodeIgniter.php(400): CodeIgniter\CodeIgniter->runController(Object(App\Controllers\Users))
#5 C:\xampp\htdocs\dev\system\CodeIgniter.php(308): CodeIgniter\CodeIgniter->handleRequest(NULL, Object(Config\Cache), false)
#6 C:\xampp\htdocs\dev\public\index.php(45): CodeIgniter\CodeIgniter->run()
#7 {main}
CRITICAL - 2020-05-18 21:57:07 --> Trying to access array offset on value of type null
#0 C:\xampp\htdocs\dev\system\Model.php(728): CodeIgniter\Debug\Exceptions->errorHandler(8, 'Trying to acces...', 'C:\\xampp\\htdocs...', 728, Array)
#1 C:\xampp\htdocs\dev\system\Model.php(557): CodeIgniter\Model->insert(Array, false)
#2 C:\xampp\htdocs\dev\app\Controllers\Users.php(77): CodeIgniter\Model->save(Array)
#3 C:\xampp\htdocs\dev\system\CodeIgniter.php(914): App\Controllers\Users->register()
#4 C:\xampp\htdocs\dev\system\CodeIgniter.php(400): CodeIgniter\CodeIgniter->runController(Object(App\Controllers\Users))
#5 C:\xampp\htdocs\dev\system\CodeIgniter.php(308): CodeIgniter\CodeIgniter->handleRequest(NULL, Object(Config\Cache), false)
#6 C:\xampp\htdocs\dev\public\index.php(45): CodeIgniter\CodeIgniter->run()
#7 {main}
CRITICAL - 2020-05-18 22:02:47 --> Unknown column 'username' in 'field list'
#0 C:\xampp\htdocs\dev\system\Database\MySQLi\Connection.php(331): mysqli->query('INSERT INTO `us...')
#1 C:\xampp\htdocs\dev\system\Database\BaseConnection.php(738): CodeIgniter\Database\MySQLi\Connection->execute('INSERT INTO `us...')
#2 C:\xampp\htdocs\dev\system\Database\BaseConnection.php(666): CodeIgniter\Database\BaseConnection->simpleQuery('INSERT INTO `us...')
#3 C:\xampp\htdocs\dev\system\Database\BaseBuilder.php(2234): CodeIgniter\Database\BaseConnection->query('INSERT INTO `us...', Array, false)
#4 C:\xampp\htdocs\dev\system\Model.php(729): CodeIgniter\Database\BaseBuilder->insert()
#5 C:\xampp\htdocs\dev\system\Model.php(557): CodeIgniter\Model->insert(Array, false)
#6 C:\xampp\htdocs\dev\app\Controllers\Users.php(77): CodeIgniter\Model->save(Array)
#7 C:\xampp\htdocs\dev\system\CodeIgniter.php(914): App\Controllers\Users->register()
#8 C:\xampp\htdocs\dev\system\CodeIgniter.php(400): CodeIgniter\CodeIgniter->runController(Object(App\Controllers\Users))
#9 C:\xampp\htdocs\dev\system\CodeIgniter.php(308): CodeIgniter\CodeIgniter->handleRequest(NULL, Object(Config\Cache), false)
#10 C:\xampp\htdocs\dev\public\index.php(45): CodeIgniter\CodeIgniter->run()
#11 {main}
CRITICAL - 2020-05-18 22:04:10 --> Column 'usernameUsers' cannot be null
#0 C:\xampp\htdocs\dev\system\Database\MySQLi\Connection.php(331): mysqli->query('INSERT INTO `us...')
#1 C:\xampp\htdocs\dev\system\Database\BaseConnection.php(738): CodeIgniter\Database\MySQLi\Connection->execute('INSERT INTO `us...')
#2 C:\xampp\htdocs\dev\system\Database\BaseConnection.php(666): CodeIgniter\Database\BaseConnection->simpleQuery('INSERT INTO `us...')
#3 C:\xampp\htdocs\dev\system\Database\BaseBuilder.php(2234): CodeIgniter\Database\BaseConnection->query('INSERT INTO `us...', Array, false)
#4 C:\xampp\htdocs\dev\system\Model.php(729): CodeIgniter\Database\BaseBuilder->insert()
#5 C:\xampp\htdocs\dev\system\Model.php(557): CodeIgniter\Model->insert(Array, false)
#6 C:\xampp\htdocs\dev\app\Controllers\Users.php(77): CodeIgniter\Model->save(Array)
#7 C:\xampp\htdocs\dev\system\CodeIgniter.php(914): App\Controllers\Users->register()
#8 C:\xampp\htdocs\dev\system\CodeIgniter.php(400): CodeIgniter\CodeIgniter->runController(Object(App\Controllers\Users))
#9 C:\xampp\htdocs\dev\system\CodeIgniter.php(308): CodeIgniter\CodeIgniter->handleRequest(NULL, Object(Config\Cache), false)
#10 C:\xampp\htdocs\dev\public\index.php(45): CodeIgniter\CodeIgniter->run()
#11 {main}
CRITICAL - 2020-05-18 22:06:48 --> Trying to access array offset on value of type null
#0 C:\xampp\htdocs\dev\system\Model.php(728): CodeIgniter\Debug\Exceptions->errorHandler(8, 'Trying to acces...', 'C:\\xampp\\htdocs...', 728, Array)
#1 C:\xampp\htdocs\dev\system\Model.php(557): CodeIgniter\Model->insert(Array, false)
#2 C:\xampp\htdocs\dev\app\Controllers\Users.php(77): CodeIgniter\Model->save(Array)
#3 C:\xampp\htdocs\dev\system\CodeIgniter.php(914): App\Controllers\Users->register()
#4 C:\xampp\htdocs\dev\system\CodeIgniter.php(400): CodeIgniter\CodeIgniter->runController(Object(App\Controllers\Users))
#5 C:\xampp\htdocs\dev\system\CodeIgniter.php(308): CodeIgniter\CodeIgniter->handleRequest(NULL, Object(Config\Cache), false)
#6 C:\xampp\htdocs\dev\public\index.php(45): CodeIgniter\CodeIgniter->run()
#7 {main}
CRITICAL - 2020-05-18 22:08:48 --> Unknown column 'username' in 'field list'
#0 C:\xampp\htdocs\dev\system\Database\MySQLi\Connection.php(331): mysqli->query('INSERT INTO `us...')
#1 C:\xampp\htdocs\dev\system\Database\BaseConnection.php(738): CodeIgniter\Database\MySQLi\Connection->execute('INSERT INTO `us...')
#2 C:\xampp\htdocs\dev\system\Database\BaseConnection.php(666): CodeIgniter\Database\BaseConnection->simpleQuery('INSERT INTO `us...')
#3 C:\xampp\htdocs\dev\system\Database\BaseBuilder.php(2234): CodeIgniter\Database\BaseConnection->query('INSERT INTO `us...', Array, false)
#4 C:\xampp\htdocs\dev\system\Model.php(729): CodeIgniter\Database\BaseBuilder->insert()
#5 C:\xampp\htdocs\dev\system\Model.php(557): CodeIgniter\Model->insert(Array, false)
#6 C:\xampp\htdocs\dev\app\Controllers\Users.php(77): CodeIgniter\Model->save(Array)
#7 C:\xampp\htdocs\dev\system\CodeIgniter.php(914): App\Controllers\Users->register()
#8 C:\xampp\htdocs\dev\system\CodeIgniter.php(400): CodeIgniter\CodeIgniter->runController(Object(App\Controllers\Users))
#9 C:\xampp\htdocs\dev\system\CodeIgniter.php(308): CodeIgniter\CodeIgniter->handleRequest(NULL, Object(Config\Cache), false)
#10 C:\xampp\htdocs\dev\public\index.php(45): CodeIgniter\CodeIgniter->run()
#11 {main}
CRITICAL - 2020-05-18 22:10:28 --> Unknown column 'username' in 'field list'
#0 C:\xampp\htdocs\dev\system\Database\MySQLi\Connection.php(331): mysqli->query('INSERT INTO `us...')
#1 C:\xampp\htdocs\dev\system\Database\BaseConnection.php(738): CodeIgniter\Database\MySQLi\Connection->execute('INSERT INTO `us...')
#2 C:\xampp\htdocs\dev\system\Database\BaseConnection.php(666): CodeIgniter\Database\BaseConnection->simpleQuery('INSERT INTO `us...')
#3 C:\xampp\htdocs\dev\system\Database\BaseBuilder.php(2234): CodeIgniter\Database\BaseConnection->query('INSERT INTO `us...', Array, false)
#4 C:\xampp\htdocs\dev\system\Model.php(729): CodeIgniter\Database\BaseBuilder->insert()
#5 C:\xampp\htdocs\dev\system\Model.php(557): CodeIgniter\Model->insert(Array, false)
#6 C:\xampp\htdocs\dev\app\Controllers\Users.php(77): CodeIgniter\Model->save(Array)
#7 C:\xampp\htdocs\dev\system\CodeIgniter.php(914): App\Controllers\Users->register()
#8 C:\xampp\htdocs\dev\system\CodeIgniter.php(400): CodeIgniter\CodeIgniter->runController(Object(App\Controllers\Users))
#9 C:\xampp\htdocs\dev\system\CodeIgniter.php(308): CodeIgniter\CodeIgniter->handleRequest(NULL, Object(Config\Cache), false)
#10 C:\xampp\htdocs\dev\public\index.php(45): CodeIgniter\CodeIgniter->run()
#11 {main}
CRITICAL - 2020-05-18 22:10:47 --> Unknown column 'username' in 'field list'
#0 C:\xampp\htdocs\dev\system\Database\MySQLi\Connection.php(331): mysqli->query('INSERT INTO `us...')
#1 C:\xampp\htdocs\dev\system\Database\BaseConnection.php(738): CodeIgniter\Database\MySQLi\Connection->execute('INSERT INTO `us...')
#2 C:\xampp\htdocs\dev\system\Database\BaseConnection.php(666): CodeIgniter\Database\BaseConnection->simpleQuery('INSERT INTO `us...')
#3 C:\xampp\htdocs\dev\system\Database\BaseBuilder.php(2234): CodeIgniter\Database\BaseConnection->query('INSERT INTO `us...', Array, false)
#4 C:\xampp\htdocs\dev\system\Model.php(729): CodeIgniter\Database\BaseBuilder->insert()
#5 C:\xampp\htdocs\dev\system\Model.php(557): CodeIgniter\Model->insert(Array, false)
#6 C:\xampp\htdocs\dev\app\Controllers\Users.php(77): CodeIgniter\Model->save(Array)
#7 C:\xampp\htdocs\dev\system\CodeIgniter.php(914): App\Controllers\Users->register()
#8 C:\xampp\htdocs\dev\system\CodeIgniter.php(400): CodeIgniter\CodeIgniter->runController(Object(App\Controllers\Users))
#9 C:\xampp\htdocs\dev\system\CodeIgniter.php(308): CodeIgniter\CodeIgniter->handleRequest(NULL, Object(Config\Cache), false)
#10 C:\xampp\htdocs\dev\public\index.php(45): CodeIgniter\CodeIgniter->run()
#11 {main}
CRITICAL - 2020-05-18 23:04:48 --> Unknown column 'username' in 'field list'
#0 C:\xampp\htdocs\dev\system\Database\MySQLi\Connection.php(331): mysqli->query('INSERT INTO `us...')
#1 C:\xampp\htdocs\dev\system\Database\BaseConnection.php(738): CodeIgniter\Database\MySQLi\Connection->execute('INSERT INTO `us...')
#2 C:\xampp\htdocs\dev\system\Database\BaseConnection.php(666): CodeIgniter\Database\BaseConnection->simpleQuery('INSERT INTO `us...')
#3 C:\xampp\htdocs\dev\system\Database\BaseBuilder.php(2234): CodeIgniter\Database\BaseConnection->query('INSERT INTO `us...', Array, false)
#4 C:\xampp\htdocs\dev\system\Model.php(729): CodeIgniter\Database\BaseBuilder->insert()
#5 C:\xampp\htdocs\dev\system\Model.php(557): CodeIgniter\Model->insert(Array, false)
#6 C:\xampp\htdocs\dev\app\Controllers\Users.php(77): CodeIgniter\Model->save(Array)
#7 C:\xampp\htdocs\dev\system\CodeIgniter.php(914): App\Controllers\Users->register()
#8 C:\xampp\htdocs\dev\system\CodeIgniter.php(400): CodeIgniter\CodeIgniter->runController(Object(App\Controllers\Users))
#9 C:\xampp\htdocs\dev\system\CodeIgniter.php(308): CodeIgniter\CodeIgniter->handleRequest(NULL, Object(Config\Cache), false)
#10 C:\xampp\htdocs\dev\public\index.php(45): CodeIgniter\CodeIgniter->run()
#11 {main}
CRITICAL - 2020-05-18 23:23:41 --> Trying to access array offset on value of type null
#0 C:\xampp\htdocs\dev\system\Model.php(728): CodeIgniter\Debug\Exceptions->errorHandler(8, 'Trying to acces...', 'C:\\xampp\\htdocs...', 728, Array)
#1 C:\xampp\htdocs\dev\system\Model.php(557): CodeIgniter\Model->insert(Array, false)
#2 C:\xampp\htdocs\dev\app\Controllers\Users.php(77): CodeIgniter\Model->save(Array)
#3 C:\xampp\htdocs\dev\system\CodeIgniter.php(914): App\Controllers\Users->register()
#4 C:\xampp\htdocs\dev\system\CodeIgniter.php(400): CodeIgniter\CodeIgniter->runController(Object(App\Controllers\Users))
#5 C:\xampp\htdocs\dev\system\CodeIgniter.php(308): CodeIgniter\CodeIgniter->handleRequest(NULL, Object(Config\Cache), false)
#6 C:\xampp\htdocs\dev\public\index.php(45): CodeIgniter\CodeIgniter->run()
#7 {main}
CRITICAL - 2020-05-18 23:24:03 --> Trying to access array offset on value of type null
#0 C:\xampp\htdocs\dev\system\Model.php(728): CodeIgniter\Debug\Exceptions->errorHandler(8, 'Trying to acces...', 'C:\\xampp\\htdocs...', 728, Array)
#1 C:\xampp\htdocs\dev\system\Model.php(557): CodeIgniter\Model->insert(Array, false)
#2 C:\xampp\htdocs\dev\app\Controllers\Users.php(77): CodeIgniter\Model->save(Array)
#3 C:\xampp\htdocs\dev\system\CodeIgniter.php(914): App\Controllers\Users->register()
#4 C:\xampp\htdocs\dev\system\CodeIgniter.php(400): CodeIgniter\CodeIgniter->runController(Object(App\Controllers\Users))
#5 C:\xampp\htdocs\dev\system\CodeIgniter.php(308): CodeIgniter\CodeIgniter->handleRequest(NULL, Object(Config\Cache), false)
#6 C:\xampp\htdocs\dev\public\index.php(45): CodeIgniter\CodeIgniter->run()
#7 {main}
CRITICAL - 2020-05-18 23:24:31 --> Trying to access array offset on value of type null
#0 C:\xampp\htdocs\dev\system\Model.php(728): CodeIgniter\Debug\Exceptions->errorHandler(8, 'Trying to acces...', 'C:\\xampp\\htdocs...', 728, Array)
#1 C:\xampp\htdocs\dev\system\Model.php(557): CodeIgniter\Model->insert(Array, false)
#2 C:\xampp\htdocs\dev\app\Controllers\Users.php(77): CodeIgniter\Model->save(Array)
#3 C:\xampp\htdocs\dev\system\CodeIgniter.php(914): App\Controllers\Users->register()
#4 C:\xampp\htdocs\dev\system\CodeIgniter.php(400): CodeIgniter\CodeIgniter->runController(Object(App\Controllers\Users))
#5 C:\xampp\htdocs\dev\system\CodeIgniter.php(308): CodeIgniter\CodeIgniter->handleRequest(NULL, Object(Config\Cache), false)
#6 C:\xampp\htdocs\dev\public\index.php(45): CodeIgniter\CodeIgniter->run()
#7 {main}
CRITICAL - 2020-05-18 23:25:31 --> Undefined index: password
#0 C:\xampp\htdocs\dev\app\Models\UserModel.php(32): CodeIgniter\Debug\Exceptions->errorHandler(8, 'Undefined index...', 'C:\\xampp\\htdocs...', 32, Array)
#1 C:\xampp\htdocs\dev\app\Models\UserModel.php(16): App\Models\UserModel->passwordHash(Array)
#2 C:\xampp\htdocs\dev\system\Model.php(1633): App\Models\UserModel->beforeInsert(Array)
#3 C:\xampp\htdocs\dev\system\Model.php(724): CodeIgniter\Model->trigger('beforeInsert', Array)
#4 C:\xampp\htdocs\dev\system\Model.php(557): CodeIgniter\Model->insert(Array, false)
#5 C:\xampp\htdocs\dev\app\Controllers\Users.php(77): CodeIgniter\Model->save(Array)
#6 C:\xampp\htdocs\dev\system\CodeIgniter.php(914): App\Controllers\Users->register()
#7 C:\xampp\htdocs\dev\system\CodeIgniter.php(400): CodeIgniter\CodeIgniter->runController(Object(App\Controllers\Users))
#8 C:\xampp\htdocs\dev\system\CodeIgniter.php(308): CodeIgniter\CodeIgniter->handleRequest(NULL, Object(Config\Cache), false)
#9 C:\xampp\htdocs\dev\public\index.php(45): CodeIgniter\CodeIgniter->run()
#10 {main}
CRITICAL - 2020-05-18 23:25:46 --> Undefined index: password
#0 C:\xampp\htdocs\dev\app\Models\UserModel.php(32): CodeIgniter\Debug\Exceptions->errorHandler(8, 'Undefined index...', 'C:\\xampp\\htdocs...', 32, Array)
#1 C:\xampp\htdocs\dev\app\Models\UserModel.php(16): App\Models\UserModel->passwordHash(Array)
#2 C:\xampp\htdocs\dev\system\Model.php(1633): App\Models\UserModel->beforeInsert(Array)
#3 C:\xampp\htdocs\dev\system\Model.php(724): CodeIgniter\Model->trigger('beforeInsert', Array)
#4 C:\xampp\htdocs\dev\system\Model.php(557): CodeIgniter\Model->insert(Array, false)
#5 C:\xampp\htdocs\dev\app\Controllers\Users.php(77): CodeIgniter\Model->save(Array)
#6 C:\xampp\htdocs\dev\system\CodeIgniter.php(914): App\Controllers\Users->register()
#7 C:\xampp\htdocs\dev\system\CodeIgniter.php(400): CodeIgniter\CodeIgniter->runController(Object(App\Controllers\Users))
#8 C:\xampp\htdocs\dev\system\CodeIgniter.php(308): CodeIgniter\CodeIgniter->handleRequest(NULL, Object(Config\Cache), false)
#9 C:\xampp\htdocs\dev\public\index.php(45): CodeIgniter\CodeIgniter->run()
#10 {main}
CRITICAL - 2020-05-18 23:48:48 --> syntax error, unexpected end of file, expecting elseif (T_ELSEIF) or else (T_ELSE) or endif (T_ENDIF)
#0 C:\xampp\htdocs\dev\system\Common.php(1087): CodeIgniter\View\View->render('register', Array, true)
#1 C:\xampp\htdocs\dev\app\Controllers\Users.php(65): view('register')
#2 C:\xampp\htdocs\dev\system\CodeIgniter.php(914): App\Controllers\Users->register()
#3 C:\xampp\htdocs\dev\system\CodeIgniter.php(400): CodeIgniter\CodeIgniter->runController(Object(App\Controllers\Users))
#4 C:\xampp\htdocs\dev\system\CodeIgniter.php(308): CodeIgniter\CodeIgniter->handleRequest(NULL, Object(Config\Cache), false)
#5 C:\xampp\htdocs\dev\public\index.php(45): CodeIgniter\CodeIgniter->run()
#6 {main}
CRITICAL - 2020-05-18 23:49:04 --> syntax error, unexpected end of file, expecting elseif (T_ELSEIF) or else (T_ELSE) or endif (T_ENDIF)
#0 C:\xampp\htdocs\dev\system\Common.php(1087): CodeIgniter\View\View->render('register', Array, true)
#1 C:\xampp\htdocs\dev\app\Controllers\Users.php(65): view('register')
#2 C:\xampp\htdocs\dev\system\CodeIgniter.php(914): App\Controllers\Users->register()
#3 C:\xampp\htdocs\dev\system\CodeIgniter.php(400): CodeIgniter\CodeIgniter->runController(Object(App\Controllers\Users))
#4 C:\xampp\htdocs\dev\system\CodeIgniter.php(308): CodeIgniter\CodeIgniter->handleRequest(NULL, Object(Config\Cache), false)
#5 C:\xampp\htdocs\dev\public\index.php(45): CodeIgniter\CodeIgniter->run()
#6 {main}
CRITICAL - 2020-05-18 23:49:26 --> syntax error, unexpected end of file, expecting elseif (T_ELSEIF) or else (T_ELSE) or endif (T_ENDIF)
#0 C:\xampp\htdocs\dev\system\Common.php(1087): CodeIgniter\View\View->render('register', Array, true)
#1 C:\xampp\htdocs\dev\app\Controllers\Users.php(65): view('register')
#2 C:\xampp\htdocs\dev\system\CodeIgniter.php(914): App\Controllers\Users->register()
#3 C:\xampp\htdocs\dev\system\CodeIgniter.php(400): CodeIgniter\CodeIgniter->runController(Object(App\Controllers\Users))
#4 C:\xampp\htdocs\dev\system\CodeIgniter.php(308): CodeIgniter\CodeIgniter->handleRequest(NULL, Object(Config\Cache), false)
#5 C:\xampp\htdocs\dev\public\index.php(45): CodeIgniter\CodeIgniter->run()
#6 {main}
CRITICAL - 2020-05-18 23:53:31 --> syntax error, unexpected '??' (T_COALESCE), expecting elseif (T_ELSEIF) or else (T_ELSE) or endif (T_ENDIF)
#0 C:\xampp\htdocs\dev\system\Common.php(1087): CodeIgniter\View\View->render('login', Array, true)
#1 C:\xampp\htdocs\dev\app\Controllers\Users.php(15): view('login')
#2 C:\xampp\htdocs\dev\system\CodeIgniter.php(914): App\Controllers\Users->index()
#3 C:\xampp\htdocs\dev\system\CodeIgniter.php(400): CodeIgniter\CodeIgniter->runController(Object(App\Controllers\Users))
#4 C:\xampp\htdocs\dev\system\CodeIgniter.php(308): CodeIgniter\CodeIgniter->handleRequest(NULL, Object(Config\Cache), false)
#5 C:\xampp\htdocs\dev\public\index.php(45): CodeIgniter\CodeIgniter->run()
#6 {main}
CRITICAL - 2020-05-18 23:53:31 --> syntax error, unexpected '??' (T_COALESCE), expecting elseif (T_ELSEIF) or else (T_ELSE) or endif (T_ENDIF)
#0 C:\xampp\htdocs\dev\system\Common.php(1087): CodeIgniter\View\View->render('login', Array, true)
#1 C:\xampp\htdocs\dev\app\Controllers\Users.php(15): view('login')
#2 C:\xampp\htdocs\dev\system\CodeIgniter.php(914): App\Controllers\Users->index()
#3 C:\xampp\htdocs\dev\system\CodeIgniter.php(400): CodeIgniter\CodeIgniter->runController(Object(App\Controllers\Users))
#4 C:\xampp\htdocs\dev\system\CodeIgniter.php(308): CodeIgniter\CodeIgniter->handleRequest(NULL, Object(Config\Cache), false)
#5 C:\xampp\htdocs\dev\public\index.php(45): CodeIgniter\CodeIgniter->run()
#6 {main}
CRITICAL - 2020-05-18 23:53:38 --> syntax error, unexpected '??' (T_COALESCE), expecting elseif (T_ELSEIF) or else (T_ELSE) or endif (T_ENDIF)
#0 C:\xampp\htdocs\dev\system\Common.php(1087): CodeIgniter\View\View->render('login', Array, true)
#1 C:\xampp\htdocs\dev\app\Controllers\Users.php(15): view('login')
#2 C:\xampp\htdocs\dev\system\CodeIgniter.php(914): App\Controllers\Users->index()
#3 C:\xampp\htdocs\dev\system\CodeIgniter.php(400): CodeIgniter\CodeIgniter->runController(Object(App\Controllers\Users))
#4 C:\xampp\htdocs\dev\system\CodeIgniter.php(308): CodeIgniter\CodeIgniter->handleRequest(NULL, Object(Config\Cache), false)
#5 C:\xampp\htdocs\dev\public\index.php(45): CodeIgniter\CodeIgniter->run()
#6 {main}
