CRITICAL - 2020-05-19 23:35:48 --> Unknown column 'email' in 'where clause'
#0 C:\xampp\htdocs\dev\system\Database\MySQLi\Connection.php(331): mysqli->query('SELECT *\nFROM `...')
#1 C:\xampp\htdocs\dev\system\Database\BaseConnection.php(738): CodeIgniter\Database\MySQLi\Connection->execute('SELECT *\nFROM `...')
#2 C:\xampp\htdocs\dev\system\Database\BaseConnection.php(666): CodeIgniter\Database\BaseConnection->simpleQuery('SELECT *\nFROM `...')
#3 C:\xampp\htdocs\dev\system\Database\BaseBuilder.php(1845): CodeIgniter\Database\BaseConnection->query('SELECT *\nFROM `...', Array, false)
#4 C:\xampp\htdocs\dev\system\Model.php(489): CodeIgniter\Database\BaseBuilder->get()
#5 C:\xampp\htdocs\dev\app\Validation\UserRules.php(14): CodeIgniter\Model->first()
#6 C:\xampp\htdocs\dev\system\Validation\Validation.php(294): App\Validation\UserRules->validateUser('test8', 'username,passwo...', Array, NULL)
#7 C:\xampp\htdocs\dev\system\Validation\Validation.php(189): CodeIgniter\Validation\Validation->processRules('password', 'password', 'test8', Array, Array)
#8 C:\xampp\htdocs\dev\system\Controller.php(219): CodeIgniter\Validation\Validation->run()
#9 C:\xampp\htdocs\dev\app\Controllers\Users.php(32): CodeIgniter\Controller->validate(Array, Array)
#10 C:\xampp\htdocs\dev\system\CodeIgniter.php(914): App\Controllers\Users->index()
#11 C:\xampp\htdocs\dev\system\CodeIgniter.php(400): CodeIgniter\CodeIgniter->runController(Object(App\Controllers\Users))
#12 C:\xampp\htdocs\dev\system\CodeIgniter.php(308): CodeIgniter\CodeIgniter->handleRequest(NULL, Object(Config\Cache), false)
#13 C:\xampp\htdocs\dev\public\index.php(45): CodeIgniter\CodeIgniter->run()
#14 {main}
CRITICAL - 2020-05-19 23:36:55 --> Undefined index: usernameUsers
#0 C:\xampp\htdocs\dev\app\Validation\UserRules.php(13): CodeIgniter\Debug\Exceptions->errorHandler(8, 'Undefined index...', 'C:\\xampp\\htdocs...', 13, Array)
#1 C:\xampp\htdocs\dev\system\Validation\Validation.php(294): App\Validation\UserRules->validateUser('test8', 'username,passwo...', Array, NULL)
#2 C:\xampp\htdocs\dev\system\Validation\Validation.php(189): CodeIgniter\Validation\Validation->processRules('password', 'password', 'test8', Array, Array)
#3 C:\xampp\htdocs\dev\system\Controller.php(219): CodeIgniter\Validation\Validation->run()
#4 C:\xampp\htdocs\dev\app\Controllers\Users.php(32): CodeIgniter\Controller->validate(Array, Array)
#5 C:\xampp\htdocs\dev\system\CodeIgniter.php(914): App\Controllers\Users->index()
#6 C:\xampp\htdocs\dev\system\CodeIgniter.php(400): CodeIgniter\CodeIgniter->runController(Object(App\Controllers\Users))
#7 C:\xampp\htdocs\dev\system\CodeIgniter.php(308): CodeIgniter\CodeIgniter->handleRequest(NULL, Object(Config\Cache), false)
#8 C:\xampp\htdocs\dev\public\index.php(45): CodeIgniter\CodeIgniter->run()
#9 {main}
CRITICAL - 2020-05-19 23:37:08 --> Unknown column 'username' in 'where clause'
#0 C:\xampp\htdocs\dev\system\Database\MySQLi\Connection.php(331): mysqli->query('SELECT *\nFROM `...')
#1 C:\xampp\htdocs\dev\system\Database\BaseConnection.php(738): CodeIgniter\Database\MySQLi\Connection->execute('SELECT *\nFROM `...')
#2 C:\xampp\htdocs\dev\system\Database\BaseConnection.php(666): CodeIgniter\Database\BaseConnection->simpleQuery('SELECT *\nFROM `...')
#3 C:\xampp\htdocs\dev\system\Database\BaseBuilder.php(1845): CodeIgniter\Database\BaseConnection->query('SELECT *\nFROM `...', Array, false)
#4 C:\xampp\htdocs\dev\system\Model.php(489): CodeIgniter\Database\BaseBuilder->get()
#5 C:\xampp\htdocs\dev\app\Validation\UserRules.php(14): CodeIgniter\Model->first()
#6 C:\xampp\htdocs\dev\system\Validation\Validation.php(294): App\Validation\UserRules->validateUser('test8', 'username,passwo...', Array, NULL)
#7 C:\xampp\htdocs\dev\system\Validation\Validation.php(189): CodeIgniter\Validation\Validation->processRules('password', 'password', 'test8', Array, Array)
#8 C:\xampp\htdocs\dev\system\Controller.php(219): CodeIgniter\Validation\Validation->run()
#9 C:\xampp\htdocs\dev\app\Controllers\Users.php(32): CodeIgniter\Controller->validate(Array, Array)
#10 C:\xampp\htdocs\dev\system\CodeIgniter.php(914): App\Controllers\Users->index()
#11 C:\xampp\htdocs\dev\system\CodeIgniter.php(400): CodeIgniter\CodeIgniter->runController(Object(App\Controllers\Users))
#12 C:\xampp\htdocs\dev\system\CodeIgniter.php(308): CodeIgniter\CodeIgniter->handleRequest(NULL, Object(Config\Cache), false)
#13 C:\xampp\htdocs\dev\public\index.php(45): CodeIgniter\CodeIgniter->run()
#14 {main}
CRITICAL - 2020-05-19 23:37:19 --> Use of undefined constant user - assumed 'user' (this will throw an Error in a future version of PHP)
#0 C:\xampp\htdocs\dev\app\Validation\UserRules.php(16): CodeIgniter\Debug\Exceptions->errorHandler(2, 'Use of undefine...', 'C:\\xampp\\htdocs...', 16, Array)
#1 C:\xampp\htdocs\dev\system\Validation\Validation.php(294): App\Validation\UserRules->validateUser('test8', 'username,passwo...', Array, NULL)
#2 C:\xampp\htdocs\dev\system\Validation\Validation.php(189): CodeIgniter\Validation\Validation->processRules('password', 'password', 'test8', Array, Array)
#3 C:\xampp\htdocs\dev\system\Controller.php(219): CodeIgniter\Validation\Validation->run()
#4 C:\xampp\htdocs\dev\app\Controllers\Users.php(32): CodeIgniter\Controller->validate(Array, Array)
#5 C:\xampp\htdocs\dev\system\CodeIgniter.php(914): App\Controllers\Users->index()
#6 C:\xampp\htdocs\dev\system\CodeIgniter.php(400): CodeIgniter\CodeIgniter->runController(Object(App\Controllers\Users))
#7 C:\xampp\htdocs\dev\system\CodeIgniter.php(308): CodeIgniter\CodeIgniter->handleRequest(NULL, Object(Config\Cache), false)
#8 C:\xampp\htdocs\dev\public\index.php(45): CodeIgniter\CodeIgniter->run()
#9 {main}
CRITICAL - 2020-05-19 23:40:47 --> Undefined index: usernameUsers
#0 C:\xampp\htdocs\dev\app\Validation\UserRules.php(13): CodeIgniter\Debug\Exceptions->errorHandler(8, 'Undefined index...', 'C:\\xampp\\htdocs...', 13, Array)
#1 C:\xampp\htdocs\dev\system\Validation\Validation.php(294): App\Validation\UserRules->validateUser('test8', 'username,passwo...', Array, NULL)
#2 C:\xampp\htdocs\dev\system\Validation\Validation.php(189): CodeIgniter\Validation\Validation->processRules('password', 'password', 'test8', Array, Array)
#3 C:\xampp\htdocs\dev\system\Controller.php(219): CodeIgniter\Validation\Validation->run()
#4 C:\xampp\htdocs\dev\app\Controllers\Users.php(32): CodeIgniter\Controller->validate(Array, Array)
#5 C:\xampp\htdocs\dev\system\CodeIgniter.php(914): App\Controllers\Users->index()
#6 C:\xampp\htdocs\dev\system\CodeIgniter.php(400): CodeIgniter\CodeIgniter->runController(Object(App\Controllers\Users))
#7 C:\xampp\htdocs\dev\system\CodeIgniter.php(308): CodeIgniter\CodeIgniter->handleRequest(NULL, Object(Config\Cache), false)
#8 C:\xampp\htdocs\dev\public\index.php(45): CodeIgniter\CodeIgniter->run()
#9 {main}
CRITICAL - 2020-05-19 23:41:41 --> Undefined index: email
#0 C:\xampp\htdocs\dev\app\Validation\UserRules.php(12): CodeIgniter\Debug\Exceptions->errorHandler(8, 'Undefined index...', 'C:\\xampp\\htdocs...', 12, Array)
#1 C:\xampp\htdocs\dev\system\Validation\Validation.php(294): App\Validation\UserRules->validateUser('test', 'username,passwo...', Array, NULL)
#2 C:\xampp\htdocs\dev\system\Validation\Validation.php(189): CodeIgniter\Validation\Validation->processRules('password', 'password', 'test', Array, Array)
#3 C:\xampp\htdocs\dev\system\Controller.php(219): CodeIgniter\Validation\Validation->run()
#4 C:\xampp\htdocs\dev\app\Controllers\Users.php(32): CodeIgniter\Controller->validate(Array, Array)
#5 C:\xampp\htdocs\dev\system\CodeIgniter.php(914): App\Controllers\Users->index()
#6 C:\xampp\htdocs\dev\system\CodeIgniter.php(400): CodeIgniter\CodeIgniter->runController(Object(App\Controllers\Users))
#7 C:\xampp\htdocs\dev\system\CodeIgniter.php(308): CodeIgniter\CodeIgniter->handleRequest(NULL, Object(Config\Cache), false)
#8 C:\xampp\htdocs\dev\public\index.php(45): CodeIgniter\CodeIgniter->run()
#9 {main}
CRITICAL - 2020-05-19 23:42:14 --> Undefined index: emailUsers
#0 C:\xampp\htdocs\dev\app\Validation\UserRules.php(12): CodeIgniter\Debug\Exceptions->errorHandler(8, 'Undefined index...', 'C:\\xampp\\htdocs...', 12, Array)
#1 C:\xampp\htdocs\dev\system\Validation\Validation.php(294): App\Validation\UserRules->validateUser('test', 'username,passwo...', Array, NULL)
#2 C:\xampp\htdocs\dev\system\Validation\Validation.php(189): CodeIgniter\Validation\Validation->processRules('password', 'password', 'test', Array, Array)
#3 C:\xampp\htdocs\dev\system\Controller.php(219): CodeIgniter\Validation\Validation->run()
#4 C:\xampp\htdocs\dev\app\Controllers\Users.php(32): CodeIgniter\Controller->validate(Array, Array)
#5 C:\xampp\htdocs\dev\system\CodeIgniter.php(914): App\Controllers\Users->index()
#6 C:\xampp\htdocs\dev\system\CodeIgniter.php(400): CodeIgniter\CodeIgniter->runController(Object(App\Controllers\Users))
#7 C:\xampp\htdocs\dev\system\CodeIgniter.php(308): CodeIgniter\CodeIgniter->handleRequest(NULL, Object(Config\Cache), false)
#8 C:\xampp\htdocs\dev\public\index.php(45): CodeIgniter\CodeIgniter->run()
#9 {main}
CRITICAL - 2020-05-19 23:42:30 --> Undefined index: email
#0 C:\xampp\htdocs\dev\app\Validation\UserRules.php(12): CodeIgniter\Debug\Exceptions->errorHandler(8, 'Undefined index...', 'C:\\xampp\\htdocs...', 12, Array)
#1 C:\xampp\htdocs\dev\system\Validation\Validation.php(294): App\Validation\UserRules->validateUser('test', 'username,passwo...', Array, NULL)
#2 C:\xampp\htdocs\dev\system\Validation\Validation.php(189): CodeIgniter\Validation\Validation->processRules('password', 'password', 'test', Array, Array)
#3 C:\xampp\htdocs\dev\system\Controller.php(219): CodeIgniter\Validation\Validation->run()
#4 C:\xampp\htdocs\dev\app\Controllers\Users.php(32): CodeIgniter\Controller->validate(Array, Array)
#5 C:\xampp\htdocs\dev\system\CodeIgniter.php(914): App\Controllers\Users->index()
#6 C:\xampp\htdocs\dev\system\CodeIgniter.php(400): CodeIgniter\CodeIgniter->runController(Object(App\Controllers\Users))
#7 C:\xampp\htdocs\dev\system\CodeIgniter.php(308): CodeIgniter\CodeIgniter->handleRequest(NULL, Object(Config\Cache), false)
#8 C:\xampp\htdocs\dev\public\index.php(45): CodeIgniter\CodeIgniter->run()
#9 {main}
CRITICAL - 2020-05-19 23:42:35 --> Undefined index: email
#0 C:\xampp\htdocs\dev\app\Validation\UserRules.php(12): CodeIgniter\Debug\Exceptions->errorHandler(8, 'Undefined index...', 'C:\\xampp\\htdocs...', 12, Array)
#1 C:\xampp\htdocs\dev\system\Validation\Validation.php(294): App\Validation\UserRules->validateUser('test', 'username,passwo...', Array, NULL)
#2 C:\xampp\htdocs\dev\system\Validation\Validation.php(189): CodeIgniter\Validation\Validation->processRules('password', 'password', 'test', Array, Array)
#3 C:\xampp\htdocs\dev\system\Controller.php(219): CodeIgniter\Validation\Validation->run()
#4 C:\xampp\htdocs\dev\app\Controllers\Users.php(32): CodeIgniter\Controller->validate(Array, Array)
#5 C:\xampp\htdocs\dev\system\CodeIgniter.php(914): App\Controllers\Users->index()
#6 C:\xampp\htdocs\dev\system\CodeIgniter.php(400): CodeIgniter\CodeIgniter->runController(Object(App\Controllers\Users))
#7 C:\xampp\htdocs\dev\system\CodeIgniter.php(308): CodeIgniter\CodeIgniter->handleRequest(NULL, Object(Config\Cache), false)
#8 C:\xampp\htdocs\dev\public\index.php(45): CodeIgniter\CodeIgniter->run()
#9 {main}
CRITICAL - 2020-05-19 23:43:16 --> Undefined index: usernameUsers
#0 C:\xampp\htdocs\dev\app\Validation\UserRules.php(13): CodeIgniter\Debug\Exceptions->errorHandler(8, 'Undefined index...', 'C:\\xampp\\htdocs...', 13, Array)
#1 C:\xampp\htdocs\dev\system\Validation\Validation.php(294): App\Validation\UserRules->validateUser('test', 'username,passwo...', Array, NULL)
#2 C:\xampp\htdocs\dev\system\Validation\Validation.php(189): CodeIgniter\Validation\Validation->processRules('password', 'password', 'test', Array, Array)
#3 C:\xampp\htdocs\dev\system\Controller.php(219): CodeIgniter\Validation\Validation->run()
#4 C:\xampp\htdocs\dev\app\Controllers\Users.php(32): CodeIgniter\Controller->validate(Array, Array)
#5 C:\xampp\htdocs\dev\system\CodeIgniter.php(914): App\Controllers\Users->index()
#6 C:\xampp\htdocs\dev\system\CodeIgniter.php(400): CodeIgniter\CodeIgniter->runController(Object(App\Controllers\Users))
#7 C:\xampp\htdocs\dev\system\CodeIgniter.php(308): CodeIgniter\CodeIgniter->handleRequest(NULL, Object(Config\Cache), false)
#8 C:\xampp\htdocs\dev\public\index.php(45): CodeIgniter\CodeIgniter->run()
#9 {main}
CRITICAL - 2020-05-19 23:44:27 --> Undefined index: usernameUsers
#0 C:\xampp\htdocs\dev\app\Validation\UserRules.php(13): CodeIgniter\Debug\Exceptions->errorHandler(8, 'Undefined index...', 'C:\\xampp\\htdocs...', 13, Array)
#1 C:\xampp\htdocs\dev\system\Validation\Validation.php(294): App\Validation\UserRules->validateUser('test', 'username,passwo...', Array, NULL)
#2 C:\xampp\htdocs\dev\system\Validation\Validation.php(189): CodeIgniter\Validation\Validation->processRules('password', 'password', 'test', Array, Array)
#3 C:\xampp\htdocs\dev\system\Controller.php(219): CodeIgniter\Validation\Validation->run()
#4 C:\xampp\htdocs\dev\app\Controllers\Users.php(32): CodeIgniter\Controller->validate(Array, Array)
#5 C:\xampp\htdocs\dev\system\CodeIgniter.php(914): App\Controllers\Users->index()
#6 C:\xampp\htdocs\dev\system\CodeIgniter.php(400): CodeIgniter\CodeIgniter->runController(Object(App\Controllers\Users))
#7 C:\xampp\htdocs\dev\system\CodeIgniter.php(308): CodeIgniter\CodeIgniter->handleRequest(NULL, Object(Config\Cache), false)
#8 C:\xampp\htdocs\dev\public\index.php(45): CodeIgniter\CodeIgniter->run()
#9 {main}
CRITICAL - 2020-05-19 23:45:36 --> Undefined index: usernameUsers
#0 C:\xampp\htdocs\dev\app\Validation\UserRules.php(13): CodeIgniter\Debug\Exceptions->errorHandler(8, 'Undefined index...', 'C:\\xampp\\htdocs...', 13, Array)
#1 C:\xampp\htdocs\dev\system\Validation\Validation.php(294): App\Validation\UserRules->validateUser('test', 'username,passwo...', Array, NULL)
#2 C:\xampp\htdocs\dev\system\Validation\Validation.php(189): CodeIgniter\Validation\Validation->processRules('password', 'password', 'test', Array, Array)
#3 C:\xampp\htdocs\dev\system\Controller.php(219): CodeIgniter\Validation\Validation->run()
#4 C:\xampp\htdocs\dev\app\Controllers\Users.php(32): CodeIgniter\Controller->validate(Array, Array)
#5 C:\xampp\htdocs\dev\system\CodeIgniter.php(914): App\Controllers\Users->index()
#6 C:\xampp\htdocs\dev\system\CodeIgniter.php(400): CodeIgniter\CodeIgniter->runController(Object(App\Controllers\Users))
#7 C:\xampp\htdocs\dev\system\CodeIgniter.php(308): CodeIgniter\CodeIgniter->handleRequest(NULL, Object(Config\Cache), false)
#8 C:\xampp\htdocs\dev\public\index.php(45): CodeIgniter\CodeIgniter->run()
#9 {main}
CRITICAL - 2020-05-19 23:46:23 --> Undefined index: usernameUsers
#0 C:\xampp\htdocs\dev\app\Validation\UserRules.php(13): CodeIgniter\Debug\Exceptions->errorHandler(8, 'Undefined index...', 'C:\\xampp\\htdocs...', 13, Array)
#1 C:\xampp\htdocs\dev\system\Validation\Validation.php(294): App\Validation\UserRules->validateUser('test', 'username,passwo...', Array, NULL)
#2 C:\xampp\htdocs\dev\system\Validation\Validation.php(189): CodeIgniter\Validation\Validation->processRules('password', 'password', 'test', Array, Array)
#3 C:\xampp\htdocs\dev\system\Controller.php(219): CodeIgniter\Validation\Validation->run()
#4 C:\xampp\htdocs\dev\app\Controllers\Users.php(32): CodeIgniter\Controller->validate(Array, Array)
#5 C:\xampp\htdocs\dev\system\CodeIgniter.php(914): App\Controllers\Users->index()
#6 C:\xampp\htdocs\dev\system\CodeIgniter.php(400): CodeIgniter\CodeIgniter->runController(Object(App\Controllers\Users))
#7 C:\xampp\htdocs\dev\system\CodeIgniter.php(308): CodeIgniter\CodeIgniter->handleRequest(NULL, Object(Config\Cache), false)
#8 C:\xampp\htdocs\dev\public\index.php(45): CodeIgniter\CodeIgniter->run()
#9 {main}
CRITICAL - 2020-05-19 23:47:58 --> Unknown column 'username' in 'where clause'
#0 C:\xampp\htdocs\dev\system\Database\MySQLi\Connection.php(331): mysqli->query('SELECT *\nFROM `...')
#1 C:\xampp\htdocs\dev\system\Database\BaseConnection.php(738): CodeIgniter\Database\MySQLi\Connection->execute('SELECT *\nFROM `...')
#2 C:\xampp\htdocs\dev\system\Database\BaseConnection.php(666): CodeIgniter\Database\BaseConnection->simpleQuery('SELECT *\nFROM `...')
#3 C:\xampp\htdocs\dev\system\Database\BaseBuilder.php(1845): CodeIgniter\Database\BaseConnection->query('SELECT *\nFROM `...', Array, false)
#4 C:\xampp\htdocs\dev\system\Model.php(489): CodeIgniter\Database\BaseBuilder->get()
#5 C:\xampp\htdocs\dev\app\Validation\UserRules.php(14): CodeIgniter\Model->first()
#6 C:\xampp\htdocs\dev\system\Validation\Validation.php(294): App\Validation\UserRules->validateUser('test', 'username,passwo...', Array, NULL)
#7 C:\xampp\htdocs\dev\system\Validation\Validation.php(189): CodeIgniter\Validation\Validation->processRules('password', 'password', 'test', Array, Array)
#8 C:\xampp\htdocs\dev\system\Controller.php(219): CodeIgniter\Validation\Validation->run()
#9 C:\xampp\htdocs\dev\app\Controllers\Users.php(32): CodeIgniter\Controller->validate(Array, Array)
#10 C:\xampp\htdocs\dev\system\CodeIgniter.php(914): App\Controllers\Users->index()
#11 C:\xampp\htdocs\dev\system\CodeIgniter.php(400): CodeIgniter\CodeIgniter->runController(Object(App\Controllers\Users))
#12 C:\xampp\htdocs\dev\system\CodeIgniter.php(308): CodeIgniter\CodeIgniter->handleRequest(NULL, Object(Config\Cache), false)
#13 C:\xampp\htdocs\dev\public\index.php(45): CodeIgniter\CodeIgniter->run()
#14 {main}
CRITICAL - 2020-05-19 23:48:15 --> Undefined index: usernameUsers
#0 C:\xampp\htdocs\dev\app\Validation\UserRules.php(13): CodeIgniter\Debug\Exceptions->errorHandler(8, 'Undefined index...', 'C:\\xampp\\htdocs...', 13, Array)
#1 C:\xampp\htdocs\dev\system\Validation\Validation.php(294): App\Validation\UserRules->validateUser('test', 'username,passwo...', Array, NULL)
#2 C:\xampp\htdocs\dev\system\Validation\Validation.php(189): CodeIgniter\Validation\Validation->processRules('password', 'password', 'test', Array, Array)
#3 C:\xampp\htdocs\dev\system\Controller.php(219): CodeIgniter\Validation\Validation->run()
#4 C:\xampp\htdocs\dev\app\Controllers\Users.php(32): CodeIgniter\Controller->validate(Array, Array)
#5 C:\xampp\htdocs\dev\system\CodeIgniter.php(914): App\Controllers\Users->index()
#6 C:\xampp\htdocs\dev\system\CodeIgniter.php(400): CodeIgniter\CodeIgniter->runController(Object(App\Controllers\Users))
#7 C:\xampp\htdocs\dev\system\CodeIgniter.php(308): CodeIgniter\CodeIgniter->handleRequest(NULL, Object(Config\Cache), false)
#8 C:\xampp\htdocs\dev\public\index.php(45): CodeIgniter\CodeIgniter->run()
#9 {main}
