CRITICAL - 2020-06-10 09:38:42 --> Call to undefined function set_value()
#0 C:\xampp\htdocs\dev\system\View\View.php(246): include()
#1 C:\xampp\htdocs\dev\system\Common.php(1087): CodeIgniter\View\View->render('createuser', Array, true)
#2 C:\xampp\htdocs\dev\app\Controllers\Users.php(148): view('createuser')
#3 C:\xampp\htdocs\dev\system\CodeIgniter.php(914): App\Controllers\Users->createuser()
#4 C:\xampp\htdocs\dev\system\CodeIgniter.php(400): CodeIgniter\CodeIgniter->runController(Object(App\Controllers\Users))
#5 C:\xampp\htdocs\dev\system\CodeIgniter.php(308): CodeIgniter\CodeIgniter->handleRequest(NULL, Object(Config\Cache), false)
#6 C:\xampp\htdocs\dev\public\index.php(45): CodeIgniter\CodeIgniter->run()
#7 {main}
CRITICAL - 2020-06-10 09:51:59 --> Trying to access array offset on value of type null
#0 C:\xampp\htdocs\dev\system\Model.php(728): CodeIgniter\Debug\Exceptions->errorHandler(8, 'Trying to acces...', 'C:\\xampp\\htdocs...', 728, Array)
#1 C:\xampp\htdocs\dev\app\Controllers\Users.php(198): CodeIgniter\Model->insert(Array)
#2 C:\xampp\htdocs\dev\system\CodeIgniter.php(914): App\Controllers\Users->storeuser()
#3 C:\xampp\htdocs\dev\system\CodeIgniter.php(400): CodeIgniter\CodeIgniter->runController(Object(App\Controllers\Users))
#4 C:\xampp\htdocs\dev\system\CodeIgniter.php(308): CodeIgniter\CodeIgniter->handleRequest(NULL, Object(Config\Cache), false)
#5 C:\xampp\htdocs\dev\public\index.php(45): CodeIgniter\CodeIgniter->run()
#6 {main}
CRITICAL - 2020-06-10 09:52:44 --> Trying to access array offset on value of type null
#0 C:\xampp\htdocs\dev\system\Model.php(728): CodeIgniter\Debug\Exceptions->errorHandler(8, 'Trying to acces...', 'C:\\xampp\\htdocs...', 728, Array)
#1 C:\xampp\htdocs\dev\app\Controllers\Users.php(198): CodeIgniter\Model->insert(Array)
#2 C:\xampp\htdocs\dev\system\CodeIgniter.php(914): App\Controllers\Users->storeuser()
#3 C:\xampp\htdocs\dev\system\CodeIgniter.php(400): CodeIgniter\CodeIgniter->runController(Object(App\Controllers\Users))
#4 C:\xampp\htdocs\dev\system\CodeIgniter.php(308): CodeIgniter\CodeIgniter->handleRequest(NULL, Object(Config\Cache), false)
#5 C:\xampp\htdocs\dev\public\index.php(45): CodeIgniter\CodeIgniter->run()
#6 {main}
CRITICAL - 2020-06-10 09:53:09 --> Trying to access array offset on value of type null
#0 C:\xampp\htdocs\dev\system\Model.php(728): CodeIgniter\Debug\Exceptions->errorHandler(8, 'Trying to acces...', 'C:\\xampp\\htdocs...', 728, Array)
#1 C:\xampp\htdocs\dev\system\Model.php(557): CodeIgniter\Model->insert(Array, false)
#2 C:\xampp\htdocs\dev\app\Controllers\Users.php(197): CodeIgniter\Model->save(Array)
#3 C:\xampp\htdocs\dev\system\CodeIgniter.php(914): App\Controllers\Users->storeuser()
#4 C:\xampp\htdocs\dev\system\CodeIgniter.php(400): CodeIgniter\CodeIgniter->runController(Object(App\Controllers\Users))
#5 C:\xampp\htdocs\dev\system\CodeIgniter.php(308): CodeIgniter\CodeIgniter->handleRequest(NULL, Object(Config\Cache), false)
#6 C:\xampp\htdocs\dev\public\index.php(45): CodeIgniter\CodeIgniter->run()
#7 {main}
CRITICAL - 2020-06-10 09:57:50 --> Trying to access array offset on value of type null
#0 C:\xampp\htdocs\dev\system\Model.php(728): CodeIgniter\Debug\Exceptions->errorHandler(8, 'Trying to acces...', 'C:\\xampp\\htdocs...', 728, Array)
#1 C:\xampp\htdocs\dev\app\Controllers\Users.php(198): CodeIgniter\Model->insert(Array)
#2 C:\xampp\htdocs\dev\system\CodeIgniter.php(914): App\Controllers\Users->storeuser()
#3 C:\xampp\htdocs\dev\system\CodeIgniter.php(400): CodeIgniter\CodeIgniter->runController(Object(App\Controllers\Users))
#4 C:\xampp\htdocs\dev\system\CodeIgniter.php(308): CodeIgniter\CodeIgniter->handleRequest(NULL, Object(Config\Cache), false)
#5 C:\xampp\htdocs\dev\public\index.php(45): CodeIgniter\CodeIgniter->run()
#6 {main}
CRITICAL - 2020-06-10 10:11:51 --> Trying to access array offset on value of type null
#0 C:\xampp\htdocs\dev\system\Model.php(728): CodeIgniter\Debug\Exceptions->errorHandler(8, 'Trying to acces...', 'C:\\xampp\\htdocs...', 728, Array)
#1 C:\xampp\htdocs\dev\app\Controllers\Users.php(209): CodeIgniter\Model->insert(Array)
#2 C:\xampp\htdocs\dev\system\CodeIgniter.php(914): App\Controllers\Users->storeuser()
#3 C:\xampp\htdocs\dev\system\CodeIgniter.php(400): CodeIgniter\CodeIgniter->runController(Object(App\Controllers\Users))
#4 C:\xampp\htdocs\dev\system\CodeIgniter.php(308): CodeIgniter\CodeIgniter->handleRequest(NULL, Object(Config\Cache), false)
#5 C:\xampp\htdocs\dev\public\index.php(45): CodeIgniter\CodeIgniter->run()
#6 {main}
CRITICAL - 2020-06-10 10:17:53 --> Undefined variable: username
#0 C:\xampp\htdocs\dev\app\Controllers\Users.php(194): CodeIgniter\Debug\Exceptions->errorHandler(8, 'Undefined varia...', 'C:\\xampp\\htdocs...', 194, Array)
#1 C:\xampp\htdocs\dev\system\CodeIgniter.php(914): App\Controllers\Users->storeuser()
#2 C:\xampp\htdocs\dev\system\CodeIgniter.php(400): CodeIgniter\CodeIgniter->runController(Object(App\Controllers\Users))
#3 C:\xampp\htdocs\dev\system\CodeIgniter.php(308): CodeIgniter\CodeIgniter->handleRequest(NULL, Object(Config\Cache), false)
#4 C:\xampp\htdocs\dev\public\index.php(45): CodeIgniter\CodeIgniter->run()
#5 {main}
CRITICAL - 2020-06-10 10:48:48 --> Trying to access array offset on value of type null
#0 C:\xampp\htdocs\dev\app\Views\edituser.php(14): CodeIgniter\Debug\Exceptions->errorHandler(8, 'Trying to acces...', 'C:\\xampp\\htdocs...', 14, Array)
#1 C:\xampp\htdocs\dev\system\View\View.php(246): include('C:\\xampp\\htdocs...')
#2 C:\xampp\htdocs\dev\system\Common.php(1087): CodeIgniter\View\View->render('edituser', Array, true)
#3 C:\xampp\htdocs\dev\app\Controllers\Users.php(227): view('edituser', Array)
#4 C:\xampp\htdocs\dev\system\CodeIgniter.php(914): App\Controllers\Users->edituser()
#5 C:\xampp\htdocs\dev\system\CodeIgniter.php(400): CodeIgniter\CodeIgniter->runController(Object(App\Controllers\Users))
#6 C:\xampp\htdocs\dev\system\CodeIgniter.php(308): CodeIgniter\CodeIgniter->handleRequest(NULL, Object(Config\Cache), false)
#7 C:\xampp\htdocs\dev\public\index.php(45): CodeIgniter\CodeIgniter->run()
#8 {main}
CRITICAL - 2020-06-10 10:49:28 --> Trying to access array offset on value of type null
#0 C:\xampp\htdocs\dev\app\Views\edituser.php(14): CodeIgniter\Debug\Exceptions->errorHandler(8, 'Trying to acces...', 'C:\\xampp\\htdocs...', 14, Array)
#1 C:\xampp\htdocs\dev\system\View\View.php(246): include('C:\\xampp\\htdocs...')
#2 C:\xampp\htdocs\dev\system\Common.php(1087): CodeIgniter\View\View->render('edituser', Array, true)
#3 C:\xampp\htdocs\dev\app\Controllers\Users.php(227): view('edituser', Array)
#4 C:\xampp\htdocs\dev\system\CodeIgniter.php(914): App\Controllers\Users->edituser()
#5 C:\xampp\htdocs\dev\system\CodeIgniter.php(400): CodeIgniter\CodeIgniter->runController(Object(App\Controllers\Users))
#6 C:\xampp\htdocs\dev\system\CodeIgniter.php(308): CodeIgniter\CodeIgniter->handleRequest(NULL, Object(Config\Cache), false)
#7 C:\xampp\htdocs\dev\public\index.php(45): CodeIgniter\CodeIgniter->run()
#8 {main}
CRITICAL - 2020-06-10 10:49:49 --> Trying to access array offset on value of type null
#0 C:\xampp\htdocs\dev\app\Views\edituser.php(14): CodeIgniter\Debug\Exceptions->errorHandler(8, 'Trying to acces...', 'C:\\xampp\\htdocs...', 14, Array)
#1 C:\xampp\htdocs\dev\system\View\View.php(246): include('C:\\xampp\\htdocs...')
#2 C:\xampp\htdocs\dev\system\Common.php(1087): CodeIgniter\View\View->render('edituser', Array, true)
#3 C:\xampp\htdocs\dev\app\Controllers\Users.php(227): view('edituser', Array)
#4 C:\xampp\htdocs\dev\system\CodeIgniter.php(914): App\Controllers\Users->edituser()
#5 C:\xampp\htdocs\dev\system\CodeIgniter.php(400): CodeIgniter\CodeIgniter->runController(Object(App\Controllers\Users))
#6 C:\xampp\htdocs\dev\system\CodeIgniter.php(308): CodeIgniter\CodeIgniter->handleRequest(NULL, Object(Config\Cache), false)
#7 C:\xampp\htdocs\dev\public\index.php(45): CodeIgniter\CodeIgniter->run()
#8 {main}
CRITICAL - 2020-06-10 10:51:04 --> Trying to access array offset on value of type null
#0 C:\xampp\htdocs\dev\app\Views\edituser.php(18): CodeIgniter\Debug\Exceptions->errorHandler(8, 'Trying to acces...', 'C:\\xampp\\htdocs...', 18, Array)
#1 C:\xampp\htdocs\dev\system\View\View.php(246): include('C:\\xampp\\htdocs...')
#2 C:\xampp\htdocs\dev\system\Common.php(1087): CodeIgniter\View\View->render('edituser', Array, true)
#3 C:\xampp\htdocs\dev\app\Controllers\Users.php(227): view('edituser', Array)
#4 C:\xampp\htdocs\dev\system\CodeIgniter.php(914): App\Controllers\Users->edituser()
#5 C:\xampp\htdocs\dev\system\CodeIgniter.php(400): CodeIgniter\CodeIgniter->runController(Object(App\Controllers\Users))
#6 C:\xampp\htdocs\dev\system\CodeIgniter.php(308): CodeIgniter\CodeIgniter->handleRequest(NULL, Object(Config\Cache), false)
#7 C:\xampp\htdocs\dev\public\index.php(45): CodeIgniter\CodeIgniter->run()
#8 {main}
CRITICAL - 2020-06-10 10:57:07 --> Trying to access array offset on value of type null
#0 C:\xampp\htdocs\dev\app\Views\edituser.php(14): CodeIgniter\Debug\Exceptions->errorHandler(8, 'Trying to acces...', 'C:\\xampp\\htdocs...', 14, Array)
#1 C:\xampp\htdocs\dev\system\View\View.php(246): include('C:\\xampp\\htdocs...')
#2 C:\xampp\htdocs\dev\system\Common.php(1087): CodeIgniter\View\View->render('edituser', Array, true)
#3 C:\xampp\htdocs\dev\app\Controllers\Users.php(227): view('edituser', Array)
#4 C:\xampp\htdocs\dev\system\CodeIgniter.php(914): App\Controllers\Users->edituser()
#5 C:\xampp\htdocs\dev\system\CodeIgniter.php(400): CodeIgniter\CodeIgniter->runController(Object(App\Controllers\Users))
#6 C:\xampp\htdocs\dev\system\CodeIgniter.php(308): CodeIgniter\CodeIgniter->handleRequest(NULL, Object(Config\Cache), false)
#7 C:\xampp\htdocs\dev\public\index.php(45): CodeIgniter\CodeIgniter->run()
#8 {main}
CRITICAL - 2020-06-10 11:04:32 --> Trying to access array offset on value of type null
#0 C:\xampp\htdocs\dev\app\Views\edituser.php(14): CodeIgniter\Debug\Exceptions->errorHandler(8, 'Trying to acces...', 'C:\\xampp\\htdocs...', 14, Array)
#1 C:\xampp\htdocs\dev\system\View\View.php(246): include('C:\\xampp\\htdocs...')
#2 C:\xampp\htdocs\dev\system\Common.php(1087): CodeIgniter\View\View->render('edituser', Array, true)
#3 C:\xampp\htdocs\dev\app\Controllers\Users.php(227): view('edituser', Array)
#4 C:\xampp\htdocs\dev\system\CodeIgniter.php(914): App\Controllers\Users->edituser()
#5 C:\xampp\htdocs\dev\system\CodeIgniter.php(400): CodeIgniter\CodeIgniter->runController(Object(App\Controllers\Users))
#6 C:\xampp\htdocs\dev\system\CodeIgniter.php(308): CodeIgniter\CodeIgniter->handleRequest(NULL, Object(Config\Cache), false)
#7 C:\xampp\htdocs\dev\public\index.php(45): CodeIgniter\CodeIgniter->run()
#8 {main}
CRITICAL - 2020-06-10 11:04:52 --> Trying to access array offset on value of type null
#0 C:\xampp\htdocs\dev\app\Views\edituser.php(14): CodeIgniter\Debug\Exceptions->errorHandler(8, 'Trying to acces...', 'C:\\xampp\\htdocs...', 14, Array)
#1 C:\xampp\htdocs\dev\system\View\View.php(246): include('C:\\xampp\\htdocs...')
#2 C:\xampp\htdocs\dev\system\Common.php(1087): CodeIgniter\View\View->render('edituser', Array, true)
#3 C:\xampp\htdocs\dev\app\Controllers\Users.php(227): view('edituser', Array)
#4 C:\xampp\htdocs\dev\system\CodeIgniter.php(914): App\Controllers\Users->edituser()
#5 C:\xampp\htdocs\dev\system\CodeIgniter.php(400): CodeIgniter\CodeIgniter->runController(Object(App\Controllers\Users))
#6 C:\xampp\htdocs\dev\system\CodeIgniter.php(308): CodeIgniter\CodeIgniter->handleRequest(NULL, Object(Config\Cache), false)
#7 C:\xampp\htdocs\dev\public\index.php(45): CodeIgniter\CodeIgniter->run()
#8 {main}
CRITICAL - 2020-06-10 11:15:10 --> Trying to access array offset on value of type null
#0 C:\xampp\htdocs\dev\app\Views\edituser.php(14): CodeIgniter\Debug\Exceptions->errorHandler(8, 'Trying to acces...', 'C:\\xampp\\htdocs...', 14, Array)
#1 C:\xampp\htdocs\dev\system\View\View.php(246): include('C:\\xampp\\htdocs...')
#2 C:\xampp\htdocs\dev\system\Common.php(1087): CodeIgniter\View\View->render('edituser', Array, true)
#3 C:\xampp\htdocs\dev\app\Controllers\Users.php(227): view('edituser', Array)
#4 C:\xampp\htdocs\dev\system\CodeIgniter.php(914): App\Controllers\Users->edituser()
#5 C:\xampp\htdocs\dev\system\CodeIgniter.php(400): CodeIgniter\CodeIgniter->runController(Object(App\Controllers\Users))
#6 C:\xampp\htdocs\dev\system\CodeIgniter.php(308): CodeIgniter\CodeIgniter->handleRequest(NULL, Object(Config\Cache), false)
#7 C:\xampp\htdocs\dev\public\index.php(45): CodeIgniter\CodeIgniter->run()
#8 {main}
CRITICAL - 2020-06-10 11:18:33 --> Trying to access array offset on value of type null
#0 C:\xampp\htdocs\dev\app\Views\edituser.php(14): CodeIgniter\Debug\Exceptions->errorHandler(8, 'Trying to acces...', 'C:\\xampp\\htdocs...', 14, Array)
#1 C:\xampp\htdocs\dev\system\View\View.php(246): include('C:\\xampp\\htdocs...')
#2 C:\xampp\htdocs\dev\system\Common.php(1087): CodeIgniter\View\View->render('edituser', Array, true)
#3 C:\xampp\htdocs\dev\app\Controllers\Users.php(228): view('edituser', Array)
#4 C:\xampp\htdocs\dev\system\CodeIgniter.php(914): App\Controllers\Users->edituser()
#5 C:\xampp\htdocs\dev\system\CodeIgniter.php(400): CodeIgniter\CodeIgniter->runController(Object(App\Controllers\Users))
#6 C:\xampp\htdocs\dev\system\CodeIgniter.php(308): CodeIgniter\CodeIgniter->handleRequest(NULL, Object(Config\Cache), false)
#7 C:\xampp\htdocs\dev\public\index.php(45): CodeIgniter\CodeIgniter->run()
#8 {main}
CRITICAL - 2020-06-10 11:22:39 --> Trying to access array offset on value of type null
#0 C:\xampp\htdocs\dev\app\Views\edituser.php(14): CodeIgniter\Debug\Exceptions->errorHandler(8, 'Trying to acces...', 'C:\\xampp\\htdocs...', 14, Array)
#1 C:\xampp\htdocs\dev\system\View\View.php(246): include('C:\\xampp\\htdocs...')
#2 C:\xampp\htdocs\dev\system\Common.php(1087): CodeIgniter\View\View->render('edituser', Array, true)
#3 C:\xampp\htdocs\dev\app\Controllers\Users.php(227): view('edituser', Array)
#4 C:\xampp\htdocs\dev\system\CodeIgniter.php(914): App\Controllers\Users->edituser()
#5 C:\xampp\htdocs\dev\system\CodeIgniter.php(400): CodeIgniter\CodeIgniter->runController(Object(App\Controllers\Users))
#6 C:\xampp\htdocs\dev\system\CodeIgniter.php(308): CodeIgniter\CodeIgniter->handleRequest(NULL, Object(Config\Cache), false)
#7 C:\xampp\htdocs\dev\public\index.php(45): CodeIgniter\CodeIgniter->run()
#8 {main}
