CRITICAL - 2020-06-29 01:32:55 --> in_array() expects parameter 2 to be array, null given
#0 [internal function]: CodeIgniter\Debug\Exceptions->errorHandler(2, 'in_array() expe...', '/home/alexdevg/...', 4, Array)
#1 /home/alexdevg/kyle.alexdev.gr/app/Helpers/auth_helper.php(4): in_array(2, NULL)
#2 /home/alexdevg/kyle.alexdev.gr/app/Views/cmps/nav.php(154): in_group(2)
#3 /home/alexdevg/kyle.alexdev.gr/system/View/View.php(246): include('/home/alexdevg/...')
#4 /home/alexdevg/kyle.alexdev.gr/system/View/View.php(525): CodeIgniter\View\View->render('cmps/nav', NULL, true)
#5 /home/alexdevg/kyle.alexdev.gr/app/Views/layouts/admin_layout.php(194): CodeIgniter\View\View->include('cmps/nav')
#6 /home/alexdevg/kyle.alexdev.gr/system/View/View.php(246): include('/home/alexdevg/...')
#7 /home/alexdevg/kyle.alexdev.gr/system/View/View.php(257): CodeIgniter\View\View->render('layouts/admin_l...', Array, true)
#8 /home/alexdevg/kyle.alexdev.gr/system/Common.php(1087): CodeIgniter\View\View->render('dispatchboard/t...', Array, true)
#9 /home/alexdevg/kyle.alexdev.gr/app/Controllers/Dispatchboard.php(65): view('dispatchboard/t...', Array)
#10 /home/alexdevg/kyle.alexdev.gr/system/CodeIgniter.php(914): App\Controllers\Dispatchboard->index()
#11 /home/alexdevg/kyle.alexdev.gr/system/CodeIgniter.php(400): CodeIgniter\CodeIgniter->runController(Object(App\Controllers\Dispatchboard))
#12 /home/alexdevg/kyle.alexdev.gr/system/CodeIgniter.php(308): CodeIgniter\CodeIgniter->handleRequest(NULL, Object(Config\Cache), false)
#13 /home/alexdevg/kyle.alexdev.gr/public/index.php(47): CodeIgniter\CodeIgniter->run()
#14 {main}
CRITICAL - 2020-06-29 01:38:14 --> in_array() expects parameter 2 to be array, null given
#0 [internal function]: CodeIgniter\Debug\Exceptions->errorHandler(2, 'in_array() expe...', '/home/alexdevg/...', 4, Array)
#1 /home/alexdevg/kyle.alexdev.gr/app/Helpers/auth_helper.php(4): in_array(2, NULL)
#2 /home/alexdevg/kyle.alexdev.gr/app/Views/cmps/nav.php(154): in_group(2)
#3 /home/alexdevg/kyle.alexdev.gr/system/View/View.php(246): include('/home/alexdevg/...')
#4 /home/alexdevg/kyle.alexdev.gr/system/View/View.php(525): CodeIgniter\View\View->render('cmps/nav', NULL, true)
#5 /home/alexdevg/kyle.alexdev.gr/app/Views/layouts/admin_layout.php(194): CodeIgniter\View\View->include('cmps/nav')
#6 /home/alexdevg/kyle.alexdev.gr/system/View/View.php(246): include('/home/alexdevg/...')
#7 /home/alexdevg/kyle.alexdev.gr/system/View/View.php(257): CodeIgniter\View\View->render('layouts/admin_l...', Array, true)
#8 /home/alexdevg/kyle.alexdev.gr/system/Common.php(1087): CodeIgniter\View\View->render('dispatchboard/t...', Array, true)
#9 /home/alexdevg/kyle.alexdev.gr/app/Controllers/Dispatchboard.php(65): view('dispatchboard/t...', Array)
#10 /home/alexdevg/kyle.alexdev.gr/system/CodeIgniter.php(914): App\Controllers\Dispatchboard->index()
#11 /home/alexdevg/kyle.alexdev.gr/system/CodeIgniter.php(400): CodeIgniter\CodeIgniter->runController(Object(App\Controllers\Dispatchboard))
#12 /home/alexdevg/kyle.alexdev.gr/system/CodeIgniter.php(308): CodeIgniter\CodeIgniter->handleRequest(NULL, Object(Config\Cache), false)
#13 /home/alexdevg/kyle.alexdev.gr/public/index.php(47): CodeIgniter\CodeIgniter->run()
#14 {main}
CRITICAL - 2020-06-29 01:47:58 --> in_array() expects parameter 2 to be array, null given
#0 [internal function]: CodeIgniter\Debug\Exceptions->errorHandler(2, 'in_array() expe...', '/home/alexdevg/...', 4, Array)
#1 /home/alexdevg/kyle.alexdev.gr/app/Helpers/auth_helper.php(4): in_array(2, NULL)
#2 /home/alexdevg/kyle.alexdev.gr/app/Views/cmps/nav.php(154): in_group(2)
#3 /home/alexdevg/kyle.alexdev.gr/system/View/View.php(246): include('/home/alexdevg/...')
#4 /home/alexdevg/kyle.alexdev.gr/system/View/View.php(525): CodeIgniter\View\View->render('cmps/nav', NULL, true)
#5 /home/alexdevg/kyle.alexdev.gr/app/Views/layouts/admin_layout.php(194): CodeIgniter\View\View->include('cmps/nav')
#6 /home/alexdevg/kyle.alexdev.gr/system/View/View.php(246): include('/home/alexdevg/...')
#7 /home/alexdevg/kyle.alexdev.gr/system/View/View.php(257): CodeIgniter\View\View->render('layouts/admin_l...', Array, true)
#8 /home/alexdevg/kyle.alexdev.gr/system/Common.php(1087): CodeIgniter\View\View->render('compinfo/table', Array, true)
#9 /home/alexdevg/kyle.alexdev.gr/app/Controllers/Compinfo.php(75): view('compinfo/table', Array)
#10 /home/alexdevg/kyle.alexdev.gr/system/CodeIgniter.php(914): App\Controllers\Compinfo->index()
#11 /home/alexdevg/kyle.alexdev.gr/system/CodeIgniter.php(400): CodeIgniter\CodeIgniter->runController(Object(App\Controllers\Compinfo))
#12 /home/alexdevg/kyle.alexdev.gr/system/CodeIgniter.php(308): CodeIgniter\CodeIgniter->handleRequest(NULL, Object(Config\Cache), false)
#13 /home/alexdevg/kyle.alexdev.gr/public/index.php(47): CodeIgniter\CodeIgniter->run()
#14 {main}
CRITICAL - 2020-06-29 01:48:05 --> in_array() expects parameter 2 to be array, null given
#0 [internal function]: CodeIgniter\Debug\Exceptions->errorHandler(2, 'in_array() expe...', '/home/alexdevg/...', 4, Array)
#1 /home/alexdevg/kyle.alexdev.gr/app/Helpers/auth_helper.php(4): in_array(2, NULL)
#2 /home/alexdevg/kyle.alexdev.gr/app/Views/cmps/nav.php(154): in_group(2)
#3 /home/alexdevg/kyle.alexdev.gr/system/View/View.php(246): include('/home/alexdevg/...')
#4 /home/alexdevg/kyle.alexdev.gr/system/View/View.php(525): CodeIgniter\View\View->render('cmps/nav', NULL, true)
#5 /home/alexdevg/kyle.alexdev.gr/app/Views/layouts/admin_layout.php(194): CodeIgniter\View\View->include('cmps/nav')
#6 /home/alexdevg/kyle.alexdev.gr/system/View/View.php(246): include('/home/alexdevg/...')
#7 /home/alexdevg/kyle.alexdev.gr/system/View/View.php(257): CodeIgniter\View\View->render('layouts/admin_l...', Array, true)
#8 /home/alexdevg/kyle.alexdev.gr/system/Common.php(1087): CodeIgniter\View\View->render('compinfo/table', Array, true)
#9 /home/alexdevg/kyle.alexdev.gr/app/Controllers/Compinfo.php(75): view('compinfo/table', Array)
#10 /home/alexdevg/kyle.alexdev.gr/system/CodeIgniter.php(914): App\Controllers\Compinfo->index()
#11 /home/alexdevg/kyle.alexdev.gr/system/CodeIgniter.php(400): CodeIgniter\CodeIgniter->runController(Object(App\Controllers\Compinfo))
#12 /home/alexdevg/kyle.alexdev.gr/system/CodeIgniter.php(308): CodeIgniter\CodeIgniter->handleRequest(NULL, Object(Config\Cache), false)
#13 /home/alexdevg/kyle.alexdev.gr/public/index.php(47): CodeIgniter\CodeIgniter->run()
#14 {main}
CRITICAL - 2020-06-29 02:30:51 --> Undefined index: relation
#0 /home/alexdevg/kyle.alexdev.gr/app/Libraries/Crud_core.php(691): CodeIgniter\Debug\Exceptions->errorHandler(8, 'Undefined index...', '/home/alexdevg/...', 691, Array)
#1 /home/alexdevg/kyle.alexdev.gr/app/Libraries/Crud_core.php(528): App\Libraries\Crud_core->field_radio('ei_gender', 'Gender', Array, NULL, 'col-12 col-md-6')
#2 /home/alexdevg/kyle.alexdev.gr/app/Libraries/Crud.php(17): App\Libraries\Crud_core->parent_form()
#3 /home/alexdevg/kyle.alexdev.gr/app/Controllers/Empinfo.php(90): App\Libraries\Crud->form()
#4 /home/alexdevg/kyle.alexdev.gr/system/CodeIgniter.php(914): App\Controllers\Empinfo->edit('6')
#5 /home/alexdevg/kyle.alexdev.gr/system/CodeIgniter.php(400): CodeIgniter\CodeIgniter->runController(Object(App\Controllers\Empinfo))
#6 /home/alexdevg/kyle.alexdev.gr/system/CodeIgniter.php(308): CodeIgniter\CodeIgniter->handleRequest(NULL, Object(Config\Cache), false)
#7 /home/alexdevg/kyle.alexdev.gr/public/index.php(47): CodeIgniter\CodeIgniter->run()
#8 {main}
CRITICAL - 2020-06-29 02:31:27 --> Undefined index: relation
#0 /home/alexdevg/kyle.alexdev.gr/app/Libraries/Crud_core.php(692): CodeIgniter\Debug\Exceptions->errorHandler(8, 'Undefined index...', '/home/alexdevg/...', 692, Array)
#1 /home/alexdevg/kyle.alexdev.gr/app/Libraries/Crud_core.php(528): App\Libraries\Crud_core->field_radio('ei_gender', 'Gender', Array, NULL, 'col-12 col-md-6')
#2 /home/alexdevg/kyle.alexdev.gr/app/Libraries/Crud.php(17): App\Libraries\Crud_core->parent_form()
#3 /home/alexdevg/kyle.alexdev.gr/app/Controllers/Empinfo.php(90): App\Libraries\Crud->form()
#4 /home/alexdevg/kyle.alexdev.gr/system/CodeIgniter.php(914): App\Controllers\Empinfo->edit('6')
#5 /home/alexdevg/kyle.alexdev.gr/system/CodeIgniter.php(400): CodeIgniter\CodeIgniter->runController(Object(App\Controllers\Empinfo))
#6 /home/alexdevg/kyle.alexdev.gr/system/CodeIgniter.php(308): CodeIgniter\CodeIgniter->handleRequest(NULL, Object(Config\Cache), false)
#7 /home/alexdevg/kyle.alexdev.gr/public/index.php(47): CodeIgniter\CodeIgniter->run()
#8 {main}
CRITICAL - 2020-06-29 02:32:09 --> Invalid argument supplied for foreach()
#0 /home/alexdevg/kyle.alexdev.gr/app/Libraries/Crud_core.php(693): CodeIgniter\Debug\Exceptions->errorHandler(2, 'Invalid argumen...', '/home/alexdevg/...', 693, Array)
#1 /home/alexdevg/kyle.alexdev.gr/app/Libraries/Crud_core.php(528): App\Libraries\Crud_core->field_radio('ei_gender', 'Gender', Array, NULL, 'col-12 col-md-6')
#2 /home/alexdevg/kyle.alexdev.gr/app/Libraries/Crud.php(17): App\Libraries\Crud_core->parent_form()
#3 /home/alexdevg/kyle.alexdev.gr/app/Controllers/Empinfo.php(90): App\Libraries\Crud->form()
#4 /home/alexdevg/kyle.alexdev.gr/system/CodeIgniter.php(914): App\Controllers\Empinfo->edit('6')
#5 /home/alexdevg/kyle.alexdev.gr/system/CodeIgniter.php(400): CodeIgniter\CodeIgniter->runController(Object(App\Controllers\Empinfo))
#6 /home/alexdevg/kyle.alexdev.gr/system/CodeIgniter.php(308): CodeIgniter\CodeIgniter->handleRequest(NULL, Object(Config\Cache), false)
#7 /home/alexdevg/kyle.alexdev.gr/public/index.php(47): CodeIgniter\CodeIgniter->run()
#8 {main}
CRITICAL - 2020-06-29 02:32:41 --> Invalid argument supplied for foreach()
#0 /home/alexdevg/kyle.alexdev.gr/app/Libraries/Crud_core.php(697): CodeIgniter\Debug\Exceptions->errorHandler(2, 'Invalid argumen...', '/home/alexdevg/...', 697, Array)
#1 /home/alexdevg/kyle.alexdev.gr/app/Libraries/Crud_core.php(528): App\Libraries\Crud_core->field_radio('ei_gender', 'Gender', Array, NULL, 'col-12 col-md-6')
#2 /home/alexdevg/kyle.alexdev.gr/app/Libraries/Crud.php(17): App\Libraries\Crud_core->parent_form()
#3 /home/alexdevg/kyle.alexdev.gr/app/Controllers/Empinfo.php(90): App\Libraries\Crud->form()
#4 /home/alexdevg/kyle.alexdev.gr/system/CodeIgniter.php(914): App\Controllers\Empinfo->edit('6')
#5 /home/alexdevg/kyle.alexdev.gr/system/CodeIgniter.php(400): CodeIgniter\CodeIgniter->runController(Object(App\Controllers\Empinfo))
#6 /home/alexdevg/kyle.alexdev.gr/system/CodeIgniter.php(308): CodeIgniter\CodeIgniter->handleRequest(NULL, Object(Config\Cache), false)
#7 /home/alexdevg/kyle.alexdev.gr/public/index.php(47): CodeIgniter\CodeIgniter->run()
#8 {main}
CRITICAL - 2020-06-29 02:32:43 --> Invalid argument supplied for foreach()
#0 /home/alexdevg/kyle.alexdev.gr/app/Libraries/Crud_core.php(697): CodeIgniter\Debug\Exceptions->errorHandler(2, 'Invalid argumen...', '/home/alexdevg/...', 697, Array)
#1 /home/alexdevg/kyle.alexdev.gr/app/Libraries/Crud_core.php(528): App\Libraries\Crud_core->field_radio('ei_gender', 'Gender', Array, NULL, 'col-12 col-md-6')
#2 /home/alexdevg/kyle.alexdev.gr/app/Libraries/Crud.php(17): App\Libraries\Crud_core->parent_form()
#3 /home/alexdevg/kyle.alexdev.gr/app/Controllers/Empinfo.php(90): App\Libraries\Crud->form()
#4 /home/alexdevg/kyle.alexdev.gr/system/CodeIgniter.php(914): App\Controllers\Empinfo->edit('6')
#5 /home/alexdevg/kyle.alexdev.gr/system/CodeIgniter.php(400): CodeIgniter\CodeIgniter->runController(Object(App\Controllers\Empinfo))
#6 /home/alexdevg/kyle.alexdev.gr/system/CodeIgniter.php(308): CodeIgniter\CodeIgniter->handleRequest(NULL, Object(Config\Cache), false)
#7 /home/alexdevg/kyle.alexdev.gr/public/index.php(47): CodeIgniter\CodeIgniter->run()
#8 {main}
CRITICAL - 2020-06-29 02:32:46 --> Invalid argument supplied for foreach()
#0 /home/alexdevg/kyle.alexdev.gr/app/Libraries/Crud_core.php(697): CodeIgniter\Debug\Exceptions->errorHandler(2, 'Invalid argumen...', '/home/alexdevg/...', 697, Array)
#1 /home/alexdevg/kyle.alexdev.gr/app/Libraries/Crud_core.php(528): App\Libraries\Crud_core->field_radio('ei_gender', 'Gender', Array, NULL, 'col-12 col-md-6')
#2 /home/alexdevg/kyle.alexdev.gr/app/Libraries/Crud.php(17): App\Libraries\Crud_core->parent_form()
#3 /home/alexdevg/kyle.alexdev.gr/app/Controllers/Empinfo.php(90): App\Libraries\Crud->form()
#4 /home/alexdevg/kyle.alexdev.gr/system/CodeIgniter.php(914): App\Controllers\Empinfo->edit('6')
#5 /home/alexdevg/kyle.alexdev.gr/system/CodeIgniter.php(400): CodeIgniter\CodeIgniter->runController(Object(App\Controllers\Empinfo))
#6 /home/alexdevg/kyle.alexdev.gr/system/CodeIgniter.php(308): CodeIgniter\CodeIgniter->handleRequest(NULL, Object(Config\Cache), false)
#7 /home/alexdevg/kyle.alexdev.gr/public/index.php(47): CodeIgniter\CodeIgniter->run()
#8 {main}
CRITICAL - 2020-06-29 02:32:58 --> Undefined variable: value
#0 /home/alexdevg/kyle.alexdev.gr/app/Libraries/Crud_core.php(692): CodeIgniter\Debug\Exceptions->errorHandler(8, 'Undefined varia...', '/home/alexdevg/...', 692, Array)
#1 /home/alexdevg/kyle.alexdev.gr/app/Libraries/Crud_core.php(528): App\Libraries\Crud_core->field_radio('ei_gender', 'Gender', Array, NULL, 'col-12 col-md-6')
#2 /home/alexdevg/kyle.alexdev.gr/app/Libraries/Crud.php(17): App\Libraries\Crud_core->parent_form()
#3 /home/alexdevg/kyle.alexdev.gr/app/Controllers/Empinfo.php(90): App\Libraries\Crud->form()
#4 /home/alexdevg/kyle.alexdev.gr/system/CodeIgniter.php(914): App\Controllers\Empinfo->edit('6')
#5 /home/alexdevg/kyle.alexdev.gr/system/CodeIgniter.php(400): CodeIgniter\CodeIgniter->runController(Object(App\Controllers\Empinfo))
#6 /home/alexdevg/kyle.alexdev.gr/system/CodeIgniter.php(308): CodeIgniter\CodeIgniter->handleRequest(NULL, Object(Config\Cache), false)
#7 /home/alexdevg/kyle.alexdev.gr/public/index.php(47): CodeIgniter\CodeIgniter->run()
#8 {main}
CRITICAL - 2020-06-29 02:33:13 --> Invalid argument supplied for foreach()
#0 /home/alexdevg/kyle.alexdev.gr/app/Libraries/Crud_core.php(696): CodeIgniter\Debug\Exceptions->errorHandler(2, 'Invalid argumen...', '/home/alexdevg/...', 696, Array)
#1 /home/alexdevg/kyle.alexdev.gr/app/Libraries/Crud_core.php(528): App\Libraries\Crud_core->field_radio('ei_gender', 'Gender', Array, NULL, 'col-12 col-md-6')
#2 /home/alexdevg/kyle.alexdev.gr/app/Libraries/Crud.php(17): App\Libraries\Crud_core->parent_form()
#3 /home/alexdevg/kyle.alexdev.gr/app/Controllers/Empinfo.php(90): App\Libraries\Crud->form()
#4 /home/alexdevg/kyle.alexdev.gr/system/CodeIgniter.php(914): App\Controllers\Empinfo->edit('6')
#5 /home/alexdevg/kyle.alexdev.gr/system/CodeIgniter.php(400): CodeIgniter\CodeIgniter->runController(Object(App\Controllers\Empinfo))
#6 /home/alexdevg/kyle.alexdev.gr/system/CodeIgniter.php(308): CodeIgniter\CodeIgniter->handleRequest(NULL, Object(Config\Cache), false)
#7 /home/alexdevg/kyle.alexdev.gr/public/index.php(47): CodeIgniter\CodeIgniter->run()
#8 {main}
CRITICAL - 2020-06-29 02:33:14 --> Invalid argument supplied for foreach()
#0 /home/alexdevg/kyle.alexdev.gr/app/Libraries/Crud_core.php(696): CodeIgniter\Debug\Exceptions->errorHandler(2, 'Invalid argumen...', '/home/alexdevg/...', 696, Array)
#1 /home/alexdevg/kyle.alexdev.gr/app/Libraries/Crud_core.php(528): App\Libraries\Crud_core->field_radio('ei_gender', 'Gender', Array, NULL, 'col-12 col-md-6')
#2 /home/alexdevg/kyle.alexdev.gr/app/Libraries/Crud.php(17): App\Libraries\Crud_core->parent_form()
#3 /home/alexdevg/kyle.alexdev.gr/app/Controllers/Empinfo.php(90): App\Libraries\Crud->form()
#4 /home/alexdevg/kyle.alexdev.gr/system/CodeIgniter.php(914): App\Controllers\Empinfo->edit('6')
#5 /home/alexdevg/kyle.alexdev.gr/system/CodeIgniter.php(400): CodeIgniter\CodeIgniter->runController(Object(App\Controllers\Empinfo))
#6 /home/alexdevg/kyle.alexdev.gr/system/CodeIgniter.php(308): CodeIgniter\CodeIgniter->handleRequest(NULL, Object(Config\Cache), false)
#7 /home/alexdevg/kyle.alexdev.gr/public/index.php(47): CodeIgniter\CodeIgniter->run()
#8 {main}
CRITICAL - 2020-06-29 02:34:10 --> Undefined index: relation
#0 /home/alexdevg/kyle.alexdev.gr/app/Libraries/Crud_core.php(667): CodeIgniter\Debug\Exceptions->errorHandler(8, 'Undefined index...', '/home/alexdevg/...', 667, Array)
#1 /home/alexdevg/kyle.alexdev.gr/app/Libraries/Crud_core.php(528): App\Libraries\Crud_core->field_dropdown('ei_gender', 'Gender', Array, NULL, 'col-12 col-md-6')
#2 /home/alexdevg/kyle.alexdev.gr/app/Libraries/Crud.php(17): App\Libraries\Crud_core->parent_form()
#3 /home/alexdevg/kyle.alexdev.gr/app/Controllers/Empinfo.php(90): App\Libraries\Crud->form()
#4 /home/alexdevg/kyle.alexdev.gr/system/CodeIgniter.php(914): App\Controllers\Empinfo->edit('6')
#5 /home/alexdevg/kyle.alexdev.gr/system/CodeIgniter.php(400): CodeIgniter\CodeIgniter->runController(Object(App\Controllers\Empinfo))
#6 /home/alexdevg/kyle.alexdev.gr/system/CodeIgniter.php(308): CodeIgniter\CodeIgniter->handleRequest(NULL, Object(Config\Cache), false)
#7 /home/alexdevg/kyle.alexdev.gr/public/index.php(47): CodeIgniter\CodeIgniter->run()
#8 {main}
CRITICAL - 2020-06-29 02:35:40 --> Invalid argument supplied for foreach()
#0 /home/alexdevg/kyle.alexdev.gr/app/Libraries/Crud_core.php(696): CodeIgniter\Debug\Exceptions->errorHandler(2, 'Invalid argumen...', '/home/alexdevg/...', 696, Array)
#1 /home/alexdevg/kyle.alexdev.gr/app/Libraries/Crud_core.php(528): App\Libraries\Crud_core->field_radio('ei_gender', 'Gender', Array, NULL, 'col-12 col-md-6')
#2 /home/alexdevg/kyle.alexdev.gr/app/Libraries/Crud.php(17): App\Libraries\Crud_core->parent_form()
#3 /home/alexdevg/kyle.alexdev.gr/app/Controllers/Empinfo.php(90): App\Libraries\Crud->form()
#4 /home/alexdevg/kyle.alexdev.gr/system/CodeIgniter.php(914): App\Controllers\Empinfo->edit('6')
#5 /home/alexdevg/kyle.alexdev.gr/system/CodeIgniter.php(400): CodeIgniter\CodeIgniter->runController(Object(App\Controllers\Empinfo))
#6 /home/alexdevg/kyle.alexdev.gr/system/CodeIgniter.php(308): CodeIgniter\CodeIgniter->handleRequest(NULL, Object(Config\Cache), false)
#7 /home/alexdevg/kyle.alexdev.gr/public/index.php(47): CodeIgniter\CodeIgniter->run()
#8 {main}
CRITICAL - 2020-06-29 02:36:07 --> Invalid argument supplied for foreach()
#0 /home/alexdevg/kyle.alexdev.gr/app/Libraries/Crud_core.php(696): CodeIgniter\Debug\Exceptions->errorHandler(2, 'Invalid argumen...', '/home/alexdevg/...', 696, Array)
#1 /home/alexdevg/kyle.alexdev.gr/app/Libraries/Crud_core.php(528): App\Libraries\Crud_core->field_radio('ei_gender', 'Gender', Array, NULL, 'col-12 col-md-6')
#2 /home/alexdevg/kyle.alexdev.gr/app/Libraries/Crud.php(17): App\Libraries\Crud_core->parent_form()
#3 /home/alexdevg/kyle.alexdev.gr/app/Controllers/Empinfo.php(90): App\Libraries\Crud->form()
#4 /home/alexdevg/kyle.alexdev.gr/system/CodeIgniter.php(914): App\Controllers\Empinfo->edit('6')
#5 /home/alexdevg/kyle.alexdev.gr/system/CodeIgniter.php(400): CodeIgniter\CodeIgniter->runController(Object(App\Controllers\Empinfo))
#6 /home/alexdevg/kyle.alexdev.gr/system/CodeIgniter.php(308): CodeIgniter\CodeIgniter->handleRequest(NULL, Object(Config\Cache), false)
#7 /home/alexdevg/kyle.alexdev.gr/public/index.php(47): CodeIgniter\CodeIgniter->run()
#8 {main}
CRITICAL - 2020-06-29 02:36:08 --> Invalid argument supplied for foreach()
#0 /home/alexdevg/kyle.alexdev.gr/app/Libraries/Crud_core.php(696): CodeIgniter\Debug\Exceptions->errorHandler(2, 'Invalid argumen...', '/home/alexdevg/...', 696, Array)
#1 /home/alexdevg/kyle.alexdev.gr/app/Libraries/Crud_core.php(528): App\Libraries\Crud_core->field_radio('ei_gender', 'Gender', Array, NULL, 'col-12 col-md-6')
#2 /home/alexdevg/kyle.alexdev.gr/app/Libraries/Crud.php(17): App\Libraries\Crud_core->parent_form()
#3 /home/alexdevg/kyle.alexdev.gr/app/Controllers/Empinfo.php(90): App\Libraries\Crud->form()
#4 /home/alexdevg/kyle.alexdev.gr/system/CodeIgniter.php(914): App\Controllers\Empinfo->edit('6')
#5 /home/alexdevg/kyle.alexdev.gr/system/CodeIgniter.php(400): CodeIgniter\CodeIgniter->runController(Object(App\Controllers\Empinfo))
#6 /home/alexdevg/kyle.alexdev.gr/system/CodeIgniter.php(308): CodeIgniter\CodeIgniter->handleRequest(NULL, Object(Config\Cache), false)
#7 /home/alexdevg/kyle.alexdev.gr/public/index.php(47): CodeIgniter\CodeIgniter->run()
#8 {main}
CRITICAL - 2020-06-29 02:36:40 --> Invalid argument supplied for foreach()
#0 /home/alexdevg/kyle.alexdev.gr/app/Libraries/Crud_core.php(699): CodeIgniter\Debug\Exceptions->errorHandler(2, 'Invalid argumen...', '/home/alexdevg/...', 699, Array)
#1 /home/alexdevg/kyle.alexdev.gr/app/Libraries/Crud_core.php(528): App\Libraries\Crud_core->field_radio('ei_gender', 'Gender', Array, NULL, 'col-12 col-md-6')
#2 /home/alexdevg/kyle.alexdev.gr/app/Libraries/Crud.php(17): App\Libraries\Crud_core->parent_form()
#3 /home/alexdevg/kyle.alexdev.gr/app/Controllers/Empinfo.php(90): App\Libraries\Crud->form()
#4 /home/alexdevg/kyle.alexdev.gr/system/CodeIgniter.php(914): App\Controllers\Empinfo->edit('6')
#5 /home/alexdevg/kyle.alexdev.gr/system/CodeIgniter.php(400): CodeIgniter\CodeIgniter->runController(Object(App\Controllers\Empinfo))
#6 /home/alexdevg/kyle.alexdev.gr/system/CodeIgniter.php(308): CodeIgniter\CodeIgniter->handleRequest(NULL, Object(Config\Cache), false)
#7 /home/alexdevg/kyle.alexdev.gr/public/index.php(47): CodeIgniter\CodeIgniter->run()
#8 {main}
CRITICAL - 2020-06-29 02:37:43 --> Undefined index: relation
#0 /home/alexdevg/kyle.alexdev.gr/app/Libraries/Crud_core.php(664): CodeIgniter\Debug\Exceptions->errorHandler(8, 'Undefined index...', '/home/alexdevg/...', 664, Array)
#1 /home/alexdevg/kyle.alexdev.gr/app/Libraries/Crud_core.php(528): App\Libraries\Crud_core->field_dropdown('ei_state', 'State', Array, NULL, 'col-12 col-md-6')
#2 /home/alexdevg/kyle.alexdev.gr/app/Libraries/Crud.php(17): App\Libraries\Crud_core->parent_form()
#3 /home/alexdevg/kyle.alexdev.gr/app/Controllers/Empinfo.php(90): App\Libraries\Crud->form()
#4 /home/alexdevg/kyle.alexdev.gr/system/CodeIgniter.php(914): App\Controllers\Empinfo->edit('6')
#5 /home/alexdevg/kyle.alexdev.gr/system/CodeIgniter.php(400): CodeIgniter\CodeIgniter->runController(Object(App\Controllers\Empinfo))
#6 /home/alexdevg/kyle.alexdev.gr/system/CodeIgniter.php(308): CodeIgniter\CodeIgniter->handleRequest(NULL, Object(Config\Cache), false)
#7 /home/alexdevg/kyle.alexdev.gr/public/index.php(47): CodeIgniter\CodeIgniter->run()
#8 {main}
CRITICAL - 2020-06-29 02:37:54 --> Undefined index: relation
#0 /home/alexdevg/kyle.alexdev.gr/app/Libraries/Crud_core.php(664): CodeIgniter\Debug\Exceptions->errorHandler(8, 'Undefined index...', '/home/alexdevg/...', 664, Array)
#1 /home/alexdevg/kyle.alexdev.gr/app/Libraries/Crud_core.php(528): App\Libraries\Crud_core->field_dropdown('ei_state', 'State', Array, NULL, 'col-12 col-md-6')
#2 /home/alexdevg/kyle.alexdev.gr/app/Libraries/Crud.php(17): App\Libraries\Crud_core->parent_form()
#3 /home/alexdevg/kyle.alexdev.gr/app/Controllers/Empinfo.php(90): App\Libraries\Crud->form()
#4 /home/alexdevg/kyle.alexdev.gr/system/CodeIgniter.php(914): App\Controllers\Empinfo->edit('6')
#5 /home/alexdevg/kyle.alexdev.gr/system/CodeIgniter.php(400): CodeIgniter\CodeIgniter->runController(Object(App\Controllers\Empinfo))
#6 /home/alexdevg/kyle.alexdev.gr/system/CodeIgniter.php(308): CodeIgniter\CodeIgniter->handleRequest(NULL, Object(Config\Cache), false)
#7 /home/alexdevg/kyle.alexdev.gr/public/index.php(47): CodeIgniter\CodeIgniter->run()
#8 {main}
CRITICAL - 2020-06-29 02:37:56 --> Undefined index: relation
#0 /home/alexdevg/kyle.alexdev.gr/app/Libraries/Crud_core.php(664): CodeIgniter\Debug\Exceptions->errorHandler(8, 'Undefined index...', '/home/alexdevg/...', 664, Array)
#1 /home/alexdevg/kyle.alexdev.gr/app/Libraries/Crud_core.php(528): App\Libraries\Crud_core->field_dropdown('ei_state', 'State', Array, NULL, 'col-12 col-md-6')
#2 /home/alexdevg/kyle.alexdev.gr/app/Libraries/Crud.php(17): App\Libraries\Crud_core->parent_form()
#3 /home/alexdevg/kyle.alexdev.gr/app/Controllers/Empinfo.php(90): App\Libraries\Crud->form()
#4 /home/alexdevg/kyle.alexdev.gr/system/CodeIgniter.php(914): App\Controllers\Empinfo->edit('6')
#5 /home/alexdevg/kyle.alexdev.gr/system/CodeIgniter.php(400): CodeIgniter\CodeIgniter->runController(Object(App\Controllers\Empinfo))
#6 /home/alexdevg/kyle.alexdev.gr/system/CodeIgniter.php(308): CodeIgniter\CodeIgniter->handleRequest(NULL, Object(Config\Cache), false)
#7 /home/alexdevg/kyle.alexdev.gr/public/index.php(47): CodeIgniter\CodeIgniter->run()
#8 {main}
CRITICAL - 2020-06-29 02:38:00 --> Undefined index: relation
#0 /home/alexdevg/kyle.alexdev.gr/app/Libraries/Crud_core.php(664): CodeIgniter\Debug\Exceptions->errorHandler(8, 'Undefined index...', '/home/alexdevg/...', 664, Array)
#1 /home/alexdevg/kyle.alexdev.gr/app/Libraries/Crud_core.php(528): App\Libraries\Crud_core->field_dropdown('ei_state', 'State', Array, NULL, 'col-12 col-md-6')
#2 /home/alexdevg/kyle.alexdev.gr/app/Libraries/Crud.php(17): App\Libraries\Crud_core->parent_form()
#3 /home/alexdevg/kyle.alexdev.gr/app/Controllers/Empinfo.php(90): App\Libraries\Crud->form()
#4 /home/alexdevg/kyle.alexdev.gr/system/CodeIgniter.php(914): App\Controllers\Empinfo->edit('6')
#5 /home/alexdevg/kyle.alexdev.gr/system/CodeIgniter.php(400): CodeIgniter\CodeIgniter->runController(Object(App\Controllers\Empinfo))
#6 /home/alexdevg/kyle.alexdev.gr/system/CodeIgniter.php(308): CodeIgniter\CodeIgniter->handleRequest(NULL, Object(Config\Cache), false)
#7 /home/alexdevg/kyle.alexdev.gr/public/index.php(47): CodeIgniter\CodeIgniter->run()
#8 {main}
CRITICAL - 2020-06-29 02:38:01 --> Undefined index: relation
#0 /home/alexdevg/kyle.alexdev.gr/app/Libraries/Crud_core.php(664): CodeIgniter\Debug\Exceptions->errorHandler(8, 'Undefined index...', '/home/alexdevg/...', 664, Array)
#1 /home/alexdevg/kyle.alexdev.gr/app/Libraries/Crud_core.php(528): App\Libraries\Crud_core->field_dropdown('ei_state', 'State', Array, NULL, 'col-12 col-md-6')
#2 /home/alexdevg/kyle.alexdev.gr/app/Libraries/Crud.php(17): App\Libraries\Crud_core->parent_form()
#3 /home/alexdevg/kyle.alexdev.gr/app/Controllers/Empinfo.php(90): App\Libraries\Crud->form()
#4 /home/alexdevg/kyle.alexdev.gr/system/CodeIgniter.php(914): App\Controllers\Empinfo->edit('6')
#5 /home/alexdevg/kyle.alexdev.gr/system/CodeIgniter.php(400): CodeIgniter\CodeIgniter->runController(Object(App\Controllers\Empinfo))
#6 /home/alexdevg/kyle.alexdev.gr/system/CodeIgniter.php(308): CodeIgniter\CodeIgniter->handleRequest(NULL, Object(Config\Cache), false)
#7 /home/alexdevg/kyle.alexdev.gr/public/index.php(47): CodeIgniter\CodeIgniter->run()
#8 {main}
CRITICAL - 2020-06-29 02:38:23 --> Invalid argument supplied for foreach()
#0 /home/alexdevg/kyle.alexdev.gr/app/Libraries/Crud_core.php(696): CodeIgniter\Debug\Exceptions->errorHandler(2, 'Invalid argumen...', '/home/alexdevg/...', 696, Array)
#1 /home/alexdevg/kyle.alexdev.gr/app/Libraries/Crud_core.php(528): App\Libraries\Crud_core->field_radio('ei_gender', 'Gender', Array, NULL, 'col-12 col-md-6')
#2 /home/alexdevg/kyle.alexdev.gr/app/Libraries/Crud.php(17): App\Libraries\Crud_core->parent_form()
#3 /home/alexdevg/kyle.alexdev.gr/app/Controllers/Empinfo.php(90): App\Libraries\Crud->form()
#4 /home/alexdevg/kyle.alexdev.gr/system/CodeIgniter.php(914): App\Controllers\Empinfo->edit('6')
#5 /home/alexdevg/kyle.alexdev.gr/system/CodeIgniter.php(400): CodeIgniter\CodeIgniter->runController(Object(App\Controllers\Empinfo))
#6 /home/alexdevg/kyle.alexdev.gr/system/CodeIgniter.php(308): CodeIgniter\CodeIgniter->handleRequest(NULL, Object(Config\Cache), false)
#7 /home/alexdevg/kyle.alexdev.gr/public/index.php(47): CodeIgniter\CodeIgniter->run()
#8 {main}
CRITICAL - 2020-06-29 02:38:49 --> Undefined index: relation
#0 /home/alexdevg/kyle.alexdev.gr/app/Libraries/Crud_core.php(664): CodeIgniter\Debug\Exceptions->errorHandler(8, 'Undefined index...', '/home/alexdevg/...', 664, Array)
#1 /home/alexdevg/kyle.alexdev.gr/app/Libraries/Crud_core.php(528): App\Libraries\Crud_core->field_dropdown('ei_state', 'State', Array, NULL, 'col-12 col-md-6')
#2 /home/alexdevg/kyle.alexdev.gr/app/Libraries/Crud.php(17): App\Libraries\Crud_core->parent_form()
#3 /home/alexdevg/kyle.alexdev.gr/app/Controllers/Empinfo.php(90): App\Libraries\Crud->form()
#4 /home/alexdevg/kyle.alexdev.gr/system/CodeIgniter.php(914): App\Controllers\Empinfo->edit('6')
#5 /home/alexdevg/kyle.alexdev.gr/system/CodeIgniter.php(400): CodeIgniter\CodeIgniter->runController(Object(App\Controllers\Empinfo))
#6 /home/alexdevg/kyle.alexdev.gr/system/CodeIgniter.php(308): CodeIgniter\CodeIgniter->handleRequest(NULL, Object(Config\Cache), false)
#7 /home/alexdevg/kyle.alexdev.gr/public/index.php(47): CodeIgniter\CodeIgniter->run()
#8 {main}
CRITICAL - 2020-06-29 02:40:03 --> Undefined index: relation
#0 /home/alexdevg/kyle.alexdev.gr/app/Libraries/Crud_core.php(664): CodeIgniter\Debug\Exceptions->errorHandler(8, 'Undefined index...', '/home/alexdevg/...', 664, Array)
#1 /home/alexdevg/kyle.alexdev.gr/app/Libraries/Crud_core.php(528): App\Libraries\Crud_core->field_dropdown('ei_state', 'State', Array, NULL, 'col-12 col-md-6')
#2 /home/alexdevg/kyle.alexdev.gr/app/Libraries/Crud.php(17): App\Libraries\Crud_core->parent_form()
#3 /home/alexdevg/kyle.alexdev.gr/app/Controllers/Empinfo.php(90): App\Libraries\Crud->form()
#4 /home/alexdevg/kyle.alexdev.gr/system/CodeIgniter.php(914): App\Controllers\Empinfo->edit('6')
#5 /home/alexdevg/kyle.alexdev.gr/system/CodeIgniter.php(400): CodeIgniter\CodeIgniter->runController(Object(App\Controllers\Empinfo))
#6 /home/alexdevg/kyle.alexdev.gr/system/CodeIgniter.php(308): CodeIgniter\CodeIgniter->handleRequest(NULL, Object(Config\Cache), false)
#7 /home/alexdevg/kyle.alexdev.gr/public/index.php(47): CodeIgniter\CodeIgniter->run()
#8 {main}
CRITICAL - 2020-06-29 02:41:55 --> Undefined variable: input
#0 /home/alexdevg/kyle.alexdev.gr/app/Libraries/Crud_core.php(706): CodeIgniter\Debug\Exceptions->errorHandler(8, 'Undefined varia...', '/home/alexdevg/...', 706, Array)
#1 /home/alexdevg/kyle.alexdev.gr/app/Libraries/Crud_core.php(528): App\Libraries\Crud_core->field_radio('ei_employer', 'Employer', Array, Array, 'col-12 col-md-4')
#2 /home/alexdevg/kyle.alexdev.gr/app/Libraries/Crud.php(17): App\Libraries\Crud_core->parent_form()
#3 /home/alexdevg/kyle.alexdev.gr/app/Controllers/Empinfo.php(90): App\Libraries\Crud->form()
#4 /home/alexdevg/kyle.alexdev.gr/system/CodeIgniter.php(914): App\Controllers\Empinfo->edit('6')
#5 /home/alexdevg/kyle.alexdev.gr/system/CodeIgniter.php(400): CodeIgniter\CodeIgniter->runController(Object(App\Controllers\Empinfo))
#6 /home/alexdevg/kyle.alexdev.gr/system/CodeIgniter.php(308): CodeIgniter\CodeIgniter->handleRequest(NULL, Object(Config\Cache), false)
#7 /home/alexdevg/kyle.alexdev.gr/public/index.php(47): CodeIgniter\CodeIgniter->run()
#8 {main}
CRITICAL - 2020-06-29 02:42:21 --> Object of class stdClass could not be converted to string
#0 /home/alexdevg/kyle.alexdev.gr/app/Libraries/Crud_core.php(709): CodeIgniter\Debug\Exceptions->errorHandler(4096, 'Object of class...', '/home/alexdevg/...', 709, Array)
#1 /home/alexdevg/kyle.alexdev.gr/app/Libraries/Crud_core.php(528): App\Libraries\Crud_core->field_radio('ei_employer', 'Employer', Array, Array, 'col-12 col-md-4')
#2 /home/alexdevg/kyle.alexdev.gr/app/Libraries/Crud.php(17): App\Libraries\Crud_core->parent_form()
#3 /home/alexdevg/kyle.alexdev.gr/app/Controllers/Empinfo.php(90): App\Libraries\Crud->form()
#4 /home/alexdevg/kyle.alexdev.gr/system/CodeIgniter.php(914): App\Controllers\Empinfo->edit('6')
#5 /home/alexdevg/kyle.alexdev.gr/system/CodeIgniter.php(400): CodeIgniter\CodeIgniter->runController(Object(App\Controllers\Empinfo))
#6 /home/alexdevg/kyle.alexdev.gr/system/CodeIgniter.php(308): CodeIgniter\CodeIgniter->handleRequest(NULL, Object(Config\Cache), false)
#7 /home/alexdevg/kyle.alexdev.gr/public/index.php(47): CodeIgniter\CodeIgniter->run()
#8 {main}
CRITICAL - 2020-06-29 02:42:52 --> Object of class stdClass could not be converted to string
#0 /home/alexdevg/kyle.alexdev.gr/app/Libraries/Crud_core.php(709): CodeIgniter\Debug\Exceptions->errorHandler(4096, 'Object of class...', '/home/alexdevg/...', 709, Array)
#1 /home/alexdevg/kyle.alexdev.gr/app/Libraries/Crud_core.php(528): App\Libraries\Crud_core->field_radio('ei_employer', 'Employer', Array, Array, 'col-12 col-md-4')
#2 /home/alexdevg/kyle.alexdev.gr/app/Libraries/Crud.php(17): App\Libraries\Crud_core->parent_form()
#3 /home/alexdevg/kyle.alexdev.gr/app/Controllers/Empinfo.php(90): App\Libraries\Crud->form()
#4 /home/alexdevg/kyle.alexdev.gr/system/CodeIgniter.php(914): App\Controllers\Empinfo->edit('6')
#5 /home/alexdevg/kyle.alexdev.gr/system/CodeIgniter.php(400): CodeIgniter\CodeIgniter->runController(Object(App\Controllers\Empinfo))
#6 /home/alexdevg/kyle.alexdev.gr/system/CodeIgniter.php(308): CodeIgniter\CodeIgniter->handleRequest(NULL, Object(Config\Cache), false)
#7 /home/alexdevg/kyle.alexdev.gr/public/index.php(47): CodeIgniter\CodeIgniter->run()
#8 {main}
CRITICAL - 2020-06-29 02:42:53 --> Object of class stdClass could not be converted to string
#0 /home/alexdevg/kyle.alexdev.gr/app/Libraries/Crud_core.php(709): CodeIgniter\Debug\Exceptions->errorHandler(4096, 'Object of class...', '/home/alexdevg/...', 709, Array)
#1 /home/alexdevg/kyle.alexdev.gr/app/Libraries/Crud_core.php(528): App\Libraries\Crud_core->field_radio('ei_employer', 'Employer', Array, Array, 'col-12 col-md-4')
#2 /home/alexdevg/kyle.alexdev.gr/app/Libraries/Crud.php(17): App\Libraries\Crud_core->parent_form()
#3 /home/alexdevg/kyle.alexdev.gr/app/Controllers/Empinfo.php(90): App\Libraries\Crud->form()
#4 /home/alexdevg/kyle.alexdev.gr/system/CodeIgniter.php(914): App\Controllers\Empinfo->edit('6')
#5 /home/alexdevg/kyle.alexdev.gr/system/CodeIgniter.php(400): CodeIgniter\CodeIgniter->runController(Object(App\Controllers\Empinfo))
#6 /home/alexdevg/kyle.alexdev.gr/system/CodeIgniter.php(308): CodeIgniter\CodeIgniter->handleRequest(NULL, Object(Config\Cache), false)
#7 /home/alexdevg/kyle.alexdev.gr/public/index.php(47): CodeIgniter\CodeIgniter->run()
#8 {main}
CRITICAL - 2020-06-29 02:43:07 --> Object of class stdClass could not be converted to string
#0 /home/alexdevg/kyle.alexdev.gr/app/Libraries/Crud_core.php(709): CodeIgniter\Debug\Exceptions->errorHandler(4096, 'Object of class...', '/home/alexdevg/...', 709, Array)
#1 /home/alexdevg/kyle.alexdev.gr/app/Libraries/Crud_core.php(528): App\Libraries\Crud_core->field_radio('ei_employer', 'Employer', Array, Array, 'col-12 col-md-4')
#2 /home/alexdevg/kyle.alexdev.gr/app/Libraries/Crud.php(17): App\Libraries\Crud_core->parent_form()
#3 /home/alexdevg/kyle.alexdev.gr/app/Controllers/Empinfo.php(90): App\Libraries\Crud->form()
#4 /home/alexdevg/kyle.alexdev.gr/system/CodeIgniter.php(914): App\Controllers\Empinfo->edit('6')
#5 /home/alexdevg/kyle.alexdev.gr/system/CodeIgniter.php(400): CodeIgniter\CodeIgniter->runController(Object(App\Controllers\Empinfo))
#6 /home/alexdevg/kyle.alexdev.gr/system/CodeIgniter.php(308): CodeIgniter\CodeIgniter->handleRequest(NULL, Object(Config\Cache), false)
#7 /home/alexdevg/kyle.alexdev.gr/public/index.php(47): CodeIgniter\CodeIgniter->run()
#8 {main}
CRITICAL - 2020-06-29 02:43:22 --> Object of class stdClass could not be converted to string
#0 /home/alexdevg/kyle.alexdev.gr/app/Libraries/Crud_core.php(709): CodeIgniter\Debug\Exceptions->errorHandler(4096, 'Object of class...', '/home/alexdevg/...', 709, Array)
#1 /home/alexdevg/kyle.alexdev.gr/app/Libraries/Crud_core.php(528): App\Libraries\Crud_core->field_radio('ei_employer', 'Employer', Array, Array, 'col-12 col-md-4')
#2 /home/alexdevg/kyle.alexdev.gr/app/Libraries/Crud.php(17): App\Libraries\Crud_core->parent_form()
#3 /home/alexdevg/kyle.alexdev.gr/app/Controllers/Empinfo.php(90): App\Libraries\Crud->form()
#4 /home/alexdevg/kyle.alexdev.gr/system/CodeIgniter.php(914): App\Controllers\Empinfo->edit('6')
#5 /home/alexdevg/kyle.alexdev.gr/system/CodeIgniter.php(400): CodeIgniter\CodeIgniter->runController(Object(App\Controllers\Empinfo))
#6 /home/alexdevg/kyle.alexdev.gr/system/CodeIgniter.php(308): CodeIgniter\CodeIgniter->handleRequest(NULL, Object(Config\Cache), false)
#7 /home/alexdevg/kyle.alexdev.gr/public/index.php(47): CodeIgniter\CodeIgniter->run()
#8 {main}
CRITICAL - 2020-06-29 02:43:23 --> Object of class stdClass could not be converted to string
#0 /home/alexdevg/kyle.alexdev.gr/app/Libraries/Crud_core.php(709): CodeIgniter\Debug\Exceptions->errorHandler(4096, 'Object of class...', '/home/alexdevg/...', 709, Array)
#1 /home/alexdevg/kyle.alexdev.gr/app/Libraries/Crud_core.php(528): App\Libraries\Crud_core->field_radio('ei_employer', 'Employer', Array, Array, 'col-12 col-md-4')
#2 /home/alexdevg/kyle.alexdev.gr/app/Libraries/Crud.php(17): App\Libraries\Crud_core->parent_form()
#3 /home/alexdevg/kyle.alexdev.gr/app/Controllers/Empinfo.php(90): App\Libraries\Crud->form()
#4 /home/alexdevg/kyle.alexdev.gr/system/CodeIgniter.php(914): App\Controllers\Empinfo->edit('6')
#5 /home/alexdevg/kyle.alexdev.gr/system/CodeIgniter.php(400): CodeIgniter\CodeIgniter->runController(Object(App\Controllers\Empinfo))
#6 /home/alexdevg/kyle.alexdev.gr/system/CodeIgniter.php(308): CodeIgniter\CodeIgniter->handleRequest(NULL, Object(Config\Cache), false)
#7 /home/alexdevg/kyle.alexdev.gr/public/index.php(47): CodeIgniter\CodeIgniter->run()
#8 {main}
CRITICAL - 2020-06-29 02:44:08 --> Object of class stdClass could not be converted to string
#0 /home/alexdevg/kyle.alexdev.gr/app/Libraries/Crud_core.php(709): CodeIgniter\Debug\Exceptions->errorHandler(4096, 'Object of class...', '/home/alexdevg/...', 709, Array)
#1 /home/alexdevg/kyle.alexdev.gr/app/Libraries/Crud_core.php(528): App\Libraries\Crud_core->field_radio('ei_employer', 'Employer', Array, Array, 'col-12 col-md-4')
#2 /home/alexdevg/kyle.alexdev.gr/app/Libraries/Crud.php(17): App\Libraries\Crud_core->parent_form()
#3 /home/alexdevg/kyle.alexdev.gr/app/Controllers/Empinfo.php(90): App\Libraries\Crud->form()
#4 /home/alexdevg/kyle.alexdev.gr/system/CodeIgniter.php(914): App\Controllers\Empinfo->edit('6')
#5 /home/alexdevg/kyle.alexdev.gr/system/CodeIgniter.php(400): CodeIgniter\CodeIgniter->runController(Object(App\Controllers\Empinfo))
#6 /home/alexdevg/kyle.alexdev.gr/system/CodeIgniter.php(308): CodeIgniter\CodeIgniter->handleRequest(NULL, Object(Config\Cache), false)
#7 /home/alexdevg/kyle.alexdev.gr/public/index.php(47): CodeIgniter\CodeIgniter->run()
#8 {main}
CRITICAL - 2020-06-29 02:44:37 --> in_array() expects parameter 2 to be array, null given
#0 [internal function]: CodeIgniter\Debug\Exceptions->errorHandler(2, 'in_array() expe...', '/home/alexdevg/...', 4, Array)
#1 /home/alexdevg/kyle.alexdev.gr/app/Helpers/auth_helper.php(4): in_array(2, NULL)
#2 /home/alexdevg/kyle.alexdev.gr/app/Views/cmps/nav.php(154): in_group(2)
#3 /home/alexdevg/kyle.alexdev.gr/system/View/View.php(246): include('/home/alexdevg/...')
#4 /home/alexdevg/kyle.alexdev.gr/system/View/View.php(525): CodeIgniter\View\View->render('cmps/nav', NULL, true)
#5 /home/alexdevg/kyle.alexdev.gr/app/Views/layouts/admin_layout.php(194): CodeIgniter\View\View->include('cmps/nav')
#6 /home/alexdevg/kyle.alexdev.gr/system/View/View.php(246): include('/home/alexdevg/...')
#7 /home/alexdevg/kyle.alexdev.gr/system/View/View.php(257): CodeIgniter\View\View->render('layouts/admin_l...', Array, true)
#8 /home/alexdevg/kyle.alexdev.gr/system/Common.php(1087): CodeIgniter\View\View->render('empinfo/form', Array, true)
#9 /home/alexdevg/kyle.alexdev.gr/app/Controllers/Empinfo.php(96): view('empinfo/form', Array)
#10 /home/alexdevg/kyle.alexdev.gr/system/CodeIgniter.php(914): App\Controllers\Empinfo->edit('6')
#11 /home/alexdevg/kyle.alexdev.gr/system/CodeIgniter.php(400): CodeIgniter\CodeIgniter->runController(Object(App\Controllers\Empinfo))
#12 /home/alexdevg/kyle.alexdev.gr/system/CodeIgniter.php(308): CodeIgniter\CodeIgniter->handleRequest(NULL, Object(Config\Cache), false)
#13 /home/alexdevg/kyle.alexdev.gr/public/index.php(47): CodeIgniter\CodeIgniter->run()
#14 {main}
CRITICAL - 2020-06-29 03:36:19 --> Table 'alexdevg_kyle.carrier_operation' doesn't exist
#0 /home/alexdevg/kyle.alexdev.gr/system/Database/MySQLi/Connection.php(331): mysqli->query('SELECT *\nFROM `...')
#1 /home/alexdevg/kyle.alexdev.gr/system/Database/BaseConnection.php(738): CodeIgniter\Database\MySQLi\Connection->execute('SELECT *\nFROM `...')
#2 /home/alexdevg/kyle.alexdev.gr/system/Database/BaseConnection.php(666): CodeIgniter\Database\BaseConnection->simpleQuery('SELECT *\nFROM `...')
#3 /home/alexdevg/kyle.alexdev.gr/system/Database/BaseBuilder.php(1845): CodeIgniter\Database\BaseConnection->query('SELECT *\nFROM `...', Array, false)
#4 /home/alexdevg/kyle.alexdev.gr/app/Models/CrudModel.php(302): CodeIgniter\Database\BaseBuilder->get()
#5 /home/alexdevg/kyle.alexdev.gr/app/Libraries/Crud_core.php(499): App\Models\CrudModel->getRelationItems('carrier_operati...', false, 'cc_name', 'ASC')
#6 /home/alexdevg/kyle.alexdev.gr/app/Libraries/Crud.php(17): App\Libraries\Crud_core->parent_form()
#7 /home/alexdevg/kyle.alexdev.gr/app/Controllers/Compinfo.php(85): App\Libraries\Crud->form()
#8 /home/alexdevg/kyle.alexdev.gr/system/CodeIgniter.php(914): App\Controllers\Compinfo->add()
#9 /home/alexdevg/kyle.alexdev.gr/system/CodeIgniter.php(400): CodeIgniter\CodeIgniter->runController(Object(App\Controllers\Compinfo))
#10 /home/alexdevg/kyle.alexdev.gr/system/CodeIgniter.php(308): CodeIgniter\CodeIgniter->handleRequest(NULL, Object(Config\Cache), false)
#11 /home/alexdevg/kyle.alexdev.gr/public/index.php(47): CodeIgniter\CodeIgniter->run()
#12 {main}
CRITICAL - 2020-06-29 03:38:21 --> Table 'alexdevg_kyle.carrier_carried' doesn't exist
#0 /home/alexdevg/kyle.alexdev.gr/system/Database/MySQLi/Connection.php(331): mysqli->query('SELECT *\nFROM `...')
#1 /home/alexdevg/kyle.alexdev.gr/system/Database/BaseConnection.php(738): CodeIgniter\Database\MySQLi\Connection->execute('SELECT *\nFROM `...')
#2 /home/alexdevg/kyle.alexdev.gr/system/Database/BaseConnection.php(666): CodeIgniter\Database\BaseConnection->simpleQuery('SELECT *\nFROM `...')
#3 /home/alexdevg/kyle.alexdev.gr/system/Database/BaseBuilder.php(1845): CodeIgniter\Database\BaseConnection->query('SELECT *\nFROM `...', Array, false)
#4 /home/alexdevg/kyle.alexdev.gr/app/Models/CrudModel.php(302): CodeIgniter\Database\BaseBuilder->get()
#5 /home/alexdevg/kyle.alexdev.gr/app/Libraries/Crud_core.php(499): App\Models\CrudModel->getRelationItems('carrier_carried', false, 'cc_name', 'ASC')
#6 /home/alexdevg/kyle.alexdev.gr/app/Libraries/Crud.php(17): App\Libraries\Crud_core->parent_form()
#7 /home/alexdevg/kyle.alexdev.gr/app/Controllers/Compinfo.php(85): App\Libraries\Crud->form()
#8 /home/alexdevg/kyle.alexdev.gr/system/CodeIgniter.php(914): App\Controllers\Compinfo->add()
#9 /home/alexdevg/kyle.alexdev.gr/system/CodeIgniter.php(400): CodeIgniter\CodeIgniter->runController(Object(App\Controllers\Compinfo))
#10 /home/alexdevg/kyle.alexdev.gr/system/CodeIgniter.php(308): CodeIgniter\CodeIgniter->handleRequest(NULL, Object(Config\Cache), false)
#11 /home/alexdevg/kyle.alexdev.gr/public/index.php(47): CodeIgniter\CodeIgniter->run()
#12 {main}
CRITICAL - 2020-06-29 04:02:01 --> Table 'alexdevg_kyle.carrier_carried' doesn't exist
#0 /home/alexdevg/kyle.alexdev.gr/system/Database/MySQLi/Connection.php(331): mysqli->query('SELECT *\nFROM `...')
#1 /home/alexdevg/kyle.alexdev.gr/system/Database/BaseConnection.php(738): CodeIgniter\Database\MySQLi\Connection->execute('SELECT *\nFROM `...')
#2 /home/alexdevg/kyle.alexdev.gr/system/Database/BaseConnection.php(666): CodeIgniter\Database\BaseConnection->simpleQuery('SELECT *\nFROM `...')
#3 /home/alexdevg/kyle.alexdev.gr/system/Database/BaseBuilder.php(1845): CodeIgniter\Database\BaseConnection->query('SELECT *\nFROM `...', Array, false)
#4 /home/alexdevg/kyle.alexdev.gr/app/Models/CrudModel.php(302): CodeIgniter\Database\BaseBuilder->get()
#5 /home/alexdevg/kyle.alexdev.gr/app/Libraries/Crud_core.php(499): App\Models\CrudModel->getRelationItems('carrier_carried', false, 'cc_name', 'ASC')
#6 /home/alexdevg/kyle.alexdev.gr/app/Libraries/Crud.php(17): App\Libraries\Crud_core->parent_form()
#7 /home/alexdevg/kyle.alexdev.gr/app/Controllers/Compinfo.php(85): App\Libraries\Crud->form()
#8 /home/alexdevg/kyle.alexdev.gr/system/CodeIgniter.php(914): App\Controllers\Compinfo->add()
#9 /home/alexdevg/kyle.alexdev.gr/system/CodeIgniter.php(400): CodeIgniter\CodeIgniter->runController(Object(App\Controllers\Compinfo))
#10 /home/alexdevg/kyle.alexdev.gr/system/CodeIgniter.php(308): CodeIgniter\CodeIgniter->handleRequest(NULL, Object(Config\Cache), false)
#11 /home/alexdevg/kyle.alexdev.gr/public/index.php(47): CodeIgniter\CodeIgniter->run()
#12 {main}
CRITICAL - 2020-06-29 04:02:04 --> Table 'alexdevg_kyle.carrier_carried' doesn't exist
#0 /home/alexdevg/kyle.alexdev.gr/system/Database/MySQLi/Connection.php(331): mysqli->query('SELECT *\nFROM `...')
#1 /home/alexdevg/kyle.alexdev.gr/system/Database/BaseConnection.php(738): CodeIgniter\Database\MySQLi\Connection->execute('SELECT *\nFROM `...')
#2 /home/alexdevg/kyle.alexdev.gr/system/Database/BaseConnection.php(666): CodeIgniter\Database\BaseConnection->simpleQuery('SELECT *\nFROM `...')
#3 /home/alexdevg/kyle.alexdev.gr/system/Database/BaseBuilder.php(1845): CodeIgniter\Database\BaseConnection->query('SELECT *\nFROM `...', Array, false)
#4 /home/alexdevg/kyle.alexdev.gr/app/Models/CrudModel.php(302): CodeIgniter\Database\BaseBuilder->get()
#5 /home/alexdevg/kyle.alexdev.gr/app/Libraries/Crud_core.php(499): App\Models\CrudModel->getRelationItems('carrier_carried', false, 'cc_name', 'ASC')
#6 /home/alexdevg/kyle.alexdev.gr/app/Libraries/Crud.php(17): App\Libraries\Crud_core->parent_form()
#7 /home/alexdevg/kyle.alexdev.gr/app/Controllers/Compinfo.php(85): App\Libraries\Crud->form()
#8 /home/alexdevg/kyle.alexdev.gr/system/CodeIgniter.php(914): App\Controllers\Compinfo->add()
#9 /home/alexdevg/kyle.alexdev.gr/system/CodeIgniter.php(400): CodeIgniter\CodeIgniter->runController(Object(App\Controllers\Compinfo))
#10 /home/alexdevg/kyle.alexdev.gr/system/CodeIgniter.php(308): CodeIgniter\CodeIgniter->handleRequest(NULL, Object(Config\Cache), false)
#11 /home/alexdevg/kyle.alexdev.gr/public/index.php(47): CodeIgniter\CodeIgniter->run()
#12 {main}
CRITICAL - 2020-06-29 04:02:06 --> Table 'alexdevg_kyle.carrier_carried' doesn't exist
#0 /home/alexdevg/kyle.alexdev.gr/system/Database/MySQLi/Connection.php(331): mysqli->query('SELECT *\nFROM `...')
#1 /home/alexdevg/kyle.alexdev.gr/system/Database/BaseConnection.php(738): CodeIgniter\Database\MySQLi\Connection->execute('SELECT *\nFROM `...')
#2 /home/alexdevg/kyle.alexdev.gr/system/Database/BaseConnection.php(666): CodeIgniter\Database\BaseConnection->simpleQuery('SELECT *\nFROM `...')
#3 /home/alexdevg/kyle.alexdev.gr/system/Database/BaseBuilder.php(1845): CodeIgniter\Database\BaseConnection->query('SELECT *\nFROM `...', Array, false)
#4 /home/alexdevg/kyle.alexdev.gr/app/Models/CrudModel.php(302): CodeIgniter\Database\BaseBuilder->get()
#5 /home/alexdevg/kyle.alexdev.gr/app/Libraries/Crud_core.php(499): App\Models\CrudModel->getRelationItems('carrier_carried', false, 'cc_name', 'ASC')
#6 /home/alexdevg/kyle.alexdev.gr/app/Libraries/Crud.php(17): App\Libraries\Crud_core->parent_form()
#7 /home/alexdevg/kyle.alexdev.gr/app/Controllers/Compinfo.php(85): App\Libraries\Crud->form()
#8 /home/alexdevg/kyle.alexdev.gr/system/CodeIgniter.php(914): App\Controllers\Compinfo->add()
#9 /home/alexdevg/kyle.alexdev.gr/system/CodeIgniter.php(400): CodeIgniter\CodeIgniter->runController(Object(App\Controllers\Compinfo))
#10 /home/alexdevg/kyle.alexdev.gr/system/CodeIgniter.php(308): CodeIgniter\CodeIgniter->handleRequest(NULL, Object(Config\Cache), false)
#11 /home/alexdevg/kyle.alexdev.gr/public/index.php(47): CodeIgniter\CodeIgniter->run()
#12 {main}
CRITICAL - 2020-06-29 04:02:08 --> Table 'alexdevg_kyle.carrier_carried' doesn't exist
#0 /home/alexdevg/kyle.alexdev.gr/system/Database/MySQLi/Connection.php(331): mysqli->query('SELECT * FROM c...')
#1 /home/alexdevg/kyle.alexdev.gr/system/Database/BaseConnection.php(738): CodeIgniter\Database\MySQLi\Connection->execute('SELECT * FROM c...')
#2 /home/alexdevg/kyle.alexdev.gr/system/Database/BaseConnection.php(666): CodeIgniter\Database\BaseConnection->simpleQuery('SELECT * FROM c...')
#3 /home/alexdevg/kyle.alexdev.gr/app/Models/CrudModel.php(285): CodeIgniter\Database\BaseConnection->query('SELECT * FROM c...')
#4 /home/alexdevg/kyle.alexdev.gr/app/Libraries/Crud_core.php(153): App\Models\CrudModel->getItems('compinfo', NULL, Object(CodeIgniter\HTTP\IncomingRequest), Array, Array, Array, 0, 20)
#5 /home/alexdevg/kyle.alexdev.gr/app/Controllers/Compinfo.php(73): App\Libraries\Crud_core->view(1, 20, Array, NULL, Array)
#6 /home/alexdevg/kyle.alexdev.gr/system/CodeIgniter.php(914): App\Controllers\Compinfo->index()
#7 /home/alexdevg/kyle.alexdev.gr/system/CodeIgniter.php(400): CodeIgniter\CodeIgniter->runController(Object(App\Controllers\Compinfo))
#8 /home/alexdevg/kyle.alexdev.gr/system/CodeIgniter.php(308): CodeIgniter\CodeIgniter->handleRequest(NULL, Object(Config\Cache), false)
#9 /home/alexdevg/kyle.alexdev.gr/public/index.php(47): CodeIgniter\CodeIgniter->run()
#10 {main}
CRITICAL - 2020-06-29 04:02:48 --> Table 'alexdevg_kyle.cargo_carried' doesn't exist
#0 /home/alexdevg/kyle.alexdev.gr/system/Database/MySQLi/Connection.php(331): mysqli->query('SELECT * FROM c...')
#1 /home/alexdevg/kyle.alexdev.gr/system/Database/BaseConnection.php(738): CodeIgniter\Database\MySQLi\Connection->execute('SELECT * FROM c...')
#2 /home/alexdevg/kyle.alexdev.gr/system/Database/BaseConnection.php(666): CodeIgniter\Database\BaseConnection->simpleQuery('SELECT * FROM c...')
#3 /home/alexdevg/kyle.alexdev.gr/app/Models/CrudModel.php(285): CodeIgniter\Database\BaseConnection->query('SELECT * FROM c...')
#4 /home/alexdevg/kyle.alexdev.gr/app/Libraries/Crud_core.php(153): App\Models\CrudModel->getItems('compinfo', NULL, Object(CodeIgniter\HTTP\IncomingRequest), Array, Array, Array, 0, 20)
#5 /home/alexdevg/kyle.alexdev.gr/app/Controllers/Compinfo.php(73): App\Libraries\Crud_core->view(1, 20, Array, NULL, Array)
#6 /home/alexdevg/kyle.alexdev.gr/system/CodeIgniter.php(914): App\Controllers\Compinfo->index()
#7 /home/alexdevg/kyle.alexdev.gr/system/CodeIgniter.php(400): CodeIgniter\CodeIgniter->runController(Object(App\Controllers\Compinfo))
#8 /home/alexdevg/kyle.alexdev.gr/system/CodeIgniter.php(308): CodeIgniter\CodeIgniter->handleRequest(NULL, Object(Config\Cache), false)
#9 /home/alexdevg/kyle.alexdev.gr/public/index.php(47): CodeIgniter\CodeIgniter->run()
#10 {main}
CRITICAL - 2020-06-29 04:02:51 --> Table 'alexdevg_kyle.cargo_carried' doesn't exist
#0 /home/alexdevg/kyle.alexdev.gr/system/Database/MySQLi/Connection.php(331): mysqli->query('SELECT * FROM c...')
#1 /home/alexdevg/kyle.alexdev.gr/system/Database/BaseConnection.php(738): CodeIgniter\Database\MySQLi\Connection->execute('SELECT * FROM c...')
#2 /home/alexdevg/kyle.alexdev.gr/system/Database/BaseConnection.php(666): CodeIgniter\Database\BaseConnection->simpleQuery('SELECT * FROM c...')
#3 /home/alexdevg/kyle.alexdev.gr/app/Models/CrudModel.php(285): CodeIgniter\Database\BaseConnection->query('SELECT * FROM c...')
#4 /home/alexdevg/kyle.alexdev.gr/app/Libraries/Crud_core.php(153): App\Models\CrudModel->getItems('compinfo', NULL, Object(CodeIgniter\HTTP\IncomingRequest), Array, Array, Array, 0, 20)
#5 /home/alexdevg/kyle.alexdev.gr/app/Controllers/Compinfo.php(73): App\Libraries\Crud_core->view(1, 20, Array, NULL, Array)
#6 /home/alexdevg/kyle.alexdev.gr/system/CodeIgniter.php(914): App\Controllers\Compinfo->index()
#7 /home/alexdevg/kyle.alexdev.gr/system/CodeIgniter.php(400): CodeIgniter\CodeIgniter->runController(Object(App\Controllers\Compinfo))
#8 /home/alexdevg/kyle.alexdev.gr/system/CodeIgniter.php(308): CodeIgniter\CodeIgniter->handleRequest(NULL, Object(Config\Cache), false)
#9 /home/alexdevg/kyle.alexdev.gr/public/index.php(47): CodeIgniter\CodeIgniter->run()
#10 {main}
CRITICAL - 2020-06-29 04:03:11 --> Undefined index: save_table
#0 /home/alexdevg/kyle.alexdev.gr/app/Libraries/Crud_core.php(815): CodeIgniter\Debug\Exceptions->errorHandler(8, 'Undefined index...', '/home/alexdevg/...', 815, Array)
#1 /home/alexdevg/kyle.alexdev.gr/app/Libraries/Crud_core.php(528): App\Libraries\Crud_core->field_checkboxes('ci_cargo_carrie...', 'Cargo Carried', Array, Array, 'col-sm-12')
#2 /home/alexdevg/kyle.alexdev.gr/app/Libraries/Crud.php(17): App\Libraries\Crud_core->parent_form()
#3 /home/alexdevg/kyle.alexdev.gr/app/Controllers/Compinfo.php(99): App\Libraries\Crud->form()
#4 /home/alexdevg/kyle.alexdev.gr/system/CodeIgniter.php(914): App\Controllers\Compinfo->edit('2')
#5 /home/alexdevg/kyle.alexdev.gr/system/CodeIgniter.php(400): CodeIgniter\CodeIgniter->runController(Object(App\Controllers\Compinfo))
#6 /home/alexdevg/kyle.alexdev.gr/system/CodeIgniter.php(308): CodeIgniter\CodeIgniter->handleRequest(NULL, Object(Config\Cache), false)
#7 /home/alexdevg/kyle.alexdev.gr/public/index.php(47): CodeIgniter\CodeIgniter->run()
#8 {main}
CRITICAL - 2020-06-29 04:03:42 --> Undefined index: save_table
#0 /home/alexdevg/kyle.alexdev.gr/app/Libraries/Crud_core.php(815): CodeIgniter\Debug\Exceptions->errorHandler(8, 'Undefined index...', '/home/alexdevg/...', 815, Array)
#1 /home/alexdevg/kyle.alexdev.gr/app/Libraries/Crud_core.php(528): App\Libraries\Crud_core->field_checkboxes('ci_cargo_carrie...', 'Cargo Carried', Array, Array, 'col-sm-12')
#2 /home/alexdevg/kyle.alexdev.gr/app/Libraries/Crud.php(17): App\Libraries\Crud_core->parent_form()
#3 /home/alexdevg/kyle.alexdev.gr/app/Controllers/Compinfo.php(99): App\Libraries\Crud->form()
#4 /home/alexdevg/kyle.alexdev.gr/system/CodeIgniter.php(914): App\Controllers\Compinfo->edit('2')
#5 /home/alexdevg/kyle.alexdev.gr/system/CodeIgniter.php(400): CodeIgniter\CodeIgniter->runController(Object(App\Controllers\Compinfo))
#6 /home/alexdevg/kyle.alexdev.gr/system/CodeIgniter.php(308): CodeIgniter\CodeIgniter->handleRequest(NULL, Object(Config\Cache), false)
#7 /home/alexdevg/kyle.alexdev.gr/public/index.php(47): CodeIgniter\CodeIgniter->run()
#8 {main}
CRITICAL - 2020-06-29 04:04:50 --> in_array() expects parameter 2 to be array, null given
#0 [internal function]: CodeIgniter\Debug\Exceptions->errorHandler(2, 'in_array() expe...', '/home/alexdevg/...', 4, Array)
#1 /home/alexdevg/kyle.alexdev.gr/app/Helpers/auth_helper.php(4): in_array(2, NULL)
#2 /home/alexdevg/kyle.alexdev.gr/app/Views/cmps/nav.php(154): in_group(2)
#3 /home/alexdevg/kyle.alexdev.gr/system/View/View.php(246): include('/home/alexdevg/...')
#4 /home/alexdevg/kyle.alexdev.gr/system/View/View.php(525): CodeIgniter\View\View->render('cmps/nav', NULL, true)
#5 /home/alexdevg/kyle.alexdev.gr/app/Views/layouts/admin_layout.php(194): CodeIgniter\View\View->include('cmps/nav')
#6 /home/alexdevg/kyle.alexdev.gr/system/View/View.php(246): include('/home/alexdevg/...')
#7 /home/alexdevg/kyle.alexdev.gr/system/View/View.php(257): CodeIgniter\View\View->render('layouts/admin_l...', Array, true)
#8 /home/alexdevg/kyle.alexdev.gr/system/Common.php(1087): CodeIgniter\View\View->render('compinfo/form', Array, true)
#9 /home/alexdevg/kyle.alexdev.gr/app/Controllers/Compinfo.php(105): view('compinfo/form', Array)
#10 /home/alexdevg/kyle.alexdev.gr/system/CodeIgniter.php(914): App\Controllers\Compinfo->edit('2')
#11 /home/alexdevg/kyle.alexdev.gr/system/CodeIgniter.php(400): CodeIgniter\CodeIgniter->runController(Object(App\Controllers\Compinfo))
#12 /home/alexdevg/kyle.alexdev.gr/system/CodeIgniter.php(308): CodeIgniter\CodeIgniter->handleRequest(NULL, Object(Config\Cache), false)
#13 /home/alexdevg/kyle.alexdev.gr/public/index.php(47): CodeIgniter\CodeIgniter->run()
#14 {main}
CRITICAL - 2020-06-29 04:06:32 --> Undefined index: save_table
#0 /home/alexdevg/kyle.alexdev.gr/app/Libraries/Crud_core.php(815): CodeIgniter\Debug\Exceptions->errorHandler(8, 'Undefined index...', '/home/alexdevg/...', 815, Array)
#1 /home/alexdevg/kyle.alexdev.gr/app/Libraries/Crud_core.php(528): App\Libraries\Crud_core->field_checkboxes('ci_cargo_carrie...', 'Cargo Carried', Array, Array, 'col-sm-12')
#2 /home/alexdevg/kyle.alexdev.gr/app/Libraries/Crud.php(17): App\Libraries\Crud_core->parent_form()
#3 /home/alexdevg/kyle.alexdev.gr/app/Controllers/Compinfo.php(99): App\Libraries\Crud->form()
#4 /home/alexdevg/kyle.alexdev.gr/system/CodeIgniter.php(914): App\Controllers\Compinfo->edit('2')
#5 /home/alexdevg/kyle.alexdev.gr/system/CodeIgniter.php(400): CodeIgniter\CodeIgniter->runController(Object(App\Controllers\Compinfo))
#6 /home/alexdevg/kyle.alexdev.gr/system/CodeIgniter.php(308): CodeIgniter\CodeIgniter->handleRequest(NULL, Object(Config\Cache), false)
#7 /home/alexdevg/kyle.alexdev.gr/public/index.php(47): CodeIgniter\CodeIgniter->run()
#8 {main}
CRITICAL - 2020-06-29 04:26:12 --> in_array() expects parameter 2 to be array, null given
#0 [internal function]: CodeIgniter\Debug\Exceptions->errorHandler(2, 'in_array() expe...', '/home/alexdevg/...', 4, Array)
#1 /home/alexdevg/kyle.alexdev.gr/app/Helpers/auth_helper.php(4): in_array(2, NULL)
#2 /home/alexdevg/kyle.alexdev.gr/app/Views/cmps/nav.php(154): in_group(2)
#3 /home/alexdevg/kyle.alexdev.gr/system/View/View.php(246): include('/home/alexdevg/...')
#4 /home/alexdevg/kyle.alexdev.gr/system/View/View.php(525): CodeIgniter\View\View->render('cmps/nav', NULL, true)
#5 /home/alexdevg/kyle.alexdev.gr/app/Views/layouts/admin_layout.php(194): CodeIgniter\View\View->include('cmps/nav')
#6 /home/alexdevg/kyle.alexdev.gr/system/View/View.php(246): include('/home/alexdevg/...')
#7 /home/alexdevg/kyle.alexdev.gr/system/View/View.php(257): CodeIgniter\View\View->render('layouts/admin_l...', Array, true)
#8 /home/alexdevg/kyle.alexdev.gr/system/Common.php(1087): CodeIgniter\View\View->render('compinfo/table', Array, true)
#9 /home/alexdevg/kyle.alexdev.gr/app/Controllers/Compinfo.php(75): view('compinfo/table', Array)
#10 /home/alexdevg/kyle.alexdev.gr/system/CodeIgniter.php(914): App\Controllers\Compinfo->index()
#11 /home/alexdevg/kyle.alexdev.gr/system/CodeIgniter.php(400): CodeIgniter\CodeIgniter->runController(Object(App\Controllers\Compinfo))
#12 /home/alexdevg/kyle.alexdev.gr/system/CodeIgniter.php(308): CodeIgniter\CodeIgniter->handleRequest(NULL, Object(Config\Cache), false)
#13 /home/alexdevg/kyle.alexdev.gr/public/index.php(47): CodeIgniter\CodeIgniter->run()
#14 {main}
