CRITICAL - 2020-06-07 01:06:31 --> Undefined index: status
#0 C:\xampp\htdocs\dev\app\Views\dispatchboard.php(140): CodeIgniter\Debug\Exceptions->errorHandler(8, 'Undefined index...', 'C:\\xampp\\htdocs...', 140, Array)
#1 C:\xampp\htdocs\dev\system\View\View.php(246): include('C:\\xampp\\htdocs...')
#2 C:\xampp\htdocs\dev\system\Common.php(1087): CodeIgniter\View\View->render('dispatchboard', Array, true)
#3 C:\xampp\htdocs\dev\app\Controllers\Dispatchers.php(15): view('dispatchboard', Array)
#4 C:\xampp\htdocs\dev\system\CodeIgniter.php(914): App\Controllers\Dispatchers->dispatchboard()
#5 C:\xampp\htdocs\dev\system\CodeIgniter.php(400): CodeIgniter\CodeIgniter->runController(Object(App\Controllers\Dispatchers))
#6 C:\xampp\htdocs\dev\system\CodeIgniter.php(308): CodeIgniter\CodeIgniter->handleRequest(NULL, Object(Config\Cache), false)
#7 C:\xampp\htdocs\dev\public\index.php(45): CodeIgniter\CodeIgniter->run()
#8 {main}
CRITICAL - 2020-06-07 01:09:41 --> Undefined index: status
#0 C:\xampp\htdocs\dev\app\Views\dispatchboard.php(169): CodeIgniter\Debug\Exceptions->errorHandler(8, 'Undefined index...', 'C:\\xampp\\htdocs...', 169, Array)
#1 C:\xampp\htdocs\dev\system\View\View.php(246): include('C:\\xampp\\htdocs...')
#2 C:\xampp\htdocs\dev\system\Common.php(1087): CodeIgniter\View\View->render('dispatchboard', Array, true)
#3 C:\xampp\htdocs\dev\app\Controllers\Dispatchers.php(15): view('dispatchboard', Array)
#4 C:\xampp\htdocs\dev\system\CodeIgniter.php(914): App\Controllers\Dispatchers->dispatchboard()
#5 C:\xampp\htdocs\dev\system\CodeIgniter.php(400): CodeIgniter\CodeIgniter->runController(Object(App\Controllers\Dispatchers))
#6 C:\xampp\htdocs\dev\system\CodeIgniter.php(308): CodeIgniter\CodeIgniter->handleRequest(NULL, Object(Config\Cache), false)
#7 C:\xampp\htdocs\dev\public\index.php(45): CodeIgniter\CodeIgniter->run()
#8 {main}
CRITICAL - 2020-06-07 01:16:29 --> Unknown column 'status' in 'field list'
#0 C:\xampp\htdocs\dev\system\Database\MySQLi\Connection.php(331): mysqli->query('INSERT INTO `di...')
#1 C:\xampp\htdocs\dev\system\Database\BaseConnection.php(738): CodeIgniter\Database\MySQLi\Connection->execute('INSERT INTO `di...')
#2 C:\xampp\htdocs\dev\system\Database\BaseConnection.php(666): CodeIgniter\Database\BaseConnection->simpleQuery('INSERT INTO `di...')
#3 C:\xampp\htdocs\dev\system\Database\BaseBuilder.php(2234): CodeIgniter\Database\BaseConnection->query('INSERT INTO `di...', Array, false)
#4 C:\xampp\htdocs\dev\system\Model.php(729): CodeIgniter\Database\BaseBuilder->insert()
#5 C:\xampp\htdocs\dev\app\Controllers\Dispatchers.php(97): CodeIgniter\Model->insert(Array)
#6 C:\xampp\htdocs\dev\system\CodeIgniter.php(914): App\Controllers\Dispatchers->storedispatchboard()
#7 C:\xampp\htdocs\dev\system\CodeIgniter.php(400): CodeIgniter\CodeIgniter->runController(Object(App\Controllers\Dispatchers))
#8 C:\xampp\htdocs\dev\system\CodeIgniter.php(308): CodeIgniter\CodeIgniter->handleRequest(NULL, Object(Config\Cache), false)
#9 C:\xampp\htdocs\dev\public\index.php(45): CodeIgniter\CodeIgniter->run()
#10 {main}
CRITICAL - 2020-06-07 01:47:45 --> syntax error, unexpected 'public' (T_PUBLIC), expecting end of file
#0 C:\xampp\htdocs\dev\system\Autoloader\Autoloader.php(296): CodeIgniter\Autoloader\Autoloader->requireFile('C:\\xampp\\htdocs...')
#1 C:\xampp\htdocs\dev\system\Autoloader\Autoloader.php(258): CodeIgniter\Autoloader\Autoloader->loadInNamespace('App\\Controllers...')
#2 [internal function]: CodeIgniter\Autoloader\Autoloader->loadClass('App\\Controllers...')
#3 [internal function]: spl_autoload_call('App\\Controllers...')
#4 C:\xampp\htdocs\dev\system\CodeIgniter.php(865): class_exists('\\App\\Controller...', true)
#5 C:\xampp\htdocs\dev\system\CodeIgniter.php(390): CodeIgniter\CodeIgniter->startController()
#6 C:\xampp\htdocs\dev\system\CodeIgniter.php(308): CodeIgniter\CodeIgniter->handleRequest(NULL, Object(Config\Cache), false)
#7 C:\xampp\htdocs\dev\public\index.php(45): CodeIgniter\CodeIgniter->run()
#8 {main}
CRITICAL - 2020-06-07 01:47:47 --> syntax error, unexpected 'public' (T_PUBLIC), expecting end of file
#0 C:\xampp\htdocs\dev\system\Autoloader\Autoloader.php(296): CodeIgniter\Autoloader\Autoloader->requireFile('C:\\xampp\\htdocs...')
#1 C:\xampp\htdocs\dev\system\Autoloader\Autoloader.php(258): CodeIgniter\Autoloader\Autoloader->loadInNamespace('App\\Controllers...')
#2 [internal function]: CodeIgniter\Autoloader\Autoloader->loadClass('App\\Controllers...')
#3 [internal function]: spl_autoload_call('App\\Controllers...')
#4 C:\xampp\htdocs\dev\system\CodeIgniter.php(865): class_exists('\\App\\Controller...', true)
#5 C:\xampp\htdocs\dev\system\CodeIgniter.php(390): CodeIgniter\CodeIgniter->startController()
#6 C:\xampp\htdocs\dev\system\CodeIgniter.php(308): CodeIgniter\CodeIgniter->handleRequest(NULL, Object(Config\Cache), false)
#7 C:\xampp\htdocs\dev\public\index.php(45): CodeIgniter\CodeIgniter->run()
#8 {main}
CRITICAL - 2020-06-07 02:40:06 --> syntax error, unexpected '"LDOTV"' (T_CONSTANT_ENCAPSED_STRING), expecting ']'
#0 C:\xampp\htdocs\dev\system\Common.php(1087): CodeIgniter\View\View->render('editdispatchboa...', Array, true)
#1 C:\xampp\htdocs\dev\app\Controllers\Dispatchers.php(111): view('editdispatchboa...', Array)
#2 C:\xampp\htdocs\dev\system\CodeIgniter.php(914): App\Controllers\Dispatchers->editdispatchboard('24')
#3 C:\xampp\htdocs\dev\system\CodeIgniter.php(400): CodeIgniter\CodeIgniter->runController(Object(App\Controllers\Dispatchers))
#4 C:\xampp\htdocs\dev\system\CodeIgniter.php(308): CodeIgniter\CodeIgniter->handleRequest(NULL, Object(Config\Cache), false)
#5 C:\xampp\htdocs\dev\public\index.php(45): CodeIgniter\CodeIgniter->run()
#6 {main}
CRITICAL - 2020-06-07 02:40:36 --> Undefined index: type
#0 C:\xampp\htdocs\dev\app\Views\editdispatchboard.php(53): CodeIgniter\Debug\Exceptions->errorHandler(8, 'Undefined index...', 'C:\\xampp\\htdocs...', 53, Array)
#1 C:\xampp\htdocs\dev\system\View\View.php(246): include('C:\\xampp\\htdocs...')
#2 C:\xampp\htdocs\dev\system\Common.php(1087): CodeIgniter\View\View->render('editdispatchboa...', Array, true)
#3 C:\xampp\htdocs\dev\app\Controllers\Dispatchers.php(111): view('editdispatchboa...', Array)
#4 C:\xampp\htdocs\dev\system\CodeIgniter.php(914): App\Controllers\Dispatchers->editdispatchboard('24')
#5 C:\xampp\htdocs\dev\system\CodeIgniter.php(400): CodeIgniter\CodeIgniter->runController(Object(App\Controllers\Dispatchers))
#6 C:\xampp\htdocs\dev\system\CodeIgniter.php(308): CodeIgniter\CodeIgniter->handleRequest(NULL, Object(Config\Cache), false)
#7 C:\xampp\htdocs\dev\public\index.php(45): CodeIgniter\CodeIgniter->run()
#8 {main}
CRITICAL - 2020-06-07 03:19:58 --> Undefined variable: employment
#0 C:\xampp\htdocs\dev\app\Views\empinfo.php(109): CodeIgniter\Debug\Exceptions->errorHandler(8, 'Undefined varia...', 'C:\\xampp\\htdocs...', 109, Array)
#1 C:\xampp\htdocs\dev\system\View\View.php(246): include('C:\\xampp\\htdocs...')
#2 C:\xampp\htdocs\dev\system\Common.php(1087): CodeIgniter\View\View->render('empinfo', Array, true)
#3 C:\xampp\htdocs\dev\app\Controllers\EmpInfo.php(14): view('empinfo', Array)
#4 C:\xampp\htdocs\dev\system\CodeIgniter.php(914): App\Controllers\EmpInfo->empinfo()
#5 C:\xampp\htdocs\dev\system\CodeIgniter.php(400): CodeIgniter\CodeIgniter->runController(Object(App\Controllers\EmpInfo))
#6 C:\xampp\htdocs\dev\system\CodeIgniter.php(308): CodeIgniter\CodeIgniter->handleRequest(NULL, Object(Config\Cache), false)
#7 C:\xampp\htdocs\dev\public\index.php(45): CodeIgniter\CodeIgniter->run()
#8 {main}
CRITICAL - 2020-06-07 03:21:29 --> Call to undefined function set_select()
#0 C:\xampp\htdocs\dev\system\View\View.php(246): include()
#1 C:\xampp\htdocs\dev\system\Common.php(1087): CodeIgniter\View\View->render('empinfo', Array, true)
#2 C:\xampp\htdocs\dev\app\Controllers\EmpInfo.php(14): view('empinfo', Array)
#3 C:\xampp\htdocs\dev\system\CodeIgniter.php(914): App\Controllers\EmpInfo->empinfo()
#4 C:\xampp\htdocs\dev\system\CodeIgniter.php(400): CodeIgniter\CodeIgniter->runController(Object(App\Controllers\EmpInfo))
#5 C:\xampp\htdocs\dev\system\CodeIgniter.php(308): CodeIgniter\CodeIgniter->handleRequest(NULL, Object(Config\Cache), false)
#6 C:\xampp\htdocs\dev\public\index.php(45): CodeIgniter\CodeIgniter->run()
#7 {main}
CRITICAL - 2020-06-07 03:22:16 --> Call to undefined function set_select()
#0 C:\xampp\htdocs\dev\system\View\View.php(246): include()
#1 C:\xampp\htdocs\dev\system\Common.php(1087): CodeIgniter\View\View->render('empinfo', Array, true)
#2 C:\xampp\htdocs\dev\app\Controllers\EmpInfo.php(14): view('empinfo', Array)
#3 C:\xampp\htdocs\dev\system\CodeIgniter.php(914): App\Controllers\EmpInfo->empinfo()
#4 C:\xampp\htdocs\dev\system\CodeIgniter.php(400): CodeIgniter\CodeIgniter->runController(Object(App\Controllers\EmpInfo))
#5 C:\xampp\htdocs\dev\system\CodeIgniter.php(308): CodeIgniter\CodeIgniter->handleRequest(NULL, Object(Config\Cache), false)
#6 C:\xampp\htdocs\dev\public\index.php(45): CodeIgniter\CodeIgniter->run()
#7 {main}
CRITICAL - 2020-06-07 03:23:04 --> Call to undefined function set_select()
#0 C:\xampp\htdocs\dev\system\View\View.php(246): include()
#1 C:\xampp\htdocs\dev\system\Common.php(1087): CodeIgniter\View\View->render('empinfo', Array, true)
#2 C:\xampp\htdocs\dev\app\Controllers\EmpInfo.php(14): view('empinfo', Array)
#3 C:\xampp\htdocs\dev\system\CodeIgniter.php(914): App\Controllers\EmpInfo->empinfo()
#4 C:\xampp\htdocs\dev\system\CodeIgniter.php(400): CodeIgniter\CodeIgniter->runController(Object(App\Controllers\EmpInfo))
#5 C:\xampp\htdocs\dev\system\CodeIgniter.php(308): CodeIgniter\CodeIgniter->handleRequest(NULL, Object(Config\Cache), false)
#6 C:\xampp\htdocs\dev\public\index.php(45): CodeIgniter\CodeIgniter->run()
#7 {main}
CRITICAL - 2020-06-07 03:25:18 --> Call to undefined function set_select()
#0 C:\xampp\htdocs\dev\system\View\View.php(246): include()
#1 C:\xampp\htdocs\dev\system\Common.php(1087): CodeIgniter\View\View->render('empinfo', Array, true)
#2 C:\xampp\htdocs\dev\app\Controllers\EmpInfo.php(14): view('empinfo', Array)
#3 C:\xampp\htdocs\dev\system\CodeIgniter.php(914): App\Controllers\EmpInfo->empinfo()
#4 C:\xampp\htdocs\dev\system\CodeIgniter.php(400): CodeIgniter\CodeIgniter->runController(Object(App\Controllers\EmpInfo))
#5 C:\xampp\htdocs\dev\system\CodeIgniter.php(308): CodeIgniter\CodeIgniter->handleRequest(NULL, Object(Config\Cache), false)
#6 C:\xampp\htdocs\dev\public\index.php(45): CodeIgniter\CodeIgniter->run()
#7 {main}
CRITICAL - 2020-06-07 03:27:05 --> Call to undefined function set_select()
#0 C:\xampp\htdocs\dev\system\View\View.php(246): include()
#1 C:\xampp\htdocs\dev\system\Common.php(1087): CodeIgniter\View\View->render('empinfo', Array, true)
#2 C:\xampp\htdocs\dev\app\Controllers\EmpInfo.php(14): view('empinfo', Array)
#3 C:\xampp\htdocs\dev\system\CodeIgniter.php(914): App\Controllers\EmpInfo->empinfo()
#4 C:\xampp\htdocs\dev\system\CodeIgniter.php(400): CodeIgniter\CodeIgniter->runController(Object(App\Controllers\EmpInfo))
#5 C:\xampp\htdocs\dev\system\CodeIgniter.php(308): CodeIgniter\CodeIgniter->handleRequest(NULL, Object(Config\Cache), false)
#6 C:\xampp\htdocs\dev\public\index.php(45): CodeIgniter\CodeIgniter->run()
#7 {main}
CRITICAL - 2020-06-07 03:32:54 --> Call to undefined function set_select()
#0 C:\xampp\htdocs\dev\system\View\View.php(246): include()
#1 C:\xampp\htdocs\dev\system\Common.php(1087): CodeIgniter\View\View->render('editempinfo', Array, true)
#2 C:\xampp\htdocs\dev\app\Controllers\EmpInfo.php(68): view('editempinfo', Array)
#3 C:\xampp\htdocs\dev\system\CodeIgniter.php(914): App\Controllers\EmpInfo->editempinfo('1')
#4 C:\xampp\htdocs\dev\system\CodeIgniter.php(400): CodeIgniter\CodeIgniter->runController(Object(App\Controllers\EmpInfo))
#5 C:\xampp\htdocs\dev\system\CodeIgniter.php(308): CodeIgniter\CodeIgniter->handleRequest(NULL, Object(Config\Cache), false)
#6 C:\xampp\htdocs\dev\public\index.php(45): CodeIgniter\CodeIgniter->run()
#7 {main}
CRITICAL - 2020-06-07 03:33:25 --> Call to undefined function set_select()
#0 C:\xampp\htdocs\dev\system\View\View.php(246): include()
#1 C:\xampp\htdocs\dev\system\Common.php(1087): CodeIgniter\View\View->render('editempinfo', Array, true)
#2 C:\xampp\htdocs\dev\app\Controllers\EmpInfo.php(68): view('editempinfo', Array)
#3 C:\xampp\htdocs\dev\system\CodeIgniter.php(914): App\Controllers\EmpInfo->editempinfo('1')
#4 C:\xampp\htdocs\dev\system\CodeIgniter.php(400): CodeIgniter\CodeIgniter->runController(Object(App\Controllers\EmpInfo))
#5 C:\xampp\htdocs\dev\system\CodeIgniter.php(308): CodeIgniter\CodeIgniter->handleRequest(NULL, Object(Config\Cache), false)
#6 C:\xampp\htdocs\dev\public\index.php(45): CodeIgniter\CodeIgniter->run()
#7 {main}
CRITICAL - 2020-06-07 03:34:17 --> Call to undefined function set_select()
#0 C:\xampp\htdocs\dev\system\View\View.php(246): include()
#1 C:\xampp\htdocs\dev\system\Common.php(1087): CodeIgniter\View\View->render('editempinfo', Array, true)
#2 C:\xampp\htdocs\dev\app\Controllers\EmpInfo.php(68): view('editempinfo', Array)
#3 C:\xampp\htdocs\dev\system\CodeIgniter.php(914): App\Controllers\EmpInfo->editempinfo('1')
#4 C:\xampp\htdocs\dev\system\CodeIgniter.php(400): CodeIgniter\CodeIgniter->runController(Object(App\Controllers\EmpInfo))
#5 C:\xampp\htdocs\dev\system\CodeIgniter.php(308): CodeIgniter\CodeIgniter->handleRequest(NULL, Object(Config\Cache), false)
#6 C:\xampp\htdocs\dev\public\index.php(45): CodeIgniter\CodeIgniter->run()
#7 {main}
CRITICAL - 2020-06-07 03:34:48 --> Call to undefined function set_select()
#0 C:\xampp\htdocs\dev\system\View\View.php(246): include()
#1 C:\xampp\htdocs\dev\system\Common.php(1087): CodeIgniter\View\View->render('editempinfo', Array, true)
#2 C:\xampp\htdocs\dev\app\Controllers\EmpInfo.php(68): view('editempinfo', Array)
#3 C:\xampp\htdocs\dev\system\CodeIgniter.php(914): App\Controllers\EmpInfo->editempinfo('1')
#4 C:\xampp\htdocs\dev\system\CodeIgniter.php(400): CodeIgniter\CodeIgniter->runController(Object(App\Controllers\EmpInfo))
#5 C:\xampp\htdocs\dev\system\CodeIgniter.php(308): CodeIgniter\CodeIgniter->handleRequest(NULL, Object(Config\Cache), false)
#6 C:\xampp\htdocs\dev\public\index.php(45): CodeIgniter\CodeIgniter->run()
#7 {main}
CRITICAL - 2020-06-07 03:37:09 --> Call to undefined function set_select()
#0 C:\xampp\htdocs\dev\system\View\View.php(246): include()
#1 C:\xampp\htdocs\dev\system\Common.php(1087): CodeIgniter\View\View->render('editempinfo', Array, true)
#2 C:\xampp\htdocs\dev\app\Controllers\EmpInfo.php(68): view('editempinfo', Array)
#3 C:\xampp\htdocs\dev\system\CodeIgniter.php(914): App\Controllers\EmpInfo->editempinfo('1')
#4 C:\xampp\htdocs\dev\system\CodeIgniter.php(400): CodeIgniter\CodeIgniter->runController(Object(App\Controllers\EmpInfo))
#5 C:\xampp\htdocs\dev\system\CodeIgniter.php(308): CodeIgniter\CodeIgniter->handleRequest(NULL, Object(Config\Cache), false)
#6 C:\xampp\htdocs\dev\public\index.php(45): CodeIgniter\CodeIgniter->run()
#7 {main}
CRITICAL - 2020-06-07 03:45:27 --> Call to undefined function set_select()
#0 C:\xampp\htdocs\dev\system\View\View.php(246): include()
#1 C:\xampp\htdocs\dev\system\Common.php(1087): CodeIgniter\View\View->render('editequipment', Array, true)
#2 C:\xampp\htdocs\dev\app\Controllers\Equipment.php(62): view('editequipment', Array)
#3 C:\xampp\htdocs\dev\system\CodeIgniter.php(914): App\Controllers\Equipment->editequipment('1')
#4 C:\xampp\htdocs\dev\system\CodeIgniter.php(400): CodeIgniter\CodeIgniter->runController(Object(App\Controllers\Equipment))
#5 C:\xampp\htdocs\dev\system\CodeIgniter.php(308): CodeIgniter\CodeIgniter->handleRequest(NULL, Object(Config\Cache), false)
#6 C:\xampp\htdocs\dev\public\index.php(45): CodeIgniter\CodeIgniter->run()
#7 {main}
CRITICAL - 2020-06-07 03:45:46 --> Call to undefined function set_select()
#0 C:\xampp\htdocs\dev\system\View\View.php(246): include()
#1 C:\xampp\htdocs\dev\system\Common.php(1087): CodeIgniter\View\View->render('editequipment', Array, true)
#2 C:\xampp\htdocs\dev\app\Controllers\Equipment.php(62): view('editequipment', Array)
#3 C:\xampp\htdocs\dev\system\CodeIgniter.php(914): App\Controllers\Equipment->editequipment('1')
#4 C:\xampp\htdocs\dev\system\CodeIgniter.php(400): CodeIgniter\CodeIgniter->runController(Object(App\Controllers\Equipment))
#5 C:\xampp\htdocs\dev\system\CodeIgniter.php(308): CodeIgniter\CodeIgniter->handleRequest(NULL, Object(Config\Cache), false)
#6 C:\xampp\htdocs\dev\public\index.php(45): CodeIgniter\CodeIgniter->run()
#7 {main}
CRITICAL - 2020-06-07 03:49:00 --> Call to undefined function set_select()
#0 C:\xampp\htdocs\dev\system\View\View.php(246): include()
#1 C:\xampp\htdocs\dev\system\Common.php(1087): CodeIgniter\View\View->render('editempinfo', Array, true)
#2 C:\xampp\htdocs\dev\app\Controllers\EmpInfo.php(68): view('editempinfo', Array)
#3 C:\xampp\htdocs\dev\system\CodeIgniter.php(914): App\Controllers\EmpInfo->editempinfo('1')
#4 C:\xampp\htdocs\dev\system\CodeIgniter.php(400): CodeIgniter\CodeIgniter->runController(Object(App\Controllers\EmpInfo))
#5 C:\xampp\htdocs\dev\system\CodeIgniter.php(308): CodeIgniter\CodeIgniter->handleRequest(NULL, Object(Config\Cache), false)
#6 C:\xampp\htdocs\dev\public\index.php(45): CodeIgniter\CodeIgniter->run()
#7 {main}
CRITICAL - 2020-06-07 03:54:27 --> Call to undefined function set_select()
#0 C:\xampp\htdocs\dev\system\View\View.php(246): include()
#1 C:\xampp\htdocs\dev\system\Common.php(1087): CodeIgniter\View\View->render('editempinfo', Array, true)
#2 C:\xampp\htdocs\dev\app\Controllers\EmpInfo.php(68): view('editempinfo', Array)
#3 C:\xampp\htdocs\dev\system\CodeIgniter.php(914): App\Controllers\EmpInfo->editempinfo('1')
#4 C:\xampp\htdocs\dev\system\CodeIgniter.php(400): CodeIgniter\CodeIgniter->runController(Object(App\Controllers\EmpInfo))
#5 C:\xampp\htdocs\dev\system\CodeIgniter.php(308): CodeIgniter\CodeIgniter->handleRequest(NULL, Object(Config\Cache), false)
#6 C:\xampp\htdocs\dev\public\index.php(45): CodeIgniter\CodeIgniter->run()
#7 {main}
