CRITICAL - 2020-06-25 07:26:05 --> Access denied for user '****'@'localhost' (using password: YES)
#0 /home/alexdevg/kyle.alexdev.gr/system/Database/BaseConnection.php(377): CodeIgniter\Database\MySQLi\Connection->connect(false)
#1 /home/alexdevg/kyle.alexdev.gr/system/Database/BaseConnection.php(643): CodeIgniter\Database\BaseConnection->initialize()
#2 /home/alexdevg/kyle.alexdev.gr/system/Database/BaseBuilder.php(1845): CodeIgniter\Database\BaseConnection->query('SELECT *\nFROM `...', Array, false)
#3 /home/alexdevg/kyle.alexdev.gr/system/Model.php(489): CodeIgniter\Database\BaseBuilder->get()
#4 /home/alexdevg/kyle.alexdev.gr/app/Validation/UserRules.php(16): CodeIgniter\Model->first()
#5 /home/alexdevg/kyle.alexdev.gr/system/Validation/Validation.php(294): App\Validation\UserRules->validateUser('dokimazw@gmail....', 'email,password', Array, NULL)
#6 /home/alexdevg/kyle.alexdev.gr/system/Validation/Validation.php(189): CodeIgniter\Validation\Validation->processRules('password', 'password', 'dokimazw@gmail....', Array, Array)
#7 /home/alexdevg/kyle.alexdev.gr/system/Controller.php(219): CodeIgniter\Validation\Validation->run()
#8 /home/alexdevg/kyle.alexdev.gr/app/Controllers/Users.php(41): CodeIgniter\Controller->validate(Array, Array)
#9 /home/alexdevg/kyle.alexdev.gr/system/CodeIgniter.php(914): App\Controllers\Users->index()
#10 /home/alexdevg/kyle.alexdev.gr/system/CodeIgniter.php(400): CodeIgniter\CodeIgniter->runController(Object(App\Controllers\Users))
#11 /home/alexdevg/kyle.alexdev.gr/system/CodeIgniter.php(308): CodeIgniter\CodeIgniter->handleRequest(NULL, Object(Config\Cache), false)
#12 /home/alexdevg/kyle.alexdev.gr/public/index.php(47): CodeIgniter\CodeIgniter->run()
#13 {main}
CRITICAL - 2020-06-25 07:27:08 --> Access denied for user '****'@'localhost' (using password: YES)
#0 /home/alexdevg/kyle.alexdev.gr/system/Database/BaseConnection.php(377): CodeIgniter\Database\MySQLi\Connection->connect(false)
#1 /home/alexdevg/kyle.alexdev.gr/system/Database/BaseConnection.php(643): CodeIgniter\Database\BaseConnection->initialize()
#2 /home/alexdevg/kyle.alexdev.gr/system/Database/BaseBuilder.php(1845): CodeIgniter\Database\BaseConnection->query('SELECT *\nFROM `...', Array, false)
#3 /home/alexdevg/kyle.alexdev.gr/system/Model.php(489): CodeIgniter\Database\BaseBuilder->get()
#4 /home/alexdevg/kyle.alexdev.gr/app/Validation/UserRules.php(16): CodeIgniter\Model->first()
#5 /home/alexdevg/kyle.alexdev.gr/system/Validation/Validation.php(294): App\Validation\UserRules->validateUser('dokimazw@gmail....', 'email,password', Array, NULL)
#6 /home/alexdevg/kyle.alexdev.gr/system/Validation/Validation.php(189): CodeIgniter\Validation\Validation->processRules('password', 'password', 'dokimazw@gmail....', Array, Array)
#7 /home/alexdevg/kyle.alexdev.gr/system/Controller.php(219): CodeIgniter\Validation\Validation->run()
#8 /home/alexdevg/kyle.alexdev.gr/app/Controllers/Users.php(41): CodeIgniter\Controller->validate(Array, Array)
#9 /home/alexdevg/kyle.alexdev.gr/system/CodeIgniter.php(914): App\Controllers\Users->index()
#10 /home/alexdevg/kyle.alexdev.gr/system/CodeIgniter.php(400): CodeIgniter\CodeIgniter->runController(Object(App\Controllers\Users))
#11 /home/alexdevg/kyle.alexdev.gr/system/CodeIgniter.php(308): CodeIgniter\CodeIgniter->handleRequest(NULL, Object(Config\Cache), false)
#12 /home/alexdevg/kyle.alexdev.gr/public/index.php(47): CodeIgniter\CodeIgniter->run()
#13 {main}
CRITICAL - 2020-06-25 07:28:01 --> Table 'alexdevg_kyle.users' doesn't exist
#0 /home/alexdevg/kyle.alexdev.gr/system/Database/MySQLi/Connection.php(331): mysqli->query('SELECT *\nFROM `...')
#1 /home/alexdevg/kyle.alexdev.gr/system/Database/BaseConnection.php(738): CodeIgniter\Database\MySQLi\Connection->execute('SELECT *\nFROM `...')
#2 /home/alexdevg/kyle.alexdev.gr/system/Database/BaseConnection.php(666): CodeIgniter\Database\BaseConnection->simpleQuery('SELECT *\nFROM `...')
#3 /home/alexdevg/kyle.alexdev.gr/system/Database/BaseBuilder.php(1845): CodeIgniter\Database\BaseConnection->query('SELECT *\nFROM `...', Array, false)
#4 /home/alexdevg/kyle.alexdev.gr/system/Model.php(489): CodeIgniter\Database\BaseBuilder->get()
#5 /home/alexdevg/kyle.alexdev.gr/app/Validation/UserRules.php(16): CodeIgniter\Model->first()
#6 /home/alexdevg/kyle.alexdev.gr/system/Validation/Validation.php(294): App\Validation\UserRules->validateUser('dokimazw@gmail....', 'email,password', Array, NULL)
#7 /home/alexdevg/kyle.alexdev.gr/system/Validation/Validation.php(189): CodeIgniter\Validation\Validation->processRules('password', 'password', 'dokimazw@gmail....', Array, Array)
#8 /home/alexdevg/kyle.alexdev.gr/system/Controller.php(219): CodeIgniter\Validation\Validation->run()
#9 /home/alexdevg/kyle.alexdev.gr/app/Controllers/Users.php(41): CodeIgniter\Controller->validate(Array, Array)
#10 /home/alexdevg/kyle.alexdev.gr/system/CodeIgniter.php(914): App\Controllers\Users->index()
#11 /home/alexdevg/kyle.alexdev.gr/system/CodeIgniter.php(400): CodeIgniter\CodeIgniter->runController(Object(App\Controllers\Users))
#12 /home/alexdevg/kyle.alexdev.gr/system/CodeIgniter.php(308): CodeIgniter\CodeIgniter->handleRequest(NULL, Object(Config\Cache), false)
#13 /home/alexdevg/kyle.alexdev.gr/public/index.php(47): CodeIgniter\CodeIgniter->run()
#14 {main}
CRITICAL - 2020-06-25 07:28:36 --> Table 'alexdevg_kyle.users' doesn't exist
#0 /home/alexdevg/kyle.alexdev.gr/system/Database/MySQLi/Connection.php(331): mysqli->query('SELECT *\nFROM `...')
#1 /home/alexdevg/kyle.alexdev.gr/system/Database/BaseConnection.php(738): CodeIgniter\Database\MySQLi\Connection->execute('SELECT *\nFROM `...')
#2 /home/alexdevg/kyle.alexdev.gr/system/Database/BaseConnection.php(666): CodeIgniter\Database\BaseConnection->simpleQuery('SELECT *\nFROM `...')
#3 /home/alexdevg/kyle.alexdev.gr/system/Database/BaseBuilder.php(1845): CodeIgniter\Database\BaseConnection->query('SELECT *\nFROM `...', Array, false)
#4 /home/alexdevg/kyle.alexdev.gr/system/Model.php(489): CodeIgniter\Database\BaseBuilder->get()
#5 /home/alexdevg/kyle.alexdev.gr/app/Validation/UserRules.php(16): CodeIgniter\Model->first()
#6 /home/alexdevg/kyle.alexdev.gr/system/Validation/Validation.php(294): App\Validation\UserRules->validateUser('dokimazw@gmail....', 'email,password', Array, NULL)
#7 /home/alexdevg/kyle.alexdev.gr/system/Validation/Validation.php(189): CodeIgniter\Validation\Validation->processRules('password', 'password', 'dokimazw@gmail....', Array, Array)
#8 /home/alexdevg/kyle.alexdev.gr/system/Controller.php(219): CodeIgniter\Validation\Validation->run()
#9 /home/alexdevg/kyle.alexdev.gr/app/Controllers/Users.php(41): CodeIgniter\Controller->validate(Array, Array)
#10 /home/alexdevg/kyle.alexdev.gr/system/CodeIgniter.php(914): App\Controllers\Users->index()
#11 /home/alexdevg/kyle.alexdev.gr/system/CodeIgniter.php(400): CodeIgniter\CodeIgniter->runController(Object(App\Controllers\Users))
#12 /home/alexdevg/kyle.alexdev.gr/system/CodeIgniter.php(308): CodeIgniter\CodeIgniter->handleRequest(NULL, Object(Config\Cache), false)
#13 /home/alexdevg/kyle.alexdev.gr/public/index.php(47): CodeIgniter\CodeIgniter->run()
#14 {main}
CRITICAL - 2020-06-25 08:01:06 --> Invalid file: admin/cmps/nav.php
#0 /home/alexdevg/kyle.alexdev.gr/system/View/View.php(228): CodeIgniter\Exceptions\FrameworkException::forInvalidFile('admin/cmps/nav....')
#1 /home/alexdevg/kyle.alexdev.gr/system/View/View.php(525): CodeIgniter\View\View->render('admin/cmps/nav', NULL, true)
#2 /home/alexdevg/kyle.alexdev.gr/app/Views/layouts/admin_layout.php(157): CodeIgniter\View\View->include('admin/cmps/nav')
#3 /home/alexdevg/kyle.alexdev.gr/system/View/View.php(246): include('/home/alexdevg/...')
#4 /home/alexdevg/kyle.alexdev.gr/system/View/View.php(257): CodeIgniter\View\View->render('layouts/admin_l...', Array, true)
#5 /home/alexdevg/kyle.alexdev.gr/system/Common.php(1087): CodeIgniter\View\View->render('dashboard', Array, true)
#6 /home/alexdevg/kyle.alexdev.gr/app/Controllers/Dashboard.php(12): view('dashboard')
#7 /home/alexdevg/kyle.alexdev.gr/system/CodeIgniter.php(914): App\Controllers\Dashboard->index()
#8 /home/alexdevg/kyle.alexdev.gr/system/CodeIgniter.php(400): CodeIgniter\CodeIgniter->runController(Object(App\Controllers\Dashboard))
#9 /home/alexdevg/kyle.alexdev.gr/system/CodeIgniter.php(308): CodeIgniter\CodeIgniter->handleRequest(NULL, Object(Config\Cache), false)
#10 /home/alexdevg/kyle.alexdev.gr/public/index.php(47): CodeIgniter\CodeIgniter->run()
#11 {main}
CRITICAL - 2020-06-25 08:01:08 --> Invalid file: admin/cmps/nav.php
#0 /home/alexdevg/kyle.alexdev.gr/system/View/View.php(228): CodeIgniter\Exceptions\FrameworkException::forInvalidFile('admin/cmps/nav....')
#1 /home/alexdevg/kyle.alexdev.gr/system/View/View.php(525): CodeIgniter\View\View->render('admin/cmps/nav', NULL, true)
#2 /home/alexdevg/kyle.alexdev.gr/app/Views/layouts/admin_layout.php(157): CodeIgniter\View\View->include('admin/cmps/nav')
#3 /home/alexdevg/kyle.alexdev.gr/system/View/View.php(246): include('/home/alexdevg/...')
#4 /home/alexdevg/kyle.alexdev.gr/system/View/View.php(257): CodeIgniter\View\View->render('layouts/admin_l...', Array, true)
#5 /home/alexdevg/kyle.alexdev.gr/system/Common.php(1087): CodeIgniter\View\View->render('dashboard', Array, true)
#6 /home/alexdevg/kyle.alexdev.gr/app/Controllers/Dashboard.php(12): view('dashboard')
#7 /home/alexdevg/kyle.alexdev.gr/system/CodeIgniter.php(914): App\Controllers\Dashboard->index()
#8 /home/alexdevg/kyle.alexdev.gr/system/CodeIgniter.php(400): CodeIgniter\CodeIgniter->runController(Object(App\Controllers\Dashboard))
#9 /home/alexdevg/kyle.alexdev.gr/system/CodeIgniter.php(308): CodeIgniter\CodeIgniter->handleRequest(NULL, Object(Config\Cache), false)
#10 /home/alexdevg/kyle.alexdev.gr/public/index.php(47): CodeIgniter\CodeIgniter->run()
#11 {main}
CRITICAL - 2020-06-25 08:01:32 --> Invalid file: admin/cmps/nav.php
#0 /home/alexdevg/kyle.alexdev.gr/system/View/View.php(228): CodeIgniter\Exceptions\FrameworkException::forInvalidFile('admin/cmps/nav....')
#1 /home/alexdevg/kyle.alexdev.gr/system/View/View.php(525): CodeIgniter\View\View->render('admin/cmps/nav', NULL, true)
#2 /home/alexdevg/kyle.alexdev.gr/app/Views/layouts/admin_layout.php(157): CodeIgniter\View\View->include('admin/cmps/nav')
#3 /home/alexdevg/kyle.alexdev.gr/system/View/View.php(246): include('/home/alexdevg/...')
#4 /home/alexdevg/kyle.alexdev.gr/system/View/View.php(257): CodeIgniter\View\View->render('layouts/admin_l...', Array, true)
#5 /home/alexdevg/kyle.alexdev.gr/system/Common.php(1087): CodeIgniter\View\View->render('dashboard', Array, true)
#6 /home/alexdevg/kyle.alexdev.gr/app/Controllers/Dashboard.php(12): view('dashboard')
#7 /home/alexdevg/kyle.alexdev.gr/system/CodeIgniter.php(914): App\Controllers\Dashboard->index()
#8 /home/alexdevg/kyle.alexdev.gr/system/CodeIgniter.php(400): CodeIgniter\CodeIgniter->runController(Object(App\Controllers\Dashboard))
#9 /home/alexdevg/kyle.alexdev.gr/system/CodeIgniter.php(308): CodeIgniter\CodeIgniter->handleRequest(NULL, Object(Config\Cache), false)
#10 /home/alexdevg/kyle.alexdev.gr/public/index.php(47): CodeIgniter\CodeIgniter->run()
#11 {main}
CRITICAL - 2020-06-25 08:01:34 --> Invalid file: admin/cmps/nav.php
#0 /home/alexdevg/kyle.alexdev.gr/system/View/View.php(228): CodeIgniter\Exceptions\FrameworkException::forInvalidFile('admin/cmps/nav....')
#1 /home/alexdevg/kyle.alexdev.gr/system/View/View.php(525): CodeIgniter\View\View->render('admin/cmps/nav', NULL, true)
#2 /home/alexdevg/kyle.alexdev.gr/app/Views/layouts/admin_layout.php(157): CodeIgniter\View\View->include('admin/cmps/nav')
#3 /home/alexdevg/kyle.alexdev.gr/system/View/View.php(246): include('/home/alexdevg/...')
#4 /home/alexdevg/kyle.alexdev.gr/system/View/View.php(257): CodeIgniter\View\View->render('layouts/admin_l...', Array, true)
#5 /home/alexdevg/kyle.alexdev.gr/system/Common.php(1087): CodeIgniter\View\View->render('dashboard', Array, true)
#6 /home/alexdevg/kyle.alexdev.gr/app/Controllers/Dashboard.php(12): view('dashboard')
#7 /home/alexdevg/kyle.alexdev.gr/system/CodeIgniter.php(914): App\Controllers\Dashboard->index()
#8 /home/alexdevg/kyle.alexdev.gr/system/CodeIgniter.php(400): CodeIgniter\CodeIgniter->runController(Object(App\Controllers\Dashboard))
#9 /home/alexdevg/kyle.alexdev.gr/system/CodeIgniter.php(308): CodeIgniter\CodeIgniter->handleRequest(NULL, Object(Config\Cache), false)
#10 /home/alexdevg/kyle.alexdev.gr/public/index.php(47): CodeIgniter\CodeIgniter->run()
#11 {main}
CRITICAL - 2020-06-25 08:02:27 --> Invalid file: layouts/cmps/nav.php
#0 /home/alexdevg/kyle.alexdev.gr/system/View/View.php(228): CodeIgniter\Exceptions\FrameworkException::forInvalidFile('layouts/cmps/na...')
#1 /home/alexdevg/kyle.alexdev.gr/system/View/View.php(525): CodeIgniter\View\View->render('layouts/cmps/na...', NULL, true)
#2 /home/alexdevg/kyle.alexdev.gr/app/Views/layouts/admin_layout.php(157): CodeIgniter\View\View->include('layouts/cmps/na...')
#3 /home/alexdevg/kyle.alexdev.gr/system/View/View.php(246): include('/home/alexdevg/...')
#4 /home/alexdevg/kyle.alexdev.gr/system/View/View.php(257): CodeIgniter\View\View->render('layouts/admin_l...', Array, true)
#5 /home/alexdevg/kyle.alexdev.gr/system/Common.php(1087): CodeIgniter\View\View->render('dashboard', Array, true)
#6 /home/alexdevg/kyle.alexdev.gr/app/Controllers/Dashboard.php(12): view('dashboard')
#7 /home/alexdevg/kyle.alexdev.gr/system/CodeIgniter.php(914): App\Controllers\Dashboard->index()
#8 /home/alexdevg/kyle.alexdev.gr/system/CodeIgniter.php(400): CodeIgniter\CodeIgniter->runController(Object(App\Controllers\Dashboard))
#9 /home/alexdevg/kyle.alexdev.gr/system/CodeIgniter.php(308): CodeIgniter\CodeIgniter->handleRequest(NULL, Object(Config\Cache), false)
#10 /home/alexdevg/kyle.alexdev.gr/public/index.php(47): CodeIgniter\CodeIgniter->run()
#11 {main}
CRITICAL - 2020-06-25 08:02:28 --> Invalid file: layouts/cmps/nav.php
#0 /home/alexdevg/kyle.alexdev.gr/system/View/View.php(228): CodeIgniter\Exceptions\FrameworkException::forInvalidFile('layouts/cmps/na...')
#1 /home/alexdevg/kyle.alexdev.gr/system/View/View.php(525): CodeIgniter\View\View->render('layouts/cmps/na...', NULL, true)
#2 /home/alexdevg/kyle.alexdev.gr/app/Views/layouts/admin_layout.php(157): CodeIgniter\View\View->include('layouts/cmps/na...')
#3 /home/alexdevg/kyle.alexdev.gr/system/View/View.php(246): include('/home/alexdevg/...')
#4 /home/alexdevg/kyle.alexdev.gr/system/View/View.php(257): CodeIgniter\View\View->render('layouts/admin_l...', Array, true)
#5 /home/alexdevg/kyle.alexdev.gr/system/Common.php(1087): CodeIgniter\View\View->render('dashboard', Array, true)
#6 /home/alexdevg/kyle.alexdev.gr/app/Controllers/Dashboard.php(12): view('dashboard')
#7 /home/alexdevg/kyle.alexdev.gr/system/CodeIgniter.php(914): App\Controllers\Dashboard->index()
#8 /home/alexdevg/kyle.alexdev.gr/system/CodeIgniter.php(400): CodeIgniter\CodeIgniter->runController(Object(App\Controllers\Dashboard))
#9 /home/alexdevg/kyle.alexdev.gr/system/CodeIgniter.php(308): CodeIgniter\CodeIgniter->handleRequest(NULL, Object(Config\Cache), false)
#10 /home/alexdevg/kyle.alexdev.gr/public/index.php(47): CodeIgniter\CodeIgniter->run()
#11 {main}
CRITICAL - 2020-06-25 08:02:30 --> Invalid file: layouts/cmps/nav.php
#0 /home/alexdevg/kyle.alexdev.gr/system/View/View.php(228): CodeIgniter\Exceptions\FrameworkException::forInvalidFile('layouts/cmps/na...')
#1 /home/alexdevg/kyle.alexdev.gr/system/View/View.php(525): CodeIgniter\View\View->render('layouts/cmps/na...', NULL, true)
#2 /home/alexdevg/kyle.alexdev.gr/app/Views/layouts/admin_layout.php(157): CodeIgniter\View\View->include('layouts/cmps/na...')
#3 /home/alexdevg/kyle.alexdev.gr/system/View/View.php(246): include('/home/alexdevg/...')
#4 /home/alexdevg/kyle.alexdev.gr/system/View/View.php(257): CodeIgniter\View\View->render('layouts/admin_l...', Array, true)
#5 /home/alexdevg/kyle.alexdev.gr/system/Common.php(1087): CodeIgniter\View\View->render('dashboard', Array, true)
#6 /home/alexdevg/kyle.alexdev.gr/app/Controllers/Dashboard.php(12): view('dashboard')
#7 /home/alexdevg/kyle.alexdev.gr/system/CodeIgniter.php(914): App\Controllers\Dashboard->index()
#8 /home/alexdevg/kyle.alexdev.gr/system/CodeIgniter.php(400): CodeIgniter\CodeIgniter->runController(Object(App\Controllers\Dashboard))
#9 /home/alexdevg/kyle.alexdev.gr/system/CodeIgniter.php(308): CodeIgniter\CodeIgniter->handleRequest(NULL, Object(Config\Cache), false)
#10 /home/alexdevg/kyle.alexdev.gr/public/index.php(47): CodeIgniter\CodeIgniter->run()
#11 {main}
CRITICAL - 2020-06-25 08:02:45 --> Return value of CodeIgniter\View\Cell::render() must be of the type string, null returned
#0 /home/alexdevg/kyle.alexdev.gr/system/Common.php(1108): CodeIgniter\View\Cell->render('\\App\\Libraries\\...', Array, 0, 'AppLibrariesAdm...')
#1 /home/alexdevg/kyle.alexdev.gr/app/Views/layouts/admin_layout.php(165): view_cell('\\App\\Libraries\\...', Array)
#2 /home/alexdevg/kyle.alexdev.gr/system/View/View.php(246): include('/home/alexdevg/...')
#3 /home/alexdevg/kyle.alexdev.gr/system/View/View.php(257): CodeIgniter\View\View->render('layouts/admin_l...', Array, true)
#4 /home/alexdevg/kyle.alexdev.gr/system/Common.php(1087): CodeIgniter\View\View->render('dashboard', Array, true)
#5 /home/alexdevg/kyle.alexdev.gr/app/Controllers/Dashboard.php(12): view('dashboard')
#6 /home/alexdevg/kyle.alexdev.gr/system/CodeIgniter.php(914): App\Controllers\Dashboard->index()
#7 /home/alexdevg/kyle.alexdev.gr/system/CodeIgniter.php(400): CodeIgniter\CodeIgniter->runController(Object(App\Controllers\Dashboard))
#8 /home/alexdevg/kyle.alexdev.gr/system/CodeIgniter.php(308): CodeIgniter\CodeIgniter->handleRequest(NULL, Object(Config\Cache), false)
#9 /home/alexdevg/kyle.alexdev.gr/public/index.php(47): CodeIgniter\CodeIgniter->run()
#10 {main}
CRITICAL - 2020-06-25 08:02:47 --> Return value of CodeIgniter\View\Cell::render() must be of the type string, null returned
#0 /home/alexdevg/kyle.alexdev.gr/system/Common.php(1108): CodeIgniter\View\Cell->render('\\App\\Libraries\\...', Array, 0, 'AppLibrariesAdm...')
#1 /home/alexdevg/kyle.alexdev.gr/app/Views/layouts/admin_layout.php(165): view_cell('\\App\\Libraries\\...', Array)
#2 /home/alexdevg/kyle.alexdev.gr/system/View/View.php(246): include('/home/alexdevg/...')
#3 /home/alexdevg/kyle.alexdev.gr/system/View/View.php(257): CodeIgniter\View\View->render('layouts/admin_l...', Array, true)
#4 /home/alexdevg/kyle.alexdev.gr/system/Common.php(1087): CodeIgniter\View\View->render('dashboard', Array, true)
#5 /home/alexdevg/kyle.alexdev.gr/app/Controllers/Dashboard.php(12): view('dashboard')
#6 /home/alexdevg/kyle.alexdev.gr/system/CodeIgniter.php(914): App\Controllers\Dashboard->index()
#7 /home/alexdevg/kyle.alexdev.gr/system/CodeIgniter.php(400): CodeIgniter\CodeIgniter->runController(Object(App\Controllers\Dashboard))
#8 /home/alexdevg/kyle.alexdev.gr/system/CodeIgniter.php(308): CodeIgniter\CodeIgniter->handleRequest(NULL, Object(Config\Cache), false)
#9 /home/alexdevg/kyle.alexdev.gr/public/index.php(47): CodeIgniter\CodeIgniter->run()
#10 {main}
CRITICAL - 2020-06-25 08:04:25 --> Return value of CodeIgniter\View\Cell::render() must be of the type string, null returned
#0 /home/alexdevg/kyle.alexdev.gr/system/Common.php(1108): CodeIgniter\View\Cell->render('\\App\\Libraries\\...', Array, 0, 'AppLibrariesAdm...')
#1 /home/alexdevg/kyle.alexdev.gr/app/Views/layouts/admin_layout.php(165): view_cell('\\App\\Libraries\\...', Array)
#2 /home/alexdevg/kyle.alexdev.gr/system/View/View.php(246): include('/home/alexdevg/...')
#3 /home/alexdevg/kyle.alexdev.gr/system/View/View.php(257): CodeIgniter\View\View->render('layouts/admin_l...', Array, true)
#4 /home/alexdevg/kyle.alexdev.gr/system/Common.php(1087): CodeIgniter\View\View->render('dashboard', Array, true)
#5 /home/alexdevg/kyle.alexdev.gr/app/Controllers/Dashboard.php(12): view('dashboard')
#6 /home/alexdevg/kyle.alexdev.gr/system/CodeIgniter.php(914): App\Controllers\Dashboard->index()
#7 /home/alexdevg/kyle.alexdev.gr/system/CodeIgniter.php(400): CodeIgniter\CodeIgniter->runController(Object(App\Controllers\Dashboard))
#8 /home/alexdevg/kyle.alexdev.gr/system/CodeIgniter.php(308): CodeIgniter\CodeIgniter->handleRequest(NULL, Object(Config\Cache), false)
#9 /home/alexdevg/kyle.alexdev.gr/public/index.php(47): CodeIgniter\CodeIgniter->run()
#10 {main}
CRITICAL - 2020-06-25 08:04:26 --> Return value of CodeIgniter\View\Cell::render() must be of the type string, null returned
#0 /home/alexdevg/kyle.alexdev.gr/system/Common.php(1108): CodeIgniter\View\Cell->render('\\App\\Libraries\\...', Array, 0, 'AppLibrariesAdm...')
#1 /home/alexdevg/kyle.alexdev.gr/app/Views/layouts/admin_layout.php(165): view_cell('\\App\\Libraries\\...', Array)
#2 /home/alexdevg/kyle.alexdev.gr/system/View/View.php(246): include('/home/alexdevg/...')
#3 /home/alexdevg/kyle.alexdev.gr/system/View/View.php(257): CodeIgniter\View\View->render('layouts/admin_l...', Array, true)
#4 /home/alexdevg/kyle.alexdev.gr/system/Common.php(1087): CodeIgniter\View\View->render('dashboard', Array, true)
#5 /home/alexdevg/kyle.alexdev.gr/app/Controllers/Dashboard.php(12): view('dashboard')
#6 /home/alexdevg/kyle.alexdev.gr/system/CodeIgniter.php(914): App\Controllers\Dashboard->index()
#7 /home/alexdevg/kyle.alexdev.gr/system/CodeIgniter.php(400): CodeIgniter\CodeIgniter->runController(Object(App\Controllers\Dashboard))
#8 /home/alexdevg/kyle.alexdev.gr/system/CodeIgniter.php(308): CodeIgniter\CodeIgniter->handleRequest(NULL, Object(Config\Cache), false)
#9 /home/alexdevg/kyle.alexdev.gr/public/index.php(47): CodeIgniter\CodeIgniter->run()
#10 {main}
CRITICAL - 2020-06-25 08:05:03 --> Return value of CodeIgniter\View\Cell::render() must be of the type string, null returned
#0 /home/alexdevg/kyle.alexdev.gr/system/Common.php(1108): CodeIgniter\View\Cell->render('\\App\\Libraries\\...', Array, 0, 'AppLibrariesAdm...')
#1 /home/alexdevg/kyle.alexdev.gr/app/Views/layouts/admin_layout.php(165): view_cell('\\App\\Libraries\\...', Array)
#2 /home/alexdevg/kyle.alexdev.gr/system/View/View.php(246): include('/home/alexdevg/...')
#3 /home/alexdevg/kyle.alexdev.gr/system/View/View.php(257): CodeIgniter\View\View->render('layouts/admin_l...', Array, true)
#4 /home/alexdevg/kyle.alexdev.gr/system/Common.php(1087): CodeIgniter\View\View->render('dashboard', Array, true)
#5 /home/alexdevg/kyle.alexdev.gr/app/Controllers/Dashboard.php(12): view('dashboard')
#6 /home/alexdevg/kyle.alexdev.gr/system/CodeIgniter.php(914): App\Controllers\Dashboard->index()
#7 /home/alexdevg/kyle.alexdev.gr/system/CodeIgniter.php(400): CodeIgniter\CodeIgniter->runController(Object(App\Controllers\Dashboard))
#8 /home/alexdevg/kyle.alexdev.gr/system/CodeIgniter.php(308): CodeIgniter\CodeIgniter->handleRequest(NULL, Object(Config\Cache), false)
#9 /home/alexdevg/kyle.alexdev.gr/public/index.php(47): CodeIgniter\CodeIgniter->run()
#10 {main}
CRITICAL - 2020-06-25 08:06:16 --> Return value of CodeIgniter\View\Cell::render() must be of the type string, null returned
#0 /home/alexdevg/kyle.alexdev.gr/system/Common.php(1108): CodeIgniter\View\Cell->render('\\App\\Libraries\\...', Array, 0, 'AppLibrariesAdm...')
#1 /home/alexdevg/kyle.alexdev.gr/app/Views/layouts/admin_layout.php(165): view_cell('\\App\\Libraries\\...', Array)
#2 /home/alexdevg/kyle.alexdev.gr/system/View/View.php(246): include('/home/alexdevg/...')
#3 /home/alexdevg/kyle.alexdev.gr/system/View/View.php(257): CodeIgniter\View\View->render('layouts/admin_l...', Array, true)
#4 /home/alexdevg/kyle.alexdev.gr/system/Common.php(1087): CodeIgniter\View\View->render('dashboard', Array, true)
#5 /home/alexdevg/kyle.alexdev.gr/app/Controllers/Dashboard.php(12): view('dashboard')
#6 /home/alexdevg/kyle.alexdev.gr/system/CodeIgniter.php(914): App\Controllers\Dashboard->index()
#7 /home/alexdevg/kyle.alexdev.gr/system/CodeIgniter.php(400): CodeIgniter\CodeIgniter->runController(Object(App\Controllers\Dashboard))
#8 /home/alexdevg/kyle.alexdev.gr/system/CodeIgniter.php(308): CodeIgniter\CodeIgniter->handleRequest(NULL, Object(Config\Cache), false)
#9 /home/alexdevg/kyle.alexdev.gr/public/index.php(47): CodeIgniter\CodeIgniter->run()
#10 {main}
CRITICAL - 2020-06-25 08:06:18 --> Return value of CodeIgniter\View\Cell::render() must be of the type string, null returned
#0 /home/alexdevg/kyle.alexdev.gr/system/Common.php(1108): CodeIgniter\View\Cell->render('\\App\\Libraries\\...', Array, 0, 'AppLibrariesAdm...')
#1 /home/alexdevg/kyle.alexdev.gr/app/Views/layouts/admin_layout.php(165): view_cell('\\App\\Libraries\\...', Array)
#2 /home/alexdevg/kyle.alexdev.gr/system/View/View.php(246): include('/home/alexdevg/...')
#3 /home/alexdevg/kyle.alexdev.gr/system/View/View.php(257): CodeIgniter\View\View->render('layouts/admin_l...', Array, true)
#4 /home/alexdevg/kyle.alexdev.gr/system/Common.php(1087): CodeIgniter\View\View->render('dashboard', Array, true)
#5 /home/alexdevg/kyle.alexdev.gr/app/Controllers/Dashboard.php(12): view('dashboard')
#6 /home/alexdevg/kyle.alexdev.gr/system/CodeIgniter.php(914): App\Controllers\Dashboard->index()
#7 /home/alexdevg/kyle.alexdev.gr/system/CodeIgniter.php(400): CodeIgniter\CodeIgniter->runController(Object(App\Controllers\Dashboard))
#8 /home/alexdevg/kyle.alexdev.gr/system/CodeIgniter.php(308): CodeIgniter\CodeIgniter->handleRequest(NULL, Object(Config\Cache), false)
#9 /home/alexdevg/kyle.alexdev.gr/public/index.php(47): CodeIgniter\CodeIgniter->run()
#10 {main}
CRITICAL - 2020-06-25 08:06:22 --> Return value of CodeIgniter\View\Cell::render() must be of the type string, null returned
#0 /home/alexdevg/kyle.alexdev.gr/system/Common.php(1108): CodeIgniter\View\Cell->render('\\App\\Libraries\\...', Array, 0, 'AppLibrariesAdm...')
#1 /home/alexdevg/kyle.alexdev.gr/app/Views/layouts/admin_layout.php(165): view_cell('\\App\\Libraries\\...', Array)
#2 /home/alexdevg/kyle.alexdev.gr/system/View/View.php(246): include('/home/alexdevg/...')
#3 /home/alexdevg/kyle.alexdev.gr/system/View/View.php(257): CodeIgniter\View\View->render('layouts/admin_l...', Array, true)
#4 /home/alexdevg/kyle.alexdev.gr/system/Common.php(1087): CodeIgniter\View\View->render('dashboard', Array, true)
#5 /home/alexdevg/kyle.alexdev.gr/app/Controllers/Dashboard.php(12): view('dashboard')
#6 /home/alexdevg/kyle.alexdev.gr/system/CodeIgniter.php(914): App\Controllers\Dashboard->index()
#7 /home/alexdevg/kyle.alexdev.gr/system/CodeIgniter.php(400): CodeIgniter\CodeIgniter->runController(Object(App\Controllers\Dashboard))
#8 /home/alexdevg/kyle.alexdev.gr/system/CodeIgniter.php(308): CodeIgniter\CodeIgniter->handleRequest(NULL, Object(Config\Cache), false)
#9 /home/alexdevg/kyle.alexdev.gr/public/index.php(47): CodeIgniter\CodeIgniter->run()
#10 {main}
CRITICAL - 2020-06-25 08:15:17 --> Return value of CodeIgniter\View\Cell::render() must be of the type string, null returned
#0 /home/alexdevg/kyle.alexdev.gr/system/Common.php(1108): CodeIgniter\View\Cell->render('\\App\\Libraries\\...', Array, 0, 'AppLibrariesAdm...')
#1 /home/alexdevg/kyle.alexdev.gr/app/Views/layouts/admin_layout.php(165): view_cell('\\App\\Libraries\\...', Array)
#2 /home/alexdevg/kyle.alexdev.gr/system/View/View.php(246): include('/home/alexdevg/...')
#3 /home/alexdevg/kyle.alexdev.gr/system/View/View.php(257): CodeIgniter\View\View->render('layouts/admin_l...', Array, true)
#4 /home/alexdevg/kyle.alexdev.gr/system/Common.php(1087): CodeIgniter\View\View->render('dashboard', Array, true)
#5 /home/alexdevg/kyle.alexdev.gr/app/Controllers/Dashboard.php(12): view('dashboard', Array)
#6 /home/alexdevg/kyle.alexdev.gr/system/CodeIgniter.php(914): App\Controllers\Dashboard->index()
#7 /home/alexdevg/kyle.alexdev.gr/system/CodeIgniter.php(400): CodeIgniter\CodeIgniter->runController(Object(App\Controllers\Dashboard))
#8 /home/alexdevg/kyle.alexdev.gr/system/CodeIgniter.php(308): CodeIgniter\CodeIgniter->handleRequest(NULL, Object(Config\Cache), false)
#9 /home/alexdevg/kyle.alexdev.gr/public/index.php(47): CodeIgniter\CodeIgniter->run()
#10 {main}
CRITICAL - 2020-06-25 08:15:19 --> Return value of CodeIgniter\View\Cell::render() must be of the type string, null returned
#0 /home/alexdevg/kyle.alexdev.gr/system/Common.php(1108): CodeIgniter\View\Cell->render('\\App\\Libraries\\...', Array, 0, 'AppLibrariesAdm...')
#1 /home/alexdevg/kyle.alexdev.gr/app/Views/layouts/admin_layout.php(165): view_cell('\\App\\Libraries\\...', Array)
#2 /home/alexdevg/kyle.alexdev.gr/system/View/View.php(246): include('/home/alexdevg/...')
#3 /home/alexdevg/kyle.alexdev.gr/system/View/View.php(257): CodeIgniter\View\View->render('layouts/admin_l...', Array, true)
#4 /home/alexdevg/kyle.alexdev.gr/system/Common.php(1087): CodeIgniter\View\View->render('dashboard', Array, true)
#5 /home/alexdevg/kyle.alexdev.gr/app/Controllers/Dashboard.php(12): view('dashboard', Array)
#6 /home/alexdevg/kyle.alexdev.gr/system/CodeIgniter.php(914): App\Controllers\Dashboard->index()
#7 /home/alexdevg/kyle.alexdev.gr/system/CodeIgniter.php(400): CodeIgniter\CodeIgniter->runController(Object(App\Controllers\Dashboard))
#8 /home/alexdevg/kyle.alexdev.gr/system/CodeIgniter.php(308): CodeIgniter\CodeIgniter->handleRequest(NULL, Object(Config\Cache), false)
#9 /home/alexdevg/kyle.alexdev.gr/public/index.php(47): CodeIgniter\CodeIgniter->run()
#10 {main}
CRITICAL - 2020-06-25 09:04:22 --> Call to a member function getTableTitle() on null
#0 /home/alexdevg/kyle.alexdev.gr/system/CodeIgniter.php(914): App\Controllers\CompInfo->compinfo()
#1 /home/alexdevg/kyle.alexdev.gr/system/CodeIgniter.php(400): CodeIgniter\CodeIgniter->runController(Object(App\Controllers\CompInfo))
#2 /home/alexdevg/kyle.alexdev.gr/system/CodeIgniter.php(308): CodeIgniter\CodeIgniter->handleRequest(NULL, Object(Config\Cache), false)
#3 /home/alexdevg/kyle.alexdev.gr/public/index.php(47): CodeIgniter\CodeIgniter->run()
#4 {main}
CRITICAL - 2020-06-25 09:07:17 --> Call to a member function getTableTitle() on null
#0 /home/alexdevg/kyle.alexdev.gr/system/CodeIgniter.php(914): App\Controllers\CompInfo->compinfo()
#1 /home/alexdevg/kyle.alexdev.gr/system/CodeIgniter.php(400): CodeIgniter\CodeIgniter->runController(Object(App\Controllers\CompInfo))
#2 /home/alexdevg/kyle.alexdev.gr/system/CodeIgniter.php(308): CodeIgniter\CodeIgniter->handleRequest(NULL, Object(Config\Cache), false)
#3 /home/alexdevg/kyle.alexdev.gr/public/index.php(47): CodeIgniter\CodeIgniter->run()
#4 {main}
CRITICAL - 2020-06-25 09:09:44 --> Call to a member function getTableTitle() on null
#0 /home/alexdevg/kyle.alexdev.gr/system/CodeIgniter.php(914): App\Controllers\CompInfo->compinfo()
#1 /home/alexdevg/kyle.alexdev.gr/system/CodeIgniter.php(400): CodeIgniter\CodeIgniter->runController(Object(App\Controllers\CompInfo))
#2 /home/alexdevg/kyle.alexdev.gr/system/CodeIgniter.php(308): CodeIgniter\CodeIgniter->handleRequest(NULL, Object(Config\Cache), false)
#3 /home/alexdevg/kyle.alexdev.gr/public/index.php(47): CodeIgniter\CodeIgniter->run()
#4 {main}
CRITICAL - 2020-06-25 09:09:46 --> Call to a member function getTableTitle() on null
#0 /home/alexdevg/kyle.alexdev.gr/system/CodeIgniter.php(914): App\Controllers\CompInfo->compinfo()
#1 /home/alexdevg/kyle.alexdev.gr/system/CodeIgniter.php(400): CodeIgniter\CodeIgniter->runController(Object(App\Controllers\CompInfo))
#2 /home/alexdevg/kyle.alexdev.gr/system/CodeIgniter.php(308): CodeIgniter\CodeIgniter->handleRequest(NULL, Object(Config\Cache), false)
#3 /home/alexdevg/kyle.alexdev.gr/public/index.php(47): CodeIgniter\CodeIgniter->run()
#4 {main}
CRITICAL - 2020-06-25 09:10:08 --> Call to a member function getTableTitle() on null
#0 /home/alexdevg/kyle.alexdev.gr/system/CodeIgniter.php(914): App\Controllers\CompInfo->compinfo()
#1 /home/alexdevg/kyle.alexdev.gr/system/CodeIgniter.php(400): CodeIgniter\CodeIgniter->runController(Object(App\Controllers\CompInfo))
#2 /home/alexdevg/kyle.alexdev.gr/system/CodeIgniter.php(308): CodeIgniter\CodeIgniter->handleRequest(NULL, Object(Config\Cache), false)
#3 /home/alexdevg/kyle.alexdev.gr/public/index.php(47): CodeIgniter\CodeIgniter->run()
#4 {main}
CRITICAL - 2020-06-25 09:12:29 --> Call to a member function getTableTitle() on null
#0 /home/alexdevg/kyle.alexdev.gr/system/CodeIgniter.php(914): App\Controllers\CompInfo->compinfo()
#1 /home/alexdevg/kyle.alexdev.gr/system/CodeIgniter.php(400): CodeIgniter\CodeIgniter->runController(Object(App\Controllers\CompInfo))
#2 /home/alexdevg/kyle.alexdev.gr/system/CodeIgniter.php(308): CodeIgniter\CodeIgniter->handleRequest(NULL, Object(Config\Cache), false)
#3 /home/alexdevg/kyle.alexdev.gr/public/index.php(47): CodeIgniter\CodeIgniter->run()
#4 {main}
CRITICAL - 2020-06-25 09:12:31 --> Call to a member function getTableTitle() on null
#0 /home/alexdevg/kyle.alexdev.gr/system/CodeIgniter.php(914): App\Controllers\CompInfo->compinfo()
#1 /home/alexdevg/kyle.alexdev.gr/system/CodeIgniter.php(400): CodeIgniter\CodeIgniter->runController(Object(App\Controllers\CompInfo))
#2 /home/alexdevg/kyle.alexdev.gr/system/CodeIgniter.php(308): CodeIgniter\CodeIgniter->handleRequest(NULL, Object(Config\Cache), false)
#3 /home/alexdevg/kyle.alexdev.gr/public/index.php(47): CodeIgniter\CodeIgniter->run()
#4 {main}
CRITICAL - 2020-06-25 09:14:22 --> Call to a member function getTableTitle() on null
#0 /home/alexdevg/kyle.alexdev.gr/system/CodeIgniter.php(914): App\Controllers\CompInfo->compinfo()
#1 /home/alexdevg/kyle.alexdev.gr/system/CodeIgniter.php(400): CodeIgniter\CodeIgniter->runController(Object(App\Controllers\CompInfo))
#2 /home/alexdevg/kyle.alexdev.gr/system/CodeIgniter.php(308): CodeIgniter\CodeIgniter->handleRequest(NULL, Object(Config\Cache), false)
#3 /home/alexdevg/kyle.alexdev.gr/public/index.php(47): CodeIgniter\CodeIgniter->run()
#4 {main}
CRITICAL - 2020-06-25 09:14:30 --> Call to a member function view() on null
#0 /home/alexdevg/kyle.alexdev.gr/system/CodeIgniter.php(914): App\Controllers\CompInfo->compinfo()
#1 /home/alexdevg/kyle.alexdev.gr/system/CodeIgniter.php(400): CodeIgniter\CodeIgniter->runController(Object(App\Controllers\CompInfo))
#2 /home/alexdevg/kyle.alexdev.gr/system/CodeIgniter.php(308): CodeIgniter\CodeIgniter->handleRequest(NULL, Object(Config\Cache), false)
#3 /home/alexdevg/kyle.alexdev.gr/public/index.php(47): CodeIgniter\CodeIgniter->run()
#4 {main}
CRITICAL - 2020-06-25 09:14:41 --> Call to a member function view() on null
#0 /home/alexdevg/kyle.alexdev.gr/system/CodeIgniter.php(914): App\Controllers\CompInfo->compinfo()
#1 /home/alexdevg/kyle.alexdev.gr/system/CodeIgniter.php(400): CodeIgniter\CodeIgniter->runController(Object(App\Controllers\CompInfo))
#2 /home/alexdevg/kyle.alexdev.gr/system/CodeIgniter.php(308): CodeIgniter\CodeIgniter->handleRequest(NULL, Object(Config\Cache), false)
#3 /home/alexdevg/kyle.alexdev.gr/public/index.php(47): CodeIgniter\CodeIgniter->run()
#4 {main}
CRITICAL - 2020-06-25 09:16:14 --> Call to a member function view() on null
#0 /home/alexdevg/kyle.alexdev.gr/system/CodeIgniter.php(914): App\Controllers\CompInfo->compinfo()
#1 /home/alexdevg/kyle.alexdev.gr/system/CodeIgniter.php(400): CodeIgniter\CodeIgniter->runController(Object(App\Controllers\CompInfo))
#2 /home/alexdevg/kyle.alexdev.gr/system/CodeIgniter.php(308): CodeIgniter\CodeIgniter->handleRequest(NULL, Object(Config\Cache), false)
#3 /home/alexdevg/kyle.alexdev.gr/public/index.php(47): CodeIgniter\CodeIgniter->run()
#4 {main}
CRITICAL - 2020-06-25 09:16:21 --> Call to a member function view() on null
#0 /home/alexdevg/kyle.alexdev.gr/system/CodeIgniter.php(914): App\Controllers\CompInfo->compinfo()
#1 /home/alexdevg/kyle.alexdev.gr/system/CodeIgniter.php(400): CodeIgniter\CodeIgniter->runController(Object(App\Controllers\CompInfo))
#2 /home/alexdevg/kyle.alexdev.gr/system/CodeIgniter.php(308): CodeIgniter\CodeIgniter->handleRequest(NULL, Object(Config\Cache), false)
#3 /home/alexdevg/kyle.alexdev.gr/public/index.php(47): CodeIgniter\CodeIgniter->run()
#4 {main}
CRITICAL - 2020-06-25 09:16:30 --> Call to a member function getTableTitle() on null
#0 /home/alexdevg/kyle.alexdev.gr/system/CodeIgniter.php(914): App\Controllers\CompInfo->compinfo()
#1 /home/alexdevg/kyle.alexdev.gr/system/CodeIgniter.php(400): CodeIgniter\CodeIgniter->runController(Object(App\Controllers\CompInfo))
#2 /home/alexdevg/kyle.alexdev.gr/system/CodeIgniter.php(308): CodeIgniter\CodeIgniter->handleRequest(NULL, Object(Config\Cache), false)
#3 /home/alexdevg/kyle.alexdev.gr/public/index.php(47): CodeIgniter\CodeIgniter->run()
#4 {main}
CRITICAL - 2020-06-25 09:16:34 --> Call to a member function getTableTitle() on null
#0 /home/alexdevg/kyle.alexdev.gr/system/CodeIgniter.php(914): App\Controllers\CompInfo->compinfo()
#1 /home/alexdevg/kyle.alexdev.gr/system/CodeIgniter.php(400): CodeIgniter\CodeIgniter->runController(Object(App\Controllers\CompInfo))
#2 /home/alexdevg/kyle.alexdev.gr/system/CodeIgniter.php(308): CodeIgniter\CodeIgniter->handleRequest(NULL, Object(Config\Cache), false)
#3 /home/alexdevg/kyle.alexdev.gr/public/index.php(47): CodeIgniter\CodeIgniter->run()
#4 {main}
CRITICAL - 2020-06-25 09:16:45 --> Undefined variable: compinfo
#0 /home/alexdevg/kyle.alexdev.gr/app/Views/compinfo.php(49): CodeIgniter\Debug\Exceptions->errorHandler(8, 'Undefined varia...', '/home/alexdevg/...', 49, Array)
#1 /home/alexdevg/kyle.alexdev.gr/system/View/View.php(246): include('/home/alexdevg/...')
#2 /home/alexdevg/kyle.alexdev.gr/system/Common.php(1087): CodeIgniter\View\View->render('compinfo', Array, true)
#3 /home/alexdevg/kyle.alexdev.gr/app/Controllers/CompInfo.php(78): view('compinfo', Array)
#4 /home/alexdevg/kyle.alexdev.gr/system/CodeIgniter.php(914): App\Controllers\CompInfo->compinfo()
#5 /home/alexdevg/kyle.alexdev.gr/system/CodeIgniter.php(400): CodeIgniter\CodeIgniter->runController(Object(App\Controllers\CompInfo))
#6 /home/alexdevg/kyle.alexdev.gr/system/CodeIgniter.php(308): CodeIgniter\CodeIgniter->handleRequest(NULL, Object(Config\Cache), false)
#7 /home/alexdevg/kyle.alexdev.gr/public/index.php(47): CodeIgniter\CodeIgniter->run()
#8 {main}
CRITICAL - 2020-06-25 09:18:17 --> Invalid file: compinfo/table.php
#0 /home/alexdevg/kyle.alexdev.gr/system/View/View.php(228): CodeIgniter\Exceptions\FrameworkException::forInvalidFile('compinfo/table....')
#1 /home/alexdevg/kyle.alexdev.gr/system/Common.php(1087): CodeIgniter\View\View->render('compinfo/table', Array, true)
#2 /home/alexdevg/kyle.alexdev.gr/app/Controllers/CompInfo.php(78): view('compinfo/table', Array)
#3 /home/alexdevg/kyle.alexdev.gr/system/CodeIgniter.php(914): App\Controllers\CompInfo->compinfo()
#4 /home/alexdevg/kyle.alexdev.gr/system/CodeIgniter.php(400): CodeIgniter\CodeIgniter->runController(Object(App\Controllers\CompInfo))
#5 /home/alexdevg/kyle.alexdev.gr/system/CodeIgniter.php(308): CodeIgniter\CodeIgniter->handleRequest(NULL, Object(Config\Cache), false)
#6 /home/alexdevg/kyle.alexdev.gr/public/index.php(47): CodeIgniter\CodeIgniter->run()
#7 {main}
CRITICAL - 2020-06-25 09:18:27 --> Invalid file: compinfo/table.php
#0 /home/alexdevg/kyle.alexdev.gr/system/View/View.php(228): CodeIgniter\Exceptions\FrameworkException::forInvalidFile('compinfo/table....')
#1 /home/alexdevg/kyle.alexdev.gr/system/Common.php(1087): CodeIgniter\View\View->render('compinfo/table', Array, true)
#2 /home/alexdevg/kyle.alexdev.gr/app/Controllers/CompInfo.php(78): view('compinfo/table', Array)
#3 /home/alexdevg/kyle.alexdev.gr/system/CodeIgniter.php(914): App\Controllers\CompInfo->compinfo()
#4 /home/alexdevg/kyle.alexdev.gr/system/CodeIgniter.php(400): CodeIgniter\CodeIgniter->runController(Object(App\Controllers\CompInfo))
#5 /home/alexdevg/kyle.alexdev.gr/system/CodeIgniter.php(308): CodeIgniter\CodeIgniter->handleRequest(NULL, Object(Config\Cache), false)
#6 /home/alexdevg/kyle.alexdev.gr/public/index.php(47): CodeIgniter\CodeIgniter->run()
#7 {main}
CRITICAL - 2020-06-25 09:18:37 --> Invalid file: compinfo/table.php
#0 /home/alexdevg/kyle.alexdev.gr/system/View/View.php(228): CodeIgniter\Exceptions\FrameworkException::forInvalidFile('compinfo/table....')
#1 /home/alexdevg/kyle.alexdev.gr/system/Common.php(1087): CodeIgniter\View\View->render('compinfo/table', Array, true)
#2 /home/alexdevg/kyle.alexdev.gr/app/Controllers/CompInfo.php(78): view('compinfo/table', Array)
#3 /home/alexdevg/kyle.alexdev.gr/system/CodeIgniter.php(914): App\Controllers\CompInfo->compinfo()
#4 /home/alexdevg/kyle.alexdev.gr/system/CodeIgniter.php(400): CodeIgniter\CodeIgniter->runController(Object(App\Controllers\CompInfo))
#5 /home/alexdevg/kyle.alexdev.gr/system/CodeIgniter.php(308): CodeIgniter\CodeIgniter->handleRequest(NULL, Object(Config\Cache), false)
#6 /home/alexdevg/kyle.alexdev.gr/public/index.php(47): CodeIgniter\CodeIgniter->run()
#7 {main}
CRITICAL - 2020-06-25 09:18:42 --> Invalid file: compinfo/table.php
#0 /home/alexdevg/kyle.alexdev.gr/system/View/View.php(228): CodeIgniter\Exceptions\FrameworkException::forInvalidFile('compinfo/table....')
#1 /home/alexdevg/kyle.alexdev.gr/system/Common.php(1087): CodeIgniter\View\View->render('compinfo/table', Array, true)
#2 /home/alexdevg/kyle.alexdev.gr/app/Controllers/CompInfo.php(78): view('compinfo/table', Array)
#3 /home/alexdevg/kyle.alexdev.gr/system/CodeIgniter.php(914): App\Controllers\CompInfo->compinfo()
#4 /home/alexdevg/kyle.alexdev.gr/system/CodeIgniter.php(400): CodeIgniter\CodeIgniter->runController(Object(App\Controllers\CompInfo))
#5 /home/alexdevg/kyle.alexdev.gr/system/CodeIgniter.php(308): CodeIgniter\CodeIgniter->handleRequest(NULL, Object(Config\Cache), false)
#6 /home/alexdevg/kyle.alexdev.gr/public/index.php(47): CodeIgniter\CodeIgniter->run()
#7 {main}
CRITICAL - 2020-06-25 09:18:57 --> Invalid file: compinfo/table.php
#0 /home/alexdevg/kyle.alexdev.gr/system/View/View.php(228): CodeIgniter\Exceptions\FrameworkException::forInvalidFile('compinfo/table....')
#1 /home/alexdevg/kyle.alexdev.gr/system/Common.php(1087): CodeIgniter\View\View->render('compinfo/table', Array, true)
#2 /home/alexdevg/kyle.alexdev.gr/app/Controllers/CompInfo.php(78): view('compinfo/table', Array)
#3 /home/alexdevg/kyle.alexdev.gr/system/CodeIgniter.php(914): App\Controllers\CompInfo->compinfo()
#4 /home/alexdevg/kyle.alexdev.gr/system/CodeIgniter.php(400): CodeIgniter\CodeIgniter->runController(Object(App\Controllers\CompInfo))
#5 /home/alexdevg/kyle.alexdev.gr/system/CodeIgniter.php(308): CodeIgniter\CodeIgniter->handleRequest(NULL, Object(Config\Cache), false)
#6 /home/alexdevg/kyle.alexdev.gr/public/index.php(47): CodeIgniter\CodeIgniter->run()
#7 {main}
CRITICAL - 2020-06-25 09:35:29 --> Call to undefined method App\Models\CrudModel::insertItem()
#0 /home/alexdevg/kyle.alexdev.gr/app/Libraries/Crud.php(17): App\Libraries\Crud_core->parent_form()
#1 /home/alexdevg/kyle.alexdev.gr/app/Controllers/Compinfo.php(83): App\Libraries\Crud->form()
#2 /home/alexdevg/kyle.alexdev.gr/system/CodeIgniter.php(914): App\Controllers\Compinfo->add()
#3 /home/alexdevg/kyle.alexdev.gr/system/CodeIgniter.php(400): CodeIgniter\CodeIgniter->runController(Object(App\Controllers\Compinfo))
#4 /home/alexdevg/kyle.alexdev.gr/system/CodeIgniter.php(308): CodeIgniter\CodeIgniter->handleRequest(NULL, Object(Config\Cache), false)
#5 /home/alexdevg/kyle.alexdev.gr/public/index.php(47): CodeIgniter\CodeIgniter->run()
#6 {main}
CRITICAL - 2020-06-25 09:41:15 --> Call to undefined method App\Models\CrudModel::insertItem()
#0 /home/alexdevg/kyle.alexdev.gr/app/Libraries/Crud.php(17): App\Libraries\Crud_core->parent_form()
#1 /home/alexdevg/kyle.alexdev.gr/app/Controllers/Compinfo.php(85): App\Libraries\Crud->form()
#2 /home/alexdevg/kyle.alexdev.gr/system/CodeIgniter.php(914): App\Controllers\Compinfo->add()
#3 /home/alexdevg/kyle.alexdev.gr/system/CodeIgniter.php(400): CodeIgniter\CodeIgniter->runController(Object(App\Controllers\Compinfo))
#4 /home/alexdevg/kyle.alexdev.gr/system/CodeIgniter.php(308): CodeIgniter\CodeIgniter->handleRequest(NULL, Object(Config\Cache), false)
#5 /home/alexdevg/kyle.alexdev.gr/public/index.php(47): CodeIgniter\CodeIgniter->run()
#6 {main}
CRITICAL - 2020-06-25 09:41:30 --> Too few arguments to function App\Models\CrudModel::getItem(), 2 passed in /home/alexdevg/kyle.alexdev.gr/app/Libraries/Crud_core.php on line 101 and exactly 3 expected
#0 /home/alexdevg/kyle.alexdev.gr/app/Libraries/Crud_core.php(101): App\Models\CrudModel->getItem('compinfo', Array)
#1 /home/alexdevg/kyle.alexdev.gr/app/Controllers/Compinfo.php(96): App\Libraries\Crud_core->current_values('2')
#2 /home/alexdevg/kyle.alexdev.gr/system/CodeIgniter.php(914): App\Controllers\Compinfo->edit('2')
#3 /home/alexdevg/kyle.alexdev.gr/system/CodeIgniter.php(400): CodeIgniter\CodeIgniter->runController(Object(App\Controllers\Compinfo))
#4 /home/alexdevg/kyle.alexdev.gr/system/CodeIgniter.php(308): CodeIgniter\CodeIgniter->handleRequest(NULL, Object(Config\Cache), false)
#5 /home/alexdevg/kyle.alexdev.gr/public/index.php(47): CodeIgniter\CodeIgniter->run()
#6 {main}
