CRITICAL - 2020-06-09 09:50:38 --> syntax error, unexpected 'endforeach' (T_ENDFOREACH)
#0 C:\xampp\htdocs\dev\system\Common.php(1087): CodeIgniter\View\View->render('test', Array, true)
#1 C:\xampp\htdocs\dev\app\Controllers\Users.php(386): view('test')
#2 C:\xampp\htdocs\dev\system\CodeIgniter.php(914): App\Controllers\Users->test()
#3 C:\xampp\htdocs\dev\system\CodeIgniter.php(400): CodeIgniter\CodeIgniter->runController(Object(App\Controllers\Users))
#4 C:\xampp\htdocs\dev\system\CodeIgniter.php(308): CodeIgniter\CodeIgniter->handleRequest(NULL, Object(Config\Cache), false)
#5 C:\xampp\htdocs\dev\public\index.php(45): CodeIgniter\CodeIgniter->run()
#6 {main}
CRITICAL - 2020-06-09 09:54:37 --> syntax error, unexpected 'endforeach' (T_ENDFOREACH)
#0 C:\xampp\htdocs\dev\system\Common.php(1087): CodeIgniter\View\View->render('test', Array, true)
#1 C:\xampp\htdocs\dev\app\Controllers\Users.php(344): view('test')
#2 C:\xampp\htdocs\dev\system\CodeIgniter.php(914): App\Controllers\Users->test()
#3 C:\xampp\htdocs\dev\system\CodeIgniter.php(400): CodeIgniter\CodeIgniter->runController(Object(App\Controllers\Users))
#4 C:\xampp\htdocs\dev\system\CodeIgniter.php(308): CodeIgniter\CodeIgniter->handleRequest(NULL, Object(Config\Cache), false)
#5 C:\xampp\htdocs\dev\public\index.php(45): CodeIgniter\CodeIgniter->run()
#6 {main}
CRITICAL - 2020-06-09 09:55:45 --> syntax error, unexpected 'endforeach' (T_ENDFOREACH), expecting end of file
#0 C:\xampp\htdocs\dev\system\Common.php(1087): CodeIgniter\View\View->render('test', Array, true)
#1 C:\xampp\htdocs\dev\app\Controllers\Users.php(344): view('test')
#2 C:\xampp\htdocs\dev\system\CodeIgniter.php(914): App\Controllers\Users->test()
#3 C:\xampp\htdocs\dev\system\CodeIgniter.php(400): CodeIgniter\CodeIgniter->runController(Object(App\Controllers\Users))
#4 C:\xampp\htdocs\dev\system\CodeIgniter.php(308): CodeIgniter\CodeIgniter->handleRequest(NULL, Object(Config\Cache), false)
#5 C:\xampp\htdocs\dev\public\index.php(45): CodeIgniter\CodeIgniter->run()
#6 {main}
CRITICAL - 2020-06-09 10:21:35 --> Undefined variable: id
#0 C:\xampp\htdocs\dev\app\Views\cmps\abbrevstates.php(12): CodeIgniter\Debug\Exceptions->errorHandler(8, 'Undefined varia...', 'C:\\xampp\\htdocs...', 12, Array)
#1 C:\xampp\htdocs\dev\system\View\View.php(246): include('C:\\xampp\\htdocs...')
#2 C:\xampp\htdocs\dev\system\Common.php(1087): CodeIgniter\View\View->render('cmps/abbrevstat...', Array, true)
#3 C:\xampp\htdocs\dev\app\Libraries\Form.php(12): view('cmps/abbrevstat...', Array)
#4 C:\xampp\htdocs\dev\system\View\Cell.php(156): App\Libraries\Form->abbrevstates(Array)
#5 C:\xampp\htdocs\dev\system\Common.php(1108): CodeIgniter\View\Cell->render('\\App\\Libraries\\...', Array, 0, 'AppLibrariesFor...')
#6 C:\xampp\htdocs\dev\app\Views\test.php(5): view_cell('\\App\\Libraries\\...', Array)
#7 C:\xampp\htdocs\dev\system\View\View.php(246): include('C:\\xampp\\htdocs...')
#8 C:\xampp\htdocs\dev\system\Common.php(1087): CodeIgniter\View\View->render('test', Array, true)
#9 C:\xampp\htdocs\dev\app\Controllers\Users.php(344): view('test')
#10 C:\xampp\htdocs\dev\system\CodeIgniter.php(914): App\Controllers\Users->test()
#11 C:\xampp\htdocs\dev\system\CodeIgniter.php(400): CodeIgniter\CodeIgniter->runController(Object(App\Controllers\Users))
#12 C:\xampp\htdocs\dev\system\CodeIgniter.php(308): CodeIgniter\CodeIgniter->handleRequest(NULL, Object(Config\Cache), false)
#13 C:\xampp\htdocs\dev\public\index.php(45): CodeIgniter\CodeIgniter->run()
#14 {main}
