CRITICAL - 2020-06-06 09:52:09 --> Invalid file: {0}
#0 C:\xampp\htdocs\dev\system\View\View.php(228): CodeIgniter\Exceptions\FrameworkException::forInvalidFile('templates/heade...')
#1 C:\xampp\htdocs\dev\system\Common.php(1087): CodeIgniter\View\View->render('templates/heade...', Array, true)
#2 C:\xampp\htdocs\dev\app\Controllers\Dashboard.php(12): view('templates/heade...', Array)
#3 C:\xampp\htdocs\dev\system\CodeIgniter.php(914): App\Controllers\Dashboard->index()
#4 C:\xampp\htdocs\dev\system\CodeIgniter.php(400): CodeIgniter\CodeIgniter->runController(Object(App\Controllers\Dashboard))
#5 C:\xampp\htdocs\dev\system\CodeIgniter.php(308): CodeIgniter\CodeIgniter->handleRequest(NULL, Object(Config\Cache), false)
#6 C:\xampp\htdocs\dev\public\index.php(45): CodeIgniter\CodeIgniter->run()
#7 {main}
CRITICAL - 2020-06-06 09:52:54 --> Invalid file: {0}
#0 C:\xampp\htdocs\dev\system\View\View.php(228): CodeIgniter\Exceptions\FrameworkException::forInvalidFile('templates/heade...')
#1 C:\xampp\htdocs\dev\system\Common.php(1087): CodeIgniter\View\View->render('templates/heade...', Array, true)
#2 C:\xampp\htdocs\dev\app\Controllers\Dashboard.php(12): view('templates/heade...', Array)
#3 C:\xampp\htdocs\dev\system\CodeIgniter.php(914): App\Controllers\Dashboard->index()
#4 C:\xampp\htdocs\dev\system\CodeIgniter.php(400): CodeIgniter\CodeIgniter->runController(Object(App\Controllers\Dashboard))
#5 C:\xampp\htdocs\dev\system\CodeIgniter.php(308): CodeIgniter\CodeIgniter->handleRequest(NULL, Object(Config\Cache), false)
#6 C:\xampp\htdocs\dev\public\index.php(45): CodeIgniter\CodeIgniter->run()
#7 {main}
CRITICAL - 2020-06-06 09:56:12 --> Object of class App\Controllers\Dispatchers could not be converted to string
#0 C:\xampp\htdocs\dev\system\CodeIgniter.php(914): App\Controllers\Dispatchers->updatedispatchboard()
#1 C:\xampp\htdocs\dev\system\CodeIgniter.php(400): CodeIgniter\CodeIgniter->runController(Object(App\Controllers\Dispatchers))
#2 C:\xampp\htdocs\dev\system\CodeIgniter.php(308): CodeIgniter\CodeIgniter->handleRequest(NULL, Object(Config\Cache), false)
#3 C:\xampp\htdocs\dev\public\index.php(45): CodeIgniter\CodeIgniter->run()
#4 {main}
CRITICAL - 2020-06-06 10:38:39 --> A non-numeric value encountered
#0 C:\xampp\htdocs\dev\app\Controllers\Dispatchers.php(36): CodeIgniter\Debug\Exceptions->errorHandler(2, 'A non-numeric v...', 'C:\\xampp\\htdocs...', 36, Array)
#1 C:\xampp\htdocs\dev\system\CodeIgniter.php(914): App\Controllers\Dispatchers->storedispatchboard()
#2 C:\xampp\htdocs\dev\system\CodeIgniter.php(400): CodeIgniter\CodeIgniter->runController(Object(App\Controllers\Dispatchers))
#3 C:\xampp\htdocs\dev\system\CodeIgniter.php(308): CodeIgniter\CodeIgniter->handleRequest(NULL, Object(Config\Cache), false)
#4 C:\xampp\htdocs\dev\public\index.php(45): CodeIgniter\CodeIgniter->run()
#5 {main}
CRITICAL - 2020-06-06 10:41:25 --> Object of class App\Controllers\Dispatchers could not be converted to string
#0 C:\xampp\htdocs\dev\system\CodeIgniter.php(914): App\Controllers\Dispatchers->storedispatchboard()
#1 C:\xampp\htdocs\dev\system\CodeIgniter.php(400): CodeIgniter\CodeIgniter->runController(Object(App\Controllers\Dispatchers))
#2 C:\xampp\htdocs\dev\system\CodeIgniter.php(308): CodeIgniter\CodeIgniter->handleRequest(NULL, Object(Config\Cache), false)
#3 C:\xampp\htdocs\dev\public\index.php(45): CodeIgniter\CodeIgniter->run()
#4 {main}
CRITICAL - 2020-06-06 11:19:27 --> A non-numeric value encountered
#0 C:\xampp\htdocs\dev\app\Controllers\Dispatchers.php(36): CodeIgniter\Debug\Exceptions->errorHandler(2, 'A non-numeric v...', 'C:\\xampp\\htdocs...', 36, Array)
#1 C:\xampp\htdocs\dev\system\CodeIgniter.php(914): App\Controllers\Dispatchers->storedispatchboard()
#2 C:\xampp\htdocs\dev\system\CodeIgniter.php(400): CodeIgniter\CodeIgniter->runController(Object(App\Controllers\Dispatchers))
#3 C:\xampp\htdocs\dev\system\CodeIgniter.php(308): CodeIgniter\CodeIgniter->handleRequest(NULL, Object(Config\Cache), false)
#4 C:\xampp\htdocs\dev\public\index.php(45): CodeIgniter\CodeIgniter->run()
#5 {main}
CRITICAL - 2020-06-06 11:32:43 --> Unable to locate view cell class: {0}.
#0 C:\xampp\htdocs\dev\system\View\Cell.php(268): CodeIgniter\View\Exceptions\ViewException::forInvalidCellClass('\\App\\Libraries\\...')
#1 C:\xampp\htdocs\dev\system\View\Cell.php(110): CodeIgniter\View\Cell->determineClass('\\App\\Libraries\\...')
#2 C:\xampp\htdocs\dev\system\Common.php(1108): CodeIgniter\View\Cell->render('\\App\\Libraries\\...', Array, 0, NULL)
#3 C:\xampp\htdocs\dev\app\Views\dispatchboard.php(89): view_cell('\\App\\Libraries\\...', Array)
#4 C:\xampp\htdocs\dev\system\View\View.php(246): include('C:\\xampp\\htdocs...')
#5 C:\xampp\htdocs\dev\system\Common.php(1087): CodeIgniter\View\View->render('dispatchboard', Array, true)
#6 C:\xampp\htdocs\dev\app\Controllers\Dispatchers.php(14): view('dispatchboard', Array)
#7 C:\xampp\htdocs\dev\system\CodeIgniter.php(914): App\Controllers\Dispatchers->dispatchboard()
#8 C:\xampp\htdocs\dev\system\CodeIgniter.php(400): CodeIgniter\CodeIgniter->runController(Object(App\Controllers\Dispatchers))
#9 C:\xampp\htdocs\dev\system\CodeIgniter.php(308): CodeIgniter\CodeIgniter->handleRequest(NULL, Object(Config\Cache), false)
#10 C:\xampp\htdocs\dev\public\index.php(45): CodeIgniter\CodeIgniter->run()
#11 {main}
CRITICAL - 2020-06-06 11:35:44 --> Unable to locate view cell class: {0}.
#0 C:\xampp\htdocs\dev\system\View\Cell.php(268): CodeIgniter\View\Exceptions\ViewException::forInvalidCellClass('\\App\\Libraries\\...')
#1 C:\xampp\htdocs\dev\system\View\Cell.php(110): CodeIgniter\View\Cell->determineClass('\\App\\Libraries\\...')
#2 C:\xampp\htdocs\dev\system\Common.php(1108): CodeIgniter\View\Cell->render('\\App\\Libraries\\...', Array, 0, NULL)
#3 C:\xampp\htdocs\dev\app\Views\layouts\main.php(31): view_cell('\\App\\Libraries\\...', Array)
#4 C:\xampp\htdocs\dev\system\View\View.php(246): include('C:\\xampp\\htdocs...')
#5 C:\xampp\htdocs\dev\system\View\View.php(257): CodeIgniter\View\View->render('layouts/main', Array, true)
#6 C:\xampp\htdocs\dev\system\Common.php(1087): CodeIgniter\View\View->render('dispatchboard', Array, true)
#7 C:\xampp\htdocs\dev\app\Controllers\Dispatchers.php(14): view('dispatchboard', Array)
#8 C:\xampp\htdocs\dev\system\CodeIgniter.php(914): App\Controllers\Dispatchers->dispatchboard()
#9 C:\xampp\htdocs\dev\system\CodeIgniter.php(400): CodeIgniter\CodeIgniter->runController(Object(App\Controllers\Dispatchers))
#10 C:\xampp\htdocs\dev\system\CodeIgniter.php(308): CodeIgniter\CodeIgniter->handleRequest(NULL, Object(Config\Cache), false)
#11 C:\xampp\htdocs\dev\public\index.php(45): CodeIgniter\CodeIgniter->run()
#12 {main}
CRITICAL - 2020-06-06 11:50:11 --> Invalid file: {0}
#0 C:\xampp\htdocs\dev\system\View\View.php(228): CodeIgniter\Exceptions\FrameworkException::forInvalidFile('templates/heade...')
#1 C:\xampp\htdocs\dev\system\Common.php(1087): CodeIgniter\View\View->render('templates/heade...', Array, true)
#2 C:\xampp\htdocs\dev\app\Controllers\Users.php(126): view('templates/heade...', Array)
#3 C:\xampp\htdocs\dev\system\CodeIgniter.php(914): App\Controllers\Users->register()
#4 C:\xampp\htdocs\dev\system\CodeIgniter.php(400): CodeIgniter\CodeIgniter->runController(Object(App\Controllers\Users))
#5 C:\xampp\htdocs\dev\system\CodeIgniter.php(308): CodeIgniter\CodeIgniter->handleRequest(NULL, Object(Config\Cache), false)
#6 C:\xampp\htdocs\dev\public\index.php(45): CodeIgniter\CodeIgniter->run()
#7 {main}
CRITICAL - 2020-06-06 11:53:38 --> Invalid file: {0}
#0 C:\xampp\htdocs\dev\system\View\View.php(228): CodeIgniter\Exceptions\FrameworkException::forInvalidFile('templates/heade...')
#1 C:\xampp\htdocs\dev\system\Common.php(1087): CodeIgniter\View\View->render('templates/heade...', Array, true)
#2 C:\xampp\htdocs\dev\app\Controllers\Users.php(126): view('templates/heade...', Array)
#3 C:\xampp\htdocs\dev\system\CodeIgniter.php(914): App\Controllers\Users->register()
#4 C:\xampp\htdocs\dev\system\CodeIgniter.php(400): CodeIgniter\CodeIgniter->runController(Object(App\Controllers\Users))
#5 C:\xampp\htdocs\dev\system\CodeIgniter.php(308): CodeIgniter\CodeIgniter->handleRequest(NULL, Object(Config\Cache), false)
#6 C:\xampp\htdocs\dev\public\index.php(45): CodeIgniter\CodeIgniter->run()
#7 {main}
CRITICAL - 2020-06-06 12:52:49 --> Call to undefined function set_select()
#0 C:\xampp\htdocs\dev\system\View\View.php(246): include()
#1 C:\xampp\htdocs\dev\system\Common.php(1087): CodeIgniter\View\View->render('dispatchboard', Array, true)
#2 C:\xampp\htdocs\dev\app\Controllers\Dispatchers.php(14): view('dispatchboard', Array)
#3 C:\xampp\htdocs\dev\system\CodeIgniter.php(914): App\Controllers\Dispatchers->dispatchboard()
#4 C:\xampp\htdocs\dev\system\CodeIgniter.php(400): CodeIgniter\CodeIgniter->runController(Object(App\Controllers\Dispatchers))
#5 C:\xampp\htdocs\dev\system\CodeIgniter.php(308): CodeIgniter\CodeIgniter->handleRequest(NULL, Object(Config\Cache), false)
#6 C:\xampp\htdocs\dev\public\index.php(45): CodeIgniter\CodeIgniter->run()
#7 {main}
CRITICAL - 2020-06-06 12:52:54 --> Call to undefined function set_select()
#0 C:\xampp\htdocs\dev\system\View\View.php(246): include()
#1 C:\xampp\htdocs\dev\system\Common.php(1087): CodeIgniter\View\View->render('dispatchboard', Array, true)
#2 C:\xampp\htdocs\dev\app\Controllers\Dispatchers.php(14): view('dispatchboard', Array)
#3 C:\xampp\htdocs\dev\system\CodeIgniter.php(914): App\Controllers\Dispatchers->dispatchboard()
#4 C:\xampp\htdocs\dev\system\CodeIgniter.php(400): CodeIgniter\CodeIgniter->runController(Object(App\Controllers\Dispatchers))
#5 C:\xampp\htdocs\dev\system\CodeIgniter.php(308): CodeIgniter\CodeIgniter->handleRequest(NULL, Object(Config\Cache), false)
#6 C:\xampp\htdocs\dev\public\index.php(45): CodeIgniter\CodeIgniter->run()
#7 {main}
CRITICAL - 2020-06-06 12:53:34 --> Call to undefined function set_select()
#0 C:\xampp\htdocs\dev\system\View\View.php(246): include()
#1 C:\xampp\htdocs\dev\system\Common.php(1087): CodeIgniter\View\View->render('dispatchboard', Array, true)
#2 C:\xampp\htdocs\dev\app\Controllers\Dispatchers.php(14): view('dispatchboard', Array)
#3 C:\xampp\htdocs\dev\system\CodeIgniter.php(914): App\Controllers\Dispatchers->dispatchboard()
#4 C:\xampp\htdocs\dev\system\CodeIgniter.php(400): CodeIgniter\CodeIgniter->runController(Object(App\Controllers\Dispatchers))
#5 C:\xampp\htdocs\dev\system\CodeIgniter.php(308): CodeIgniter\CodeIgniter->handleRequest(NULL, Object(Config\Cache), false)
#6 C:\xampp\htdocs\dev\public\index.php(45): CodeIgniter\CodeIgniter->run()
#7 {main}
CRITICAL - 2020-06-06 13:00:29 --> Argument 3 passed to set_select() must be of the type bool, null given, called in C:\xampp\htdocs\dev\app\Views\editdispatchboard.php on line 31
#0 C:\xampp\htdocs\dev\app\Views\editdispatchboard.php(31): set_select('status', 'Negotiations', NULL)
#1 C:\xampp\htdocs\dev\system\View\View.php(246): include('C:\\xampp\\htdocs...')
#2 C:\xampp\htdocs\dev\system\Common.php(1087): CodeIgniter\View\View->render('editdispatchboa...', Array, true)
#3 C:\xampp\htdocs\dev\app\Controllers\Dispatchers.php(111): view('editdispatchboa...', Array)
#4 C:\xampp\htdocs\dev\system\CodeIgniter.php(914): App\Controllers\Dispatchers->editdispatchboard('19')
#5 C:\xampp\htdocs\dev\system\CodeIgniter.php(400): CodeIgniter\CodeIgniter->runController(Object(App\Controllers\Dispatchers))
#6 C:\xampp\htdocs\dev\system\CodeIgniter.php(308): CodeIgniter\CodeIgniter->handleRequest(NULL, Object(Config\Cache), false)
#7 C:\xampp\htdocs\dev\public\index.php(45): CodeIgniter\CodeIgniter->run()
#8 {main}
CRITICAL - 2020-06-06 16:34:04 --> Invalid file: {0}
#0 C:\xampp\htdocs\dev\system\View\View.php(228): CodeIgniter\Exceptions\FrameworkException::forInvalidFile('templates/heade...')
#1 C:\xampp\htdocs\dev\system\Common.php(1087): CodeIgniter\View\View->render('templates/heade...', Array, true)
#2 C:\xampp\htdocs\dev\app\Controllers\Users.php(59): view('templates/heade...', Array)
#3 C:\xampp\htdocs\dev\system\CodeIgniter.php(914): App\Controllers\Users->index()
#4 C:\xampp\htdocs\dev\system\CodeIgniter.php(400): CodeIgniter\CodeIgniter->runController(Object(App\Controllers\Users))
#5 C:\xampp\htdocs\dev\system\CodeIgniter.php(308): CodeIgniter\CodeIgniter->handleRequest(NULL, Object(Config\Cache), false)
#6 C:\xampp\htdocs\dev\public\index.php(45): CodeIgniter\CodeIgniter->run()
#7 {main}
CRITICAL - 2020-06-06 16:36:23 --> Invalid file: {0}
#0 C:\xampp\htdocs\dev\system\View\View.php(228): CodeIgniter\Exceptions\FrameworkException::forInvalidFile('templates/heade...')
#1 C:\xampp\htdocs\dev\system\Common.php(1087): CodeIgniter\View\View->render('templates/heade...', Array, true)
#2 C:\xampp\htdocs\dev\app\Controllers\Users.php(59): view('templates/heade...', Array)
#3 C:\xampp\htdocs\dev\system\CodeIgniter.php(914): App\Controllers\Users->index()
#4 C:\xampp\htdocs\dev\system\CodeIgniter.php(400): CodeIgniter\CodeIgniter->runController(Object(App\Controllers\Users))
#5 C:\xampp\htdocs\dev\system\CodeIgniter.php(308): CodeIgniter\CodeIgniter->handleRequest(NULL, Object(Config\Cache), false)
#6 C:\xampp\htdocs\dev\public\index.php(45): CodeIgniter\CodeIgniter->run()
#7 {main}
CRITICAL - 2020-06-06 16:38:16 --> Invalid file: {0}
#0 C:\xampp\htdocs\dev\system\View\View.php(228): CodeIgniter\Exceptions\FrameworkException::forInvalidFile('templates/heade...')
#1 C:\xampp\htdocs\dev\system\Common.php(1087): CodeIgniter\View\View->render('templates/heade...', Array, true)
#2 C:\xampp\htdocs\dev\app\Controllers\Users.php(59): view('templates/heade...', Array)
#3 C:\xampp\htdocs\dev\system\CodeIgniter.php(914): App\Controllers\Users->index()
#4 C:\xampp\htdocs\dev\system\CodeIgniter.php(400): CodeIgniter\CodeIgniter->runController(Object(App\Controllers\Users))
#5 C:\xampp\htdocs\dev\system\CodeIgniter.php(308): CodeIgniter\CodeIgniter->handleRequest(NULL, Object(Config\Cache), false)
#6 C:\xampp\htdocs\dev\public\index.php(45): CodeIgniter\CodeIgniter->run()
#7 {main}
CRITICAL - 2020-06-06 16:38:58 --> Invalid file: {0}
#0 C:\xampp\htdocs\dev\system\View\View.php(228): CodeIgniter\Exceptions\FrameworkException::forInvalidFile('templates/heade...')
#1 C:\xampp\htdocs\dev\system\Common.php(1087): CodeIgniter\View\View->render('templates/heade...', Array, true)
#2 C:\xampp\htdocs\dev\app\Controllers\Users.php(59): view('templates/heade...', Array)
#3 C:\xampp\htdocs\dev\system\CodeIgniter.php(914): App\Controllers\Users->index()
#4 C:\xampp\htdocs\dev\system\CodeIgniter.php(400): CodeIgniter\CodeIgniter->runController(Object(App\Controllers\Users))
#5 C:\xampp\htdocs\dev\system\CodeIgniter.php(308): CodeIgniter\CodeIgniter->handleRequest(NULL, Object(Config\Cache), false)
#6 C:\xampp\htdocs\dev\public\index.php(45): CodeIgniter\CodeIgniter->run()
#7 {main}
CRITICAL - 2020-06-06 16:42:46 --> Invalid file: {0}
#0 C:\xampp\htdocs\dev\system\View\View.php(228): CodeIgniter\Exceptions\FrameworkException::forInvalidFile('templates/heade...')
#1 C:\xampp\htdocs\dev\system\Common.php(1087): CodeIgniter\View\View->render('templates/heade...', Array, true)
#2 C:\xampp\htdocs\dev\app\Controllers\Users.php(59): view('templates/heade...', Array)
#3 C:\xampp\htdocs\dev\system\CodeIgniter.php(914): App\Controllers\Users->index()
#4 C:\xampp\htdocs\dev\system\CodeIgniter.php(400): CodeIgniter\CodeIgniter->runController(Object(App\Controllers\Users))
#5 C:\xampp\htdocs\dev\system\CodeIgniter.php(308): CodeIgniter\CodeIgniter->handleRequest(NULL, Object(Config\Cache), false)
#6 C:\xampp\htdocs\dev\public\index.php(45): CodeIgniter\CodeIgniter->run()
#7 {main}
CRITICAL - 2020-06-06 16:45:05 --> Invalid file: {0}
#0 C:\xampp\htdocs\dev\system\View\View.php(228): CodeIgniter\Exceptions\FrameworkException::forInvalidFile('templates/heade...')
#1 C:\xampp\htdocs\dev\system\Common.php(1087): CodeIgniter\View\View->render('templates/heade...', Array, true)
#2 C:\xampp\htdocs\dev\app\Controllers\Users.php(59): view('templates/heade...', Array)
#3 C:\xampp\htdocs\dev\system\CodeIgniter.php(914): App\Controllers\Users->index()
#4 C:\xampp\htdocs\dev\system\CodeIgniter.php(400): CodeIgniter\CodeIgniter->runController(Object(App\Controllers\Users))
#5 C:\xampp\htdocs\dev\system\CodeIgniter.php(308): CodeIgniter\CodeIgniter->handleRequest(NULL, Object(Config\Cache), false)
#6 C:\xampp\htdocs\dev\public\index.php(45): CodeIgniter\CodeIgniter->run()
#7 {main}
CRITICAL - 2020-06-06 16:45:21 --> Invalid file: {0}
#0 C:\xampp\htdocs\dev\system\View\View.php(228): CodeIgniter\Exceptions\FrameworkException::forInvalidFile('templates/heade...')
#1 C:\xampp\htdocs\dev\system\Common.php(1087): CodeIgniter\View\View->render('templates/heade...', Array, true)
#2 C:\xampp\htdocs\dev\app\Controllers\Users.php(59): view('templates/heade...', Array)
#3 C:\xampp\htdocs\dev\system\CodeIgniter.php(914): App\Controllers\Users->index()
#4 C:\xampp\htdocs\dev\system\CodeIgniter.php(400): CodeIgniter\CodeIgniter->runController(Object(App\Controllers\Users))
#5 C:\xampp\htdocs\dev\system\CodeIgniter.php(308): CodeIgniter\CodeIgniter->handleRequest(NULL, Object(Config\Cache), false)
#6 C:\xampp\htdocs\dev\public\index.php(45): CodeIgniter\CodeIgniter->run()
#7 {main}
CRITICAL - 2020-06-06 16:47:57 --> Invalid file: {0}
#0 C:\xampp\htdocs\dev\system\View\View.php(228): CodeIgniter\Exceptions\FrameworkException::forInvalidFile('templates/heade...')
#1 C:\xampp\htdocs\dev\system\Common.php(1087): CodeIgniter\View\View->render('templates/heade...', Array, true)
#2 C:\xampp\htdocs\dev\app\Controllers\Users.php(59): view('templates/heade...', Array)
#3 C:\xampp\htdocs\dev\system\CodeIgniter.php(914): App\Controllers\Users->index()
#4 C:\xampp\htdocs\dev\system\CodeIgniter.php(400): CodeIgniter\CodeIgniter->runController(Object(App\Controllers\Users))
#5 C:\xampp\htdocs\dev\system\CodeIgniter.php(308): CodeIgniter\CodeIgniter->handleRequest(NULL, Object(Config\Cache), false)
#6 C:\xampp\htdocs\dev\public\index.php(45): CodeIgniter\CodeIgniter->run()
#7 {main}
CRITICAL - 2020-06-06 16:49:51 --> Invalid file: {0}
#0 C:\xampp\htdocs\dev\system\View\View.php(228): CodeIgniter\Exceptions\FrameworkException::forInvalidFile('templates/heade...')
#1 C:\xampp\htdocs\dev\system\Common.php(1087): CodeIgniter\View\View->render('templates/heade...', Array, true)
#2 C:\xampp\htdocs\dev\app\Controllers\Users.php(130): view('templates/heade...', Array)
#3 C:\xampp\htdocs\dev\system\CodeIgniter.php(914): App\Controllers\Users->register()
#4 C:\xampp\htdocs\dev\system\CodeIgniter.php(400): CodeIgniter\CodeIgniter->runController(Object(App\Controllers\Users))
#5 C:\xampp\htdocs\dev\system\CodeIgniter.php(308): CodeIgniter\CodeIgniter->handleRequest(NULL, Object(Config\Cache), false)
#6 C:\xampp\htdocs\dev\public\index.php(45): CodeIgniter\CodeIgniter->run()
#7 {main}
CRITICAL - 2020-06-06 16:51:51 --> Invalid file: {0}
#0 C:\xampp\htdocs\dev\system\View\View.php(228): CodeIgniter\Exceptions\FrameworkException::forInvalidFile('templates/heade...')
#1 C:\xampp\htdocs\dev\system\Common.php(1087): CodeIgniter\View\View->render('templates/heade...', Array, true)
#2 C:\xampp\htdocs\dev\app\Controllers\Users.php(130): view('templates/heade...', Array)
#3 C:\xampp\htdocs\dev\system\CodeIgniter.php(914): App\Controllers\Users->register()
#4 C:\xampp\htdocs\dev\system\CodeIgniter.php(400): CodeIgniter\CodeIgniter->runController(Object(App\Controllers\Users))
#5 C:\xampp\htdocs\dev\system\CodeIgniter.php(308): CodeIgniter\CodeIgniter->handleRequest(NULL, Object(Config\Cache), false)
#6 C:\xampp\htdocs\dev\public\index.php(45): CodeIgniter\CodeIgniter->run()
#7 {main}
CRITICAL - 2020-06-06 23:36:07 --> Unknown column 'usernameUsers' in 'where clause'
#0 C:\xampp\htdocs\dev\system\Database\MySQLi\Connection.php(331): mysqli->query('SELECT *\nFROM `...')
#1 C:\xampp\htdocs\dev\system\Database\BaseConnection.php(738): CodeIgniter\Database\MySQLi\Connection->execute('SELECT *\nFROM `...')
#2 C:\xampp\htdocs\dev\system\Database\BaseConnection.php(666): CodeIgniter\Database\BaseConnection->simpleQuery('SELECT *\nFROM `...')
#3 C:\xampp\htdocs\dev\system\Database\BaseBuilder.php(1845): CodeIgniter\Database\BaseConnection->query('SELECT *\nFROM `...', Array, false)
#4 C:\xampp\htdocs\dev\system\Model.php(489): CodeIgniter\Database\BaseBuilder->get()
#5 C:\xampp\htdocs\dev\app\Validation\UserRules.php(16): CodeIgniter\Model->first()
#6 C:\xampp\htdocs\dev\system\Validation\Validation.php(294): App\Validation\UserRules->validateUser('kyledavis', 'email,password', Array, NULL)
#7 C:\xampp\htdocs\dev\system\Validation\Validation.php(189): CodeIgniter\Validation\Validation->processRules('password', 'password', 'kyledavis', Array, Array)
#8 C:\xampp\htdocs\dev\system\Controller.php(219): CodeIgniter\Validation\Validation->run()
#9 C:\xampp\htdocs\dev\app\Controllers\Users.php(27): CodeIgniter\Controller->validate(Array, Array)
#10 C:\xampp\htdocs\dev\system\CodeIgniter.php(914): App\Controllers\Users->index()
#11 C:\xampp\htdocs\dev\system\CodeIgniter.php(400): CodeIgniter\CodeIgniter->runController(Object(App\Controllers\Users))
#12 C:\xampp\htdocs\dev\system\CodeIgniter.php(308): CodeIgniter\CodeIgniter->handleRequest(NULL, Object(Config\Cache), false)
#13 C:\xampp\htdocs\dev\public\index.php(45): CodeIgniter\CodeIgniter->run()
#14 {main}
CRITICAL - 2020-06-06 23:41:30 --> Unknown column 'usernameUsers' in 'where clause'
#0 C:\xampp\htdocs\dev\system\Database\MySQLi\Connection.php(331): mysqli->query('SELECT *\nFROM `...')
#1 C:\xampp\htdocs\dev\system\Database\BaseConnection.php(738): CodeIgniter\Database\MySQLi\Connection->execute('SELECT *\nFROM `...')
#2 C:\xampp\htdocs\dev\system\Database\BaseConnection.php(666): CodeIgniter\Database\BaseConnection->simpleQuery('SELECT *\nFROM `...')
#3 C:\xampp\htdocs\dev\system\Database\BaseBuilder.php(1845): CodeIgniter\Database\BaseConnection->query('SELECT *\nFROM `...', Array, false)
#4 C:\xampp\htdocs\dev\system\Model.php(489): CodeIgniter\Database\BaseBuilder->get()
#5 C:\xampp\htdocs\dev\app\Validation\UserRules.php(16): CodeIgniter\Model->first()
#6 C:\xampp\htdocs\dev\system\Validation\Validation.php(294): App\Validation\UserRules->validateUser('kyledavis', 'email,password', Array, NULL)
#7 C:\xampp\htdocs\dev\system\Validation\Validation.php(189): CodeIgniter\Validation\Validation->processRules('password', 'password', 'kyledavis', Array, Array)
#8 C:\xampp\htdocs\dev\system\Controller.php(219): CodeIgniter\Validation\Validation->run()
#9 C:\xampp\htdocs\dev\app\Controllers\Users.php(27): CodeIgniter\Controller->validate(Array, Array)
#10 C:\xampp\htdocs\dev\system\CodeIgniter.php(914): App\Controllers\Users->index()
#11 C:\xampp\htdocs\dev\system\CodeIgniter.php(400): CodeIgniter\CodeIgniter->runController(Object(App\Controllers\Users))
#12 C:\xampp\htdocs\dev\system\CodeIgniter.php(308): CodeIgniter\CodeIgniter->handleRequest(NULL, Object(Config\Cache), false)
#13 C:\xampp\htdocs\dev\public\index.php(45): CodeIgniter\CodeIgniter->run()
#14 {main}
CRITICAL - 2020-06-06 23:41:45 --> Unknown column 'usernameUsers' in 'where clause'
#0 C:\xampp\htdocs\dev\system\Database\MySQLi\Connection.php(331): mysqli->query('SELECT *\nFROM `...')
#1 C:\xampp\htdocs\dev\system\Database\BaseConnection.php(738): CodeIgniter\Database\MySQLi\Connection->execute('SELECT *\nFROM `...')
#2 C:\xampp\htdocs\dev\system\Database\BaseConnection.php(666): CodeIgniter\Database\BaseConnection->simpleQuery('SELECT *\nFROM `...')
#3 C:\xampp\htdocs\dev\system\Database\BaseBuilder.php(1845): CodeIgniter\Database\BaseConnection->query('SELECT *\nFROM `...', Array, false)
#4 C:\xampp\htdocs\dev\system\Model.php(489): CodeIgniter\Database\BaseBuilder->get()
#5 C:\xampp\htdocs\dev\app\Validation\UserRules.php(16): CodeIgniter\Model->first()
#6 C:\xampp\htdocs\dev\system\Validation\Validation.php(294): App\Validation\UserRules->validateUser('kyledavis', 'email,password', Array, NULL)
#7 C:\xampp\htdocs\dev\system\Validation\Validation.php(189): CodeIgniter\Validation\Validation->processRules('password', 'password', 'kyledavis', Array, Array)
#8 C:\xampp\htdocs\dev\system\Controller.php(219): CodeIgniter\Validation\Validation->run()
#9 C:\xampp\htdocs\dev\app\Controllers\Users.php(27): CodeIgniter\Controller->validate(Array, Array)
#10 C:\xampp\htdocs\dev\system\CodeIgniter.php(914): App\Controllers\Users->index()
#11 C:\xampp\htdocs\dev\system\CodeIgniter.php(400): CodeIgniter\CodeIgniter->runController(Object(App\Controllers\Users))
#12 C:\xampp\htdocs\dev\system\CodeIgniter.php(308): CodeIgniter\CodeIgniter->handleRequest(NULL, Object(Config\Cache), false)
#13 C:\xampp\htdocs\dev\public\index.php(45): CodeIgniter\CodeIgniter->run()
#14 {main}
CRITICAL - 2020-06-06 23:47:22 --> Undefined index: pwdUsers
#0 C:\xampp\htdocs\dev\app\Validation\UserRules.php(21): CodeIgniter\Debug\Exceptions->errorHandler(8, 'Undefined index...', 'C:\\xampp\\htdocs...', 21, Array)
#1 C:\xampp\htdocs\dev\system\Validation\Validation.php(294): App\Validation\UserRules->validateUser('kyledavis', 'email,password', Array, NULL)
#2 C:\xampp\htdocs\dev\system\Validation\Validation.php(189): CodeIgniter\Validation\Validation->processRules('password', 'password', 'kyledavis', Array, Array)
#3 C:\xampp\htdocs\dev\system\Controller.php(219): CodeIgniter\Validation\Validation->run()
#4 C:\xampp\htdocs\dev\app\Controllers\Users.php(27): CodeIgniter\Controller->validate(Array, Array)
#5 C:\xampp\htdocs\dev\system\CodeIgniter.php(914): App\Controllers\Users->index()
#6 C:\xampp\htdocs\dev\system\CodeIgniter.php(400): CodeIgniter\CodeIgniter->runController(Object(App\Controllers\Users))
#7 C:\xampp\htdocs\dev\system\CodeIgniter.php(308): CodeIgniter\CodeIgniter->handleRequest(NULL, Object(Config\Cache), false)
#8 C:\xampp\htdocs\dev\public\index.php(45): CodeIgniter\CodeIgniter->run()
#9 {main}
CRITICAL - 2020-06-06 23:47:45 --> Undefined index: u_fname
#0 C:\xampp\htdocs\dev\app\Controllers\Users.php(71): CodeIgniter\Debug\Exceptions->errorHandler(8, 'Undefined index...', 'C:\\xampp\\htdocs...', 71, Array)
#1 C:\xampp\htdocs\dev\app\Controllers\Users.php(34): App\Controllers\Users->setUserSession(Array)
#2 C:\xampp\htdocs\dev\system\CodeIgniter.php(914): App\Controllers\Users->index()
#3 C:\xampp\htdocs\dev\system\CodeIgniter.php(400): CodeIgniter\CodeIgniter->runController(Object(App\Controllers\Users))
#4 C:\xampp\htdocs\dev\system\CodeIgniter.php(308): CodeIgniter\CodeIgniter->handleRequest(NULL, Object(Config\Cache), false)
#5 C:\xampp\htdocs\dev\public\index.php(45): CodeIgniter\CodeIgniter->run()
#6 {main}
CRITICAL - 2020-06-06 23:50:33 --> Undefined index: unit_num
#0 C:\xampp\htdocs\dev\app\Views\editequipment.php(18): CodeIgniter\Debug\Exceptions->errorHandler(8, 'Undefined index...', 'C:\\xampp\\htdocs...', 18, Array)
#1 C:\xampp\htdocs\dev\system\View\View.php(246): include('C:\\xampp\\htdocs...')
#2 C:\xampp\htdocs\dev\system\Common.php(1087): CodeIgniter\View\View->render('editequipment', Array, true)
#3 C:\xampp\htdocs\dev\app\Controllers\Equipment.php(62): view('editequipment', Array)
#4 C:\xampp\htdocs\dev\system\CodeIgniter.php(914): App\Controllers\Equipment->editequipment('1')
#5 C:\xampp\htdocs\dev\system\CodeIgniter.php(400): CodeIgniter\CodeIgniter->runController(Object(App\Controllers\Equipment))
#6 C:\xampp\htdocs\dev\system\CodeIgniter.php(308): CodeIgniter\CodeIgniter->handleRequest(NULL, Object(Config\Cache), false)
#7 C:\xampp\htdocs\dev\public\index.php(45): CodeIgniter\CodeIgniter->run()
#8 {main}
CRITICAL - 2020-06-06 23:51:30 --> Undefined index: unit_num
#0 C:\xampp\htdocs\dev\app\Views\editequipment.php(18): CodeIgniter\Debug\Exceptions->errorHandler(8, 'Undefined index...', 'C:\\xampp\\htdocs...', 18, Array)
#1 C:\xampp\htdocs\dev\system\View\View.php(246): include('C:\\xampp\\htdocs...')
#2 C:\xampp\htdocs\dev\system\Common.php(1087): CodeIgniter\View\View->render('editequipment', Array, true)
#3 C:\xampp\htdocs\dev\app\Controllers\Equipment.php(62): view('editequipment', Array)
#4 C:\xampp\htdocs\dev\system\CodeIgniter.php(914): App\Controllers\Equipment->editequipment('1')
#5 C:\xampp\htdocs\dev\system\CodeIgniter.php(400): CodeIgniter\CodeIgniter->runController(Object(App\Controllers\Equipment))
#6 C:\xampp\htdocs\dev\system\CodeIgniter.php(308): CodeIgniter\CodeIgniter->handleRequest(NULL, Object(Config\Cache), false)
#7 C:\xampp\htdocs\dev\public\index.php(45): CodeIgniter\CodeIgniter->run()
#8 {main}
CRITICAL - 2020-06-06 23:59:15 --> Undefined index: fname
#0 C:\xampp\htdocs\dev\app\Views\empinfo.php(47): CodeIgniter\Debug\Exceptions->errorHandler(8, 'Undefined index...', 'C:\\xampp\\htdocs...', 47, Array)
#1 C:\xampp\htdocs\dev\system\View\View.php(246): include('C:\\xampp\\htdocs...')
#2 C:\xampp\htdocs\dev\system\Common.php(1087): CodeIgniter\View\View->render('empinfo', Array, true)
#3 C:\xampp\htdocs\dev\app\Controllers\EmpInfo.php(14): view('empinfo', Array)
#4 C:\xampp\htdocs\dev\system\CodeIgniter.php(914): App\Controllers\EmpInfo->empinfo()
#5 C:\xampp\htdocs\dev\system\CodeIgniter.php(400): CodeIgniter\CodeIgniter->runController(Object(App\Controllers\EmpInfo))
#6 C:\xampp\htdocs\dev\system\CodeIgniter.php(308): CodeIgniter\CodeIgniter->handleRequest(NULL, Object(Config\Cache), false)
#7 C:\xampp\htdocs\dev\public\index.php(45): CodeIgniter\CodeIgniter->run()
#8 {main}
