CRITICAL - 2020-05-30 09:13:58 --> Invalid file: {0}
#0 C:\xampp\htdocs\dev\system\View\View.php(228): CodeIgniter\Exceptions\FrameworkException::forInvalidFile('projectloads.ph...')
#1 C:\xampp\htdocs\dev\system\Common.php(1087): CodeIgniter\View\View->render('projectloads', Array, true)
#2 C:\xampp\htdocs\dev\app\Controllers\Dispatchers.php(16): view('projectloads', Array)
#3 C:\xampp\htdocs\dev\system\CodeIgniter.php(914): App\Controllers\Dispatchers->index()
#4 C:\xampp\htdocs\dev\system\CodeIgniter.php(400): CodeIgniter\CodeIgniter->runController(Object(App\Controllers\Dispatchers))
#5 C:\xampp\htdocs\dev\system\CodeIgniter.php(308): CodeIgniter\CodeIgniter->handleRequest(NULL, Object(Config\Cache), false)
#6 C:\xampp\htdocs\dev\public\index.php(45): CodeIgniter\CodeIgniter->run()
#7 {main}
CRITICAL - 2020-05-30 09:15:32 --> Undefined variable: users
#0 C:\xampp\htdocs\dev\app\Views\test.php(29): CodeIgniter\Debug\Exceptions->errorHandler(8, 'Undefined varia...', 'C:\\xampp\\htdocs...', 29, Array)
#1 C:\xampp\htdocs\dev\system\View\View.php(246): include('C:\\xampp\\htdocs...')
#2 C:\xampp\htdocs\dev\system\Common.php(1087): CodeIgniter\View\View->render('test', Array, true)
#3 C:\xampp\htdocs\dev\app\Controllers\Users.php(329): view('test')
#4 C:\xampp\htdocs\dev\system\CodeIgniter.php(914): App\Controllers\Users->test()
#5 C:\xampp\htdocs\dev\system\CodeIgniter.php(400): CodeIgniter\CodeIgniter->runController(Object(App\Controllers\Users))
#6 C:\xampp\htdocs\dev\system\CodeIgniter.php(308): CodeIgniter\CodeIgniter->handleRequest(NULL, Object(Config\Cache), false)
#7 C:\xampp\htdocs\dev\public\index.php(45): CodeIgniter\CodeIgniter->run()
#8 {main}
CRITICAL - 2020-05-30 09:15:39 --> Invalid file: {0}
#0 C:\xampp\htdocs\dev\system\View\View.php(228): CodeIgniter\Exceptions\FrameworkException::forInvalidFile('projectloads.ph...')
#1 C:\xampp\htdocs\dev\system\Common.php(1087): CodeIgniter\View\View->render('projectloads', Array, true)
#2 C:\xampp\htdocs\dev\app\Controllers\Dispatchers.php(16): view('projectloads', Array)
#3 C:\xampp\htdocs\dev\system\CodeIgniter.php(914): App\Controllers\Dispatchers->index()
#4 C:\xampp\htdocs\dev\system\CodeIgniter.php(400): CodeIgniter\CodeIgniter->runController(Object(App\Controllers\Dispatchers))
#5 C:\xampp\htdocs\dev\system\CodeIgniter.php(308): CodeIgniter\CodeIgniter->handleRequest(NULL, Object(Config\Cache), false)
#6 C:\xampp\htdocs\dev\public\index.php(45): CodeIgniter\CodeIgniter->run()
#7 {main}
CRITICAL - 2020-05-30 09:15:44 --> Undefined variable: users
#0 C:\xampp\htdocs\dev\app\Views\test.php(29): CodeIgniter\Debug\Exceptions->errorHandler(8, 'Undefined varia...', 'C:\\xampp\\htdocs...', 29, Array)
#1 C:\xampp\htdocs\dev\system\View\View.php(246): include('C:\\xampp\\htdocs...')
#2 C:\xampp\htdocs\dev\system\Common.php(1087): CodeIgniter\View\View->render('test', Array, true)
#3 C:\xampp\htdocs\dev\app\Controllers\Users.php(329): view('test')
#4 C:\xampp\htdocs\dev\system\CodeIgniter.php(914): App\Controllers\Users->test()
#5 C:\xampp\htdocs\dev\system\CodeIgniter.php(400): CodeIgniter\CodeIgniter->runController(Object(App\Controllers\Users))
#6 C:\xampp\htdocs\dev\system\CodeIgniter.php(308): CodeIgniter\CodeIgniter->handleRequest(NULL, Object(Config\Cache), false)
#7 C:\xampp\htdocs\dev\public\index.php(45): CodeIgniter\CodeIgniter->run()
#8 {main}
CRITICAL - 2020-05-30 10:19:23 --> Invalid file: {0}
#0 C:\xampp\htdocs\dev\system\View\View.php(228): CodeIgniter\Exceptions\FrameworkException::forInvalidFile('projectloads.ph...')
#1 C:\xampp\htdocs\dev\system\Common.php(1087): CodeIgniter\View\View->render('projectloads', Array, true)
#2 C:\xampp\htdocs\dev\app\Controllers\Dispatchers.php(16): view('projectloads', Array)
#3 C:\xampp\htdocs\dev\system\CodeIgniter.php(914): App\Controllers\Dispatchers->dispatchers()
#4 C:\xampp\htdocs\dev\system\CodeIgniter.php(400): CodeIgniter\CodeIgniter->runController(Object(App\Controllers\Dispatchers))
#5 C:\xampp\htdocs\dev\system\CodeIgniter.php(308): CodeIgniter\CodeIgniter->handleRequest(NULL, Object(Config\Cache), false)
#6 C:\xampp\htdocs\dev\public\index.php(45): CodeIgniter\CodeIgniter->run()
#7 {main}
CRITICAL - 2020-05-30 10:35:29 --> Call to undefined method CodeIgniter\View\View::extends()
#0 C:\xampp\htdocs\dev\system\View\View.php(246): include()
#1 C:\xampp\htdocs\dev\system\Common.php(1087): CodeIgniter\View\View->render('dispatchers', Array, true)
#2 C:\xampp\htdocs\dev\app\Controllers\Dispatchers.php(16): view('dispatchers', Array)
#3 C:\xampp\htdocs\dev\system\CodeIgniter.php(914): App\Controllers\Dispatchers->dispatchers()
#4 C:\xampp\htdocs\dev\system\CodeIgniter.php(400): CodeIgniter\CodeIgniter->runController(Object(App\Controllers\Dispatchers))
#5 C:\xampp\htdocs\dev\system\CodeIgniter.php(308): CodeIgniter\CodeIgniter->handleRequest(NULL, Object(Config\Cache), false)
#6 C:\xampp\htdocs\dev\public\index.php(45): CodeIgniter\CodeIgniter->run()
#7 {main}
CRITICAL - 2020-05-30 10:38:40 --> Call to undefined method CodeIgniter\View\View::extends()
#0 C:\xampp\htdocs\dev\system\View\View.php(246): include()
#1 C:\xampp\htdocs\dev\system\Common.php(1087): CodeIgniter\View\View->render('dispatchers', Array, true)
#2 C:\xampp\htdocs\dev\app\Controllers\Dispatchers.php(16): view('dispatchers', Array)
#3 C:\xampp\htdocs\dev\system\CodeIgniter.php(914): App\Controllers\Dispatchers->dispatchers()
#4 C:\xampp\htdocs\dev\system\CodeIgniter.php(400): CodeIgniter\CodeIgniter->runController(Object(App\Controllers\Dispatchers))
#5 C:\xampp\htdocs\dev\system\CodeIgniter.php(308): CodeIgniter\CodeIgniter->handleRequest(NULL, Object(Config\Cache), false)
#6 C:\xampp\htdocs\dev\public\index.php(45): CodeIgniter\CodeIgniter->run()
#7 {main}
CRITICAL - 2020-05-30 10:54:09 --> Class 'App\Controllers\UserModel' not found
#0 C:\xampp\htdocs\dev\system\CodeIgniter.php(914): App\Controllers\Dispatchers->edit('1')
#1 C:\xampp\htdocs\dev\system\CodeIgniter.php(400): CodeIgniter\CodeIgniter->runController(Object(App\Controllers\Dispatchers))
#2 C:\xampp\htdocs\dev\system\CodeIgniter.php(308): CodeIgniter\CodeIgniter->handleRequest(NULL, Object(Config\Cache), false)
#3 C:\xampp\htdocs\dev\public\index.php(45): CodeIgniter\CodeIgniter->run()
#4 {main}
CRITICAL - 2020-05-30 10:54:57 --> Invalid file: {0}
#0 C:\xampp\htdocs\dev\system\View\View.php(228): CodeIgniter\Exceptions\FrameworkException::forInvalidFile('public/index.ph...')
#1 C:\xampp\htdocs\dev\system\Common.php(1087): CodeIgniter\View\View->render('public/index.ph...', Array, true)
#2 C:\xampp\htdocs\dev\app\Controllers\Dispatchers.php(51): view('public/index.ph...', Array)
#3 C:\xampp\htdocs\dev\system\CodeIgniter.php(914): App\Controllers\Dispatchers->edit('1')
#4 C:\xampp\htdocs\dev\system\CodeIgniter.php(400): CodeIgniter\CodeIgniter->runController(Object(App\Controllers\Dispatchers))
#5 C:\xampp\htdocs\dev\system\CodeIgniter.php(308): CodeIgniter\CodeIgniter->handleRequest(NULL, Object(Config\Cache), false)
#6 C:\xampp\htdocs\dev\public\index.php(45): CodeIgniter\CodeIgniter->run()
#7 {main}
CRITICAL - 2020-05-30 11:02:06 --> Invalid file: {0}
#0 C:\xampp\htdocs\dev\system\View\View.php(228): CodeIgniter\Exceptions\FrameworkException::forInvalidFile('/edituser.php')
#1 C:\xampp\htdocs\dev\system\Common.php(1087): CodeIgniter\View\View->render('/edituser', Array, true)
#2 C:\xampp\htdocs\dev\app\Controllers\Dispatchers.php(51): view('/edituser', Array)
#3 C:\xampp\htdocs\dev\system\CodeIgniter.php(914): App\Controllers\Dispatchers->edit('1')
#4 C:\xampp\htdocs\dev\system\CodeIgniter.php(400): CodeIgniter\CodeIgniter->runController(Object(App\Controllers\Dispatchers))
#5 C:\xampp\htdocs\dev\system\CodeIgniter.php(308): CodeIgniter\CodeIgniter->handleRequest(NULL, Object(Config\Cache), false)
#6 C:\xampp\htdocs\dev\public\index.php(45): CodeIgniter\CodeIgniter->run()
#7 {main}
CRITICAL - 2020-05-30 11:02:23 --> Invalid file: {0}
#0 C:\xampp\htdocs\dev\system\View\View.php(228): CodeIgniter\Exceptions\FrameworkException::forInvalidFile('/edituser.php')
#1 C:\xampp\htdocs\dev\system\Common.php(1087): CodeIgniter\View\View->render('/edituser', Array, true)
#2 C:\xampp\htdocs\dev\app\Controllers\Dispatchers.php(51): view('/edituser', Array)
#3 C:\xampp\htdocs\dev\system\CodeIgniter.php(914): App\Controllers\Dispatchers->edit('1')
#4 C:\xampp\htdocs\dev\system\CodeIgniter.php(400): CodeIgniter\CodeIgniter->runController(Object(App\Controllers\Dispatchers))
#5 C:\xampp\htdocs\dev\system\CodeIgniter.php(308): CodeIgniter\CodeIgniter->handleRequest(NULL, Object(Config\Cache), false)
#6 C:\xampp\htdocs\dev\public\index.php(45): CodeIgniter\CodeIgniter->run()
#7 {main}
CRITICAL - 2020-05-30 11:02:31 --> Invalid file: {0}
#0 C:\xampp\htdocs\dev\system\View\View.php(228): CodeIgniter\Exceptions\FrameworkException::forInvalidFile('edituser.php')
#1 C:\xampp\htdocs\dev\system\Common.php(1087): CodeIgniter\View\View->render('edituser', Array, true)
#2 C:\xampp\htdocs\dev\app\Controllers\Dispatchers.php(51): view('edituser', Array)
#3 C:\xampp\htdocs\dev\system\CodeIgniter.php(914): App\Controllers\Dispatchers->edit('1')
#4 C:\xampp\htdocs\dev\system\CodeIgniter.php(400): CodeIgniter\CodeIgniter->runController(Object(App\Controllers\Dispatchers))
#5 C:\xampp\htdocs\dev\system\CodeIgniter.php(308): CodeIgniter\CodeIgniter->handleRequest(NULL, Object(Config\Cache), false)
#6 C:\xampp\htdocs\dev\public\index.php(45): CodeIgniter\CodeIgniter->run()
#7 {main}
CRITICAL - 2020-05-30 11:03:23 --> Undefined variable: user
#0 C:\xampp\htdocs\dev\app\Views\edituser.php(25): CodeIgniter\Debug\Exceptions->errorHandler(8, 'Undefined varia...', 'C:\\xampp\\htdocs...', 25, Array)
#1 C:\xampp\htdocs\dev\system\View\View.php(246): include('C:\\xampp\\htdocs...')
#2 C:\xampp\htdocs\dev\system\Common.php(1087): CodeIgniter\View\View->render('edituser', Array, true)
#3 C:\xampp\htdocs\dev\app\Controllers\Dispatchers.php(51): view('edituser', Array)
#4 C:\xampp\htdocs\dev\system\CodeIgniter.php(914): App\Controllers\Dispatchers->edit('1')
#5 C:\xampp\htdocs\dev\system\CodeIgniter.php(400): CodeIgniter\CodeIgniter->runController(Object(App\Controllers\Dispatchers))
#6 C:\xampp\htdocs\dev\system\CodeIgniter.php(308): CodeIgniter\CodeIgniter->handleRequest(NULL, Object(Config\Cache), false)
#7 C:\xampp\htdocs\dev\public\index.php(45): CodeIgniter\CodeIgniter->run()
#8 {main}
CRITICAL - 2020-05-30 11:16:19 --> Trying to access array offset on value of type null
#0 C:\xampp\htdocs\dev\app\Views\edituser.php(26): CodeIgniter\Debug\Exceptions->errorHandler(8, 'Trying to acces...', 'C:\\xampp\\htdocs...', 26, Array)
#1 C:\xampp\htdocs\dev\system\View\View.php(246): include('C:\\xampp\\htdocs...')
#2 C:\xampp\htdocs\dev\system\Common.php(1087): CodeIgniter\View\View->render('edituser', Array, true)
#3 C:\xampp\htdocs\dev\app\Controllers\Dispatchers.php(51): view('edituser', Array)
#4 C:\xampp\htdocs\dev\system\CodeIgniter.php(914): App\Controllers\Dispatchers->edit('dispatchers', 'update')
#5 C:\xampp\htdocs\dev\system\CodeIgniter.php(400): CodeIgniter\CodeIgniter->runController(Object(App\Controllers\Dispatchers))
#6 C:\xampp\htdocs\dev\system\CodeIgniter.php(308): CodeIgniter\CodeIgniter->handleRequest(NULL, Object(Config\Cache), false)
#7 C:\xampp\htdocs\dev\public\index.php(45): CodeIgniter\CodeIgniter->run()
#8 {main}
CRITICAL - 2020-05-30 11:20:03 --> Trying to access array offset on value of type null
#0 C:\xampp\htdocs\dev\app\Views\edituser.php(26): CodeIgniter\Debug\Exceptions->errorHandler(8, 'Trying to acces...', 'C:\\xampp\\htdocs...', 26, Array)
#1 C:\xampp\htdocs\dev\system\View\View.php(246): include('C:\\xampp\\htdocs...')
#2 C:\xampp\htdocs\dev\system\Common.php(1087): CodeIgniter\View\View->render('edituser', Array, true)
#3 C:\xampp\htdocs\dev\app\Controllers\Dispatchers.php(51): view('edituser', Array)
#4 C:\xampp\htdocs\dev\system\CodeIgniter.php(914): App\Controllers\Dispatchers->edit('dispatchers', 'update')
#5 C:\xampp\htdocs\dev\system\CodeIgniter.php(400): CodeIgniter\CodeIgniter->runController(Object(App\Controllers\Dispatchers))
#6 C:\xampp\htdocs\dev\system\CodeIgniter.php(308): CodeIgniter\CodeIgniter->handleRequest(NULL, Object(Config\Cache), false)
#7 C:\xampp\htdocs\dev\public\index.php(45): CodeIgniter\CodeIgniter->run()
#8 {main}
CRITICAL - 2020-05-30 11:28:17 --> Invalid file: {0}
#0 C:\xampp\htdocs\dev\system\View\View.php(228): CodeIgniter\Exceptions\FrameworkException::forInvalidFile('create-user.php')
#1 C:\xampp\htdocs\dev\system\Common.php(1087): CodeIgniter\View\View->render('create-user', Array, true)
#2 C:\xampp\htdocs\dev\app\Controllers\Dispatchers.php(23): view('create-user')
#3 C:\xampp\htdocs\dev\system\CodeIgniter.php(914): App\Controllers\Dispatchers->create()
#4 C:\xampp\htdocs\dev\system\CodeIgniter.php(400): CodeIgniter\CodeIgniter->runController(Object(App\Controllers\Dispatchers))
#5 C:\xampp\htdocs\dev\system\CodeIgniter.php(308): CodeIgniter\CodeIgniter->handleRequest(NULL, Object(Config\Cache), false)
#6 C:\xampp\htdocs\dev\public\index.php(45): CodeIgniter\CodeIgniter->run()
#7 {main}
CRITICAL - 2020-05-30 11:29:20 --> Invalid file: {0}
#0 C:\xampp\htdocs\dev\system\View\View.php(228): CodeIgniter\Exceptions\FrameworkException::forInvalidFile('createuser.php')
#1 C:\xampp\htdocs\dev\system\Common.php(1087): CodeIgniter\View\View->render('createuser', Array, true)
#2 C:\xampp\htdocs\dev\app\Controllers\Dispatchers.php(23): view('createuser')
#3 C:\xampp\htdocs\dev\system\CodeIgniter.php(914): App\Controllers\Dispatchers->create()
#4 C:\xampp\htdocs\dev\system\CodeIgniter.php(400): CodeIgniter\CodeIgniter->runController(Object(App\Controllers\Dispatchers))
#5 C:\xampp\htdocs\dev\system\CodeIgniter.php(308): CodeIgniter\CodeIgniter->handleRequest(NULL, Object(Config\Cache), false)
#6 C:\xampp\htdocs\dev\public\index.php(45): CodeIgniter\CodeIgniter->run()
#7 {main}
CRITICAL - 2020-05-30 12:07:20 --> Trying to access array offset on value of type null
#0 C:\xampp\htdocs\dev\system\Model.php(863): CodeIgniter\Debug\Exceptions->errorHandler(8, 'Trying to acces...', 'C:\\xampp\\htdocs...', 863, Array)
#1 C:\xampp\htdocs\dev\system\Model.php(553): CodeIgniter\Model->update(Array, Array)
#2 C:\xampp\htdocs\dev\app\Controllers\Users.php(57): CodeIgniter\Model->save(Array)
#3 C:\xampp\htdocs\dev\system\CodeIgniter.php(914): App\Controllers\Users->index()
#4 C:\xampp\htdocs\dev\system\CodeIgniter.php(400): CodeIgniter\CodeIgniter->runController(Object(App\Controllers\Users))
#5 C:\xampp\htdocs\dev\system\CodeIgniter.php(308): CodeIgniter\CodeIgniter->handleRequest(NULL, Object(Config\Cache), false)
#6 C:\xampp\htdocs\dev\public\index.php(45): CodeIgniter\CodeIgniter->run()
#7 {main}
CRITICAL - 2020-05-30 12:10:28 --> Trying to access array offset on value of type null
#0 C:\xampp\htdocs\dev\system\Model.php(863): CodeIgniter\Debug\Exceptions->errorHandler(8, 'Trying to acces...', 'C:\\xampp\\htdocs...', 863, Array)
#1 C:\xampp\htdocs\dev\system\Model.php(553): CodeIgniter\Model->update(Array, Array)
#2 C:\xampp\htdocs\dev\app\Controllers\Users.php(41): CodeIgniter\Model->save(Array)
#3 C:\xampp\htdocs\dev\system\CodeIgniter.php(914): App\Controllers\Users->index()
#4 C:\xampp\htdocs\dev\system\CodeIgniter.php(400): CodeIgniter\CodeIgniter->runController(Object(App\Controllers\Users))
#5 C:\xampp\htdocs\dev\system\CodeIgniter.php(308): CodeIgniter\CodeIgniter->handleRequest(NULL, Object(Config\Cache), false)
#6 C:\xampp\htdocs\dev\public\index.php(45): CodeIgniter\CodeIgniter->run()
#7 {main}
CRITICAL - 2020-05-30 12:10:57 --> Trying to access array offset on value of type null
#0 C:\xampp\htdocs\dev\system\Model.php(863): CodeIgniter\Debug\Exceptions->errorHandler(8, 'Trying to acces...', 'C:\\xampp\\htdocs...', 863, Array)
#1 C:\xampp\htdocs\dev\system\Model.php(553): CodeIgniter\Model->update(Array, Array)
#2 C:\xampp\htdocs\dev\app\Controllers\Users.php(41): CodeIgniter\Model->save(Array)
#3 C:\xampp\htdocs\dev\system\CodeIgniter.php(914): App\Controllers\Users->index()
#4 C:\xampp\htdocs\dev\system\CodeIgniter.php(400): CodeIgniter\CodeIgniter->runController(Object(App\Controllers\Users))
#5 C:\xampp\htdocs\dev\system\CodeIgniter.php(308): CodeIgniter\CodeIgniter->handleRequest(NULL, Object(Config\Cache), false)
#6 C:\xampp\htdocs\dev\public\index.php(45): CodeIgniter\CodeIgniter->run()
#7 {main}
CRITICAL - 2020-05-30 12:13:28 --> Trying to access array offset on value of type null
#0 C:\xampp\htdocs\dev\system\Model.php(863): CodeIgniter\Debug\Exceptions->errorHandler(8, 'Trying to acces...', 'C:\\xampp\\htdocs...', 863, Array)
#1 C:\xampp\htdocs\dev\system\Model.php(553): CodeIgniter\Model->update(Array, Array)
#2 C:\xampp\htdocs\dev\app\Controllers\Users.php(42): CodeIgniter\Model->save(Array)
#3 C:\xampp\htdocs\dev\system\CodeIgniter.php(914): App\Controllers\Users->index()
#4 C:\xampp\htdocs\dev\system\CodeIgniter.php(400): CodeIgniter\CodeIgniter->runController(Object(App\Controllers\Users))
#5 C:\xampp\htdocs\dev\system\CodeIgniter.php(308): CodeIgniter\CodeIgniter->handleRequest(NULL, Object(Config\Cache), false)
#6 C:\xampp\htdocs\dev\public\index.php(45): CodeIgniter\CodeIgniter->run()
#7 {main}
CRITICAL - 2020-05-30 12:15:27 --> Trying to access array offset on value of type null
#0 C:\xampp\htdocs\dev\system\Model.php(728): CodeIgniter\Debug\Exceptions->errorHandler(8, 'Trying to acces...', 'C:\\xampp\\htdocs...', 728, Array)
#1 C:\xampp\htdocs\dev\system\Model.php(557): CodeIgniter\Model->insert(Array, false)
#2 C:\xampp\htdocs\dev\app\Controllers\Users.php(44): CodeIgniter\Model->save(Array)
#3 C:\xampp\htdocs\dev\system\CodeIgniter.php(914): App\Controllers\Users->index()
#4 C:\xampp\htdocs\dev\system\CodeIgniter.php(400): CodeIgniter\CodeIgniter->runController(Object(App\Controllers\Users))
#5 C:\xampp\htdocs\dev\system\CodeIgniter.php(308): CodeIgniter\CodeIgniter->handleRequest(NULL, Object(Config\Cache), false)
#6 C:\xampp\htdocs\dev\public\index.php(45): CodeIgniter\CodeIgniter->run()
#7 {main}
CRITICAL - 2020-05-30 12:19:34 --> Trying to access array offset on value of type null
#0 C:\xampp\htdocs\dev\system\Model.php(863): CodeIgniter\Debug\Exceptions->errorHandler(8, 'Trying to acces...', 'C:\\xampp\\htdocs...', 863, Array)
#1 C:\xampp\htdocs\dev\system\Model.php(553): CodeIgniter\Model->update(Array, Array)
#2 C:\xampp\htdocs\dev\app\Controllers\Users.php(44): CodeIgniter\Model->save(Array)
#3 C:\xampp\htdocs\dev\system\CodeIgniter.php(914): App\Controllers\Users->index()
#4 C:\xampp\htdocs\dev\system\CodeIgniter.php(400): CodeIgniter\CodeIgniter->runController(Object(App\Controllers\Users))
#5 C:\xampp\htdocs\dev\system\CodeIgniter.php(308): CodeIgniter\CodeIgniter->handleRequest(NULL, Object(Config\Cache), false)
#6 C:\xampp\htdocs\dev\public\index.php(45): CodeIgniter\CodeIgniter->run()
#7 {main}
CRITICAL - 2020-05-30 12:23:33 --> Trying to access array offset on value of type null
#0 C:\xampp\htdocs\dev\system\Model.php(863): CodeIgniter\Debug\Exceptions->errorHandler(8, 'Trying to acces...', 'C:\\xampp\\htdocs...', 863, Array)
#1 C:\xampp\htdocs\dev\system\Model.php(553): CodeIgniter\Model->update(Array, Array)
#2 C:\xampp\htdocs\dev\app\Controllers\Users.php(45): CodeIgniter\Model->save(Array)
#3 C:\xampp\htdocs\dev\system\CodeIgniter.php(914): App\Controllers\Users->index()
#4 C:\xampp\htdocs\dev\system\CodeIgniter.php(400): CodeIgniter\CodeIgniter->runController(Object(App\Controllers\Users))
#5 C:\xampp\htdocs\dev\system\CodeIgniter.php(308): CodeIgniter\CodeIgniter->handleRequest(NULL, Object(Config\Cache), false)
#6 C:\xampp\htdocs\dev\public\index.php(45): CodeIgniter\CodeIgniter->run()
#7 {main}
CRITICAL - 2020-05-30 12:27:04 --> Trying to access array offset on value of type null
#0 C:\xampp\htdocs\dev\system\Model.php(863): CodeIgniter\Debug\Exceptions->errorHandler(8, 'Trying to acces...', 'C:\\xampp\\htdocs...', 863, Array)
#1 C:\xampp\htdocs\dev\system\Model.php(553): CodeIgniter\Model->update(Array, Array)
#2 C:\xampp\htdocs\dev\app\Controllers\Users.php(44): CodeIgniter\Model->save(Array)
#3 C:\xampp\htdocs\dev\system\CodeIgniter.php(914): App\Controllers\Users->index()
#4 C:\xampp\htdocs\dev\system\CodeIgniter.php(400): CodeIgniter\CodeIgniter->runController(Object(App\Controllers\Users))
#5 C:\xampp\htdocs\dev\system\CodeIgniter.php(308): CodeIgniter\CodeIgniter->handleRequest(NULL, Object(Config\Cache), false)
#6 C:\xampp\htdocs\dev\public\index.php(45): CodeIgniter\CodeIgniter->run()
#7 {main}
CRITICAL - 2020-05-30 12:29:10 --> syntax error, unexpected 'echo' (T_ECHO)
#0 C:\xampp\htdocs\dev\system\Router\Router.php(192): CodeIgniter\Router\Router->autoRoute('/')
#1 C:\xampp\htdocs\dev\system\CodeIgniter.php(789): CodeIgniter\Router\Router->handle('/')
#2 C:\xampp\htdocs\dev\system\CodeIgniter.php(360): CodeIgniter\CodeIgniter->tryToRouteIt(Object(CodeIgniter\Router\RouteCollection))
#3 C:\xampp\htdocs\dev\system\CodeIgniter.php(308): CodeIgniter\CodeIgniter->handleRequest(NULL, Object(Config\Cache), false)
#4 C:\xampp\htdocs\dev\public\index.php(45): CodeIgniter\CodeIgniter->run()
#5 {main}
CRITICAL - 2020-05-30 13:05:03 --> Trying to access array offset on value of type null
#0 C:\xampp\htdocs\dev\system\Model.php(728): CodeIgniter\Debug\Exceptions->errorHandler(8, 'Trying to acces...', 'C:\\xampp\\htdocs...', 728, Array)
#1 C:\xampp\htdocs\dev\system\Model.php(557): CodeIgniter\Model->insert(Array, false)
#2 C:\xampp\htdocs\dev\app\Controllers\Users.php(117): CodeIgniter\Model->save(Array)
#3 C:\xampp\htdocs\dev\system\CodeIgniter.php(914): App\Controllers\Users->register()
#4 C:\xampp\htdocs\dev\system\CodeIgniter.php(400): CodeIgniter\CodeIgniter->runController(Object(App\Controllers\Users))
#5 C:\xampp\htdocs\dev\system\CodeIgniter.php(308): CodeIgniter\CodeIgniter->handleRequest(NULL, Object(Config\Cache), false)
#6 C:\xampp\htdocs\dev\public\index.php(45): CodeIgniter\CodeIgniter->run()
#7 {main}
CRITICAL - 2020-05-30 13:43:33 --> Class 'App\Controllers\Controller' not found
#0 C:\xampp\htdocs\dev\system\Router\Router.php(575): include_once()
#1 C:\xampp\htdocs\dev\system\Router\Router.php(192): CodeIgniter\Router\Router->autoRoute('dispatchers')
#2 C:\xampp\htdocs\dev\system\CodeIgniter.php(789): CodeIgniter\Router\Router->handle('dispatchers')
#3 C:\xampp\htdocs\dev\system\CodeIgniter.php(360): CodeIgniter\CodeIgniter->tryToRouteIt(Object(CodeIgniter\Router\RouteCollection))
#4 C:\xampp\htdocs\dev\system\CodeIgniter.php(308): CodeIgniter\CodeIgniter->handleRequest(NULL, Object(Config\Cache), false)
#5 C:\xampp\htdocs\dev\public\index.php(45): CodeIgniter\CodeIgniter->run()
#6 {main}
CRITICAL - 2020-05-30 15:31:17 --> Undefined index: type
#0 C:\xampp\htdocs\dev\app\Views\dispatchers.php(29): CodeIgniter\Debug\Exceptions->errorHandler(8, 'Undefined index...', 'C:\\xampp\\htdocs...', 29, Array)
#1 C:\xampp\htdocs\dev\system\View\View.php(246): include('C:\\xampp\\htdocs...')
#2 C:\xampp\htdocs\dev\system\Common.php(1087): CodeIgniter\View\View->render('dispatchers', Array, true)
#3 C:\xampp\htdocs\dev\app\Controllers\Dispatchers.php(16): view('dispatchers', Array)
#4 C:\xampp\htdocs\dev\system\CodeIgniter.php(914): App\Controllers\Dispatchers->index()
#5 C:\xampp\htdocs\dev\system\CodeIgniter.php(400): CodeIgniter\CodeIgniter->runController(Object(App\Controllers\Dispatchers))
#6 C:\xampp\htdocs\dev\system\CodeIgniter.php(308): CodeIgniter\CodeIgniter->handleRequest(NULL, Object(Config\Cache), false)
#7 C:\xampp\htdocs\dev\public\index.php(45): CodeIgniter\CodeIgniter->run()
#8 {main}
CRITICAL - 2020-05-30 16:10:41 --> Undefined index: drop_off_date
#0 C:\xampp\htdocs\dev\app\Views\dispatchers.php(39): CodeIgniter\Debug\Exceptions->errorHandler(8, 'Undefined index...', 'C:\\xampp\\htdocs...', 39, Array)
#1 C:\xampp\htdocs\dev\system\View\View.php(246): include('C:\\xampp\\htdocs...')
#2 C:\xampp\htdocs\dev\system\Common.php(1087): CodeIgniter\View\View->render('dispatchers', Array, true)
#3 C:\xampp\htdocs\dev\app\Controllers\Dispatchers.php(16): view('dispatchers', Array)
#4 C:\xampp\htdocs\dev\system\CodeIgniter.php(914): App\Controllers\Dispatchers->index()
#5 C:\xampp\htdocs\dev\system\CodeIgniter.php(400): CodeIgniter\CodeIgniter->runController(Object(App\Controllers\Dispatchers))
#6 C:\xampp\htdocs\dev\system\CodeIgniter.php(308): CodeIgniter\CodeIgniter->handleRequest(NULL, Object(Config\Cache), false)
#7 C:\xampp\htdocs\dev\public\index.php(45): CodeIgniter\CodeIgniter->run()
#8 {main}
CRITICAL - 2020-05-30 17:51:21 --> Undefined index: notes
#0 C:\xampp\htdocs\dev\app\Views\dispatchers.php(60): CodeIgniter\Debug\Exceptions->errorHandler(8, 'Undefined index...', 'C:\\xampp\\htdocs...', 60, Array)
#1 C:\xampp\htdocs\dev\system\View\View.php(246): include('C:\\xampp\\htdocs...')
#2 C:\xampp\htdocs\dev\system\Common.php(1087): CodeIgniter\View\View->render('dispatchers', Array, true)
#3 C:\xampp\htdocs\dev\app\Controllers\Dispatchers.php(16): view('dispatchers', Array)
#4 C:\xampp\htdocs\dev\system\CodeIgniter.php(914): App\Controllers\Dispatchers->index()
#5 C:\xampp\htdocs\dev\system\CodeIgniter.php(400): CodeIgniter\CodeIgniter->runController(Object(App\Controllers\Dispatchers))
#6 C:\xampp\htdocs\dev\system\CodeIgniter.php(308): CodeIgniter\CodeIgniter->handleRequest(NULL, Object(Config\Cache), false)
#7 C:\xampp\htdocs\dev\public\index.php(45): CodeIgniter\CodeIgniter->run()
#8 {main}
CRITICAL - 2020-05-30 17:58:50 --> Undefined index: email
#0 C:\xampp\htdocs\dev\app\Views\edituser.php(24): CodeIgniter\Debug\Exceptions->errorHandler(8, 'Undefined index...', 'C:\\xampp\\htdocs...', 24, Array)
#1 C:\xampp\htdocs\dev\system\View\View.php(246): include('C:\\xampp\\htdocs...')
#2 C:\xampp\htdocs\dev\system\Common.php(1087): CodeIgniter\View\View->render('edituser', Array, true)
#3 C:\xampp\htdocs\dev\app\Controllers\Dispatchers.php(51): view('edituser', Array)
#4 C:\xampp\htdocs\dev\system\CodeIgniter.php(914): App\Controllers\Dispatchers->edit('10')
#5 C:\xampp\htdocs\dev\system\CodeIgniter.php(400): CodeIgniter\CodeIgniter->runController(Object(App\Controllers\Dispatchers))
#6 C:\xampp\htdocs\dev\system\CodeIgniter.php(308): CodeIgniter\CodeIgniter->handleRequest(NULL, Object(Config\Cache), false)
#7 C:\xampp\htdocs\dev\public\index.php(45): CodeIgniter\CodeIgniter->run()
#8 {main}
