CRITICAL - 2020-06-26 01:49:13 --> Column 'id' in order clause is ambiguous
#0 /home/alexdevg/kyle.alexdev.gr/system/Database/MySQLi/Connection.php(331): mysqli->query('SELECT * FROM c...')
#1 /home/alexdevg/kyle.alexdev.gr/system/Database/BaseConnection.php(738): CodeIgniter\Database\MySQLi\Connection->execute('SELECT * FROM c...')
#2 /home/alexdevg/kyle.alexdev.gr/system/Database/BaseConnection.php(666): CodeIgniter\Database\BaseConnection->simpleQuery('SELECT * FROM c...')
#3 /home/alexdevg/kyle.alexdev.gr/app/Models/CrudModel.php(201): CodeIgniter\Database\BaseConnection->query('SELECT * FROM c...')
#4 /home/alexdevg/kyle.alexdev.gr/app/Libraries/Crud_core.php(138): App\Models\CrudModel->getItems('compinfo', NULL, Object(CodeIgniter\HTTP\IncomingRequest), Array, Array, Array, 0, 20)
#5 /home/alexdevg/kyle.alexdev.gr/app/Controllers/Compinfo.php(73): App\Libraries\Crud_core->view(1, 20, Array, NULL, Array)
#6 /home/alexdevg/kyle.alexdev.gr/system/CodeIgniter.php(914): App\Controllers\Compinfo->index()
#7 /home/alexdevg/kyle.alexdev.gr/system/CodeIgniter.php(400): CodeIgniter\CodeIgniter->runController(Object(App\Controllers\Compinfo))
#8 /home/alexdevg/kyle.alexdev.gr/system/CodeIgniter.php(308): CodeIgniter\CodeIgniter->handleRequest(NULL, Object(Config\Cache), false)
#9 /home/alexdevg/kyle.alexdev.gr/public/index.php(47): CodeIgniter\CodeIgniter->run()
#10 {main}
CRITICAL - 2020-06-26 01:49:37 --> Unknown column 'empinfo.empinfo.id' in 'on clause'
#0 /home/alexdevg/kyle.alexdev.gr/system/Database/MySQLi/Connection.php(331): mysqli->query('SELECT * FROM c...')
#1 /home/alexdevg/kyle.alexdev.gr/system/Database/BaseConnection.php(738): CodeIgniter\Database\MySQLi\Connection->execute('SELECT * FROM c...')
#2 /home/alexdevg/kyle.alexdev.gr/system/Database/BaseConnection.php(666): CodeIgniter\Database\BaseConnection->simpleQuery('SELECT * FROM c...')
#3 /home/alexdevg/kyle.alexdev.gr/app/Models/CrudModel.php(201): CodeIgniter\Database\BaseConnection->query('SELECT * FROM c...')
#4 /home/alexdevg/kyle.alexdev.gr/app/Libraries/Crud_core.php(138): App\Models\CrudModel->getItems('compinfo', NULL, Object(CodeIgniter\HTTP\IncomingRequest), Array, Array, Array, 0, 20)
#5 /home/alexdevg/kyle.alexdev.gr/app/Controllers/Compinfo.php(73): App\Libraries\Crud_core->view(1, 20, Array, NULL, Array)
#6 /home/alexdevg/kyle.alexdev.gr/system/CodeIgniter.php(914): App\Controllers\Compinfo->index()
#7 /home/alexdevg/kyle.alexdev.gr/system/CodeIgniter.php(400): CodeIgniter\CodeIgniter->runController(Object(App\Controllers\Compinfo))
#8 /home/alexdevg/kyle.alexdev.gr/system/CodeIgniter.php(308): CodeIgniter\CodeIgniter->handleRequest(NULL, Object(Config\Cache), false)
#9 /home/alexdevg/kyle.alexdev.gr/public/index.php(47): CodeIgniter\CodeIgniter->run()
#10 {main}
CRITICAL - 2020-06-26 01:49:46 --> Column 'id' in order clause is ambiguous
#0 /home/alexdevg/kyle.alexdev.gr/system/Database/MySQLi/Connection.php(331): mysqli->query('SELECT * FROM c...')
#1 /home/alexdevg/kyle.alexdev.gr/system/Database/BaseConnection.php(738): CodeIgniter\Database\MySQLi\Connection->execute('SELECT * FROM c...')
#2 /home/alexdevg/kyle.alexdev.gr/system/Database/BaseConnection.php(666): CodeIgniter\Database\BaseConnection->simpleQuery('SELECT * FROM c...')
#3 /home/alexdevg/kyle.alexdev.gr/app/Models/CrudModel.php(201): CodeIgniter\Database\BaseConnection->query('SELECT * FROM c...')
#4 /home/alexdevg/kyle.alexdev.gr/app/Libraries/Crud_core.php(138): App\Models\CrudModel->getItems('compinfo', NULL, Object(CodeIgniter\HTTP\IncomingRequest), Array, Array, Array, 0, 20)
#5 /home/alexdevg/kyle.alexdev.gr/app/Controllers/Compinfo.php(73): App\Libraries\Crud_core->view(1, 20, Array, NULL, Array)
#6 /home/alexdevg/kyle.alexdev.gr/system/CodeIgniter.php(914): App\Controllers\Compinfo->index()
#7 /home/alexdevg/kyle.alexdev.gr/system/CodeIgniter.php(400): CodeIgniter\CodeIgniter->runController(Object(App\Controllers\Compinfo))
#8 /home/alexdevg/kyle.alexdev.gr/system/CodeIgniter.php(308): CodeIgniter\CodeIgniter->handleRequest(NULL, Object(Config\Cache), false)
#9 /home/alexdevg/kyle.alexdev.gr/public/index.php(47): CodeIgniter\CodeIgniter->run()
#10 {main}
CRITICAL - 2020-06-26 01:50:03 --> Column 'id' in order clause is ambiguous
#0 /home/alexdevg/kyle.alexdev.gr/system/Database/MySQLi/Connection.php(331): mysqli->query('SELECT * FROM c...')
#1 /home/alexdevg/kyle.alexdev.gr/system/Database/BaseConnection.php(738): CodeIgniter\Database\MySQLi\Connection->execute('SELECT * FROM c...')
#2 /home/alexdevg/kyle.alexdev.gr/system/Database/BaseConnection.php(666): CodeIgniter\Database\BaseConnection->simpleQuery('SELECT * FROM c...')
#3 /home/alexdevg/kyle.alexdev.gr/app/Models/CrudModel.php(201): CodeIgniter\Database\BaseConnection->query('SELECT * FROM c...')
#4 /home/alexdevg/kyle.alexdev.gr/app/Libraries/Crud_core.php(138): App\Models\CrudModel->getItems('compinfo', NULL, Object(CodeIgniter\HTTP\IncomingRequest), Array, Array, Array, 0, 20)
#5 /home/alexdevg/kyle.alexdev.gr/app/Controllers/Compinfo.php(73): App\Libraries\Crud_core->view(1, 20, Array, NULL, Array)
#6 /home/alexdevg/kyle.alexdev.gr/system/CodeIgniter.php(914): App\Controllers\Compinfo->index()
#7 /home/alexdevg/kyle.alexdev.gr/system/CodeIgniter.php(400): CodeIgniter\CodeIgniter->runController(Object(App\Controllers\Compinfo))
#8 /home/alexdevg/kyle.alexdev.gr/system/CodeIgniter.php(308): CodeIgniter\CodeIgniter->handleRequest(NULL, Object(Config\Cache), false)
#9 /home/alexdevg/kyle.alexdev.gr/public/index.php(47): CodeIgniter\CodeIgniter->run()
#10 {main}
CRITICAL - 2020-06-26 01:50:04 --> Column 'id' in order clause is ambiguous
#0 /home/alexdevg/kyle.alexdev.gr/system/Database/MySQLi/Connection.php(331): mysqli->query('SELECT * FROM c...')
#1 /home/alexdevg/kyle.alexdev.gr/system/Database/BaseConnection.php(738): CodeIgniter\Database\MySQLi\Connection->execute('SELECT * FROM c...')
#2 /home/alexdevg/kyle.alexdev.gr/system/Database/BaseConnection.php(666): CodeIgniter\Database\BaseConnection->simpleQuery('SELECT * FROM c...')
#3 /home/alexdevg/kyle.alexdev.gr/app/Models/CrudModel.php(201): CodeIgniter\Database\BaseConnection->query('SELECT * FROM c...')
#4 /home/alexdevg/kyle.alexdev.gr/app/Libraries/Crud_core.php(138): App\Models\CrudModel->getItems('compinfo', NULL, Object(CodeIgniter\HTTP\IncomingRequest), Array, Array, Array, 0, 20)
#5 /home/alexdevg/kyle.alexdev.gr/app/Controllers/Compinfo.php(73): App\Libraries\Crud_core->view(1, 20, Array, NULL, Array)
#6 /home/alexdevg/kyle.alexdev.gr/system/CodeIgniter.php(914): App\Controllers\Compinfo->index()
#7 /home/alexdevg/kyle.alexdev.gr/system/CodeIgniter.php(400): CodeIgniter\CodeIgniter->runController(Object(App\Controllers\Compinfo))
#8 /home/alexdevg/kyle.alexdev.gr/system/CodeIgniter.php(308): CodeIgniter\CodeIgniter->handleRequest(NULL, Object(Config\Cache), false)
#9 /home/alexdevg/kyle.alexdev.gr/public/index.php(47): CodeIgniter\CodeIgniter->run()
#10 {main}
CRITICAL - 2020-06-26 01:51:50 --> Call to undefined method App\Models\CrudModel::getRelationItems()
#0 /home/alexdevg/kyle.alexdev.gr/app/Libraries/Crud.php(17): App\Libraries\Crud_core->parent_form()
#1 /home/alexdevg/kyle.alexdev.gr/app/Controllers/Compinfo.php(85): App\Libraries\Crud->form()
#2 /home/alexdevg/kyle.alexdev.gr/system/CodeIgniter.php(914): App\Controllers\Compinfo->add()
#3 /home/alexdevg/kyle.alexdev.gr/system/CodeIgniter.php(400): CodeIgniter\CodeIgniter->runController(Object(App\Controllers\Compinfo))
#4 /home/alexdevg/kyle.alexdev.gr/system/CodeIgniter.php(308): CodeIgniter\CodeIgniter->handleRequest(NULL, Object(Config\Cache), false)
#5 /home/alexdevg/kyle.alexdev.gr/public/index.php(47): CodeIgniter\CodeIgniter->run()
#6 {main}
CRITICAL - 2020-06-26 01:51:53 --> Call to undefined method App\Models\CrudModel::getRelationItems()
#0 /home/alexdevg/kyle.alexdev.gr/app/Libraries/Crud.php(17): App\Libraries\Crud_core->parent_form()
#1 /home/alexdevg/kyle.alexdev.gr/app/Controllers/Compinfo.php(85): App\Libraries\Crud->form()
#2 /home/alexdevg/kyle.alexdev.gr/system/CodeIgniter.php(914): App\Controllers\Compinfo->add()
#3 /home/alexdevg/kyle.alexdev.gr/system/CodeIgniter.php(400): CodeIgniter\CodeIgniter->runController(Object(App\Controllers\Compinfo))
#4 /home/alexdevg/kyle.alexdev.gr/system/CodeIgniter.php(308): CodeIgniter\CodeIgniter->handleRequest(NULL, Object(Config\Cache), false)
#5 /home/alexdevg/kyle.alexdev.gr/public/index.php(47): CodeIgniter\CodeIgniter->run()
#6 {main}
CRITICAL - 2020-06-26 01:54:45 --> Undefined variable: compinfo
#0 /home/alexdevg/kyle.alexdev.gr/app/Views/compinfo/table.php(49): CodeIgniter\Debug\Exceptions->errorHandler(8, 'Undefined varia...', '/home/alexdevg/...', 49, Array)
#1 /home/alexdevg/kyle.alexdev.gr/system/View/View.php(246): include('/home/alexdevg/...')
#2 /home/alexdevg/kyle.alexdev.gr/system/Common.php(1087): CodeIgniter\View\View->render('compinfo/table', Array, true)
#3 /home/alexdevg/kyle.alexdev.gr/app/Controllers/Compinfo.php(75): view('compinfo/table', Array)
#4 /home/alexdevg/kyle.alexdev.gr/system/CodeIgniter.php(914): App\Controllers\Compinfo->index()
#5 /home/alexdevg/kyle.alexdev.gr/system/CodeIgniter.php(400): CodeIgniter\CodeIgniter->runController(Object(App\Controllers\Compinfo))
#6 /home/alexdevg/kyle.alexdev.gr/system/CodeIgniter.php(308): CodeIgniter\CodeIgniter->handleRequest(NULL, Object(Config\Cache), false)
#7 /home/alexdevg/kyle.alexdev.gr/public/index.php(47): CodeIgniter\CodeIgniter->run()
#8 {main}
CRITICAL - 2020-06-26 02:13:12 --> Too few arguments to function App\Models\CrudModel::getItem(), 2 passed in /home/alexdevg/kyle.alexdev.gr/app/Libraries/Crud_core.php on line 101 and exactly 3 expected
#0 /home/alexdevg/kyle.alexdev.gr/app/Libraries/Crud_core.php(101): App\Models\CrudModel->getItem('equipment', Array)
#1 /home/alexdevg/kyle.alexdev.gr/app/Controllers/Equipment.php(75): App\Libraries\Crud_core->current_values('1')
#2 /home/alexdevg/kyle.alexdev.gr/system/CodeIgniter.php(914): App\Controllers\Equipment->edit('1')
#3 /home/alexdevg/kyle.alexdev.gr/system/CodeIgniter.php(400): CodeIgniter\CodeIgniter->runController(Object(App\Controllers\Equipment))
#4 /home/alexdevg/kyle.alexdev.gr/system/CodeIgniter.php(308): CodeIgniter\CodeIgniter->handleRequest(NULL, Object(Config\Cache), false)
#5 /home/alexdevg/kyle.alexdev.gr/public/index.php(47): CodeIgniter\CodeIgniter->run()
#6 {main}
CRITICAL - 2020-06-26 02:14:30 --> Too few arguments to function App\Models\CrudModel::getItem(), 2 passed in /home/alexdevg/kyle.alexdev.gr/app/Libraries/Crud_core.php on line 101 and exactly 3 expected
#0 /home/alexdevg/kyle.alexdev.gr/app/Libraries/Crud_core.php(101): App\Models\CrudModel->getItem('equipment', Array)
#1 /home/alexdevg/kyle.alexdev.gr/app/Controllers/Equipment.php(75): App\Libraries\Crud_core->current_values('1')
#2 /home/alexdevg/kyle.alexdev.gr/system/CodeIgniter.php(914): App\Controllers\Equipment->edit('1')
#3 /home/alexdevg/kyle.alexdev.gr/system/CodeIgniter.php(400): CodeIgniter\CodeIgniter->runController(Object(App\Controllers\Equipment))
#4 /home/alexdevg/kyle.alexdev.gr/system/CodeIgniter.php(308): CodeIgniter\CodeIgniter->handleRequest(NULL, Object(Config\Cache), false)
#5 /home/alexdevg/kyle.alexdev.gr/public/index.php(47): CodeIgniter\CodeIgniter->run()
#6 {main}
CRITICAL - 2020-06-26 02:30:40 --> Cannot redeclare App\Controllers\Users::index()
#0 [internal function]: CodeIgniter\Debug\Exceptions->shutdownHandler()
#1 {main}
CRITICAL - 2020-06-26 02:30:58 --> Invalid file: users/table.php
#0 /home/alexdevg/kyle.alexdev.gr/system/View/View.php(228): CodeIgniter\Exceptions\FrameworkException::forInvalidFile('users/table.php')
#1 /home/alexdevg/kyle.alexdev.gr/system/Common.php(1087): CodeIgniter\View\View->render('users/table', Array, true)
#2 /home/alexdevg/kyle.alexdev.gr/app/Controllers/Users.php(62): view('users/table', Array)
#3 /home/alexdevg/kyle.alexdev.gr/system/CodeIgniter.php(914): App\Controllers\Users->userslist()
#4 /home/alexdevg/kyle.alexdev.gr/system/CodeIgniter.php(400): CodeIgniter\CodeIgniter->runController(Object(App\Controllers\Users))
#5 /home/alexdevg/kyle.alexdev.gr/system/CodeIgniter.php(308): CodeIgniter\CodeIgniter->handleRequest(NULL, Object(Config\Cache), false)
#6 /home/alexdevg/kyle.alexdev.gr/public/index.php(47): CodeIgniter\CodeIgniter->run()
#7 {main}
CRITICAL - 2020-06-26 02:30:59 --> Invalid file: users/table.php
#0 /home/alexdevg/kyle.alexdev.gr/system/View/View.php(228): CodeIgniter\Exceptions\FrameworkException::forInvalidFile('users/table.php')
#1 /home/alexdevg/kyle.alexdev.gr/system/Common.php(1087): CodeIgniter\View\View->render('users/table', Array, true)
#2 /home/alexdevg/kyle.alexdev.gr/app/Controllers/Users.php(62): view('users/table', Array)
#3 /home/alexdevg/kyle.alexdev.gr/system/CodeIgniter.php(914): App\Controllers\Users->userslist()
#4 /home/alexdevg/kyle.alexdev.gr/system/CodeIgniter.php(400): CodeIgniter\CodeIgniter->runController(Object(App\Controllers\Users))
#5 /home/alexdevg/kyle.alexdev.gr/system/CodeIgniter.php(308): CodeIgniter\CodeIgniter->handleRequest(NULL, Object(Config\Cache), false)
#6 /home/alexdevg/kyle.alexdev.gr/public/index.php(47): CodeIgniter\CodeIgniter->run()
#7 {main}
CRITICAL - 2020-06-26 02:31:21 --> Invalid file: userlist/table.php
#0 /home/alexdevg/kyle.alexdev.gr/system/View/View.php(228): CodeIgniter\Exceptions\FrameworkException::forInvalidFile('userlist/table....')
#1 /home/alexdevg/kyle.alexdev.gr/system/Common.php(1087): CodeIgniter\View\View->render('userlist/table', Array, true)
#2 /home/alexdevg/kyle.alexdev.gr/app/Controllers/Users.php(62): view('userlist/table', Array)
#3 /home/alexdevg/kyle.alexdev.gr/system/CodeIgniter.php(914): App\Controllers\Users->userslist()
#4 /home/alexdevg/kyle.alexdev.gr/system/CodeIgniter.php(400): CodeIgniter\CodeIgniter->runController(Object(App\Controllers\Users))
#5 /home/alexdevg/kyle.alexdev.gr/system/CodeIgniter.php(308): CodeIgniter\CodeIgniter->handleRequest(NULL, Object(Config\Cache), false)
#6 /home/alexdevg/kyle.alexdev.gr/public/index.php(47): CodeIgniter\CodeIgniter->run()
#7 {main}
CRITICAL - 2020-06-26 02:31:24 --> Invalid file: userlist/table.php
#0 /home/alexdevg/kyle.alexdev.gr/system/View/View.php(228): CodeIgniter\Exceptions\FrameworkException::forInvalidFile('userlist/table....')
#1 /home/alexdevg/kyle.alexdev.gr/system/Common.php(1087): CodeIgniter\View\View->render('userlist/table', Array, true)
#2 /home/alexdevg/kyle.alexdev.gr/app/Controllers/Users.php(62): view('userlist/table', Array)
#3 /home/alexdevg/kyle.alexdev.gr/system/CodeIgniter.php(914): App\Controllers\Users->userslist()
#4 /home/alexdevg/kyle.alexdev.gr/system/CodeIgniter.php(400): CodeIgniter\CodeIgniter->runController(Object(App\Controllers\Users))
#5 /home/alexdevg/kyle.alexdev.gr/system/CodeIgniter.php(308): CodeIgniter\CodeIgniter->handleRequest(NULL, Object(Config\Cache), false)
#6 /home/alexdevg/kyle.alexdev.gr/public/index.php(47): CodeIgniter\CodeIgniter->run()
#7 {main}
CRITICAL - 2020-06-26 02:31:25 --> Invalid file: userlist/table.php
#0 /home/alexdevg/kyle.alexdev.gr/system/View/View.php(228): CodeIgniter\Exceptions\FrameworkException::forInvalidFile('userlist/table....')
#1 /home/alexdevg/kyle.alexdev.gr/system/Common.php(1087): CodeIgniter\View\View->render('userlist/table', Array, true)
#2 /home/alexdevg/kyle.alexdev.gr/app/Controllers/Users.php(62): view('userlist/table', Array)
#3 /home/alexdevg/kyle.alexdev.gr/system/CodeIgniter.php(914): App\Controllers\Users->userslist()
#4 /home/alexdevg/kyle.alexdev.gr/system/CodeIgniter.php(400): CodeIgniter\CodeIgniter->runController(Object(App\Controllers\Users))
#5 /home/alexdevg/kyle.alexdev.gr/system/CodeIgniter.php(308): CodeIgniter\CodeIgniter->handleRequest(NULL, Object(Config\Cache), false)
#6 /home/alexdevg/kyle.alexdev.gr/public/index.php(47): CodeIgniter\CodeIgniter->run()
#7 {main}
CRITICAL - 2020-06-26 03:05:51 --> Call to undefined method App\Models\CrudModel::insertItem()
#0 /home/alexdevg/kyle.alexdev.gr/app/Libraries/Crud.php(17): App\Libraries\Crud_core->parent_form()
#1 /home/alexdevg/kyle.alexdev.gr/app/Controllers/Dispatchers.php(70): App\Libraries\Crud->form()
#2 /home/alexdevg/kyle.alexdev.gr/system/CodeIgniter.php(914): App\Controllers\Dispatchers->add()
#3 /home/alexdevg/kyle.alexdev.gr/system/CodeIgniter.php(400): CodeIgniter\CodeIgniter->runController(Object(App\Controllers\Dispatchers))
#4 /home/alexdevg/kyle.alexdev.gr/system/CodeIgniter.php(308): CodeIgniter\CodeIgniter->handleRequest(NULL, Object(Config\Cache), false)
#5 /home/alexdevg/kyle.alexdev.gr/public/index.php(47): CodeIgniter\CodeIgniter->run()
#6 {main}
CRITICAL - 2020-06-26 03:22:43 --> Invalid file: dispatchboard/table.php
#0 /home/alexdevg/kyle.alexdev.gr/system/View/View.php(228): CodeIgniter\Exceptions\FrameworkException::forInvalidFile('dispatchboard/t...')
#1 /home/alexdevg/kyle.alexdev.gr/system/Common.php(1087): CodeIgniter\View\View->render('dispatchboard/t...', Array, true)
#2 /home/alexdevg/kyle.alexdev.gr/app/Controllers/Dispatchboard.php(65): view('dispatchboard/t...', Array)
#3 /home/alexdevg/kyle.alexdev.gr/system/CodeIgniter.php(914): App\Controllers\Dispatchboard->index()
#4 /home/alexdevg/kyle.alexdev.gr/system/CodeIgniter.php(400): CodeIgniter\CodeIgniter->runController(Object(App\Controllers\Dispatchboard))
#5 /home/alexdevg/kyle.alexdev.gr/system/CodeIgniter.php(308): CodeIgniter\CodeIgniter->handleRequest(NULL, Object(Config\Cache), false)
#6 /home/alexdevg/kyle.alexdev.gr/public/index.php(47): CodeIgniter\CodeIgniter->run()
#7 {main}
CRITICAL - 2020-06-26 03:22:44 --> Invalid file: dispatchboard/table.php
#0 /home/alexdevg/kyle.alexdev.gr/system/View/View.php(228): CodeIgniter\Exceptions\FrameworkException::forInvalidFile('dispatchboard/t...')
#1 /home/alexdevg/kyle.alexdev.gr/system/Common.php(1087): CodeIgniter\View\View->render('dispatchboard/t...', Array, true)
#2 /home/alexdevg/kyle.alexdev.gr/app/Controllers/Dispatchboard.php(65): view('dispatchboard/t...', Array)
#3 /home/alexdevg/kyle.alexdev.gr/system/CodeIgniter.php(914): App\Controllers\Dispatchboard->index()
#4 /home/alexdevg/kyle.alexdev.gr/system/CodeIgniter.php(400): CodeIgniter\CodeIgniter->runController(Object(App\Controllers\Dispatchboard))
#5 /home/alexdevg/kyle.alexdev.gr/system/CodeIgniter.php(308): CodeIgniter\CodeIgniter->handleRequest(NULL, Object(Config\Cache), false)
#6 /home/alexdevg/kyle.alexdev.gr/public/index.php(47): CodeIgniter\CodeIgniter->run()
#7 {main}
CRITICAL - 2020-06-26 03:53:31 --> Undefined property: CodeIgniter\View\View::$load
#0 /home/alexdevg/kyle.alexdev.gr/app/Views/dispatchboard/table.php(4): CodeIgniter\Debug\Exceptions->errorHandler(8, 'Undefined prope...', '/home/alexdevg/...', 4, Array)
#1 /home/alexdevg/kyle.alexdev.gr/system/View/View.php(246): include('/home/alexdevg/...')
#2 /home/alexdevg/kyle.alexdev.gr/system/Common.php(1087): CodeIgniter\View\View->render('dispatchboard/t...', Array, true)
#3 /home/alexdevg/kyle.alexdev.gr/app/Controllers/Dispatchboard.php(65): view('dispatchboard/t...', Array)
#4 /home/alexdevg/kyle.alexdev.gr/system/CodeIgniter.php(914): App\Controllers\Dispatchboard->index()
#5 /home/alexdevg/kyle.alexdev.gr/system/CodeIgniter.php(400): CodeIgniter\CodeIgniter->runController(Object(App\Controllers\Dispatchboard))
#6 /home/alexdevg/kyle.alexdev.gr/system/CodeIgniter.php(308): CodeIgniter\CodeIgniter->handleRequest(NULL, Object(Config\Cache), false)
#7 /home/alexdevg/kyle.alexdev.gr/public/index.php(47): CodeIgniter\CodeIgniter->run()
#8 {main}
CRITICAL - 2020-06-26 03:53:33 --> Undefined property: CodeIgniter\View\View::$load
#0 /home/alexdevg/kyle.alexdev.gr/app/Views/dispatchboard/table.php(4): CodeIgniter\Debug\Exceptions->errorHandler(8, 'Undefined prope...', '/home/alexdevg/...', 4, Array)
#1 /home/alexdevg/kyle.alexdev.gr/system/View/View.php(246): include('/home/alexdevg/...')
#2 /home/alexdevg/kyle.alexdev.gr/system/Common.php(1087): CodeIgniter\View\View->render('dispatchboard/t...', Array, true)
#3 /home/alexdevg/kyle.alexdev.gr/app/Controllers/Dispatchboard.php(65): view('dispatchboard/t...', Array)
#4 /home/alexdevg/kyle.alexdev.gr/system/CodeIgniter.php(914): App\Controllers\Dispatchboard->index()
#5 /home/alexdevg/kyle.alexdev.gr/system/CodeIgniter.php(400): CodeIgniter\CodeIgniter->runController(Object(App\Controllers\Dispatchboard))
#6 /home/alexdevg/kyle.alexdev.gr/system/CodeIgniter.php(308): CodeIgniter\CodeIgniter->handleRequest(NULL, Object(Config\Cache), false)
#7 /home/alexdevg/kyle.alexdev.gr/public/index.php(47): CodeIgniter\CodeIgniter->run()
#8 {main}
CRITICAL - 2020-06-26 03:57:19 --> Undefined variable: _SESSION
#0 /home/alexdevg/kyle.alexdev.gr/app/Helpers/auth_helper.php(12): CodeIgniter\Debug\Exceptions->errorHandler(8, 'Undefined varia...', '/home/alexdevg/...', 12, Array)
#1 /home/alexdevg/kyle.alexdev.gr/app/Controllers/Users.php(33): hasAccess('Super')
#2 /home/alexdevg/kyle.alexdev.gr/system/CodeIgniter.php(914): App\Controllers\Users->index()
#3 /home/alexdevg/kyle.alexdev.gr/system/CodeIgniter.php(400): CodeIgniter\CodeIgniter->runController(Object(App\Controllers\Users))
#4 /home/alexdevg/kyle.alexdev.gr/system/CodeIgniter.php(308): CodeIgniter\CodeIgniter->handleRequest(NULL, Object(Config\Cache), false)
#5 /home/alexdevg/kyle.alexdev.gr/public/index.php(47): CodeIgniter\CodeIgniter->run()
#6 {main}
CRITICAL - 2020-06-26 03:57:29 --> Undefined variable: _SESSION
#0 /home/alexdevg/kyle.alexdev.gr/app/Helpers/auth_helper.php(12): CodeIgniter\Debug\Exceptions->errorHandler(8, 'Undefined varia...', '/home/alexdevg/...', 12, Array)
#1 /home/alexdevg/kyle.alexdev.gr/app/Controllers/Users.php(33): hasAccess('Super')
#2 /home/alexdevg/kyle.alexdev.gr/system/CodeIgniter.php(914): App\Controllers\Users->index()
#3 /home/alexdevg/kyle.alexdev.gr/system/CodeIgniter.php(400): CodeIgniter\CodeIgniter->runController(Object(App\Controllers\Users))
#4 /home/alexdevg/kyle.alexdev.gr/system/CodeIgniter.php(308): CodeIgniter\CodeIgniter->handleRequest(NULL, Object(Config\Cache), false)
#5 /home/alexdevg/kyle.alexdev.gr/public/index.php(47): CodeIgniter\CodeIgniter->run()
#6 {main}
CRITICAL - 2020-06-26 03:58:12 --> Too few arguments to function App\Models\CrudModel::getItem(), 2 passed in /home/alexdevg/kyle.alexdev.gr/app/Libraries/Crud_core.php on line 101 and exactly 3 expected
#0 /home/alexdevg/kyle.alexdev.gr/app/Libraries/Crud_core.php(101): App\Models\CrudModel->getItem('users', Array)
#1 /home/alexdevg/kyle.alexdev.gr/app/Controllers/Users.php(79): App\Libraries\Crud_core->current_values('107')
#2 /home/alexdevg/kyle.alexdev.gr/system/CodeIgniter.php(914): App\Controllers\Users->edit('107')
#3 /home/alexdevg/kyle.alexdev.gr/system/CodeIgniter.php(400): CodeIgniter\CodeIgniter->runController(Object(App\Controllers\Users))
#4 /home/alexdevg/kyle.alexdev.gr/system/CodeIgniter.php(308): CodeIgniter\CodeIgniter->handleRequest(NULL, Object(Config\Cache), false)
#5 /home/alexdevg/kyle.alexdev.gr/public/index.php(47): CodeIgniter\CodeIgniter->run()
#6 {main}
CRITICAL - 2020-06-26 03:58:22 --> Call to undefined method App\Models\CrudModel::insertItem()
#0 /home/alexdevg/kyle.alexdev.gr/app/Libraries/Crud.php(17): App\Libraries\Crud_core->parent_form()
#1 /home/alexdevg/kyle.alexdev.gr/app/Controllers/Users.php(69): App\Libraries\Crud->form()
#2 /home/alexdevg/kyle.alexdev.gr/system/CodeIgniter.php(914): App\Controllers\Users->add()
#3 /home/alexdevg/kyle.alexdev.gr/system/CodeIgniter.php(400): CodeIgniter\CodeIgniter->runController(Object(App\Controllers\Users))
#4 /home/alexdevg/kyle.alexdev.gr/system/CodeIgniter.php(308): CodeIgniter\CodeIgniter->handleRequest(NULL, Object(Config\Cache), false)
#5 /home/alexdevg/kyle.alexdev.gr/public/index.php(47): CodeIgniter\CodeIgniter->run()
#6 {main}
CRITICAL - 2020-06-26 03:58:40 --> Call to undefined method App\Models\CrudModel::insertItem()
#0 /home/alexdevg/kyle.alexdev.gr/app/Libraries/Crud.php(17): App\Libraries\Crud_core->parent_form()
#1 /home/alexdevg/kyle.alexdev.gr/app/Controllers/Users.php(69): App\Libraries\Crud->form()
#2 /home/alexdevg/kyle.alexdev.gr/system/CodeIgniter.php(914): App\Controllers\Users->add()
#3 /home/alexdevg/kyle.alexdev.gr/system/CodeIgniter.php(400): CodeIgniter\CodeIgniter->runController(Object(App\Controllers\Users))
#4 /home/alexdevg/kyle.alexdev.gr/system/CodeIgniter.php(308): CodeIgniter\CodeIgniter->handleRequest(NULL, Object(Config\Cache), false)
#5 /home/alexdevg/kyle.alexdev.gr/public/index.php(47): CodeIgniter\CodeIgniter->run()
#6 {main}
CRITICAL - 2020-06-26 03:59:05 --> Call to undefined method App\Models\CrudModel::insertItem()
#0 /home/alexdevg/kyle.alexdev.gr/app/Libraries/Crud.php(17): App\Libraries\Crud_core->parent_form()
#1 /home/alexdevg/kyle.alexdev.gr/app/Controllers/Users.php(69): App\Libraries\Crud->form()
#2 /home/alexdevg/kyle.alexdev.gr/system/CodeIgniter.php(914): App\Controllers\Users->add()
#3 /home/alexdevg/kyle.alexdev.gr/system/CodeIgniter.php(400): CodeIgniter\CodeIgniter->runController(Object(App\Controllers\Users))
#4 /home/alexdevg/kyle.alexdev.gr/system/CodeIgniter.php(308): CodeIgniter\CodeIgniter->handleRequest(NULL, Object(Config\Cache), false)
#5 /home/alexdevg/kyle.alexdev.gr/public/index.php(47): CodeIgniter\CodeIgniter->run()
#6 {main}
CRITICAL - 2020-06-26 04:00:00 --> Undefined variable: affected
#0 /home/alexdevg/kyle.alexdev.gr/app/Libraries/Crud_core.php(398): CodeIgniter\Debug\Exceptions->errorHandler(8, 'Undefined varia...', '/home/alexdevg/...', 398, Array)
#1 /home/alexdevg/kyle.alexdev.gr/app/Libraries/Crud.php(17): App\Libraries\Crud_core->parent_form()
#2 /home/alexdevg/kyle.alexdev.gr/app/Controllers/Users.php(69): App\Libraries\Crud->form()
#3 /home/alexdevg/kyle.alexdev.gr/system/CodeIgniter.php(914): App\Controllers\Users->add()
#4 /home/alexdevg/kyle.alexdev.gr/system/CodeIgniter.php(400): CodeIgniter\CodeIgniter->runController(Object(App\Controllers\Users))
#5 /home/alexdevg/kyle.alexdev.gr/system/CodeIgniter.php(308): CodeIgniter\CodeIgniter->handleRequest(NULL, Object(Config\Cache), false)
#6 /home/alexdevg/kyle.alexdev.gr/public/index.php(47): CodeIgniter\CodeIgniter->run()
#7 {main}
CRITICAL - 2020-06-26 04:00:01 --> Undefined variable: affected
#0 /home/alexdevg/kyle.alexdev.gr/app/Libraries/Crud_core.php(398): CodeIgniter\Debug\Exceptions->errorHandler(8, 'Undefined varia...', '/home/alexdevg/...', 398, Array)
#1 /home/alexdevg/kyle.alexdev.gr/app/Libraries/Crud.php(17): App\Libraries\Crud_core->parent_form()
#2 /home/alexdevg/kyle.alexdev.gr/app/Controllers/Users.php(69): App\Libraries\Crud->form()
#3 /home/alexdevg/kyle.alexdev.gr/system/CodeIgniter.php(914): App\Controllers\Users->add()
#4 /home/alexdevg/kyle.alexdev.gr/system/CodeIgniter.php(400): CodeIgniter\CodeIgniter->runController(Object(App\Controllers\Users))
#5 /home/alexdevg/kyle.alexdev.gr/system/CodeIgniter.php(308): CodeIgniter\CodeIgniter->handleRequest(NULL, Object(Config\Cache), false)
#6 /home/alexdevg/kyle.alexdev.gr/public/index.php(47): CodeIgniter\CodeIgniter->run()
#7 {main}
CRITICAL - 2020-06-26 04:22:42 --> Undefined property: App\Controllers\Users::$table
#0 /home/alexdevg/kyle.alexdev.gr/app/Controllers/Users.php(166): CodeIgniter\Debug\Exceptions->errorHandler(8, 'Undefined prope...', '/home/alexdevg/...', 166, Array)
#1 /home/alexdevg/kyle.alexdev.gr/app/Controllers/Users.php(187): App\Controllers\Users->crud()
#2 /home/alexdevg/kyle.alexdev.gr/app/Controllers/Users.php(85): App\Controllers\Users->getPasswordForm('111')
#3 /home/alexdevg/kyle.alexdev.gr/system/CodeIgniter.php(914): App\Controllers\Users->edit('111')
#4 /home/alexdevg/kyle.alexdev.gr/system/CodeIgniter.php(400): CodeIgniter\CodeIgniter->runController(Object(App\Controllers\Users))
#5 /home/alexdevg/kyle.alexdev.gr/system/CodeIgniter.php(308): CodeIgniter\CodeIgniter->handleRequest(NULL, Object(Config\Cache), false)
#6 /home/alexdevg/kyle.alexdev.gr/public/index.php(47): CodeIgniter\CodeIgniter->run()
#7 {main}
CRITICAL - 2020-06-26 04:22:50 --> Undefined property: App\Controllers\Users::$table
#0 /home/alexdevg/kyle.alexdev.gr/app/Controllers/Users.php(166): CodeIgniter\Debug\Exceptions->errorHandler(8, 'Undefined prope...', '/home/alexdevg/...', 166, Array)
#1 /home/alexdevg/kyle.alexdev.gr/app/Controllers/Users.php(187): App\Controllers\Users->crud()
#2 /home/alexdevg/kyle.alexdev.gr/app/Controllers/Users.php(85): App\Controllers\Users->getPasswordForm('103')
#3 /home/alexdevg/kyle.alexdev.gr/system/CodeIgniter.php(914): App\Controllers\Users->edit('103')
#4 /home/alexdevg/kyle.alexdev.gr/system/CodeIgniter.php(400): CodeIgniter\CodeIgniter->runController(Object(App\Controllers\Users))
#5 /home/alexdevg/kyle.alexdev.gr/system/CodeIgniter.php(308): CodeIgniter\CodeIgniter->handleRequest(NULL, Object(Config\Cache), false)
#6 /home/alexdevg/kyle.alexdev.gr/public/index.php(47): CodeIgniter\CodeIgniter->run()
#7 {main}
CRITICAL - 2020-06-26 04:23:25 --> You have an error in your SQL syntax; check the manual that corresponds to your MariaDB server version for the right syntax to use near '' at line 1
#0 /home/alexdevg/kyle.alexdev.gr/system/Database/MySQLi/Connection.php(331): mysqli->query('SHOW COLUMNS FR...')
#1 /home/alexdevg/kyle.alexdev.gr/system/Database/BaseConnection.php(738): CodeIgniter\Database\MySQLi\Connection->execute('SHOW COLUMNS FR...')
#2 /home/alexdevg/kyle.alexdev.gr/system/Database/BaseConnection.php(666): CodeIgniter\Database\BaseConnection->simpleQuery('SHOW COLUMNS FR...')
#3 /home/alexdevg/kyle.alexdev.gr/app/Models/CrudModel.php(20): CodeIgniter\Database\BaseConnection->query('SHOW COLUMNS FR...')
#4 /home/alexdevg/kyle.alexdev.gr/app/Libraries/Crud_core.php(1221): App\Models\CrudModel->schema(NULL)
#5 /home/alexdevg/kyle.alexdev.gr/app/Libraries/Crud_core.php(46): App\Libraries\Crud_core->schema(NULL)
#6 /home/alexdevg/kyle.alexdev.gr/app/Libraries/Crud.php(12): App\Libraries\Crud_core->__construct(Array, Object(CodeIgniter\HTTP\IncomingRequest))
#7 /home/alexdevg/kyle.alexdev.gr/app/Controllers/Users.php(183): App\Libraries\Crud->__construct(Array, Object(CodeIgniter\HTTP\IncomingRequest))
#8 /home/alexdevg/kyle.alexdev.gr/app/Controllers/Users.php(187): App\Controllers\Users->crud()
#9 /home/alexdevg/kyle.alexdev.gr/app/Controllers/Users.php(85): App\Controllers\Users->getPasswordForm('103')
#10 /home/alexdevg/kyle.alexdev.gr/system/CodeIgniter.php(914): App\Controllers\Users->edit('103')
#11 /home/alexdevg/kyle.alexdev.gr/system/CodeIgniter.php(400): CodeIgniter\CodeIgniter->runController(Object(App\Controllers\Users))
#12 /home/alexdevg/kyle.alexdev.gr/system/CodeIgniter.php(308): CodeIgniter\CodeIgniter->handleRequest(NULL, Object(Config\Cache), false)
#13 /home/alexdevg/kyle.alexdev.gr/public/index.php(47): CodeIgniter\CodeIgniter->run()
#14 {main}
CRITICAL - 2020-06-26 04:33:12 --> Undefined variable: crud
#0 /home/alexdevg/kyle.alexdev.gr/app/Views/userlist/form.php(9): CodeIgniter\Debug\Exceptions->errorHandler(8, 'Undefined varia...', '/home/alexdevg/...', 9, Array)
#1 /home/alexdevg/kyle.alexdev.gr/system/View/View.php(246): include('/home/alexdevg/...')
#2 /home/alexdevg/kyle.alexdev.gr/system/Common.php(1087): CodeIgniter\View\View->render('userlist/form', Array, true)
#3 /home/alexdevg/kyle.alexdev.gr/app/Controllers/Users.php(97): view('userlist/form', Array)
#4 /home/alexdevg/kyle.alexdev.gr/system/CodeIgniter.php(914): App\Controllers\Users->edit('111')
#5 /home/alexdevg/kyle.alexdev.gr/system/CodeIgniter.php(400): CodeIgniter\CodeIgniter->runController(Object(App\Controllers\Users))
#6 /home/alexdevg/kyle.alexdev.gr/system/CodeIgniter.php(308): CodeIgniter\CodeIgniter->handleRequest(NULL, Object(Config\Cache), false)
#7 /home/alexdevg/kyle.alexdev.gr/public/index.php(47): CodeIgniter\CodeIgniter->run()
#8 {main}
CRITICAL - 2020-06-26 04:33:51 --> Undefined variable: crud
#0 /home/alexdevg/kyle.alexdev.gr/app/Views/userlist/form.php(9): CodeIgniter\Debug\Exceptions->errorHandler(8, 'Undefined varia...', '/home/alexdevg/...', 9, Array)
#1 /home/alexdevg/kyle.alexdev.gr/system/View/View.php(246): include('/home/alexdevg/...')
#2 /home/alexdevg/kyle.alexdev.gr/system/Common.php(1087): CodeIgniter\View\View->render('userlist/form', Array, true)
#3 /home/alexdevg/kyle.alexdev.gr/app/Controllers/Users.php(78): view('userlist/form', Array)
#4 /home/alexdevg/kyle.alexdev.gr/system/CodeIgniter.php(914): App\Controllers\Users->add()
#5 /home/alexdevg/kyle.alexdev.gr/system/CodeIgniter.php(400): CodeIgniter\CodeIgniter->runController(Object(App\Controllers\Users))
#6 /home/alexdevg/kyle.alexdev.gr/system/CodeIgniter.php(308): CodeIgniter\CodeIgniter->handleRequest(NULL, Object(Config\Cache), false)
#7 /home/alexdevg/kyle.alexdev.gr/public/index.php(47): CodeIgniter\CodeIgniter->run()
#8 {main}
CRITICAL - 2020-06-26 04:33:54 --> Undefined variable: crud
#0 /home/alexdevg/kyle.alexdev.gr/app/Views/userlist/form.php(9): CodeIgniter\Debug\Exceptions->errorHandler(8, 'Undefined varia...', '/home/alexdevg/...', 9, Array)
#1 /home/alexdevg/kyle.alexdev.gr/system/View/View.php(246): include('/home/alexdevg/...')
#2 /home/alexdevg/kyle.alexdev.gr/system/Common.php(1087): CodeIgniter\View\View->render('userlist/form', Array, true)
#3 /home/alexdevg/kyle.alexdev.gr/app/Controllers/Users.php(78): view('userlist/form', Array)
#4 /home/alexdevg/kyle.alexdev.gr/system/CodeIgniter.php(914): App\Controllers\Users->add()
#5 /home/alexdevg/kyle.alexdev.gr/system/CodeIgniter.php(400): CodeIgniter\CodeIgniter->runController(Object(App\Controllers\Users))
#6 /home/alexdevg/kyle.alexdev.gr/system/CodeIgniter.php(308): CodeIgniter\CodeIgniter->handleRequest(NULL, Object(Config\Cache), false)
#7 /home/alexdevg/kyle.alexdev.gr/public/index.php(47): CodeIgniter\CodeIgniter->run()
#8 {main}
CRITICAL - 2020-06-26 04:33:59 --> Undefined variable: crud
#0 /home/alexdevg/kyle.alexdev.gr/app/Views/userlist/form.php(9): CodeIgniter\Debug\Exceptions->errorHandler(8, 'Undefined varia...', '/home/alexdevg/...', 9, Array)
#1 /home/alexdevg/kyle.alexdev.gr/system/View/View.php(246): include('/home/alexdevg/...')
#2 /home/alexdevg/kyle.alexdev.gr/system/Common.php(1087): CodeIgniter\View\View->render('userlist/form', Array, true)
#3 /home/alexdevg/kyle.alexdev.gr/app/Controllers/Users.php(78): view('userlist/form', Array)
#4 /home/alexdevg/kyle.alexdev.gr/system/CodeIgniter.php(914): App\Controllers\Users->add()
#5 /home/alexdevg/kyle.alexdev.gr/system/CodeIgniter.php(400): CodeIgniter\CodeIgniter->runController(Object(App\Controllers\Users))
#6 /home/alexdevg/kyle.alexdev.gr/system/CodeIgniter.php(308): CodeIgniter\CodeIgniter->handleRequest(NULL, Object(Config\Cache), false)
#7 /home/alexdevg/kyle.alexdev.gr/public/index.php(47): CodeIgniter\CodeIgniter->run()
#8 {main}
CRITICAL - 2020-06-26 04:34:11 --> Undefined variable: crud
#0 /home/alexdevg/kyle.alexdev.gr/app/Views/userlist/form.php(9): CodeIgniter\Debug\Exceptions->errorHandler(8, 'Undefined varia...', '/home/alexdevg/...', 9, Array)
#1 /home/alexdevg/kyle.alexdev.gr/system/View/View.php(246): include('/home/alexdevg/...')
#2 /home/alexdevg/kyle.alexdev.gr/system/Common.php(1087): CodeIgniter\View\View->render('userlist/form', Array, true)
#3 /home/alexdevg/kyle.alexdev.gr/app/Controllers/Users.php(78): view('userlist/form', Array)
#4 /home/alexdevg/kyle.alexdev.gr/system/CodeIgniter.php(914): App\Controllers\Users->add()
#5 /home/alexdevg/kyle.alexdev.gr/system/CodeIgniter.php(400): CodeIgniter\CodeIgniter->runController(Object(App\Controllers\Users))
#6 /home/alexdevg/kyle.alexdev.gr/system/CodeIgniter.php(308): CodeIgniter\CodeIgniter->handleRequest(NULL, Object(Config\Cache), false)
#7 /home/alexdevg/kyle.alexdev.gr/public/index.php(47): CodeIgniter\CodeIgniter->run()
#8 {main}
CRITICAL - 2020-06-26 05:05:34 --> Illegal mix of collations (utf8mb4_unicode_ci,IMPLICIT) and (utf8mb4_general_ci,IMPLICIT) for operation '='
#0 /home/alexdevg/kyle.alexdev.gr/system/Database/MySQLi/Connection.php(331): mysqli->query('SELECT * FROM e...')
#1 /home/alexdevg/kyle.alexdev.gr/system/Database/BaseConnection.php(738): CodeIgniter\Database\MySQLi\Connection->execute('SELECT * FROM e...')
#2 /home/alexdevg/kyle.alexdev.gr/system/Database/BaseConnection.php(666): CodeIgniter\Database\BaseConnection->simpleQuery('SELECT * FROM e...')
#3 /home/alexdevg/kyle.alexdev.gr/app/Models/CrudModel.php(285): CodeIgniter\Database\BaseConnection->query('SELECT * FROM e...')
#4 /home/alexdevg/kyle.alexdev.gr/app/Libraries/Crud_core.php(153): App\Models\CrudModel->getItems('empinfo', NULL, Object(CodeIgniter\HTTP\IncomingRequest), Array, Array, Array, 0, 20)
#5 /home/alexdevg/kyle.alexdev.gr/app/Controllers/Empinfo.php(69): App\Libraries\Crud_core->view(1, 20, Array, NULL, Array)
#6 /home/alexdevg/kyle.alexdev.gr/system/CodeIgniter.php(914): App\Controllers\Empinfo->index()
#7 /home/alexdevg/kyle.alexdev.gr/system/CodeIgniter.php(400): CodeIgniter\CodeIgniter->runController(Object(App\Controllers\Empinfo))
#8 /home/alexdevg/kyle.alexdev.gr/system/CodeIgniter.php(308): CodeIgniter\CodeIgniter->handleRequest(NULL, Object(Config\Cache), false)
#9 /home/alexdevg/kyle.alexdev.gr/public/index.php(47): CodeIgniter\CodeIgniter->run()
#10 {main}
CRITICAL - 2020-06-26 05:05:43 --> Illegal mix of collations (utf8mb4_unicode_ci,IMPLICIT) and (utf8mb4_general_ci,IMPLICIT) for operation '='
#0 /home/alexdevg/kyle.alexdev.gr/system/Database/MySQLi/Connection.php(331): mysqli->query('SELECT * FROM e...')
#1 /home/alexdevg/kyle.alexdev.gr/system/Database/BaseConnection.php(738): CodeIgniter\Database\MySQLi\Connection->execute('SELECT * FROM e...')
#2 /home/alexdevg/kyle.alexdev.gr/system/Database/BaseConnection.php(666): CodeIgniter\Database\BaseConnection->simpleQuery('SELECT * FROM e...')
#3 /home/alexdevg/kyle.alexdev.gr/app/Models/CrudModel.php(285): CodeIgniter\Database\BaseConnection->query('SELECT * FROM e...')
#4 /home/alexdevg/kyle.alexdev.gr/app/Libraries/Crud_core.php(153): App\Models\CrudModel->getItems('empinfo', NULL, Object(CodeIgniter\HTTP\IncomingRequest), Array, Array, Array, 0, 20)
#5 /home/alexdevg/kyle.alexdev.gr/app/Controllers/Empinfo.php(69): App\Libraries\Crud_core->view(1, 20, Array, NULL, Array)
#6 /home/alexdevg/kyle.alexdev.gr/system/CodeIgniter.php(914): App\Controllers\Empinfo->index()
#7 /home/alexdevg/kyle.alexdev.gr/system/CodeIgniter.php(400): CodeIgniter\CodeIgniter->runController(Object(App\Controllers\Empinfo))
#8 /home/alexdevg/kyle.alexdev.gr/system/CodeIgniter.php(308): CodeIgniter\CodeIgniter->handleRequest(NULL, Object(Config\Cache), false)
#9 /home/alexdevg/kyle.alexdev.gr/public/index.php(47): CodeIgniter\CodeIgniter->run()
#10 {main}
CRITICAL - 2020-06-26 05:07:23 --> Illegal mix of collations (utf8mb4_unicode_ci,IMPLICIT) and (utf8mb4_general_ci,IMPLICIT) for operation '='
#0 /home/alexdevg/kyle.alexdev.gr/system/Database/MySQLi/Connection.php(331): mysqli->query('SELECT * FROM e...')
#1 /home/alexdevg/kyle.alexdev.gr/system/Database/BaseConnection.php(738): CodeIgniter\Database\MySQLi\Connection->execute('SELECT * FROM e...')
#2 /home/alexdevg/kyle.alexdev.gr/system/Database/BaseConnection.php(666): CodeIgniter\Database\BaseConnection->simpleQuery('SELECT * FROM e...')
#3 /home/alexdevg/kyle.alexdev.gr/app/Models/CrudModel.php(285): CodeIgniter\Database\BaseConnection->query('SELECT * FROM e...')
#4 /home/alexdevg/kyle.alexdev.gr/app/Libraries/Crud_core.php(153): App\Models\CrudModel->getItems('empinfo', NULL, Object(CodeIgniter\HTTP\IncomingRequest), Array, Array, Array, 0, 20)
#5 /home/alexdevg/kyle.alexdev.gr/app/Controllers/Empinfo.php(69): App\Libraries\Crud_core->view(1, 20, Array, NULL, Array)
#6 /home/alexdevg/kyle.alexdev.gr/system/CodeIgniter.php(914): App\Controllers\Empinfo->index()
#7 /home/alexdevg/kyle.alexdev.gr/system/CodeIgniter.php(400): CodeIgniter\CodeIgniter->runController(Object(App\Controllers\Empinfo))
#8 /home/alexdevg/kyle.alexdev.gr/system/CodeIgniter.php(308): CodeIgniter\CodeIgniter->handleRequest(NULL, Object(Config\Cache), false)
#9 /home/alexdevg/kyle.alexdev.gr/public/index.php(47): CodeIgniter\CodeIgniter->run()
#10 {main}
CRITICAL - 2020-06-26 05:11:42 --> Too few arguments to function App\Controllers\Compinfo::edit(), 0 passed in /home/alexdevg/kyle.alexdev.gr/system/CodeIgniter.php on line 914 and exactly 1 expected
#0 /home/alexdevg/kyle.alexdev.gr/system/CodeIgniter.php(914): App\Controllers\Compinfo->edit()
#1 /home/alexdevg/kyle.alexdev.gr/system/CodeIgniter.php(400): CodeIgniter\CodeIgniter->runController(Object(App\Controllers\Compinfo))
#2 /home/alexdevg/kyle.alexdev.gr/system/CodeIgniter.php(308): CodeIgniter\CodeIgniter->handleRequest(NULL, Object(Config\Cache), false)
#3 /home/alexdevg/kyle.alexdev.gr/public/index.php(47): CodeIgniter\CodeIgniter->run()
#4 {main}
CRITICAL - 2020-06-26 05:12:00 --> Too few arguments to function App\Controllers\Compinfo::edit(), 0 passed in /home/alexdevg/kyle.alexdev.gr/system/CodeIgniter.php on line 914 and exactly 1 expected
#0 /home/alexdevg/kyle.alexdev.gr/system/CodeIgniter.php(914): App\Controllers\Compinfo->edit()
#1 /home/alexdevg/kyle.alexdev.gr/system/CodeIgniter.php(400): CodeIgniter\CodeIgniter->runController(Object(App\Controllers\Compinfo))
#2 /home/alexdevg/kyle.alexdev.gr/system/CodeIgniter.php(308): CodeIgniter\CodeIgniter->handleRequest(NULL, Object(Config\Cache), false)
#3 /home/alexdevg/kyle.alexdev.gr/public/index.php(47): CodeIgniter\CodeIgniter->run()
#4 {main}
CRITICAL - 2020-06-26 05:24:40 --> Too few arguments to function App\Controllers\Compinfo::edit(), 0 passed in /home/alexdevg/kyle.alexdev.gr/system/CodeIgniter.php on line 914 and exactly 1 expected
#0 /home/alexdevg/kyle.alexdev.gr/system/CodeIgniter.php(914): App\Controllers\Compinfo->edit()
#1 /home/alexdevg/kyle.alexdev.gr/system/CodeIgniter.php(400): CodeIgniter\CodeIgniter->runController(Object(App\Controllers\Compinfo))
#2 /home/alexdevg/kyle.alexdev.gr/system/CodeIgniter.php(308): CodeIgniter\CodeIgniter->handleRequest(NULL, Object(Config\Cache), false)
#3 /home/alexdevg/kyle.alexdev.gr/public/index.php(47): CodeIgniter\CodeIgniter->run()
#4 {main}
CRITICAL - 2020-06-26 05:58:58 --> Too few arguments to function App\Controllers\Empinfo::edit(), 0 passed in /home/alexdevg/kyle.alexdev.gr/system/CodeIgniter.php on line 914 and exactly 1 expected
#0 /home/alexdevg/kyle.alexdev.gr/system/CodeIgniter.php(914): App\Controllers\Empinfo->edit()
#1 /home/alexdevg/kyle.alexdev.gr/system/CodeIgniter.php(400): CodeIgniter\CodeIgniter->runController(Object(App\Controllers\Empinfo))
#2 /home/alexdevg/kyle.alexdev.gr/system/CodeIgniter.php(308): CodeIgniter\CodeIgniter->handleRequest(NULL, Object(Config\Cache), false)
#3 /home/alexdevg/kyle.alexdev.gr/public/index.php(47): CodeIgniter\CodeIgniter->run()
#4 {main}
CRITICAL - 2020-06-26 06:13:50 --> Too few arguments to function App\Controllers\Dispatchboard::edit(), 0 passed in /home/alexdevg/kyle.alexdev.gr/system/CodeIgniter.php on line 914 and exactly 1 expected
#0 /home/alexdevg/kyle.alexdev.gr/system/CodeIgniter.php(914): App\Controllers\Dispatchboard->edit()
#1 /home/alexdevg/kyle.alexdev.gr/system/CodeIgniter.php(400): CodeIgniter\CodeIgniter->runController(Object(App\Controllers\Dispatchboard))
#2 /home/alexdevg/kyle.alexdev.gr/system/CodeIgniter.php(308): CodeIgniter\CodeIgniter->handleRequest(NULL, Object(Config\Cache), false)
#3 /home/alexdevg/kyle.alexdev.gr/public/index.php(47): CodeIgniter\CodeIgniter->run()
#4 {main}
CRITICAL - 2020-06-26 06:14:33 --> Too few arguments to function App\Controllers\Dispatchboard::edit(), 0 passed in /home/alexdevg/kyle.alexdev.gr/system/CodeIgniter.php on line 914 and exactly 1 expected
#0 /home/alexdevg/kyle.alexdev.gr/system/CodeIgniter.php(914): App\Controllers\Dispatchboard->edit()
#1 /home/alexdevg/kyle.alexdev.gr/system/CodeIgniter.php(400): CodeIgniter\CodeIgniter->runController(Object(App\Controllers\Dispatchboard))
#2 /home/alexdevg/kyle.alexdev.gr/system/CodeIgniter.php(308): CodeIgniter\CodeIgniter->handleRequest(NULL, Object(Config\Cache), false)
#3 /home/alexdevg/kyle.alexdev.gr/public/index.php(47): CodeIgniter\CodeIgniter->run()
#4 {main}
CRITICAL - 2020-06-26 06:17:25 --> Too few arguments to function App\Controllers\Users::edit(), 0 passed in /home/alexdevg/kyle.alexdev.gr/system/CodeIgniter.php on line 914 and exactly 1 expected
#0 /home/alexdevg/kyle.alexdev.gr/system/CodeIgniter.php(914): App\Controllers\Users->edit()
#1 /home/alexdevg/kyle.alexdev.gr/system/CodeIgniter.php(400): CodeIgniter\CodeIgniter->runController(Object(App\Controllers\Users))
#2 /home/alexdevg/kyle.alexdev.gr/system/CodeIgniter.php(308): CodeIgniter\CodeIgniter->handleRequest(NULL, Object(Config\Cache), false)
#3 /home/alexdevg/kyle.alexdev.gr/public/index.php(47): CodeIgniter\CodeIgniter->run()
#4 {main}
CRITICAL - 2020-06-26 06:20:38 --> syntax error, unexpected ';'
#0 /home/alexdevg/kyle.alexdev.gr/system/Autoloader/Autoloader.php(296): CodeIgniter\Autoloader\Autoloader->requireFile('/home/alexdevg/...')
#1 /home/alexdevg/kyle.alexdev.gr/system/Autoloader/Autoloader.php(258): CodeIgniter\Autoloader\Autoloader->loadInNamespace('App\\Libraries\\C...')
#2 [internal function]: CodeIgniter\Autoloader\Autoloader->loadClass('App\\Libraries\\C...')
#3 /home/alexdevg/kyle.alexdev.gr/app/Libraries/Crud.php(8): spl_autoload_call('App\\Libraries\\C...')
#4 /home/alexdevg/kyle.alexdev.gr/system/Autoloader/Autoloader.php(365): require_once('/home/alexdevg/...')
#5 /home/alexdevg/kyle.alexdev.gr/system/Autoloader/Autoloader.php(296): CodeIgniter\Autoloader\Autoloader->requireFile('/home/alexdevg/...')
#6 /home/alexdevg/kyle.alexdev.gr/system/Autoloader/Autoloader.php(258): CodeIgniter\Autoloader\Autoloader->loadInNamespace('App\\Libraries\\C...')
#7 [internal function]: CodeIgniter\Autoloader\Autoloader->loadClass('App\\Libraries\\C...')
#8 /home/alexdevg/kyle.alexdev.gr/app/Controllers/Users.php(34): spl_autoload_call('App\\Libraries\\C...')
#9 /home/alexdevg/kyle.alexdev.gr/system/CodeIgniter.php(886): App\Controllers\Users->__construct()
#10 /home/alexdevg/kyle.alexdev.gr/system/CodeIgniter.php(395): CodeIgniter\CodeIgniter->createController()
#11 /home/alexdevg/kyle.alexdev.gr/system/CodeIgniter.php(308): CodeIgniter\CodeIgniter->handleRequest(NULL, Object(Config\Cache), false)
#12 /home/alexdevg/kyle.alexdev.gr/public/index.php(47): CodeIgniter\CodeIgniter->run()
#13 {main}
CRITICAL - 2020-06-26 06:31:49 --> Unknown column 'users.id' in 'order clause'
#0 /home/alexdevg/kyle.alexdev.gr/system/Database/MySQLi/Connection.php(331): mysqli->query('SELECT * FROM u...')
#1 /home/alexdevg/kyle.alexdev.gr/system/Database/BaseConnection.php(738): CodeIgniter\Database\MySQLi\Connection->execute('SELECT * FROM u...')
#2 /home/alexdevg/kyle.alexdev.gr/system/Database/BaseConnection.php(666): CodeIgniter\Database\BaseConnection->simpleQuery('SELECT * FROM u...')
#3 /home/alexdevg/kyle.alexdev.gr/app/Models/CrudModel.php(285): CodeIgniter\Database\BaseConnection->query('SELECT * FROM u...')
#4 /home/alexdevg/kyle.alexdev.gr/app/Libraries/Crud_core.php(153): App\Models\CrudModel->getItems('users', NULL, Object(CodeIgniter\HTTP\IncomingRequest), Array, Array, Array, 0, 10)
#5 /home/alexdevg/kyle.alexdev.gr/app/Controllers/Users.php(67): App\Libraries\Crud_core->view(1, 10, Array, NULL, Array)
#6 /home/alexdevg/kyle.alexdev.gr/system/CodeIgniter.php(914): App\Controllers\Users->index()
#7 /home/alexdevg/kyle.alexdev.gr/system/CodeIgniter.php(400): CodeIgniter\CodeIgniter->runController(Object(App\Controllers\Users))
#8 /home/alexdevg/kyle.alexdev.gr/system/CodeIgniter.php(308): CodeIgniter\CodeIgniter->handleRequest(NULL, Object(Config\Cache), false)
#9 /home/alexdevg/kyle.alexdev.gr/public/index.php(47): CodeIgniter\CodeIgniter->run()
#10 {main}
CRITICAL - 2020-06-26 06:31:53 --> Unknown column 'users.id' in 'order clause'
#0 /home/alexdevg/kyle.alexdev.gr/system/Database/MySQLi/Connection.php(331): mysqli->query('SELECT * FROM u...')
#1 /home/alexdevg/kyle.alexdev.gr/system/Database/BaseConnection.php(738): CodeIgniter\Database\MySQLi\Connection->execute('SELECT * FROM u...')
#2 /home/alexdevg/kyle.alexdev.gr/system/Database/BaseConnection.php(666): CodeIgniter\Database\BaseConnection->simpleQuery('SELECT * FROM u...')
#3 /home/alexdevg/kyle.alexdev.gr/app/Models/CrudModel.php(285): CodeIgniter\Database\BaseConnection->query('SELECT * FROM u...')
#4 /home/alexdevg/kyle.alexdev.gr/app/Libraries/Crud_core.php(153): App\Models\CrudModel->getItems('users', NULL, Object(CodeIgniter\HTTP\IncomingRequest), Array, Array, Array, 0, 10)
#5 /home/alexdevg/kyle.alexdev.gr/app/Controllers/Users.php(67): App\Libraries\Crud_core->view(1, 10, Array, NULL, Array)
#6 /home/alexdevg/kyle.alexdev.gr/system/CodeIgniter.php(914): App\Controllers\Users->index()
#7 /home/alexdevg/kyle.alexdev.gr/system/CodeIgniter.php(400): CodeIgniter\CodeIgniter->runController(Object(App\Controllers\Users))
#8 /home/alexdevg/kyle.alexdev.gr/system/CodeIgniter.php(308): CodeIgniter\CodeIgniter->handleRequest(NULL, Object(Config\Cache), false)
#9 /home/alexdevg/kyle.alexdev.gr/public/index.php(47): CodeIgniter\CodeIgniter->run()
#10 {main}
CRITICAL - 2020-06-26 06:32:34 --> Unknown column 'users.id' in 'order clause'
#0 /home/alexdevg/kyle.alexdev.gr/system/Database/MySQLi/Connection.php(331): mysqli->query('SELECT * FROM u...')
#1 /home/alexdevg/kyle.alexdev.gr/system/Database/BaseConnection.php(738): CodeIgniter\Database\MySQLi\Connection->execute('SELECT * FROM u...')
#2 /home/alexdevg/kyle.alexdev.gr/system/Database/BaseConnection.php(666): CodeIgniter\Database\BaseConnection->simpleQuery('SELECT * FROM u...')
#3 /home/alexdevg/kyle.alexdev.gr/app/Models/CrudModel.php(285): CodeIgniter\Database\BaseConnection->query('SELECT * FROM u...')
#4 /home/alexdevg/kyle.alexdev.gr/app/Libraries/Crud_core.php(153): App\Models\CrudModel->getItems('users', NULL, Object(CodeIgniter\HTTP\IncomingRequest), Array, Array, Array, 0, 10)
#5 /home/alexdevg/kyle.alexdev.gr/app/Controllers/Users.php(67): App\Libraries\Crud_core->view(1, 10, Array, NULL, Array)
#6 /home/alexdevg/kyle.alexdev.gr/system/CodeIgniter.php(914): App\Controllers\Users->index()
#7 /home/alexdevg/kyle.alexdev.gr/system/CodeIgniter.php(400): CodeIgniter\CodeIgniter->runController(Object(App\Controllers\Users))
#8 /home/alexdevg/kyle.alexdev.gr/system/CodeIgniter.php(308): CodeIgniter\CodeIgniter->handleRequest(NULL, Object(Config\Cache), false)
#9 /home/alexdevg/kyle.alexdev.gr/public/index.php(47): CodeIgniter\CodeIgniter->run()
#10 {main}
CRITICAL - 2020-06-26 06:37:13 --> Unknown column 'compinfo.id' in 'on clause'
#0 /home/alexdevg/kyle.alexdev.gr/system/Database/MySQLi/Connection.php(331): mysqli->query('SELECT * FROM e...')
#1 /home/alexdevg/kyle.alexdev.gr/system/Database/BaseConnection.php(738): CodeIgniter\Database\MySQLi\Connection->execute('SELECT * FROM e...')
#2 /home/alexdevg/kyle.alexdev.gr/system/Database/BaseConnection.php(666): CodeIgniter\Database\BaseConnection->simpleQuery('SELECT * FROM e...')
#3 /home/alexdevg/kyle.alexdev.gr/app/Models/CrudModel.php(285): CodeIgniter\Database\BaseConnection->query('SELECT * FROM e...')
#4 /home/alexdevg/kyle.alexdev.gr/app/Libraries/Crud_core.php(153): App\Models\CrudModel->getItems('empinfo', NULL, Object(CodeIgniter\HTTP\IncomingRequest), Array, Array, Array, 0, 20)
#5 /home/alexdevg/kyle.alexdev.gr/app/Controllers/Empinfo.php(69): App\Libraries\Crud_core->view(1, 20, Array, NULL, Array)
#6 /home/alexdevg/kyle.alexdev.gr/system/CodeIgniter.php(914): App\Controllers\Empinfo->index()
#7 /home/alexdevg/kyle.alexdev.gr/system/CodeIgniter.php(400): CodeIgniter\CodeIgniter->runController(Object(App\Controllers\Empinfo))
#8 /home/alexdevg/kyle.alexdev.gr/system/CodeIgniter.php(308): CodeIgniter\CodeIgniter->handleRequest(NULL, Object(Config\Cache), false)
#9 /home/alexdevg/kyle.alexdev.gr/public/index.php(47): CodeIgniter\CodeIgniter->run()
#10 {main}
CRITICAL - 2020-06-26 06:37:38 --> Unknown column 'empinfo.id' in 'on clause'
#0 /home/alexdevg/kyle.alexdev.gr/system/Database/MySQLi/Connection.php(331): mysqli->query('SELECT * FROM d...')
#1 /home/alexdevg/kyle.alexdev.gr/system/Database/BaseConnection.php(738): CodeIgniter\Database\MySQLi\Connection->execute('SELECT * FROM d...')
#2 /home/alexdevg/kyle.alexdev.gr/system/Database/BaseConnection.php(666): CodeIgniter\Database\BaseConnection->simpleQuery('SELECT * FROM d...')
#3 /home/alexdevg/kyle.alexdev.gr/app/Models/CrudModel.php(285): CodeIgniter\Database\BaseConnection->query('SELECT * FROM d...')
#4 /home/alexdevg/kyle.alexdev.gr/app/Libraries/Crud_core.php(153): App\Models\CrudModel->getItems('dispatchboard', NULL, Object(CodeIgniter\HTTP\IncomingRequest), Array, Array, Array, 0, 20)
#5 /home/alexdevg/kyle.alexdev.gr/app/Controllers/Dispatchboard.php(63): App\Libraries\Crud_core->view(1, 20, Array, NULL, Array)
#6 /home/alexdevg/kyle.alexdev.gr/system/CodeIgniter.php(914): App\Controllers\Dispatchboard->index()
#7 /home/alexdevg/kyle.alexdev.gr/system/CodeIgniter.php(400): CodeIgniter\CodeIgniter->runController(Object(App\Controllers\Dispatchboard))
#8 /home/alexdevg/kyle.alexdev.gr/system/CodeIgniter.php(308): CodeIgniter\CodeIgniter->handleRequest(NULL, Object(Config\Cache), false)
#9 /home/alexdevg/kyle.alexdev.gr/public/index.php(47): CodeIgniter\CodeIgniter->run()
#10 {main}
CRITICAL - 2020-06-26 06:37:52 --> Unknown column 'empinfo.id' in 'on clause'
#0 /home/alexdevg/kyle.alexdev.gr/system/Database/MySQLi/Connection.php(331): mysqli->query('SELECT * FROM d...')
#1 /home/alexdevg/kyle.alexdev.gr/system/Database/BaseConnection.php(738): CodeIgniter\Database\MySQLi\Connection->execute('SELECT * FROM d...')
#2 /home/alexdevg/kyle.alexdev.gr/system/Database/BaseConnection.php(666): CodeIgniter\Database\BaseConnection->simpleQuery('SELECT * FROM d...')
#3 /home/alexdevg/kyle.alexdev.gr/app/Models/CrudModel.php(285): CodeIgniter\Database\BaseConnection->query('SELECT * FROM d...')
#4 /home/alexdevg/kyle.alexdev.gr/app/Libraries/Crud_core.php(153): App\Models\CrudModel->getItems('dispatchboard', NULL, Object(CodeIgniter\HTTP\IncomingRequest), Array, Array, Array, 0, 20)
#5 /home/alexdevg/kyle.alexdev.gr/app/Controllers/Dispatchboard.php(63): App\Libraries\Crud_core->view(1, 20, Array, NULL, Array)
#6 /home/alexdevg/kyle.alexdev.gr/system/CodeIgniter.php(914): App\Controllers\Dispatchboard->index()
#7 /home/alexdevg/kyle.alexdev.gr/system/CodeIgniter.php(400): CodeIgniter\CodeIgniter->runController(Object(App\Controllers\Dispatchboard))
#8 /home/alexdevg/kyle.alexdev.gr/system/CodeIgniter.php(308): CodeIgniter\CodeIgniter->handleRequest(NULL, Object(Config\Cache), false)
#9 /home/alexdevg/kyle.alexdev.gr/public/index.php(47): CodeIgniter\CodeIgniter->run()
#10 {main}
CRITICAL - 2020-06-26 06:42:10 --> Unknown column 'compinfo.id' in 'on clause'
#0 /home/alexdevg/kyle.alexdev.gr/system/Database/MySQLi/Connection.php(331): mysqli->query('SELECT * FROM e...')
#1 /home/alexdevg/kyle.alexdev.gr/system/Database/BaseConnection.php(738): CodeIgniter\Database\MySQLi\Connection->execute('SELECT * FROM e...')
#2 /home/alexdevg/kyle.alexdev.gr/system/Database/BaseConnection.php(666): CodeIgniter\Database\BaseConnection->simpleQuery('SELECT * FROM e...')
#3 /home/alexdevg/kyle.alexdev.gr/app/Models/CrudModel.php(285): CodeIgniter\Database\BaseConnection->query('SELECT * FROM e...')
#4 /home/alexdevg/kyle.alexdev.gr/app/Libraries/Crud_core.php(153): App\Models\CrudModel->getItems('empinfo', NULL, Object(CodeIgniter\HTTP\IncomingRequest), Array, Array, Array, 0, 20)
#5 /home/alexdevg/kyle.alexdev.gr/app/Controllers/Empinfo.php(69): App\Libraries\Crud_core->view(1, 20, Array, NULL, Array)
#6 /home/alexdevg/kyle.alexdev.gr/system/CodeIgniter.php(914): App\Controllers\Empinfo->index()
#7 /home/alexdevg/kyle.alexdev.gr/system/CodeIgniter.php(400): CodeIgniter\CodeIgniter->runController(Object(App\Controllers\Empinfo))
#8 /home/alexdevg/kyle.alexdev.gr/system/CodeIgniter.php(308): CodeIgniter\CodeIgniter->handleRequest(NULL, Object(Config\Cache), false)
#9 /home/alexdevg/kyle.alexdev.gr/public/index.php(47): CodeIgniter\CodeIgniter->run()
#10 {main}
CRITICAL - 2020-06-26 07:09:04 --> Call to undefined method CodeIgniter\HTTP\URI::segment()
#0 /home/alexdevg/kyle.alexdev.gr/system/View/View.php(246): include()
#1 /home/alexdevg/kyle.alexdev.gr/system/View/View.php(525): CodeIgniter\View\View->render('cmps/nav', NULL, true)
#2 /home/alexdevg/kyle.alexdev.gr/app/Views/layouts/admin_layout.php(194): CodeIgniter\View\View->include('cmps/nav')
#3 /home/alexdevg/kyle.alexdev.gr/system/View/View.php(246): include('/home/alexdevg/...')
#4 /home/alexdevg/kyle.alexdev.gr/system/View/View.php(257): CodeIgniter\View\View->render('layouts/admin_l...', Array, true)
#5 /home/alexdevg/kyle.alexdev.gr/system/Common.php(1087): CodeIgniter\View\View->render('compinfo/form', Array, true)
#6 /home/alexdevg/kyle.alexdev.gr/app/Controllers/Compinfo.php(105): view('compinfo/form', Array)
#7 /home/alexdevg/kyle.alexdev.gr/system/CodeIgniter.php(914): App\Controllers\Compinfo->edit('1')
#8 /home/alexdevg/kyle.alexdev.gr/system/CodeIgniter.php(400): CodeIgniter\CodeIgniter->runController(Object(App\Controllers\Compinfo))
#9 /home/alexdevg/kyle.alexdev.gr/system/CodeIgniter.php(308): CodeIgniter\CodeIgniter->handleRequest(NULL, Object(Config\Cache), false)
#10 /home/alexdevg/kyle.alexdev.gr/public/index.php(47): CodeIgniter\CodeIgniter->run()
#11 {main}
CRITICAL - 2020-06-26 07:11:56 --> Unknown column 'compinfo.id' in 'on clause'
#0 /home/alexdevg/kyle.alexdev.gr/system/Database/MySQLi/Connection.php(331): mysqli->query('SELECT * FROM e...')
#1 /home/alexdevg/kyle.alexdev.gr/system/Database/BaseConnection.php(738): CodeIgniter\Database\MySQLi\Connection->execute('SELECT * FROM e...')
#2 /home/alexdevg/kyle.alexdev.gr/system/Database/BaseConnection.php(666): CodeIgniter\Database\BaseConnection->simpleQuery('SELECT * FROM e...')
#3 /home/alexdevg/kyle.alexdev.gr/app/Models/CrudModel.php(285): CodeIgniter\Database\BaseConnection->query('SELECT * FROM e...')
#4 /home/alexdevg/kyle.alexdev.gr/app/Libraries/Crud_core.php(153): App\Models\CrudModel->getItems('empinfo', NULL, Object(CodeIgniter\HTTP\IncomingRequest), Array, Array, Array, 0, 20)
#5 /home/alexdevg/kyle.alexdev.gr/app/Controllers/Empinfo.php(69): App\Libraries\Crud_core->view(1, 20, Array, NULL, Array)
#6 /home/alexdevg/kyle.alexdev.gr/system/CodeIgniter.php(914): App\Controllers\Empinfo->index()
#7 /home/alexdevg/kyle.alexdev.gr/system/CodeIgniter.php(400): CodeIgniter\CodeIgniter->runController(Object(App\Controllers\Empinfo))
#8 /home/alexdevg/kyle.alexdev.gr/system/CodeIgniter.php(308): CodeIgniter\CodeIgniter->handleRequest(NULL, Object(Config\Cache), false)
#9 /home/alexdevg/kyle.alexdev.gr/public/index.php(47): CodeIgniter\CodeIgniter->run()
#10 {main}
CRITICAL - 2020-06-26 07:12:05 --> Unknown column 'compinfo.id' in 'on clause'
#0 /home/alexdevg/kyle.alexdev.gr/system/Database/MySQLi/Connection.php(331): mysqli->query('SELECT * FROM e...')
#1 /home/alexdevg/kyle.alexdev.gr/system/Database/BaseConnection.php(738): CodeIgniter\Database\MySQLi\Connection->execute('SELECT * FROM e...')
#2 /home/alexdevg/kyle.alexdev.gr/system/Database/BaseConnection.php(666): CodeIgniter\Database\BaseConnection->simpleQuery('SELECT * FROM e...')
#3 /home/alexdevg/kyle.alexdev.gr/app/Models/CrudModel.php(285): CodeIgniter\Database\BaseConnection->query('SELECT * FROM e...')
#4 /home/alexdevg/kyle.alexdev.gr/app/Libraries/Crud_core.php(153): App\Models\CrudModel->getItems('empinfo', NULL, Object(CodeIgniter\HTTP\IncomingRequest), Array, Array, Array, 0, 20)
#5 /home/alexdevg/kyle.alexdev.gr/app/Controllers/Empinfo.php(69): App\Libraries\Crud_core->view(1, 20, Array, NULL, Array)
#6 /home/alexdevg/kyle.alexdev.gr/system/CodeIgniter.php(914): App\Controllers\Empinfo->index()
#7 /home/alexdevg/kyle.alexdev.gr/system/CodeIgniter.php(400): CodeIgniter\CodeIgniter->runController(Object(App\Controllers\Empinfo))
#8 /home/alexdevg/kyle.alexdev.gr/system/CodeIgniter.php(308): CodeIgniter\CodeIgniter->handleRequest(NULL, Object(Config\Cache), false)
#9 /home/alexdevg/kyle.alexdev.gr/public/index.php(47): CodeIgniter\CodeIgniter->run()
#10 {main}
CRITICAL - 2020-06-26 07:12:10 --> Unknown column 'compinfo.id' in 'on clause'
#0 /home/alexdevg/kyle.alexdev.gr/system/Database/MySQLi/Connection.php(331): mysqli->query('SELECT * FROM e...')
#1 /home/alexdevg/kyle.alexdev.gr/system/Database/BaseConnection.php(738): CodeIgniter\Database\MySQLi\Connection->execute('SELECT * FROM e...')
#2 /home/alexdevg/kyle.alexdev.gr/system/Database/BaseConnection.php(666): CodeIgniter\Database\BaseConnection->simpleQuery('SELECT * FROM e...')
#3 /home/alexdevg/kyle.alexdev.gr/app/Models/CrudModel.php(285): CodeIgniter\Database\BaseConnection->query('SELECT * FROM e...')
#4 /home/alexdevg/kyle.alexdev.gr/app/Libraries/Crud_core.php(153): App\Models\CrudModel->getItems('empinfo', NULL, Object(CodeIgniter\HTTP\IncomingRequest), Array, Array, Array, 0, 20)
#5 /home/alexdevg/kyle.alexdev.gr/app/Controllers/Empinfo.php(69): App\Libraries\Crud_core->view(1, 20, Array, NULL, Array)
#6 /home/alexdevg/kyle.alexdev.gr/system/CodeIgniter.php(914): App\Controllers\Empinfo->index()
#7 /home/alexdevg/kyle.alexdev.gr/system/CodeIgniter.php(400): CodeIgniter\CodeIgniter->runController(Object(App\Controllers\Empinfo))
#8 /home/alexdevg/kyle.alexdev.gr/system/CodeIgniter.php(308): CodeIgniter\CodeIgniter->handleRequest(NULL, Object(Config\Cache), false)
#9 /home/alexdevg/kyle.alexdev.gr/public/index.php(47): CodeIgniter\CodeIgniter->run()
#10 {main}
CRITICAL - 2020-06-26 07:13:06 --> Unknown column 'compinfo.id' in 'on clause'
#0 /home/alexdevg/kyle.alexdev.gr/system/Database/MySQLi/Connection.php(331): mysqli->query('SELECT * FROM e...')
#1 /home/alexdevg/kyle.alexdev.gr/system/Database/BaseConnection.php(738): CodeIgniter\Database\MySQLi\Connection->execute('SELECT * FROM e...')
#2 /home/alexdevg/kyle.alexdev.gr/system/Database/BaseConnection.php(666): CodeIgniter\Database\BaseConnection->simpleQuery('SELECT * FROM e...')
#3 /home/alexdevg/kyle.alexdev.gr/app/Models/CrudModel.php(285): CodeIgniter\Database\BaseConnection->query('SELECT * FROM e...')
#4 /home/alexdevg/kyle.alexdev.gr/app/Libraries/Crud_core.php(153): App\Models\CrudModel->getItems('empinfo', NULL, Object(CodeIgniter\HTTP\IncomingRequest), Array, Array, Array, 0, 20)
#5 /home/alexdevg/kyle.alexdev.gr/app/Controllers/Empinfo.php(69): App\Libraries\Crud_core->view(1, 20, Array, NULL, Array)
#6 /home/alexdevg/kyle.alexdev.gr/system/CodeIgniter.php(914): App\Controllers\Empinfo->index()
#7 /home/alexdevg/kyle.alexdev.gr/system/CodeIgniter.php(400): CodeIgniter\CodeIgniter->runController(Object(App\Controllers\Empinfo))
#8 /home/alexdevg/kyle.alexdev.gr/system/CodeIgniter.php(308): CodeIgniter\CodeIgniter->handleRequest(NULL, Object(Config\Cache), false)
#9 /home/alexdevg/kyle.alexdev.gr/public/index.php(47): CodeIgniter\CodeIgniter->run()
#10 {main}
CRITICAL - 2020-06-26 07:13:58 --> Unknown column 'compinfo.id' in 'on clause'
#0 /home/alexdevg/kyle.alexdev.gr/system/Database/MySQLi/Connection.php(331): mysqli->query('SELECT * FROM e...')
#1 /home/alexdevg/kyle.alexdev.gr/system/Database/BaseConnection.php(738): CodeIgniter\Database\MySQLi\Connection->execute('SELECT * FROM e...')
#2 /home/alexdevg/kyle.alexdev.gr/system/Database/BaseConnection.php(666): CodeIgniter\Database\BaseConnection->simpleQuery('SELECT * FROM e...')
#3 /home/alexdevg/kyle.alexdev.gr/app/Models/CrudModel.php(285): CodeIgniter\Database\BaseConnection->query('SELECT * FROM e...')
#4 /home/alexdevg/kyle.alexdev.gr/app/Libraries/Crud_core.php(153): App\Models\CrudModel->getItems('empinfo', NULL, Object(CodeIgniter\HTTP\IncomingRequest), Array, Array, Array, 0, 20)
#5 /home/alexdevg/kyle.alexdev.gr/app/Controllers/Empinfo.php(69): App\Libraries\Crud_core->view(1, 20, Array, NULL, Array)
#6 /home/alexdevg/kyle.alexdev.gr/system/CodeIgniter.php(914): App\Controllers\Empinfo->index()
#7 /home/alexdevg/kyle.alexdev.gr/system/CodeIgniter.php(400): CodeIgniter\CodeIgniter->runController(Object(App\Controllers\Empinfo))
#8 /home/alexdevg/kyle.alexdev.gr/system/CodeIgniter.php(308): CodeIgniter\CodeIgniter->handleRequest(NULL, Object(Config\Cache), false)
#9 /home/alexdevg/kyle.alexdev.gr/public/index.php(47): CodeIgniter\CodeIgniter->run()
#10 {main}
CRITICAL - 2020-06-26 07:16:50 --> Not unique table/alias: 'states'
#0 /home/alexdevg/kyle.alexdev.gr/system/Database/MySQLi/Connection.php(331): mysqli->query('SELECT * FROM e...')
#1 /home/alexdevg/kyle.alexdev.gr/system/Database/BaseConnection.php(738): CodeIgniter\Database\MySQLi\Connection->execute('SELECT * FROM e...')
#2 /home/alexdevg/kyle.alexdev.gr/system/Database/BaseConnection.php(666): CodeIgniter\Database\BaseConnection->simpleQuery('SELECT * FROM e...')
#3 /home/alexdevg/kyle.alexdev.gr/app/Models/CrudModel.php(285): CodeIgniter\Database\BaseConnection->query('SELECT * FROM e...')
#4 /home/alexdevg/kyle.alexdev.gr/app/Libraries/Crud_core.php(153): App\Models\CrudModel->getItems('empinfo', NULL, Object(CodeIgniter\HTTP\IncomingRequest), Array, Array, Array, 0, 20)
#5 /home/alexdevg/kyle.alexdev.gr/app/Controllers/Empinfo.php(69): App\Libraries\Crud_core->view(1, 20, Array, NULL, Array)
#6 /home/alexdevg/kyle.alexdev.gr/system/CodeIgniter.php(914): App\Controllers\Empinfo->index()
#7 /home/alexdevg/kyle.alexdev.gr/system/CodeIgniter.php(400): CodeIgniter\CodeIgniter->runController(Object(App\Controllers\Empinfo))
#8 /home/alexdevg/kyle.alexdev.gr/system/CodeIgniter.php(308): CodeIgniter\CodeIgniter->handleRequest(NULL, Object(Config\Cache), false)
#9 /home/alexdevg/kyle.alexdev.gr/public/index.php(47): CodeIgniter\CodeIgniter->run()
#10 {main}
CRITICAL - 2020-06-26 07:16:58 --> Not unique table/alias: 'states'
#0 /home/alexdevg/kyle.alexdev.gr/system/Database/MySQLi/Connection.php(331): mysqli->query('SELECT * FROM e...')
#1 /home/alexdevg/kyle.alexdev.gr/system/Database/BaseConnection.php(738): CodeIgniter\Database\MySQLi\Connection->execute('SELECT * FROM e...')
#2 /home/alexdevg/kyle.alexdev.gr/system/Database/BaseConnection.php(666): CodeIgniter\Database\BaseConnection->simpleQuery('SELECT * FROM e...')
#3 /home/alexdevg/kyle.alexdev.gr/app/Models/CrudModel.php(285): CodeIgniter\Database\BaseConnection->query('SELECT * FROM e...')
#4 /home/alexdevg/kyle.alexdev.gr/app/Libraries/Crud_core.php(153): App\Models\CrudModel->getItems('empinfo', NULL, Object(CodeIgniter\HTTP\IncomingRequest), Array, Array, Array, 0, 20)
#5 /home/alexdevg/kyle.alexdev.gr/app/Controllers/Empinfo.php(69): App\Libraries\Crud_core->view(1, 20, Array, NULL, Array)
#6 /home/alexdevg/kyle.alexdev.gr/system/CodeIgniter.php(914): App\Controllers\Empinfo->index()
#7 /home/alexdevg/kyle.alexdev.gr/system/CodeIgniter.php(400): CodeIgniter\CodeIgniter->runController(Object(App\Controllers\Empinfo))
#8 /home/alexdevg/kyle.alexdev.gr/system/CodeIgniter.php(308): CodeIgniter\CodeIgniter->handleRequest(NULL, Object(Config\Cache), false)
#9 /home/alexdevg/kyle.alexdev.gr/public/index.php(47): CodeIgniter\CodeIgniter->run()
#10 {main}
CRITICAL - 2020-06-26 07:16:59 --> Not unique table/alias: 'states'
#0 /home/alexdevg/kyle.alexdev.gr/system/Database/MySQLi/Connection.php(331): mysqli->query('SELECT * FROM e...')
#1 /home/alexdevg/kyle.alexdev.gr/system/Database/BaseConnection.php(738): CodeIgniter\Database\MySQLi\Connection->execute('SELECT * FROM e...')
#2 /home/alexdevg/kyle.alexdev.gr/system/Database/BaseConnection.php(666): CodeIgniter\Database\BaseConnection->simpleQuery('SELECT * FROM e...')
#3 /home/alexdevg/kyle.alexdev.gr/app/Models/CrudModel.php(285): CodeIgniter\Database\BaseConnection->query('SELECT * FROM e...')
#4 /home/alexdevg/kyle.alexdev.gr/app/Libraries/Crud_core.php(153): App\Models\CrudModel->getItems('empinfo', NULL, Object(CodeIgniter\HTTP\IncomingRequest), Array, Array, Array, 0, 20)
#5 /home/alexdevg/kyle.alexdev.gr/app/Controllers/Empinfo.php(69): App\Libraries\Crud_core->view(1, 20, Array, NULL, Array)
#6 /home/alexdevg/kyle.alexdev.gr/system/CodeIgniter.php(914): App\Controllers\Empinfo->index()
#7 /home/alexdevg/kyle.alexdev.gr/system/CodeIgniter.php(400): CodeIgniter\CodeIgniter->runController(Object(App\Controllers\Empinfo))
#8 /home/alexdevg/kyle.alexdev.gr/system/CodeIgniter.php(308): CodeIgniter\CodeIgniter->handleRequest(NULL, Object(Config\Cache), false)
#9 /home/alexdevg/kyle.alexdev.gr/public/index.php(47): CodeIgniter\CodeIgniter->run()
#10 {main}
CRITICAL - 2020-06-26 07:17:12 --> Not unique table/alias: 'states'
#0 /home/alexdevg/kyle.alexdev.gr/system/Database/MySQLi/Connection.php(331): mysqli->query('SELECT * FROM e...')
#1 /home/alexdevg/kyle.alexdev.gr/system/Database/BaseConnection.php(738): CodeIgniter\Database\MySQLi\Connection->execute('SELECT * FROM e...')
#2 /home/alexdevg/kyle.alexdev.gr/system/Database/BaseConnection.php(666): CodeIgniter\Database\BaseConnection->simpleQuery('SELECT * FROM e...')
#3 /home/alexdevg/kyle.alexdev.gr/app/Models/CrudModel.php(285): CodeIgniter\Database\BaseConnection->query('SELECT * FROM e...')
#4 /home/alexdevg/kyle.alexdev.gr/app/Libraries/Crud_core.php(153): App\Models\CrudModel->getItems('empinfo', NULL, Object(CodeIgniter\HTTP\IncomingRequest), Array, Array, Array, 0, 20)
#5 /home/alexdevg/kyle.alexdev.gr/app/Controllers/Empinfo.php(69): App\Libraries\Crud_core->view(1, 20, Array, NULL, Array)
#6 /home/alexdevg/kyle.alexdev.gr/system/CodeIgniter.php(914): App\Controllers\Empinfo->index()
#7 /home/alexdevg/kyle.alexdev.gr/system/CodeIgniter.php(400): CodeIgniter\CodeIgniter->runController(Object(App\Controllers\Empinfo))
#8 /home/alexdevg/kyle.alexdev.gr/system/CodeIgniter.php(308): CodeIgniter\CodeIgniter->handleRequest(NULL, Object(Config\Cache), false)
#9 /home/alexdevg/kyle.alexdev.gr/public/index.php(47): CodeIgniter\CodeIgniter->run()
#10 {main}
CRITICAL - 2020-06-26 07:17:14 --> Not unique table/alias: 'states'
#0 /home/alexdevg/kyle.alexdev.gr/system/Database/MySQLi/Connection.php(331): mysqli->query('SELECT * FROM e...')
#1 /home/alexdevg/kyle.alexdev.gr/system/Database/BaseConnection.php(738): CodeIgniter\Database\MySQLi\Connection->execute('SELECT * FROM e...')
#2 /home/alexdevg/kyle.alexdev.gr/system/Database/BaseConnection.php(666): CodeIgniter\Database\BaseConnection->simpleQuery('SELECT * FROM e...')
#3 /home/alexdevg/kyle.alexdev.gr/app/Models/CrudModel.php(285): CodeIgniter\Database\BaseConnection->query('SELECT * FROM e...')
#4 /home/alexdevg/kyle.alexdev.gr/app/Libraries/Crud_core.php(153): App\Models\CrudModel->getItems('empinfo', NULL, Object(CodeIgniter\HTTP\IncomingRequest), Array, Array, Array, 0, 20)
#5 /home/alexdevg/kyle.alexdev.gr/app/Controllers/Empinfo.php(69): App\Libraries\Crud_core->view(1, 20, Array, NULL, Array)
#6 /home/alexdevg/kyle.alexdev.gr/system/CodeIgniter.php(914): App\Controllers\Empinfo->index()
#7 /home/alexdevg/kyle.alexdev.gr/system/CodeIgniter.php(400): CodeIgniter\CodeIgniter->runController(Object(App\Controllers\Empinfo))
#8 /home/alexdevg/kyle.alexdev.gr/system/CodeIgniter.php(308): CodeIgniter\CodeIgniter->handleRequest(NULL, Object(Config\Cache), false)
#9 /home/alexdevg/kyle.alexdev.gr/public/index.php(47): CodeIgniter\CodeIgniter->run()
#10 {main}
CRITICAL - 2020-06-26 07:17:50 --> Not unique table/alias: 'states'
#0 /home/alexdevg/kyle.alexdev.gr/system/Database/MySQLi/Connection.php(331): mysqli->query('SELECT * FROM e...')
#1 /home/alexdevg/kyle.alexdev.gr/system/Database/BaseConnection.php(738): CodeIgniter\Database\MySQLi\Connection->execute('SELECT * FROM e...')
#2 /home/alexdevg/kyle.alexdev.gr/system/Database/BaseConnection.php(666): CodeIgniter\Database\BaseConnection->simpleQuery('SELECT * FROM e...')
#3 /home/alexdevg/kyle.alexdev.gr/app/Models/CrudModel.php(285): CodeIgniter\Database\BaseConnection->query('SELECT * FROM e...')
#4 /home/alexdevg/kyle.alexdev.gr/app/Libraries/Crud_core.php(153): App\Models\CrudModel->getItems('empinfo', NULL, Object(CodeIgniter\HTTP\IncomingRequest), Array, Array, Array, 0, 20)
#5 /home/alexdevg/kyle.alexdev.gr/app/Controllers/Empinfo.php(69): App\Libraries\Crud_core->view(1, 20, Array, NULL, Array)
#6 /home/alexdevg/kyle.alexdev.gr/system/CodeIgniter.php(914): App\Controllers\Empinfo->index()
#7 /home/alexdevg/kyle.alexdev.gr/system/CodeIgniter.php(400): CodeIgniter\CodeIgniter->runController(Object(App\Controllers\Empinfo))
#8 /home/alexdevg/kyle.alexdev.gr/system/CodeIgniter.php(308): CodeIgniter\CodeIgniter->handleRequest(NULL, Object(Config\Cache), false)
#9 /home/alexdevg/kyle.alexdev.gr/public/index.php(47): CodeIgniter\CodeIgniter->run()
#10 {main}
CRITICAL - 2020-06-26 16:39:28 --> Not unique table/alias: 'states'
#0 /home/alexdevg/kyle.alexdev.gr/system/Database/MySQLi/Connection.php(331): mysqli->query('SELECT * FROM e...')
#1 /home/alexdevg/kyle.alexdev.gr/system/Database/BaseConnection.php(738): CodeIgniter\Database\MySQLi\Connection->execute('SELECT * FROM e...')
#2 /home/alexdevg/kyle.alexdev.gr/system/Database/BaseConnection.php(666): CodeIgniter\Database\BaseConnection->simpleQuery('SELECT * FROM e...')
#3 /home/alexdevg/kyle.alexdev.gr/app/Models/CrudModel.php(285): CodeIgniter\Database\BaseConnection->query('SELECT * FROM e...')
#4 /home/alexdevg/kyle.alexdev.gr/app/Libraries/Crud_core.php(153): App\Models\CrudModel->getItems('empinfo', NULL, Object(CodeIgniter\HTTP\IncomingRequest), Array, Array, Array, 0, 20)
#5 /home/alexdevg/kyle.alexdev.gr/app/Controllers/Empinfo.php(69): App\Libraries\Crud_core->view(1, 20, Array, NULL, Array)
#6 /home/alexdevg/kyle.alexdev.gr/system/CodeIgniter.php(914): App\Controllers\Empinfo->index()
#7 /home/alexdevg/kyle.alexdev.gr/system/CodeIgniter.php(400): CodeIgniter\CodeIgniter->runController(Object(App\Controllers\Empinfo))
#8 /home/alexdevg/kyle.alexdev.gr/system/CodeIgniter.php(308): CodeIgniter\CodeIgniter->handleRequest(NULL, Object(Config\Cache), false)
#9 /home/alexdevg/kyle.alexdev.gr/public/index.php(47): CodeIgniter\CodeIgniter->run()
#10 {main}
