CRITICAL - 2020-06-28 07:40:44 --> Not unique table/alias: 'states'
#0 /home/alexdevg/kyle.alexdev.gr/system/Database/MySQLi/Connection.php(331): mysqli->query('SELECT * FROM e...')
#1 /home/alexdevg/kyle.alexdev.gr/system/Database/BaseConnection.php(738): CodeIgniter\Database\MySQLi\Connection->execute('SELECT * FROM e...')
#2 /home/alexdevg/kyle.alexdev.gr/system/Database/BaseConnection.php(666): CodeIgniter\Database\BaseConnection->simpleQuery('SELECT * FROM e...')
#3 /home/alexdevg/kyle.alexdev.gr/app/Models/CrudModel.php(285): CodeIgniter\Database\BaseConnection->query('SELECT * FROM e...')
#4 /home/alexdevg/kyle.alexdev.gr/app/Libraries/Crud_core.php(153): App\Models\CrudModel->getItems('empinfo', NULL, Object(CodeIgniter\HTTP\IncomingRequest), Array, Array, Array, 0, 20)
#5 /home/alexdevg/kyle.alexdev.gr/app/Controllers/Empinfo.php(69): App\Libraries\Crud_core->view(1, 20, Array, NULL, Array)
#6 /home/alexdevg/kyle.alexdev.gr/system/CodeIgniter.php(914): App\Controllers\Empinfo->index()
#7 /home/alexdevg/kyle.alexdev.gr/system/CodeIgniter.php(400): CodeIgniter\CodeIgniter->runController(Object(App\Controllers\Empinfo))
#8 /home/alexdevg/kyle.alexdev.gr/system/CodeIgniter.php(308): CodeIgniter\CodeIgniter->handleRequest(NULL, Object(Config\Cache), false)
#9 /home/alexdevg/kyle.alexdev.gr/public/index.php(47): CodeIgniter\CodeIgniter->run()
#10 {main}
CRITICAL - 2020-06-28 08:18:36 --> Call to a member function getValues() on string
#0 /home/alexdevg/kyle.alexdev.gr/system/View/View.php(246): include()
#1 /home/alexdevg/kyle.alexdev.gr/system/Common.php(1087): CodeIgniter\View\View->render('userlist/form', Array, true)
#2 /home/alexdevg/kyle.alexdev.gr/app/Controllers/Users.php(102): view('userlist/form', Array)
#3 /home/alexdevg/kyle.alexdev.gr/system/CodeIgniter.php(914): App\Controllers\Users->edit('111')
#4 /home/alexdevg/kyle.alexdev.gr/system/CodeIgniter.php(400): CodeIgniter\CodeIgniter->runController(Object(App\Controllers\Users))
#5 /home/alexdevg/kyle.alexdev.gr/system/CodeIgniter.php(308): CodeIgniter\CodeIgniter->handleRequest(NULL, Object(Config\Cache), false)
#6 /home/alexdevg/kyle.alexdev.gr/public/index.php(47): CodeIgniter\CodeIgniter->run()
#7 {main}
CRITICAL - 2020-06-28 08:18:43 --> Call to a member function getValues() on string
#0 /home/alexdevg/kyle.alexdev.gr/system/View/View.php(246): include()
#1 /home/alexdevg/kyle.alexdev.gr/system/Common.php(1087): CodeIgniter\View\View->render('userlist/form', Array, true)
#2 /home/alexdevg/kyle.alexdev.gr/app/Controllers/Users.php(102): view('userlist/form', Array)
#3 /home/alexdevg/kyle.alexdev.gr/system/CodeIgniter.php(914): App\Controllers\Users->edit('111')
#4 /home/alexdevg/kyle.alexdev.gr/system/CodeIgniter.php(400): CodeIgniter\CodeIgniter->runController(Object(App\Controllers\Users))
#5 /home/alexdevg/kyle.alexdev.gr/system/CodeIgniter.php(308): CodeIgniter\CodeIgniter->handleRequest(NULL, Object(Config\Cache), false)
#6 /home/alexdevg/kyle.alexdev.gr/public/index.php(47): CodeIgniter\CodeIgniter->run()
#7 {main}
CRITICAL - 2020-06-28 08:45:37 --> Undefined variable: _SESSION
#0 /home/alexdevg/kyle.alexdev.gr/app/Helpers/auth_helper.php(19): CodeIgniter\Debug\Exceptions->errorHandler(8, 'Undefined varia...', '/home/alexdevg/...', 19, Array)
#1 /home/alexdevg/kyle.alexdev.gr/app/Views/cmps/nav.php(153): isSuper()
#2 /home/alexdevg/kyle.alexdev.gr/system/View/View.php(246): include('/home/alexdevg/...')
#3 /home/alexdevg/kyle.alexdev.gr/system/View/View.php(525): CodeIgniter\View\View->render('cmps/nav', NULL, true)
#4 /home/alexdevg/kyle.alexdev.gr/app/Views/layouts/admin_layout.php(194): CodeIgniter\View\View->include('cmps/nav')
#5 /home/alexdevg/kyle.alexdev.gr/system/View/View.php(246): include('/home/alexdevg/...')
#6 /home/alexdevg/kyle.alexdev.gr/system/View/View.php(257): CodeIgniter\View\View->render('layouts/admin_l...', Array, true)
#7 /home/alexdevg/kyle.alexdev.gr/system/Common.php(1087): CodeIgniter\View\View->render('userlist/form', Array, true)
#8 /home/alexdevg/kyle.alexdev.gr/app/Controllers/Users.php(102): view('userlist/form', Array)
#9 /home/alexdevg/kyle.alexdev.gr/system/CodeIgniter.php(914): App\Controllers\Users->edit('103')
#10 /home/alexdevg/kyle.alexdev.gr/system/CodeIgniter.php(400): CodeIgniter\CodeIgniter->runController(Object(App\Controllers\Users))
#11 /home/alexdevg/kyle.alexdev.gr/system/CodeIgniter.php(308): CodeIgniter\CodeIgniter->handleRequest(NULL, Object(Config\Cache), false)
#12 /home/alexdevg/kyle.alexdev.gr/public/index.php(47): CodeIgniter\CodeIgniter->run()
#13 {main}
CRITICAL - 2020-06-28 08:48:22 --> Undefined variable: _SESSION
#0 /home/alexdevg/kyle.alexdev.gr/app/Helpers/auth_helper.php(20): CodeIgniter\Debug\Exceptions->errorHandler(8, 'Undefined varia...', '/home/alexdevg/...', 20, Array)
#1 /home/alexdevg/kyle.alexdev.gr/app/Views/cmps/nav.php(153): isSuper()
#2 /home/alexdevg/kyle.alexdev.gr/system/View/View.php(246): include('/home/alexdevg/...')
#3 /home/alexdevg/kyle.alexdev.gr/system/View/View.php(525): CodeIgniter\View\View->render('cmps/nav', NULL, true)
#4 /home/alexdevg/kyle.alexdev.gr/app/Views/layouts/admin_layout.php(194): CodeIgniter\View\View->include('cmps/nav')
#5 /home/alexdevg/kyle.alexdev.gr/system/View/View.php(246): include('/home/alexdevg/...')
#6 /home/alexdevg/kyle.alexdev.gr/system/View/View.php(257): CodeIgniter\View\View->render('layouts/admin_l...', Array, true)
#7 /home/alexdevg/kyle.alexdev.gr/system/Common.php(1087): CodeIgniter\View\View->render('userlist/form', Array, true)
#8 /home/alexdevg/kyle.alexdev.gr/app/Controllers/Users.php(102): view('userlist/form', Array)
#9 /home/alexdevg/kyle.alexdev.gr/system/CodeIgniter.php(914): App\Controllers\Users->edit('103')
#10 /home/alexdevg/kyle.alexdev.gr/system/CodeIgniter.php(400): CodeIgniter\CodeIgniter->runController(Object(App\Controllers\Users))
#11 /home/alexdevg/kyle.alexdev.gr/system/CodeIgniter.php(308): CodeIgniter\CodeIgniter->handleRequest(NULL, Object(Config\Cache), false)
#12 /home/alexdevg/kyle.alexdev.gr/public/index.php(47): CodeIgniter\CodeIgniter->run()
#13 {main}
CRITICAL - 2020-06-28 08:57:57 --> Undefined variable: helpSession
#0 /home/alexdevg/kyle.alexdev.gr/app/Helpers/auth_helper.php(20): CodeIgniter\Debug\Exceptions->errorHandler(8, 'Undefined varia...', '/home/alexdevg/...', 20, Array)
#1 /home/alexdevg/kyle.alexdev.gr/app/Views/cmps/nav.php(153): isSuper()
#2 /home/alexdevg/kyle.alexdev.gr/system/View/View.php(246): include('/home/alexdevg/...')
#3 /home/alexdevg/kyle.alexdev.gr/system/View/View.php(525): CodeIgniter\View\View->render('cmps/nav', NULL, true)
#4 /home/alexdevg/kyle.alexdev.gr/app/Views/layouts/admin_layout.php(194): CodeIgniter\View\View->include('cmps/nav')
#5 /home/alexdevg/kyle.alexdev.gr/system/View/View.php(246): include('/home/alexdevg/...')
#6 /home/alexdevg/kyle.alexdev.gr/system/View/View.php(257): CodeIgniter\View\View->render('layouts/admin_l...', Array, true)
#7 /home/alexdevg/kyle.alexdev.gr/system/Common.php(1087): CodeIgniter\View\View->render('userlist/form', Array, true)
#8 /home/alexdevg/kyle.alexdev.gr/app/Controllers/Users.php(102): view('userlist/form', Array)
#9 /home/alexdevg/kyle.alexdev.gr/system/CodeIgniter.php(914): App\Controllers\Users->edit('103')
#10 /home/alexdevg/kyle.alexdev.gr/system/CodeIgniter.php(400): CodeIgniter\CodeIgniter->runController(Object(App\Controllers\Users))
#11 /home/alexdevg/kyle.alexdev.gr/system/CodeIgniter.php(308): CodeIgniter\CodeIgniter->handleRequest(NULL, Object(Config\Cache), false)
#12 /home/alexdevg/kyle.alexdev.gr/public/index.php(47): CodeIgniter\CodeIgniter->run()
#13 {main}
CRITICAL - 2020-06-28 08:59:07 --> syntax error, unexpected 'return' (T_RETURN)
#0 /home/alexdevg/kyle.alexdev.gr/app/Controllers/BaseController.php(38): helper(Array)
#1 /home/alexdevg/kyle.alexdev.gr/system/CodeIgniter.php(887): App\Controllers\BaseController->initController(Object(CodeIgniter\HTTP\IncomingRequest), Object(CodeIgniter\HTTP\Response), Object(CodeIgniter\Log\Logger))
#2 /home/alexdevg/kyle.alexdev.gr/system/CodeIgniter.php(395): CodeIgniter\CodeIgniter->createController()
#3 /home/alexdevg/kyle.alexdev.gr/system/CodeIgniter.php(308): CodeIgniter\CodeIgniter->handleRequest(NULL, Object(Config\Cache), false)
#4 /home/alexdevg/kyle.alexdev.gr/public/index.php(47): CodeIgniter\CodeIgniter->run()
#5 {main}
CRITICAL - 2020-06-28 09:00:32 --> Only variables should be assigned by reference
#0 /home/alexdevg/kyle.alexdev.gr/app/Helpers/auth_helper.php(18): CodeIgniter\Debug\Exceptions->errorHandler(8, 'Only variables ...', '/home/alexdevg/...', 18, Array)
#1 /home/alexdevg/kyle.alexdev.gr/app/Views/cmps/nav.php(153): isSuper()
#2 /home/alexdevg/kyle.alexdev.gr/system/View/View.php(246): include('/home/alexdevg/...')
#3 /home/alexdevg/kyle.alexdev.gr/system/View/View.php(525): CodeIgniter\View\View->render('cmps/nav', NULL, true)
#4 /home/alexdevg/kyle.alexdev.gr/app/Views/layouts/admin_layout.php(194): CodeIgniter\View\View->include('cmps/nav')
#5 /home/alexdevg/kyle.alexdev.gr/system/View/View.php(246): include('/home/alexdevg/...')
#6 /home/alexdevg/kyle.alexdev.gr/system/View/View.php(257): CodeIgniter\View\View->render('layouts/admin_l...', Array, true)
#7 /home/alexdevg/kyle.alexdev.gr/system/Common.php(1087): CodeIgniter\View\View->render('userlist/table', Array, true)
#8 /home/alexdevg/kyle.alexdev.gr/app/Controllers/Users.php(71): view('userlist/table', Array)
#9 /home/alexdevg/kyle.alexdev.gr/system/CodeIgniter.php(914): App\Controllers\Users->index()
#10 /home/alexdevg/kyle.alexdev.gr/system/CodeIgniter.php(400): CodeIgniter\CodeIgniter->runController(Object(App\Controllers\Users))
#11 /home/alexdevg/kyle.alexdev.gr/system/CodeIgniter.php(308): CodeIgniter\CodeIgniter->handleRequest(NULL, Object(Config\Cache), false)
#12 /home/alexdevg/kyle.alexdev.gr/public/index.php(47): CodeIgniter\CodeIgniter->run()
#13 {main}
CRITICAL - 2020-06-28 09:03:09 --> Undefined variable: _SESSION
#0 /home/alexdevg/kyle.alexdev.gr/app/Helpers/auth_helper.php(12): CodeIgniter\Debug\Exceptions->errorHandler(8, 'Undefined varia...', '/home/alexdevg/...', 12, Array)
#1 /home/alexdevg/kyle.alexdev.gr/app/Views/cmps/nav.php(153): hasAccess(1)
#2 /home/alexdevg/kyle.alexdev.gr/system/View/View.php(246): include('/home/alexdevg/...')
#3 /home/alexdevg/kyle.alexdev.gr/system/View/View.php(525): CodeIgniter\View\View->render('cmps/nav', NULL, true)
#4 /home/alexdevg/kyle.alexdev.gr/app/Views/layouts/admin_layout.php(194): CodeIgniter\View\View->include('cmps/nav')
#5 /home/alexdevg/kyle.alexdev.gr/system/View/View.php(246): include('/home/alexdevg/...')
#6 /home/alexdevg/kyle.alexdev.gr/system/View/View.php(257): CodeIgniter\View\View->render('layouts/admin_l...', Array, true)
#7 /home/alexdevg/kyle.alexdev.gr/system/Common.php(1087): CodeIgniter\View\View->render('userlist/table', Array, true)
#8 /home/alexdevg/kyle.alexdev.gr/app/Controllers/Users.php(71): view('userlist/table', Array)
#9 /home/alexdevg/kyle.alexdev.gr/system/CodeIgniter.php(914): App\Controllers\Users->index()
#10 /home/alexdevg/kyle.alexdev.gr/system/CodeIgniter.php(400): CodeIgniter\CodeIgniter->runController(Object(App\Controllers\Users))
#11 /home/alexdevg/kyle.alexdev.gr/system/CodeIgniter.php(308): CodeIgniter\CodeIgniter->handleRequest(NULL, Object(Config\Cache), false)
#12 /home/alexdevg/kyle.alexdev.gr/public/index.php(47): CodeIgniter\CodeIgniter->run()
#13 {main}
CRITICAL - 2020-06-28 09:10:15 --> Undefined variable: _SESSION
#0 /home/alexdevg/kyle.alexdev.gr/app/Controllers/Users.php(36): CodeIgniter\Debug\Exceptions->errorHandler(8, 'Undefined varia...', '/home/alexdevg/...', 36, Array)
#1 /home/alexdevg/kyle.alexdev.gr/system/CodeIgniter.php(886): App\Controllers\Users->__construct()
#2 /home/alexdevg/kyle.alexdev.gr/system/CodeIgniter.php(395): CodeIgniter\CodeIgniter->createController()
#3 /home/alexdevg/kyle.alexdev.gr/system/CodeIgniter.php(308): CodeIgniter\CodeIgniter->handleRequest(NULL, Object(Config\Cache), false)
#4 /home/alexdevg/kyle.alexdev.gr/public/index.php(47): CodeIgniter\CodeIgniter->run()
#5 {main}
CRITICAL - 2020-06-28 09:13:26 --> Undefined variable: _SESSION
#0 /home/alexdevg/kyle.alexdev.gr/app/Helpers/auth_helper.php(12): CodeIgniter\Debug\Exceptions->errorHandler(8, 'Undefined varia...', '/home/alexdevg/...', 12, Array)
#1 /home/alexdevg/kyle.alexdev.gr/app/Views/cmps/nav.php(153): hasAccess(1)
#2 /home/alexdevg/kyle.alexdev.gr/system/View/View.php(246): include('/home/alexdevg/...')
#3 /home/alexdevg/kyle.alexdev.gr/system/View/View.php(525): CodeIgniter\View\View->render('cmps/nav', NULL, true)
#4 /home/alexdevg/kyle.alexdev.gr/app/Views/layouts/admin_layout.php(194): CodeIgniter\View\View->include('cmps/nav')
#5 /home/alexdevg/kyle.alexdev.gr/system/View/View.php(246): include('/home/alexdevg/...')
#6 /home/alexdevg/kyle.alexdev.gr/system/View/View.php(257): CodeIgniter\View\View->render('layouts/admin_l...', Array, true)
#7 /home/alexdevg/kyle.alexdev.gr/system/Common.php(1087): CodeIgniter\View\View->render('userlist/table', Array, true)
#8 /home/alexdevg/kyle.alexdev.gr/app/Controllers/Users.php(75): view('userlist/table', Array)
#9 /home/alexdevg/kyle.alexdev.gr/system/CodeIgniter.php(914): App\Controllers\Users->index()
#10 /home/alexdevg/kyle.alexdev.gr/system/CodeIgniter.php(400): CodeIgniter\CodeIgniter->runController(Object(App\Controllers\Users))
#11 /home/alexdevg/kyle.alexdev.gr/system/CodeIgniter.php(308): CodeIgniter\CodeIgniter->handleRequest(NULL, Object(Config\Cache), false)
#12 /home/alexdevg/kyle.alexdev.gr/public/index.php(47): CodeIgniter\CodeIgniter->run()
#13 {main}
CRITICAL - 2020-06-28 09:14:27 --> Undefined variable: _SESSION
#0 /home/alexdevg/kyle.alexdev.gr/app/Helpers/auth_helper.php(4): CodeIgniter\Debug\Exceptions->errorHandler(8, 'Undefined varia...', '/home/alexdevg/...', 4, Array)
#1 /home/alexdevg/kyle.alexdev.gr/app/Views/cmps/nav.php(153): in_group(1)
#2 /home/alexdevg/kyle.alexdev.gr/system/View/View.php(246): include('/home/alexdevg/...')
#3 /home/alexdevg/kyle.alexdev.gr/system/View/View.php(525): CodeIgniter\View\View->render('cmps/nav', NULL, true)
#4 /home/alexdevg/kyle.alexdev.gr/app/Views/layouts/admin_layout.php(194): CodeIgniter\View\View->include('cmps/nav')
#5 /home/alexdevg/kyle.alexdev.gr/system/View/View.php(246): include('/home/alexdevg/...')
#6 /home/alexdevg/kyle.alexdev.gr/system/View/View.php(257): CodeIgniter\View\View->render('layouts/admin_l...', Array, true)
#7 /home/alexdevg/kyle.alexdev.gr/system/Common.php(1087): CodeIgniter\View\View->render('userlist/table', Array, true)
#8 /home/alexdevg/kyle.alexdev.gr/app/Controllers/Users.php(75): view('userlist/table', Array)
#9 /home/alexdevg/kyle.alexdev.gr/system/CodeIgniter.php(914): App\Controllers\Users->index()
#10 /home/alexdevg/kyle.alexdev.gr/system/CodeIgniter.php(400): CodeIgniter\CodeIgniter->runController(Object(App\Controllers\Users))
#11 /home/alexdevg/kyle.alexdev.gr/system/CodeIgniter.php(308): CodeIgniter\CodeIgniter->handleRequest(NULL, Object(Config\Cache), false)
#12 /home/alexdevg/kyle.alexdev.gr/public/index.php(47): CodeIgniter\CodeIgniter->run()
#13 {main}
CRITICAL - 2020-06-28 09:50:23 --> Undefined index: id
#0 /home/alexdevg/kyle.alexdev.gr/app/Views/editequipment.php(14): CodeIgniter\Debug\Exceptions->errorHandler(8, 'Undefined index...', '/home/alexdevg/...', 14, Array)
#1 /home/alexdevg/kyle.alexdev.gr/system/View/View.php(246): include('/home/alexdevg/...')
#2 /home/alexdevg/kyle.alexdev.gr/system/Common.php(1087): CodeIgniter\View\View->render('editequipment', Array, true)
#3 /home/alexdevg/kyle.alexdev.gr/app/Controllers/Equipment.php(80): view('editequipment', Array)
#4 /home/alexdevg/kyle.alexdev.gr/system/CodeIgniter.php(914): App\Controllers\Equipment->edit('1')
#5 /home/alexdevg/kyle.alexdev.gr/system/CodeIgniter.php(400): CodeIgniter\CodeIgniter->runController(Object(App\Controllers\Equipment))
#6 /home/alexdevg/kyle.alexdev.gr/system/CodeIgniter.php(308): CodeIgniter\CodeIgniter->handleRequest(NULL, Object(Config\Cache), false)
#7 /home/alexdevg/kyle.alexdev.gr/public/index.php(47): CodeIgniter\CodeIgniter->run()
#8 {main}
CRITICAL - 2020-06-28 15:22:16 --> Undefined index: id
#0 /home/alexdevg/kyle.alexdev.gr/app/Views/equipment.php(90): CodeIgniter\Debug\Exceptions->errorHandler(8, 'Undefined index...', '/home/alexdevg/...', 90, Array)
#1 /home/alexdevg/kyle.alexdev.gr/system/View/View.php(246): include('/home/alexdevg/...')
#2 /home/alexdevg/kyle.alexdev.gr/system/Common.php(1087): CodeIgniter\View\View->render('equipment', Array, true)
#3 /home/alexdevg/kyle.alexdev.gr/app/Controllers/Equipment.php(120): view('equipment', Array)
#4 /home/alexdevg/kyle.alexdev.gr/system/CodeIgniter.php(914): App\Controllers\Equipment->create()
#5 /home/alexdevg/kyle.alexdev.gr/system/CodeIgniter.php(400): CodeIgniter\CodeIgniter->runController(Object(App\Controllers\Equipment))
#6 /home/alexdevg/kyle.alexdev.gr/system/CodeIgniter.php(308): CodeIgniter\CodeIgniter->handleRequest(NULL, Object(Config\Cache), false)
#7 /home/alexdevg/kyle.alexdev.gr/public/index.php(47): CodeIgniter\CodeIgniter->run()
#8 {main}
CRITICAL - 2020-06-28 20:00:12 --> unlink(/home/alexdevg/kyle.alexdev.gr/writable/debugbar/debugbar_1593376295.json): No such file or directory
#0 [internal function]: CodeIgniter\Debug\Exceptions->errorHandler(2, 'unlink(/home/al...', '/home/alexdevg/...', 106, Array)
#1 /home/alexdevg/kyle.alexdev.gr/system/Debug/Toolbar/Collectors/History.php(106): unlink('/home/alexdevg/...')
#2 /home/alexdevg/kyle.alexdev.gr/system/Debug/Toolbar.php(483): CodeIgniter\Debug\Toolbar\Collectors\History->setFiles(1593392406, 20)
#3 /home/alexdevg/kyle.alexdev.gr/system/Debug/Toolbar.php(455): CodeIgniter\Debug\Toolbar->format(Array, 'html')
#4 /home/alexdevg/kyle.alexdev.gr/app/Config/Events.php(44): CodeIgniter\Debug\Toolbar->respond()
#5 [internal function]: CodeIgniter\Events\Events::Config\{closure}()
#6 /home/alexdevg/kyle.alexdev.gr/system/Events/Events.php(188): call_user_func(Object(Closure))
#7 /home/alexdevg/kyle.alexdev.gr/system/CodeIgniter.php(289): CodeIgniter\Events\Events::trigger('pre_system')
#8 /home/alexdevg/kyle.alexdev.gr/public/index.php(47): CodeIgniter\CodeIgniter->run()
#9 {main}
