CRITICAL - 2020-05-23 00:17:46 --> Object of class App\Models\UserModel could not be converted to string
#0 C:\xampp\htdocs\dev\system\CodeIgniter.php(914): App\Controllers\Users->profile()
#1 C:\xampp\htdocs\dev\system\CodeIgniter.php(400): CodeIgniter\CodeIgniter->runController(Object(App\Controllers\Users))
#2 C:\xampp\htdocs\dev\system\CodeIgniter.php(308): CodeIgniter\CodeIgniter->handleRequest(NULL, Object(Config\Cache), false)
#3 C:\xampp\htdocs\dev\public\index.php(45): CodeIgniter\CodeIgniter->run()
#4 {main}
CRITICAL - 2020-05-23 00:18:52 --> Trying to access array offset on value of type null
#0 C:\xampp\htdocs\dev\app\Views\profile.php(10): CodeIgniter\Debug\Exceptions->errorHandler(8, 'Trying to acces...', 'C:\\xampp\\htdocs...', 10, Array)
#1 C:\xampp\htdocs\dev\system\View\View.php(246): include('C:\\xampp\\htdocs...')
#2 C:\xampp\htdocs\dev\system\Common.php(1087): CodeIgniter\View\View->render('profile', Array, true)
#3 C:\xampp\htdocs\dev\app\Controllers\Users.php(176): view('profile')
#4 C:\xampp\htdocs\dev\system\CodeIgniter.php(914): App\Controllers\Users->profile()
#5 C:\xampp\htdocs\dev\system\CodeIgniter.php(400): CodeIgniter\CodeIgniter->runController(Object(App\Controllers\Users))
#6 C:\xampp\htdocs\dev\system\CodeIgniter.php(308): CodeIgniter\CodeIgniter->handleRequest(NULL, Object(Config\Cache), false)
#7 C:\xampp\htdocs\dev\public\index.php(45): CodeIgniter\CodeIgniter->run()
#8 {main}
CRITICAL - 2020-05-23 00:21:07 --> Unknown column 'id' in 'where clause'
#0 C:\xampp\htdocs\dev\system\Database\MySQLi\Connection.php(331): mysqli->query('SELECT *\nFROM `...')
#1 C:\xampp\htdocs\dev\system\Database\BaseConnection.php(738): CodeIgniter\Database\MySQLi\Connection->execute('SELECT *\nFROM `...')
#2 C:\xampp\htdocs\dev\system\Database\BaseConnection.php(666): CodeIgniter\Database\BaseConnection->simpleQuery('SELECT *\nFROM `...')
#3 C:\xampp\htdocs\dev\system\Database\BaseBuilder.php(1845): CodeIgniter\Database\BaseConnection->query('SELECT *\nFROM `...', Array, false)
#4 C:\xampp\htdocs\dev\system\Model.php(489): CodeIgniter\Database\BaseBuilder->get()
#5 C:\xampp\htdocs\dev\app\Controllers\Users.php(171): CodeIgniter\Model->first()
#6 C:\xampp\htdocs\dev\system\CodeIgniter.php(914): App\Controllers\Users->profile()
#7 C:\xampp\htdocs\dev\system\CodeIgniter.php(400): CodeIgniter\CodeIgniter->runController(Object(App\Controllers\Users))
#8 C:\xampp\htdocs\dev\system\CodeIgniter.php(308): CodeIgniter\CodeIgniter->handleRequest(NULL, Object(Config\Cache), false)
#9 C:\xampp\htdocs\dev\public\index.php(45): CodeIgniter\CodeIgniter->run()
#10 {main}
CRITICAL - 2020-05-23 00:38:00 --> Undefined index: firstnameUsers
#0 C:\xampp\htdocs\dev\app\Views\profile.php(20): CodeIgniter\Debug\Exceptions->errorHandler(8, 'Undefined index...', 'C:\\xampp\\htdocs...', 20, Array)
#1 C:\xampp\htdocs\dev\system\View\View.php(246): include('C:\\xampp\\htdocs...')
#2 C:\xampp\htdocs\dev\system\Common.php(1087): CodeIgniter\View\View->render('profile', Array, true)
#3 C:\xampp\htdocs\dev\app\Controllers\Users.php(178): view('profile')
#4 C:\xampp\htdocs\dev\system\CodeIgniter.php(914): App\Controllers\Users->profile()
#5 C:\xampp\htdocs\dev\system\CodeIgniter.php(400): CodeIgniter\CodeIgniter->runController(Object(App\Controllers\Users))
#6 C:\xampp\htdocs\dev\system\CodeIgniter.php(308): CodeIgniter\CodeIgniter->handleRequest(NULL, Object(Config\Cache), false)
#7 C:\xampp\htdocs\dev\public\index.php(45): CodeIgniter\CodeIgniter->run()
#8 {main}
CRITICAL - 2020-05-23 00:44:47 --> Trying to access array offset on value of type null
#0 C:\xampp\htdocs\dev\system\Model.php(728): CodeIgniter\Debug\Exceptions->errorHandler(8, 'Trying to acces...', 'C:\\xampp\\htdocs...', 728, Array)
#1 C:\xampp\htdocs\dev\system\Model.php(557): CodeIgniter\Model->insert(Array, false)
#2 C:\xampp\htdocs\dev\app\Controllers\Users.php(165): CodeIgniter\Model->save(Array)
#3 C:\xampp\htdocs\dev\system\CodeIgniter.php(914): App\Controllers\Users->profile()
#4 C:\xampp\htdocs\dev\system\CodeIgniter.php(400): CodeIgniter\CodeIgniter->runController(Object(App\Controllers\Users))
#5 C:\xampp\htdocs\dev\system\CodeIgniter.php(308): CodeIgniter\CodeIgniter->handleRequest(NULL, Object(Config\Cache), false)
#6 C:\xampp\htdocs\dev\public\index.php(45): CodeIgniter\CodeIgniter->run()
#7 {main}
CRITICAL - 2020-05-23 00:45:09 --> Trying to access array offset on value of type null
#0 C:\xampp\htdocs\dev\system\Model.php(728): CodeIgniter\Debug\Exceptions->errorHandler(8, 'Trying to acces...', 'C:\\xampp\\htdocs...', 728, Array)
#1 C:\xampp\htdocs\dev\system\Model.php(557): CodeIgniter\Model->insert(Array, false)
#2 C:\xampp\htdocs\dev\app\Controllers\Users.php(165): CodeIgniter\Model->save(Array)
#3 C:\xampp\htdocs\dev\system\CodeIgniter.php(914): App\Controllers\Users->profile()
#4 C:\xampp\htdocs\dev\system\CodeIgniter.php(400): CodeIgniter\CodeIgniter->runController(Object(App\Controllers\Users))
#5 C:\xampp\htdocs\dev\system\CodeIgniter.php(308): CodeIgniter\CodeIgniter->handleRequest(NULL, Object(Config\Cache), false)
#6 C:\xampp\htdocs\dev\public\index.php(45): CodeIgniter\CodeIgniter->run()
#7 {main}
CRITICAL - 2020-05-23 00:52:35 --> Trying to access array offset on value of type null
#0 C:\xampp\htdocs\dev\system\Model.php(728): CodeIgniter\Debug\Exceptions->errorHandler(8, 'Trying to acces...', 'C:\\xampp\\htdocs...', 728, Array)
#1 C:\xampp\htdocs\dev\system\Model.php(557): CodeIgniter\Model->insert(Array, false)
#2 C:\xampp\htdocs\dev\app\Controllers\Users.php(163): CodeIgniter\Model->save(Array)
#3 C:\xampp\htdocs\dev\system\CodeIgniter.php(914): App\Controllers\Users->profile()
#4 C:\xampp\htdocs\dev\system\CodeIgniter.php(400): CodeIgniter\CodeIgniter->runController(Object(App\Controllers\Users))
#5 C:\xampp\htdocs\dev\system\CodeIgniter.php(308): CodeIgniter\CodeIgniter->handleRequest(NULL, Object(Config\Cache), false)
#6 C:\xampp\htdocs\dev\public\index.php(45): CodeIgniter\CodeIgniter->run()
#7 {main}
CRITICAL - 2020-05-23 00:54:25 --> Trying to access array offset on value of type null
#0 C:\xampp\htdocs\dev\system\Model.php(728): CodeIgniter\Debug\Exceptions->errorHandler(8, 'Trying to acces...', 'C:\\xampp\\htdocs...', 728, Array)
#1 C:\xampp\htdocs\dev\system\Model.php(557): CodeIgniter\Model->insert(Array, false)
#2 C:\xampp\htdocs\dev\app\Controllers\Users.php(166): CodeIgniter\Model->save(Array)
#3 C:\xampp\htdocs\dev\system\CodeIgniter.php(914): App\Controllers\Users->profile()
#4 C:\xampp\htdocs\dev\system\CodeIgniter.php(400): CodeIgniter\CodeIgniter->runController(Object(App\Controllers\Users))
#5 C:\xampp\htdocs\dev\system\CodeIgniter.php(308): CodeIgniter\CodeIgniter->handleRequest(NULL, Object(Config\Cache), false)
#6 C:\xampp\htdocs\dev\public\index.php(45): CodeIgniter\CodeIgniter->run()
#7 {main}
CRITICAL - 2020-05-23 01:07:29 --> Undefined variable: newData
#0 C:\xampp\htdocs\dev\app\Controllers\Users.php(152): CodeIgniter\Debug\Exceptions->errorHandler(8, 'Undefined varia...', 'C:\\xampp\\htdocs...', 152, Array)
#1 C:\xampp\htdocs\dev\system\CodeIgniter.php(914): App\Controllers\Users->profile()
#2 C:\xampp\htdocs\dev\system\CodeIgniter.php(400): CodeIgniter\CodeIgniter->runController(Object(App\Controllers\Users))
#3 C:\xampp\htdocs\dev\system\CodeIgniter.php(308): CodeIgniter\CodeIgniter->handleRequest(NULL, Object(Config\Cache), false)
#4 C:\xampp\htdocs\dev\public\index.php(45): CodeIgniter\CodeIgniter->run()
#5 {main}
CRITICAL - 2020-05-23 01:15:48 --> Trying to access array offset on value of type null
#0 C:\xampp\htdocs\dev\system\Model.php(728): CodeIgniter\Debug\Exceptions->errorHandler(8, 'Trying to acces...', 'C:\\xampp\\htdocs...', 728, Array)
#1 C:\xampp\htdocs\dev\system\Model.php(557): CodeIgniter\Model->insert(Array, false)
#2 C:\xampp\htdocs\dev\app\Controllers\Users.php(166): CodeIgniter\Model->save(Array)
#3 C:\xampp\htdocs\dev\system\CodeIgniter.php(914): App\Controllers\Users->profile()
#4 C:\xampp\htdocs\dev\system\CodeIgniter.php(400): CodeIgniter\CodeIgniter->runController(Object(App\Controllers\Users))
#5 C:\xampp\htdocs\dev\system\CodeIgniter.php(308): CodeIgniter\CodeIgniter->handleRequest(NULL, Object(Config\Cache), false)
#6 C:\xampp\htdocs\dev\public\index.php(45): CodeIgniter\CodeIgniter->run()
#7 {main}
CRITICAL - 2020-05-23 01:16:56 --> Trying to access array offset on value of type null
#0 C:\xampp\htdocs\dev\system\Model.php(728): CodeIgniter\Debug\Exceptions->errorHandler(8, 'Trying to acces...', 'C:\\xampp\\htdocs...', 728, Array)
#1 C:\xampp\htdocs\dev\system\Model.php(557): CodeIgniter\Model->insert(Array, false)
#2 C:\xampp\htdocs\dev\app\Controllers\Users.php(166): CodeIgniter\Model->save(Array)
#3 C:\xampp\htdocs\dev\system\CodeIgniter.php(914): App\Controllers\Users->profile()
#4 C:\xampp\htdocs\dev\system\CodeIgniter.php(400): CodeIgniter\CodeIgniter->runController(Object(App\Controllers\Users))
#5 C:\xampp\htdocs\dev\system\CodeIgniter.php(308): CodeIgniter\CodeIgniter->handleRequest(NULL, Object(Config\Cache), false)
#6 C:\xampp\htdocs\dev\public\index.php(45): CodeIgniter\CodeIgniter->run()
#7 {main}
CRITICAL - 2020-05-23 01:18:20 --> Trying to access array offset on value of type null
#0 C:\xampp\htdocs\dev\system\Model.php(728): CodeIgniter\Debug\Exceptions->errorHandler(8, 'Trying to acces...', 'C:\\xampp\\htdocs...', 728, Array)
#1 C:\xampp\htdocs\dev\system\Model.php(557): CodeIgniter\Model->insert(Array, false)
#2 C:\xampp\htdocs\dev\app\Controllers\Users.php(169): CodeIgniter\Model->save(Array)
#3 C:\xampp\htdocs\dev\system\CodeIgniter.php(914): App\Controllers\Users->profile()
#4 C:\xampp\htdocs\dev\system\CodeIgniter.php(400): CodeIgniter\CodeIgniter->runController(Object(App\Controllers\Users))
#5 C:\xampp\htdocs\dev\system\CodeIgniter.php(308): CodeIgniter\CodeIgniter->handleRequest(NULL, Object(Config\Cache), false)
#6 C:\xampp\htdocs\dev\public\index.php(45): CodeIgniter\CodeIgniter->run()
#7 {main}
CRITICAL - 2020-05-23 01:19:21 --> Trying to access array offset on value of type null
#0 C:\xampp\htdocs\dev\system\Model.php(728): CodeIgniter\Debug\Exceptions->errorHandler(8, 'Trying to acces...', 'C:\\xampp\\htdocs...', 728, Array)
#1 C:\xampp\htdocs\dev\system\Model.php(557): CodeIgniter\Model->insert(Array, false)
#2 C:\xampp\htdocs\dev\app\Controllers\Users.php(167): CodeIgniter\Model->save(Array)
#3 C:\xampp\htdocs\dev\system\CodeIgniter.php(914): App\Controllers\Users->profile()
#4 C:\xampp\htdocs\dev\system\CodeIgniter.php(400): CodeIgniter\CodeIgniter->runController(Object(App\Controllers\Users))
#5 C:\xampp\htdocs\dev\system\CodeIgniter.php(308): CodeIgniter\CodeIgniter->handleRequest(NULL, Object(Config\Cache), false)
#6 C:\xampp\htdocs\dev\public\index.php(45): CodeIgniter\CodeIgniter->run()
#7 {main}
CRITICAL - 2020-05-23 01:20:58 --> Trying to access array offset on value of type null
#0 C:\xampp\htdocs\dev\system\Model.php(728): CodeIgniter\Debug\Exceptions->errorHandler(8, 'Trying to acces...', 'C:\\xampp\\htdocs...', 728, Array)
#1 C:\xampp\htdocs\dev\system\Model.php(557): CodeIgniter\Model->insert(Array, false)
#2 C:\xampp\htdocs\dev\app\Controllers\Users.php(171): CodeIgniter\Model->save(Array)
#3 C:\xampp\htdocs\dev\system\CodeIgniter.php(914): App\Controllers\Users->profile()
#4 C:\xampp\htdocs\dev\system\CodeIgniter.php(400): CodeIgniter\CodeIgniter->runController(Object(App\Controllers\Users))
#5 C:\xampp\htdocs\dev\system\CodeIgniter.php(308): CodeIgniter\CodeIgniter->handleRequest(NULL, Object(Config\Cache), false)
#6 C:\xampp\htdocs\dev\public\index.php(45): CodeIgniter\CodeIgniter->run()
#7 {main}
CRITICAL - 2020-05-23 01:24:11 --> Trying to access array offset on value of type null
#0 C:\xampp\htdocs\dev\system\Model.php(728): CodeIgniter\Debug\Exceptions->errorHandler(8, 'Trying to acces...', 'C:\\xampp\\htdocs...', 728, Array)
#1 C:\xampp\htdocs\dev\system\Model.php(557): CodeIgniter\Model->insert(Array, false)
#2 C:\xampp\htdocs\dev\app\Controllers\Users.php(171): CodeIgniter\Model->save(Array)
#3 C:\xampp\htdocs\dev\system\CodeIgniter.php(914): App\Controllers\Users->profile()
#4 C:\xampp\htdocs\dev\system\CodeIgniter.php(400): CodeIgniter\CodeIgniter->runController(Object(App\Controllers\Users))
#5 C:\xampp\htdocs\dev\system\CodeIgniter.php(308): CodeIgniter\CodeIgniter->handleRequest(NULL, Object(Config\Cache), false)
#6 C:\xampp\htdocs\dev\public\index.php(45): CodeIgniter\CodeIgniter->run()
#7 {main}
CRITICAL - 2020-05-23 01:25:02 --> Trying to access array offset on value of type null
#0 C:\xampp\htdocs\dev\system\Model.php(728): CodeIgniter\Debug\Exceptions->errorHandler(8, 'Trying to acces...', 'C:\\xampp\\htdocs...', 728, Array)
#1 C:\xampp\htdocs\dev\system\Model.php(557): CodeIgniter\Model->insert(Array, false)
#2 C:\xampp\htdocs\dev\app\Controllers\Users.php(167): CodeIgniter\Model->save(Array)
#3 C:\xampp\htdocs\dev\system\CodeIgniter.php(914): App\Controllers\Users->profile()
#4 C:\xampp\htdocs\dev\system\CodeIgniter.php(400): CodeIgniter\CodeIgniter->runController(Object(App\Controllers\Users))
#5 C:\xampp\htdocs\dev\system\CodeIgniter.php(308): CodeIgniter\CodeIgniter->handleRequest(NULL, Object(Config\Cache), false)
#6 C:\xampp\htdocs\dev\public\index.php(45): CodeIgniter\CodeIgniter->run()
#7 {main}
CRITICAL - 2020-05-23 01:34:58 --> Trying to access array offset on value of type null
#0 C:\xampp\htdocs\dev\system\Model.php(728): CodeIgniter\Debug\Exceptions->errorHandler(8, 'Trying to acces...', 'C:\\xampp\\htdocs...', 728, Array)
#1 C:\xampp\htdocs\dev\system\Model.php(557): CodeIgniter\Model->insert(Array, false)
#2 C:\xampp\htdocs\dev\app\Controllers\Users.php(172): CodeIgniter\Model->save(Array)
#3 C:\xampp\htdocs\dev\system\CodeIgniter.php(914): App\Controllers\Users->profile()
#4 C:\xampp\htdocs\dev\system\CodeIgniter.php(400): CodeIgniter\CodeIgniter->runController(Object(App\Controllers\Users))
#5 C:\xampp\htdocs\dev\system\CodeIgniter.php(308): CodeIgniter\CodeIgniter->handleRequest(NULL, Object(Config\Cache), false)
#6 C:\xampp\htdocs\dev\public\index.php(45): CodeIgniter\CodeIgniter->run()
#7 {main}
CRITICAL - 2020-05-23 01:35:29 --> Undefined variable: models
#0 C:\xampp\htdocs\dev\app\Controllers\Users.php(169): CodeIgniter\Debug\Exceptions->errorHandler(8, 'Undefined varia...', 'C:\\xampp\\htdocs...', 169, Array)
#1 C:\xampp\htdocs\dev\system\CodeIgniter.php(914): App\Controllers\Users->profile()
#2 C:\xampp\htdocs\dev\system\CodeIgniter.php(400): CodeIgniter\CodeIgniter->runController(Object(App\Controllers\Users))
#3 C:\xampp\htdocs\dev\system\CodeIgniter.php(308): CodeIgniter\CodeIgniter->handleRequest(NULL, Object(Config\Cache), false)
#4 C:\xampp\htdocs\dev\public\index.php(45): CodeIgniter\CodeIgniter->run()
#5 {main}
CRITICAL - 2020-05-23 09:48:34 --> syntax error, unexpected 'echo' (T_ECHO), expecting ']'
#0 C:\xampp\htdocs\dev\system\Autoloader\Autoloader.php(296): CodeIgniter\Autoloader\Autoloader->requireFile('C:\\xampp\\htdocs...')
#1 C:\xampp\htdocs\dev\system\Autoloader\Autoloader.php(258): CodeIgniter\Autoloader\Autoloader->loadInNamespace('App\\Controllers...')
#2 [internal function]: CodeIgniter\Autoloader\Autoloader->loadClass('App\\Controllers...')
#3 [internal function]: spl_autoload_call('App\\Controllers...')
#4 C:\xampp\htdocs\dev\system\CodeIgniter.php(865): class_exists('\\App\\Controller...', true)
#5 C:\xampp\htdocs\dev\system\CodeIgniter.php(390): CodeIgniter\CodeIgniter->startController()
#6 C:\xampp\htdocs\dev\system\CodeIgniter.php(308): CodeIgniter\CodeIgniter->handleRequest(NULL, Object(Config\Cache), false)
#7 C:\xampp\htdocs\dev\public\index.php(45): CodeIgniter\CodeIgniter->run()
#8 {main}
CRITICAL - 2020-05-23 09:49:25 --> syntax error, unexpected 'echo' (T_ECHO), expecting ']'
#0 C:\xampp\htdocs\dev\system\Autoloader\Autoloader.php(296): CodeIgniter\Autoloader\Autoloader->requireFile('C:\\xampp\\htdocs...')
#1 C:\xampp\htdocs\dev\system\Autoloader\Autoloader.php(258): CodeIgniter\Autoloader\Autoloader->loadInNamespace('App\\Controllers...')
#2 [internal function]: CodeIgniter\Autoloader\Autoloader->loadClass('App\\Controllers...')
#3 [internal function]: spl_autoload_call('App\\Controllers...')
#4 C:\xampp\htdocs\dev\system\CodeIgniter.php(865): class_exists('\\App\\Controller...', true)
#5 C:\xampp\htdocs\dev\system\CodeIgniter.php(390): CodeIgniter\CodeIgniter->startController()
#6 C:\xampp\htdocs\dev\system\CodeIgniter.php(308): CodeIgniter\CodeIgniter->handleRequest(NULL, Object(Config\Cache), false)
#7 C:\xampp\htdocs\dev\public\index.php(45): CodeIgniter\CodeIgniter->run()
#8 {main}
CRITICAL - 2020-05-23 09:50:04 --> syntax error, unexpected 'echo' (T_ECHO), expecting ']'
#0 C:\xampp\htdocs\dev\system\Autoloader\Autoloader.php(296): CodeIgniter\Autoloader\Autoloader->requireFile('C:\\xampp\\htdocs...')
#1 C:\xampp\htdocs\dev\system\Autoloader\Autoloader.php(258): CodeIgniter\Autoloader\Autoloader->loadInNamespace('App\\Controllers...')
#2 [internal function]: CodeIgniter\Autoloader\Autoloader->loadClass('App\\Controllers...')
#3 [internal function]: spl_autoload_call('App\\Controllers...')
#4 C:\xampp\htdocs\dev\system\CodeIgniter.php(865): class_exists('\\App\\Controller...', true)
#5 C:\xampp\htdocs\dev\system\CodeIgniter.php(390): CodeIgniter\CodeIgniter->startController()
#6 C:\xampp\htdocs\dev\system\CodeIgniter.php(308): CodeIgniter\CodeIgniter->handleRequest(NULL, Object(Config\Cache), false)
#7 C:\xampp\htdocs\dev\public\index.php(45): CodeIgniter\CodeIgniter->run()
#8 {main}
CRITICAL - 2020-05-23 09:54:26 --> Undefined variable: newData
#0 C:\xampp\htdocs\dev\app\Controllers\Users.php(189): CodeIgniter\Debug\Exceptions->errorHandler(8, 'Undefined varia...', 'C:\\xampp\\htdocs...', 189, Array)
#1 C:\xampp\htdocs\dev\system\CodeIgniter.php(914): App\Controllers\Users->profile()
#2 C:\xampp\htdocs\dev\system\CodeIgniter.php(400): CodeIgniter\CodeIgniter->runController(Object(App\Controllers\Users))
#3 C:\xampp\htdocs\dev\system\CodeIgniter.php(308): CodeIgniter\CodeIgniter->handleRequest(NULL, Object(Config\Cache), false)
#4 C:\xampp\htdocs\dev\public\index.php(45): CodeIgniter\CodeIgniter->run()
#5 {main}
CRITICAL - 2020-05-23 11:47:53 --> syntax error, unexpected '->' (T_OBJECT_OPERATOR), expecting ']'
#0 C:\xampp\htdocs\dev\system\Autoloader\Autoloader.php(296): CodeIgniter\Autoloader\Autoloader->requireFile('C:\\xampp\\htdocs...')
#1 C:\xampp\htdocs\dev\system\Autoloader\Autoloader.php(258): CodeIgniter\Autoloader\Autoloader->loadInNamespace('App\\Controllers...')
#2 [internal function]: CodeIgniter\Autoloader\Autoloader->loadClass('App\\Controllers...')
#3 [internal function]: spl_autoload_call('App\\Controllers...')
#4 C:\xampp\htdocs\dev\system\CodeIgniter.php(865): class_exists('\\App\\Controller...', true)
#5 C:\xampp\htdocs\dev\system\CodeIgniter.php(390): CodeIgniter\CodeIgniter->startController()
#6 C:\xampp\htdocs\dev\system\CodeIgniter.php(308): CodeIgniter\CodeIgniter->handleRequest(NULL, Object(Config\Cache), false)
#7 C:\xampp\htdocs\dev\public\index.php(45): CodeIgniter\CodeIgniter->run()
#8 {main}
CRITICAL - 2020-05-23 11:58:39 --> syntax error, unexpected ';', expecting ']'
#0 C:\xampp\htdocs\dev\system\Autoloader\Autoloader.php(296): CodeIgniter\Autoloader\Autoloader->requireFile('C:\\xampp\\htdocs...')
#1 C:\xampp\htdocs\dev\system\Autoloader\Autoloader.php(258): CodeIgniter\Autoloader\Autoloader->loadInNamespace('App\\Controllers...')
#2 [internal function]: CodeIgniter\Autoloader\Autoloader->loadClass('App\\Controllers...')
#3 [internal function]: spl_autoload_call('App\\Controllers...')
#4 C:\xampp\htdocs\dev\system\CodeIgniter.php(865): class_exists('\\App\\Controller...', true)
#5 C:\xampp\htdocs\dev\system\CodeIgniter.php(390): CodeIgniter\CodeIgniter->startController()
#6 C:\xampp\htdocs\dev\system\CodeIgniter.php(308): CodeIgniter\CodeIgniter->handleRequest(NULL, Object(Config\Cache), false)
#7 C:\xampp\htdocs\dev\public\index.php(45): CodeIgniter\CodeIgniter->run()
#8 {main}
CRITICAL - 2020-05-23 11:59:21 --> syntax error, unexpected ';', expecting ']'
#0 C:\xampp\htdocs\dev\system\Autoloader\Autoloader.php(296): CodeIgniter\Autoloader\Autoloader->requireFile('C:\\xampp\\htdocs...')
#1 C:\xampp\htdocs\dev\system\Autoloader\Autoloader.php(258): CodeIgniter\Autoloader\Autoloader->loadInNamespace('App\\Controllers...')
#2 [internal function]: CodeIgniter\Autoloader\Autoloader->loadClass('App\\Controllers...')
#3 [internal function]: spl_autoload_call('App\\Controllers...')
#4 C:\xampp\htdocs\dev\system\CodeIgniter.php(865): class_exists('\\App\\Controller...', true)
#5 C:\xampp\htdocs\dev\system\CodeIgniter.php(390): CodeIgniter\CodeIgniter->startController()
#6 C:\xampp\htdocs\dev\system\CodeIgniter.php(308): CodeIgniter\CodeIgniter->handleRequest(NULL, Object(Config\Cache), false)
#7 C:\xampp\htdocs\dev\public\index.php(45): CodeIgniter\CodeIgniter->run()
#8 {main}
CRITICAL - 2020-05-23 11:59:44 --> syntax error, unexpected ';', expecting ']'
#0 C:\xampp\htdocs\dev\system\Autoloader\Autoloader.php(296): CodeIgniter\Autoloader\Autoloader->requireFile('C:\\xampp\\htdocs...')
#1 C:\xampp\htdocs\dev\system\Autoloader\Autoloader.php(258): CodeIgniter\Autoloader\Autoloader->loadInNamespace('App\\Controllers...')
#2 [internal function]: CodeIgniter\Autoloader\Autoloader->loadClass('App\\Controllers...')
#3 [internal function]: spl_autoload_call('App\\Controllers...')
#4 C:\xampp\htdocs\dev\system\CodeIgniter.php(865): class_exists('\\App\\Controller...', true)
#5 C:\xampp\htdocs\dev\system\CodeIgniter.php(390): CodeIgniter\CodeIgniter->startController()
#6 C:\xampp\htdocs\dev\system\CodeIgniter.php(308): CodeIgniter\CodeIgniter->handleRequest(NULL, Object(Config\Cache), false)
#7 C:\xampp\htdocs\dev\public\index.php(45): CodeIgniter\CodeIgniter->run()
#8 {main}
CRITICAL - 2020-05-23 12:00:27 --> Undefined variable: _SESSION
#0 C:\xampp\htdocs\dev\app\Controllers\Users.php(169): CodeIgniter\Debug\Exceptions->errorHandler(8, 'Undefined varia...', 'C:\\xampp\\htdocs...', 169, Array)
#1 C:\xampp\htdocs\dev\system\CodeIgniter.php(914): App\Controllers\Users->profile()
#2 C:\xampp\htdocs\dev\system\CodeIgniter.php(400): CodeIgniter\CodeIgniter->runController(Object(App\Controllers\Users))
#3 C:\xampp\htdocs\dev\system\CodeIgniter.php(308): CodeIgniter\CodeIgniter->handleRequest(NULL, Object(Config\Cache), false)
#4 C:\xampp\htdocs\dev\public\index.php(45): CodeIgniter\CodeIgniter->run()
#5 {main}
CRITICAL - 2020-05-23 12:07:40 --> syntax error, unexpected 'print_r' (T_STRING), expecting function (T_FUNCTION) or const (T_CONST)
#0 C:\xampp\htdocs\dev\system\Autoloader\Autoloader.php(296): CodeIgniter\Autoloader\Autoloader->requireFile('C:\\xampp\\htdocs...')
#1 C:\xampp\htdocs\dev\system\Autoloader\Autoloader.php(258): CodeIgniter\Autoloader\Autoloader->loadInNamespace('App\\Controllers...')
#2 [internal function]: CodeIgniter\Autoloader\Autoloader->loadClass('App\\Controllers...')
#3 [internal function]: spl_autoload_call('App\\Controllers...')
#4 C:\xampp\htdocs\dev\system\CodeIgniter.php(865): class_exists('\\App\\Controller...', true)
#5 C:\xampp\htdocs\dev\system\CodeIgniter.php(390): CodeIgniter\CodeIgniter->startController()
#6 C:\xampp\htdocs\dev\system\CodeIgniter.php(308): CodeIgniter\CodeIgniter->handleRequest(NULL, Object(Config\Cache), false)
#7 C:\xampp\htdocs\dev\public\index.php(45): CodeIgniter\CodeIgniter->run()
#8 {main}
CRITICAL - 2020-05-23 12:08:32 --> syntax error, unexpected 'echo' (T_ECHO), expecting function (T_FUNCTION) or const (T_CONST)
#0 C:\xampp\htdocs\dev\system\Autoloader\Autoloader.php(296): CodeIgniter\Autoloader\Autoloader->requireFile('C:\\xampp\\htdocs...')
#1 C:\xampp\htdocs\dev\system\Autoloader\Autoloader.php(258): CodeIgniter\Autoloader\Autoloader->loadInNamespace('App\\Controllers...')
#2 [internal function]: CodeIgniter\Autoloader\Autoloader->loadClass('App\\Controllers...')
#3 [internal function]: spl_autoload_call('App\\Controllers...')
#4 C:\xampp\htdocs\dev\system\CodeIgniter.php(865): class_exists('\\App\\Controller...', true)
#5 C:\xampp\htdocs\dev\system\CodeIgniter.php(390): CodeIgniter\CodeIgniter->startController()
#6 C:\xampp\htdocs\dev\system\CodeIgniter.php(308): CodeIgniter\CodeIgniter->handleRequest(NULL, Object(Config\Cache), false)
#7 C:\xampp\htdocs\dev\public\index.php(45): CodeIgniter\CodeIgniter->run()
#8 {main}
CRITICAL - 2020-05-23 12:10:07 --> syntax error, unexpected 'echo' (T_ECHO), expecting function (T_FUNCTION) or const (T_CONST)
#0 C:\xampp\htdocs\dev\system\Autoloader\Autoloader.php(296): CodeIgniter\Autoloader\Autoloader->requireFile('C:\\xampp\\htdocs...')
#1 C:\xampp\htdocs\dev\system\Autoloader\Autoloader.php(258): CodeIgniter\Autoloader\Autoloader->loadInNamespace('App\\Controllers...')
#2 [internal function]: CodeIgniter\Autoloader\Autoloader->loadClass('App\\Controllers...')
#3 [internal function]: spl_autoload_call('App\\Controllers...')
#4 C:\xampp\htdocs\dev\system\CodeIgniter.php(865): class_exists('\\App\\Controller...', true)
#5 C:\xampp\htdocs\dev\system\CodeIgniter.php(390): CodeIgniter\CodeIgniter->startController()
#6 C:\xampp\htdocs\dev\system\CodeIgniter.php(308): CodeIgniter\CodeIgniter->handleRequest(NULL, Object(Config\Cache), false)
#7 C:\xampp\htdocs\dev\public\index.php(45): CodeIgniter\CodeIgniter->run()
#8 {main}
CRITICAL - 2020-05-23 12:10:27 --> syntax error, unexpected 'echo' (T_ECHO), expecting function (T_FUNCTION) or const (T_CONST)
#0 C:\xampp\htdocs\dev\system\Autoloader\Autoloader.php(296): CodeIgniter\Autoloader\Autoloader->requireFile('C:\\xampp\\htdocs...')
#1 C:\xampp\htdocs\dev\system\Autoloader\Autoloader.php(258): CodeIgniter\Autoloader\Autoloader->loadInNamespace('App\\Controllers...')
#2 [internal function]: CodeIgniter\Autoloader\Autoloader->loadClass('App\\Controllers...')
#3 [internal function]: spl_autoload_call('App\\Controllers...')
#4 C:\xampp\htdocs\dev\system\CodeIgniter.php(865): class_exists('\\App\\Controller...', true)
#5 C:\xampp\htdocs\dev\system\CodeIgniter.php(390): CodeIgniter\CodeIgniter->startController()
#6 C:\xampp\htdocs\dev\system\CodeIgniter.php(308): CodeIgniter\CodeIgniter->handleRequest(NULL, Object(Config\Cache), false)
#7 C:\xampp\htdocs\dev\public\index.php(45): CodeIgniter\CodeIgniter->run()
#8 {main}
CRITICAL - 2020-05-23 12:11:12 --> Array to string conversion
#0 C:\xampp\htdocs\dev\app\Controllers\Users.php(66): CodeIgniter\Debug\Exceptions->errorHandler(8, 'Array to string...', 'C:\\xampp\\htdocs...', 66, Array)
#1 C:\xampp\htdocs\dev\app\Controllers\Users.php(40): App\Controllers\Users->setUserSession(Array)
#2 C:\xampp\htdocs\dev\system\CodeIgniter.php(914): App\Controllers\Users->index()
#3 C:\xampp\htdocs\dev\system\CodeIgniter.php(400): CodeIgniter\CodeIgniter->runController(Object(App\Controllers\Users))
#4 C:\xampp\htdocs\dev\system\CodeIgniter.php(308): CodeIgniter\CodeIgniter->handleRequest(NULL, Object(Config\Cache), false)
#5 C:\xampp\htdocs\dev\public\index.php(45): CodeIgniter\CodeIgniter->run()
#6 {main}
CRITICAL - 2020-05-23 12:20:16 --> Trying to access array offset on value of type null
#0 C:\xampp\htdocs\dev\system\Model.php(728): CodeIgniter\Debug\Exceptions->errorHandler(8, 'Trying to acces...', 'C:\\xampp\\htdocs...', 728, Array)
#1 C:\xampp\htdocs\dev\system\Model.php(557): CodeIgniter\Model->insert(Array, false)
#2 C:\xampp\htdocs\dev\app\Controllers\Users.php(183): CodeIgniter\Model->save(Array)
#3 C:\xampp\htdocs\dev\system\CodeIgniter.php(914): App\Controllers\Users->profile()
#4 C:\xampp\htdocs\dev\system\CodeIgniter.php(400): CodeIgniter\CodeIgniter->runController(Object(App\Controllers\Users))
#5 C:\xampp\htdocs\dev\system\CodeIgniter.php(308): CodeIgniter\CodeIgniter->handleRequest(NULL, Object(Config\Cache), false)
#6 C:\xampp\htdocs\dev\public\index.php(45): CodeIgniter\CodeIgniter->run()
#7 {main}
CRITICAL - 2020-05-23 12:22:33 --> Trying to access array offset on value of type null
#0 C:\xampp\htdocs\dev\system\Model.php(728): CodeIgniter\Debug\Exceptions->errorHandler(8, 'Trying to acces...', 'C:\\xampp\\htdocs...', 728, Array)
#1 C:\xampp\htdocs\dev\system\Model.php(557): CodeIgniter\Model->insert(Array, false)
#2 C:\xampp\htdocs\dev\app\Controllers\Users.php(183): CodeIgniter\Model->save(Array)
#3 C:\xampp\htdocs\dev\system\CodeIgniter.php(914): App\Controllers\Users->profile()
#4 C:\xampp\htdocs\dev\system\CodeIgniter.php(400): CodeIgniter\CodeIgniter->runController(Object(App\Controllers\Users))
#5 C:\xampp\htdocs\dev\system\CodeIgniter.php(308): CodeIgniter\CodeIgniter->handleRequest(NULL, Object(Config\Cache), false)
#6 C:\xampp\htdocs\dev\public\index.php(45): CodeIgniter\CodeIgniter->run()
#7 {main}
CRITICAL - 2020-05-23 12:25:21 --> Trying to access array offset on value of type null
#0 C:\xampp\htdocs\dev\system\Model.php(728): CodeIgniter\Debug\Exceptions->errorHandler(8, 'Trying to acces...', 'C:\\xampp\\htdocs...', 728, Array)
#1 C:\xampp\htdocs\dev\system\Model.php(557): CodeIgniter\Model->insert(Array, false)
#2 C:\xampp\htdocs\dev\app\Controllers\Users.php(183): CodeIgniter\Model->save(Array)
#3 C:\xampp\htdocs\dev\system\CodeIgniter.php(914): App\Controllers\Users->profile()
#4 C:\xampp\htdocs\dev\system\CodeIgniter.php(400): CodeIgniter\CodeIgniter->runController(Object(App\Controllers\Users))
#5 C:\xampp\htdocs\dev\system\CodeIgniter.php(308): CodeIgniter\CodeIgniter->handleRequest(NULL, Object(Config\Cache), false)
#6 C:\xampp\htdocs\dev\public\index.php(45): CodeIgniter\CodeIgniter->run()
#7 {main}
CRITICAL - 2020-05-23 12:26:48 --> Trying to access array offset on value of type null
#0 C:\xampp\htdocs\dev\system\Model.php(728): CodeIgniter\Debug\Exceptions->errorHandler(8, 'Trying to acces...', 'C:\\xampp\\htdocs...', 728, Array)
#1 C:\xampp\htdocs\dev\system\Model.php(557): CodeIgniter\Model->insert(Array, false)
#2 C:\xampp\htdocs\dev\app\Controllers\Users.php(183): CodeIgniter\Model->save(Array)
#3 C:\xampp\htdocs\dev\system\CodeIgniter.php(914): App\Controllers\Users->profile()
#4 C:\xampp\htdocs\dev\system\CodeIgniter.php(400): CodeIgniter\CodeIgniter->runController(Object(App\Controllers\Users))
#5 C:\xampp\htdocs\dev\system\CodeIgniter.php(308): CodeIgniter\CodeIgniter->handleRequest(NULL, Object(Config\Cache), false)
#6 C:\xampp\htdocs\dev\public\index.php(45): CodeIgniter\CodeIgniter->run()
#7 {main}
CRITICAL - 2020-05-23 12:27:30 --> Trying to access array offset on value of type null
#0 C:\xampp\htdocs\dev\system\Model.php(728): CodeIgniter\Debug\Exceptions->errorHandler(8, 'Trying to acces...', 'C:\\xampp\\htdocs...', 728, Array)
#1 C:\xampp\htdocs\dev\system\Model.php(557): CodeIgniter\Model->insert(Array, false)
#2 C:\xampp\htdocs\dev\app\Controllers\Users.php(183): CodeIgniter\Model->save(Array)
#3 C:\xampp\htdocs\dev\system\CodeIgniter.php(914): App\Controllers\Users->profile()
#4 C:\xampp\htdocs\dev\system\CodeIgniter.php(400): CodeIgniter\CodeIgniter->runController(Object(App\Controllers\Users))
#5 C:\xampp\htdocs\dev\system\CodeIgniter.php(308): CodeIgniter\CodeIgniter->handleRequest(NULL, Object(Config\Cache), false)
#6 C:\xampp\htdocs\dev\public\index.php(45): CodeIgniter\CodeIgniter->run()
#7 {main}
CRITICAL - 2020-05-23 12:27:43 --> Unknown column 'id' in 'where clause'
#0 C:\xampp\htdocs\dev\system\Database\MySQLi\Connection.php(331): mysqli->query('SELECT *\nFROM `...')
#1 C:\xampp\htdocs\dev\system\Database\BaseConnection.php(738): CodeIgniter\Database\MySQLi\Connection->execute('SELECT *\nFROM `...')
#2 C:\xampp\htdocs\dev\system\Database\BaseConnection.php(666): CodeIgniter\Database\BaseConnection->simpleQuery('SELECT *\nFROM `...')
#3 C:\xampp\htdocs\dev\system\Database\BaseBuilder.php(1845): CodeIgniter\Database\BaseConnection->query('SELECT *\nFROM `...', Array, false)
#4 C:\xampp\htdocs\dev\system\Model.php(489): CodeIgniter\Database\BaseBuilder->get()
#5 C:\xampp\htdocs\dev\app\Controllers\Users.php(197): CodeIgniter\Model->first()
#6 C:\xampp\htdocs\dev\system\CodeIgniter.php(914): App\Controllers\Users->profile()
#7 C:\xampp\htdocs\dev\system\CodeIgniter.php(400): CodeIgniter\CodeIgniter->runController(Object(App\Controllers\Users))
#8 C:\xampp\htdocs\dev\system\CodeIgniter.php(308): CodeIgniter\CodeIgniter->handleRequest(NULL, Object(Config\Cache), false)
#9 C:\xampp\htdocs\dev\public\index.php(45): CodeIgniter\CodeIgniter->run()
#10 {main}
CRITICAL - 2020-05-23 12:27:48 --> Unknown column 'id' in 'where clause'
#0 C:\xampp\htdocs\dev\system\Database\MySQLi\Connection.php(331): mysqli->query('SELECT *\nFROM `...')
#1 C:\xampp\htdocs\dev\system\Database\BaseConnection.php(738): CodeIgniter\Database\MySQLi\Connection->execute('SELECT *\nFROM `...')
#2 C:\xampp\htdocs\dev\system\Database\BaseConnection.php(666): CodeIgniter\Database\BaseConnection->simpleQuery('SELECT *\nFROM `...')
#3 C:\xampp\htdocs\dev\system\Database\BaseBuilder.php(1845): CodeIgniter\Database\BaseConnection->query('SELECT *\nFROM `...', Array, false)
#4 C:\xampp\htdocs\dev\system\Model.php(489): CodeIgniter\Database\BaseBuilder->get()
#5 C:\xampp\htdocs\dev\app\Controllers\Users.php(197): CodeIgniter\Model->first()
#6 C:\xampp\htdocs\dev\system\CodeIgniter.php(914): App\Controllers\Users->profile()
#7 C:\xampp\htdocs\dev\system\CodeIgniter.php(400): CodeIgniter\CodeIgniter->runController(Object(App\Controllers\Users))
#8 C:\xampp\htdocs\dev\system\CodeIgniter.php(308): CodeIgniter\CodeIgniter->handleRequest(NULL, Object(Config\Cache), false)
#9 C:\xampp\htdocs\dev\public\index.php(45): CodeIgniter\CodeIgniter->run()
#10 {main}
CRITICAL - 2020-05-23 12:28:29 --> Trying to access array offset on value of type null
#0 C:\xampp\htdocs\dev\app\Views\profile.php(10): CodeIgniter\Debug\Exceptions->errorHandler(8, 'Trying to acces...', 'C:\\xampp\\htdocs...', 10, Array)
#1 C:\xampp\htdocs\dev\system\View\View.php(246): include('C:\\xampp\\htdocs...')
#2 C:\xampp\htdocs\dev\system\Common.php(1087): CodeIgniter\View\View->render('profile', Array, true)
#3 C:\xampp\htdocs\dev\app\Controllers\Users.php(206): view('profile')
#4 C:\xampp\htdocs\dev\system\CodeIgniter.php(914): App\Controllers\Users->profile()
#5 C:\xampp\htdocs\dev\system\CodeIgniter.php(400): CodeIgniter\CodeIgniter->runController(Object(App\Controllers\Users))
#6 C:\xampp\htdocs\dev\system\CodeIgniter.php(308): CodeIgniter\CodeIgniter->handleRequest(NULL, Object(Config\Cache), false)
#7 C:\xampp\htdocs\dev\public\index.php(45): CodeIgniter\CodeIgniter->run()
#8 {main}
CRITICAL - 2020-05-23 12:28:39 --> Trying to access array offset on value of type null
#0 C:\xampp\htdocs\dev\app\Views\profile.php(10): CodeIgniter\Debug\Exceptions->errorHandler(8, 'Trying to acces...', 'C:\\xampp\\htdocs...', 10, Array)
#1 C:\xampp\htdocs\dev\system\View\View.php(246): include('C:\\xampp\\htdocs...')
#2 C:\xampp\htdocs\dev\system\Common.php(1087): CodeIgniter\View\View->render('profile', Array, true)
#3 C:\xampp\htdocs\dev\app\Controllers\Users.php(206): view('profile')
#4 C:\xampp\htdocs\dev\system\CodeIgniter.php(914): App\Controllers\Users->profile()
#5 C:\xampp\htdocs\dev\system\CodeIgniter.php(400): CodeIgniter\CodeIgniter->runController(Object(App\Controllers\Users))
#6 C:\xampp\htdocs\dev\system\CodeIgniter.php(308): CodeIgniter\CodeIgniter->handleRequest(NULL, Object(Config\Cache), false)
#7 C:\xampp\htdocs\dev\public\index.php(45): CodeIgniter\CodeIgniter->run()
#8 {main}
CRITICAL - 2020-05-23 12:29:07 --> Trying to access array offset on value of type null
#0 C:\xampp\htdocs\dev\app\Views\profile.php(10): CodeIgniter\Debug\Exceptions->errorHandler(8, 'Trying to acces...', 'C:\\xampp\\htdocs...', 10, Array)
#1 C:\xampp\htdocs\dev\system\View\View.php(246): include('C:\\xampp\\htdocs...')
#2 C:\xampp\htdocs\dev\system\Common.php(1087): CodeIgniter\View\View->render('profile', Array, true)
#3 C:\xampp\htdocs\dev\app\Controllers\Users.php(206): view('profile')
#4 C:\xampp\htdocs\dev\system\CodeIgniter.php(914): App\Controllers\Users->profile()
#5 C:\xampp\htdocs\dev\system\CodeIgniter.php(400): CodeIgniter\CodeIgniter->runController(Object(App\Controllers\Users))
#6 C:\xampp\htdocs\dev\system\CodeIgniter.php(308): CodeIgniter\CodeIgniter->handleRequest(NULL, Object(Config\Cache), false)
#7 C:\xampp\htdocs\dev\public\index.php(45): CodeIgniter\CodeIgniter->run()
#8 {main}
CRITICAL - 2020-05-23 12:29:46 --> Undefined index: firstname
#0 C:\xampp\htdocs\dev\app\Views\profile.php(10): CodeIgniter\Debug\Exceptions->errorHandler(8, 'Undefined index...', 'C:\\xampp\\htdocs...', 10, Array)
#1 C:\xampp\htdocs\dev\system\View\View.php(246): include('C:\\xampp\\htdocs...')
#2 C:\xampp\htdocs\dev\system\Common.php(1087): CodeIgniter\View\View->render('profile', Array, true)
#3 C:\xampp\htdocs\dev\app\Controllers\Users.php(206): view('profile')
#4 C:\xampp\htdocs\dev\system\CodeIgniter.php(914): App\Controllers\Users->profile()
#5 C:\xampp\htdocs\dev\system\CodeIgniter.php(400): CodeIgniter\CodeIgniter->runController(Object(App\Controllers\Users))
#6 C:\xampp\htdocs\dev\system\CodeIgniter.php(308): CodeIgniter\CodeIgniter->handleRequest(NULL, Object(Config\Cache), false)
#7 C:\xampp\htdocs\dev\public\index.php(45): CodeIgniter\CodeIgniter->run()
#8 {main}
CRITICAL - 2020-05-23 12:32:19 --> Unknown column 'idUserss' in 'where clause'
#0 C:\xampp\htdocs\dev\system\Database\MySQLi\Connection.php(331): mysqli->query('SELECT *\nFROM `...')
#1 C:\xampp\htdocs\dev\system\Database\BaseConnection.php(738): CodeIgniter\Database\MySQLi\Connection->execute('SELECT *\nFROM `...')
#2 C:\xampp\htdocs\dev\system\Database\BaseConnection.php(666): CodeIgniter\Database\BaseConnection->simpleQuery('SELECT *\nFROM `...')
#3 C:\xampp\htdocs\dev\system\Database\BaseBuilder.php(1845): CodeIgniter\Database\BaseConnection->query('SELECT *\nFROM `...', Array, false)
#4 C:\xampp\htdocs\dev\system\Model.php(489): CodeIgniter\Database\BaseBuilder->get()
#5 C:\xampp\htdocs\dev\app\Controllers\Users.php(196): CodeIgniter\Model->first()
#6 C:\xampp\htdocs\dev\system\CodeIgniter.php(914): App\Controllers\Users->profile()
#7 C:\xampp\htdocs\dev\system\CodeIgniter.php(400): CodeIgniter\CodeIgniter->runController(Object(App\Controllers\Users))
#8 C:\xampp\htdocs\dev\system\CodeIgniter.php(308): CodeIgniter\CodeIgniter->handleRequest(NULL, Object(Config\Cache), false)
#9 C:\xampp\htdocs\dev\public\index.php(45): CodeIgniter\CodeIgniter->run()
#10 {main}
CRITICAL - 2020-05-23 12:48:40 --> Trying to access array offset on value of type null
#0 C:\xampp\htdocs\dev\system\Model.php(728): CodeIgniter\Debug\Exceptions->errorHandler(8, 'Trying to acces...', 'C:\\xampp\\htdocs...', 728, Array)
#1 C:\xampp\htdocs\dev\system\Model.php(557): CodeIgniter\Model->insert(Array, false)
#2 C:\xampp\htdocs\dev\app\Controllers\Users.php(185): CodeIgniter\Model->save(Array)
#3 C:\xampp\htdocs\dev\system\CodeIgniter.php(914): App\Controllers\Users->profile()
#4 C:\xampp\htdocs\dev\system\CodeIgniter.php(400): CodeIgniter\CodeIgniter->runController(Object(App\Controllers\Users))
#5 C:\xampp\htdocs\dev\system\CodeIgniter.php(308): CodeIgniter\CodeIgniter->handleRequest(NULL, Object(Config\Cache), false)
#6 C:\xampp\htdocs\dev\public\index.php(45): CodeIgniter\CodeIgniter->run()
#7 {main}
CRITICAL - 2020-05-23 12:49:55 --> Trying to access array offset on value of type null
#0 C:\xampp\htdocs\dev\system\Model.php(728): CodeIgniter\Debug\Exceptions->errorHandler(8, 'Trying to acces...', 'C:\\xampp\\htdocs...', 728, Array)
#1 C:\xampp\htdocs\dev\system\Model.php(557): CodeIgniter\Model->insert(Array, false)
#2 C:\xampp\htdocs\dev\app\Controllers\Users.php(186): CodeIgniter\Model->save(Array)
#3 C:\xampp\htdocs\dev\system\CodeIgniter.php(914): App\Controllers\Users->profile()
#4 C:\xampp\htdocs\dev\system\CodeIgniter.php(400): CodeIgniter\CodeIgniter->runController(Object(App\Controllers\Users))
#5 C:\xampp\htdocs\dev\system\CodeIgniter.php(308): CodeIgniter\CodeIgniter->handleRequest(NULL, Object(Config\Cache), false)
#6 C:\xampp\htdocs\dev\public\index.php(45): CodeIgniter\CodeIgniter->run()
#7 {main}
CRITICAL - 2020-05-23 12:50:02 --> Trying to access array offset on value of type null
#0 C:\xampp\htdocs\dev\system\Model.php(728): CodeIgniter\Debug\Exceptions->errorHandler(8, 'Trying to acces...', 'C:\\xampp\\htdocs...', 728, Array)
#1 C:\xampp\htdocs\dev\system\Model.php(557): CodeIgniter\Model->insert(Array, false)
#2 C:\xampp\htdocs\dev\app\Controllers\Users.php(186): CodeIgniter\Model->save(Array)
#3 C:\xampp\htdocs\dev\system\CodeIgniter.php(914): App\Controllers\Users->profile()
#4 C:\xampp\htdocs\dev\system\CodeIgniter.php(400): CodeIgniter\CodeIgniter->runController(Object(App\Controllers\Users))
#5 C:\xampp\htdocs\dev\system\CodeIgniter.php(308): CodeIgniter\CodeIgniter->handleRequest(NULL, Object(Config\Cache), false)
#6 C:\xampp\htdocs\dev\public\index.php(45): CodeIgniter\CodeIgniter->run()
#7 {main}
CRITICAL - 2020-05-23 12:52:21 --> Trying to access array offset on value of type null
#0 C:\xampp\htdocs\dev\system\Model.php(728): CodeIgniter\Debug\Exceptions->errorHandler(8, 'Trying to acces...', 'C:\\xampp\\htdocs...', 728, Array)
#1 C:\xampp\htdocs\dev\system\Model.php(557): CodeIgniter\Model->insert(Array, false)
#2 C:\xampp\htdocs\dev\app\Controllers\Users.php(187): CodeIgniter\Model->save(Array)
#3 C:\xampp\htdocs\dev\system\CodeIgniter.php(914): App\Controllers\Users->profile()
#4 C:\xampp\htdocs\dev\system\CodeIgniter.php(400): CodeIgniter\CodeIgniter->runController(Object(App\Controllers\Users))
#5 C:\xampp\htdocs\dev\system\CodeIgniter.php(308): CodeIgniter\CodeIgniter->handleRequest(NULL, Object(Config\Cache), false)
#6 C:\xampp\htdocs\dev\public\index.php(45): CodeIgniter\CodeIgniter->run()
#7 {main}
CRITICAL - 2020-05-23 12:56:06 --> syntax error, unexpected ']'
#0 C:\xampp\htdocs\dev\system\Autoloader\Autoloader.php(296): CodeIgniter\Autoloader\Autoloader->requireFile('C:\\xampp\\htdocs...')
#1 C:\xampp\htdocs\dev\system\Autoloader\Autoloader.php(258): CodeIgniter\Autoloader\Autoloader->loadInNamespace('App\\Controllers...')
#2 [internal function]: CodeIgniter\Autoloader\Autoloader->loadClass('App\\Controllers...')
#3 [internal function]: spl_autoload_call('App\\Controllers...')
#4 C:\xampp\htdocs\dev\system\CodeIgniter.php(865): class_exists('\\App\\Controller...', true)
#5 C:\xampp\htdocs\dev\system\CodeIgniter.php(390): CodeIgniter\CodeIgniter->startController()
#6 C:\xampp\htdocs\dev\system\CodeIgniter.php(308): CodeIgniter\CodeIgniter->handleRequest(NULL, Object(Config\Cache), false)
#7 C:\xampp\htdocs\dev\public\index.php(45): CodeIgniter\CodeIgniter->run()
#8 {main}
CRITICAL - 2020-05-23 12:57:34 --> Duplicate entry '22' for key 'PRIMARY'
#0 C:\xampp\htdocs\dev\system\Database\MySQLi\Connection.php(331): mysqli->query('INSERT INTO `us...')
#1 C:\xampp\htdocs\dev\system\Database\BaseConnection.php(738): CodeIgniter\Database\MySQLi\Connection->execute('INSERT INTO `us...')
#2 C:\xampp\htdocs\dev\system\Database\BaseConnection.php(666): CodeIgniter\Database\BaseConnection->simpleQuery('INSERT INTO `us...')
#3 C:\xampp\htdocs\dev\system\Database\BaseBuilder.php(2234): CodeIgniter\Database\BaseConnection->query('INSERT INTO `us...', Array, false)
#4 C:\xampp\htdocs\dev\system\Model.php(729): CodeIgniter\Database\BaseBuilder->insert()
#5 C:\xampp\htdocs\dev\system\Model.php(557): CodeIgniter\Model->insert(Array, false)
#6 C:\xampp\htdocs\dev\app\Controllers\Users.php(196): CodeIgniter\Model->save(Array)
#7 C:\xampp\htdocs\dev\system\CodeIgniter.php(914): App\Controllers\Users->profile()
#8 C:\xampp\htdocs\dev\system\CodeIgniter.php(400): CodeIgniter\CodeIgniter->runController(Object(App\Controllers\Users))
#9 C:\xampp\htdocs\dev\system\CodeIgniter.php(308): CodeIgniter\CodeIgniter->handleRequest(NULL, Object(Config\Cache), false)
#10 C:\xampp\htdocs\dev\public\index.php(45): CodeIgniter\CodeIgniter->run()
#11 {main}
CRITICAL - 2020-05-23 12:58:05 --> Trying to access array offset on value of type null
#0 C:\xampp\htdocs\dev\system\Model.php(728): CodeIgniter\Debug\Exceptions->errorHandler(8, 'Trying to acces...', 'C:\\xampp\\htdocs...', 728, Array)
#1 C:\xampp\htdocs\dev\system\Model.php(557): CodeIgniter\Model->insert(Array, false)
#2 C:\xampp\htdocs\dev\app\Controllers\Users.php(196): CodeIgniter\Model->save(Array)
#3 C:\xampp\htdocs\dev\system\CodeIgniter.php(914): App\Controllers\Users->profile()
#4 C:\xampp\htdocs\dev\system\CodeIgniter.php(400): CodeIgniter\CodeIgniter->runController(Object(App\Controllers\Users))
#5 C:\xampp\htdocs\dev\system\CodeIgniter.php(308): CodeIgniter\CodeIgniter->handleRequest(NULL, Object(Config\Cache), false)
#6 C:\xampp\htdocs\dev\public\index.php(45): CodeIgniter\CodeIgniter->run()
#7 {main}
CRITICAL - 2020-05-23 12:59:32 --> Duplicate entry '22' for key 'PRIMARY'
#0 C:\xampp\htdocs\dev\system\Database\MySQLi\Connection.php(331): mysqli->query('INSERT INTO `us...')
#1 C:\xampp\htdocs\dev\system\Database\BaseConnection.php(738): CodeIgniter\Database\MySQLi\Connection->execute('INSERT INTO `us...')
#2 C:\xampp\htdocs\dev\system\Database\BaseConnection.php(666): CodeIgniter\Database\BaseConnection->simpleQuery('INSERT INTO `us...')
#3 C:\xampp\htdocs\dev\system\Database\BaseBuilder.php(2234): CodeIgniter\Database\BaseConnection->query('INSERT INTO `us...', Array, false)
#4 C:\xampp\htdocs\dev\system\Model.php(729): CodeIgniter\Database\BaseBuilder->insert()
#5 C:\xampp\htdocs\dev\system\Model.php(557): CodeIgniter\Model->insert(Array, false)
#6 C:\xampp\htdocs\dev\app\Controllers\Users.php(196): CodeIgniter\Model->save(Array)
#7 C:\xampp\htdocs\dev\system\CodeIgniter.php(914): App\Controllers\Users->profile()
#8 C:\xampp\htdocs\dev\system\CodeIgniter.php(400): CodeIgniter\CodeIgniter->runController(Object(App\Controllers\Users))
#9 C:\xampp\htdocs\dev\system\CodeIgniter.php(308): CodeIgniter\CodeIgniter->handleRequest(NULL, Object(Config\Cache), false)
#10 C:\xampp\htdocs\dev\public\index.php(45): CodeIgniter\CodeIgniter->run()
#11 {main}
CRITICAL - 2020-05-23 12:59:43 --> Trying to access array offset on value of type null
#0 C:\xampp\htdocs\dev\system\Model.php(728): CodeIgniter\Debug\Exceptions->errorHandler(8, 'Trying to acces...', 'C:\\xampp\\htdocs...', 728, Array)
#1 C:\xampp\htdocs\dev\system\Model.php(557): CodeIgniter\Model->insert(Array, false)
#2 C:\xampp\htdocs\dev\app\Controllers\Users.php(196): CodeIgniter\Model->save(Array)
#3 C:\xampp\htdocs\dev\system\CodeIgniter.php(914): App\Controllers\Users->profile()
#4 C:\xampp\htdocs\dev\system\CodeIgniter.php(400): CodeIgniter\CodeIgniter->runController(Object(App\Controllers\Users))
#5 C:\xampp\htdocs\dev\system\CodeIgniter.php(308): CodeIgniter\CodeIgniter->handleRequest(NULL, Object(Config\Cache), false)
#6 C:\xampp\htdocs\dev\public\index.php(45): CodeIgniter\CodeIgniter->run()
#7 {main}
CRITICAL - 2020-05-23 13:00:29 --> Trying to access array offset on value of type null
#0 C:\xampp\htdocs\dev\system\Model.php(728): CodeIgniter\Debug\Exceptions->errorHandler(8, 'Trying to acces...', 'C:\\xampp\\htdocs...', 728, Array)
#1 C:\xampp\htdocs\dev\system\Model.php(557): CodeIgniter\Model->insert(Array, false)
#2 C:\xampp\htdocs\dev\app\Controllers\Users.php(196): CodeIgniter\Model->save(Array)
#3 C:\xampp\htdocs\dev\system\CodeIgniter.php(914): App\Controllers\Users->profile()
#4 C:\xampp\htdocs\dev\system\CodeIgniter.php(400): CodeIgniter\CodeIgniter->runController(Object(App\Controllers\Users))
#5 C:\xampp\htdocs\dev\system\CodeIgniter.php(308): CodeIgniter\CodeIgniter->handleRequest(NULL, Object(Config\Cache), false)
#6 C:\xampp\htdocs\dev\public\index.php(45): CodeIgniter\CodeIgniter->run()
#7 {main}
CRITICAL - 2020-05-23 13:35:43 --> Trying to access array offset on value of type null
#0 C:\xampp\htdocs\dev\system\Model.php(728): CodeIgniter\Debug\Exceptions->errorHandler(8, 'Trying to acces...', 'C:\\xampp\\htdocs...', 728, Array)
#1 C:\xampp\htdocs\dev\system\Model.php(557): CodeIgniter\Model->insert(Array, false)
#2 C:\xampp\htdocs\dev\app\Controllers\Users.php(140): CodeIgniter\Model->save(Array)
#3 C:\xampp\htdocs\dev\system\CodeIgniter.php(914): App\Controllers\Users->profile()
#4 C:\xampp\htdocs\dev\system\CodeIgniter.php(400): CodeIgniter\CodeIgniter->runController(Object(App\Controllers\Users))
#5 C:\xampp\htdocs\dev\system\CodeIgniter.php(308): CodeIgniter\CodeIgniter->handleRequest(NULL, Object(Config\Cache), false)
#6 C:\xampp\htdocs\dev\public\index.php(45): CodeIgniter\CodeIgniter->run()
#7 {main}
CRITICAL - 2020-05-23 13:37:00 --> Trying to access array offset on value of type null
#0 C:\xampp\htdocs\dev\system\Model.php(728): CodeIgniter\Debug\Exceptions->errorHandler(8, 'Trying to acces...', 'C:\\xampp\\htdocs...', 728, Array)
#1 C:\xampp\htdocs\dev\system\Model.php(557): CodeIgniter\Model->insert(Array, false)
#2 C:\xampp\htdocs\dev\app\Controllers\Users.php(138): CodeIgniter\Model->save(Array)
#3 C:\xampp\htdocs\dev\system\CodeIgniter.php(914): App\Controllers\Users->profile()
#4 C:\xampp\htdocs\dev\system\CodeIgniter.php(400): CodeIgniter\CodeIgniter->runController(Object(App\Controllers\Users))
#5 C:\xampp\htdocs\dev\system\CodeIgniter.php(308): CodeIgniter\CodeIgniter->handleRequest(NULL, Object(Config\Cache), false)
#6 C:\xampp\htdocs\dev\public\index.php(45): CodeIgniter\CodeIgniter->run()
#7 {main}
CRITICAL - 2020-05-23 13:41:33 --> Trying to access array offset on value of type null
#0 C:\xampp\htdocs\dev\system\Model.php(863): CodeIgniter\Debug\Exceptions->errorHandler(8, 'Trying to acces...', 'C:\\xampp\\htdocs...', 863, Array)
#1 C:\xampp\htdocs\dev\system\Model.php(553): CodeIgniter\Model->update(Array, Array)
#2 C:\xampp\htdocs\dev\app\Controllers\Users.php(145): CodeIgniter\Model->save(Array)
#3 C:\xampp\htdocs\dev\system\CodeIgniter.php(914): App\Controllers\Users->profile()
#4 C:\xampp\htdocs\dev\system\CodeIgniter.php(400): CodeIgniter\CodeIgniter->runController(Object(App\Controllers\Users))
#5 C:\xampp\htdocs\dev\system\CodeIgniter.php(308): CodeIgniter\CodeIgniter->handleRequest(NULL, Object(Config\Cache), false)
#6 C:\xampp\htdocs\dev\public\index.php(45): CodeIgniter\CodeIgniter->run()
#7 {main}
CRITICAL - 2020-05-23 13:53:45 --> Trying to access array offset on value of type null
#0 C:\xampp\htdocs\dev\system\Model.php(728): CodeIgniter\Debug\Exceptions->errorHandler(8, 'Trying to acces...', 'C:\\xampp\\htdocs...', 728, Array)
#1 C:\xampp\htdocs\dev\system\Model.php(557): CodeIgniter\Model->insert(Array, false)
#2 C:\xampp\htdocs\dev\app\Controllers\Users.php(145): CodeIgniter\Model->save(Array)
#3 C:\xampp\htdocs\dev\system\CodeIgniter.php(914): App\Controllers\Users->profile()
#4 C:\xampp\htdocs\dev\system\CodeIgniter.php(400): CodeIgniter\CodeIgniter->runController(Object(App\Controllers\Users))
#5 C:\xampp\htdocs\dev\system\CodeIgniter.php(308): CodeIgniter\CodeIgniter->handleRequest(NULL, Object(Config\Cache), false)
#6 C:\xampp\htdocs\dev\public\index.php(45): CodeIgniter\CodeIgniter->run()
#7 {main}
CRITICAL - 2020-05-23 13:56:34 --> Unknown column 'email' in 'where clause'
#0 C:\xampp\htdocs\dev\system\Database\MySQLi\Connection.php(331): mysqli->query('SELECT 1\nFROM `...')
#1 C:\xampp\htdocs\dev\system\Database\BaseConnection.php(738): CodeIgniter\Database\MySQLi\Connection->execute('SELECT 1\nFROM `...')
#2 C:\xampp\htdocs\dev\system\Database\BaseConnection.php(666): CodeIgniter\Database\BaseConnection->simpleQuery('SELECT 1\nFROM `...')
#3 C:\xampp\htdocs\dev\system\Database\BaseBuilder.php(1845): CodeIgniter\Database\BaseConnection->query('SELECT 1\nFROM `...', Array, false)
#4 C:\xampp\htdocs\dev\system\Validation\Rules.php(234): CodeIgniter\Database\BaseBuilder->get()
#5 C:\xampp\htdocs\dev\system\Validation\Validation.php(294): CodeIgniter\Validation\Rules->is_unique('test29@gmail.co...', 'email', Array, NULL)
#6 C:\xampp\htdocs\dev\system\Validation\Validation.php(189): CodeIgniter\Validation\Validation->processRules('email', 'email', 'test29@gmail.co...', Array, Array)
#7 C:\xampp\htdocs\dev\system\Controller.php(219): CodeIgniter\Validation\Validation->run()
#8 C:\xampp\htdocs\dev\app\Controllers\Users.php(79): CodeIgniter\Controller->validate(Array)
#9 C:\xampp\htdocs\dev\system\CodeIgniter.php(914): App\Controllers\Users->register()
#10 C:\xampp\htdocs\dev\system\CodeIgniter.php(400): CodeIgniter\CodeIgniter->runController(Object(App\Controllers\Users))
#11 C:\xampp\htdocs\dev\system\CodeIgniter.php(308): CodeIgniter\CodeIgniter->handleRequest(NULL, Object(Config\Cache), false)
#12 C:\xampp\htdocs\dev\public\index.php(45): CodeIgniter\CodeIgniter->run()
#13 {main}
CRITICAL - 2020-05-23 13:58:04 --> Unknown column 'email' in 'where clause'
#0 C:\xampp\htdocs\dev\system\Database\MySQLi\Connection.php(331): mysqli->query('SELECT 1\nFROM `...')
#1 C:\xampp\htdocs\dev\system\Database\BaseConnection.php(738): CodeIgniter\Database\MySQLi\Connection->execute('SELECT 1\nFROM `...')
#2 C:\xampp\htdocs\dev\system\Database\BaseConnection.php(666): CodeIgniter\Database\BaseConnection->simpleQuery('SELECT 1\nFROM `...')
#3 C:\xampp\htdocs\dev\system\Database\BaseBuilder.php(1845): CodeIgniter\Database\BaseConnection->query('SELECT 1\nFROM `...', Array, false)
#4 C:\xampp\htdocs\dev\system\Validation\Rules.php(234): CodeIgniter\Database\BaseBuilder->get()
#5 C:\xampp\htdocs\dev\system\Validation\Validation.php(294): CodeIgniter\Validation\Rules->is_unique('test29@gmail.co...', 'email', Array, NULL)
#6 C:\xampp\htdocs\dev\system\Validation\Validation.php(189): CodeIgniter\Validation\Validation->processRules('email', 'email', 'test29@gmail.co...', Array, Array)
#7 C:\xampp\htdocs\dev\system\Controller.php(219): CodeIgniter\Validation\Validation->run()
#8 C:\xampp\htdocs\dev\app\Controllers\Users.php(79): CodeIgniter\Controller->validate(Array)
#9 C:\xampp\htdocs\dev\system\CodeIgniter.php(914): App\Controllers\Users->register()
#10 C:\xampp\htdocs\dev\system\CodeIgniter.php(400): CodeIgniter\CodeIgniter->runController(Object(App\Controllers\Users))
#11 C:\xampp\htdocs\dev\system\CodeIgniter.php(308): CodeIgniter\CodeIgniter->handleRequest(NULL, Object(Config\Cache), false)
#12 C:\xampp\htdocs\dev\public\index.php(45): CodeIgniter\CodeIgniter->run()
#13 {main}
CRITICAL - 2020-05-23 14:00:50 --> Trying to access array offset on value of type null
#0 C:\xampp\htdocs\dev\system\Model.php(728): CodeIgniter\Debug\Exceptions->errorHandler(8, 'Trying to acces...', 'C:\\xampp\\htdocs...', 728, Array)
#1 C:\xampp\htdocs\dev\system\Model.php(557): CodeIgniter\Model->insert(Array, false)
#2 C:\xampp\htdocs\dev\app\Controllers\Users.php(147): CodeIgniter\Model->save(Array)
#3 C:\xampp\htdocs\dev\system\CodeIgniter.php(914): App\Controllers\Users->profile()
#4 C:\xampp\htdocs\dev\system\CodeIgniter.php(400): CodeIgniter\CodeIgniter->runController(Object(App\Controllers\Users))
#5 C:\xampp\htdocs\dev\system\CodeIgniter.php(308): CodeIgniter\CodeIgniter->handleRequest(NULL, Object(Config\Cache), false)
#6 C:\xampp\htdocs\dev\public\index.php(45): CodeIgniter\CodeIgniter->run()
#7 {main}
CRITICAL - 2020-05-23 14:03:15 --> Trying to access array offset on value of type null
#0 C:\xampp\htdocs\dev\system\Model.php(728): CodeIgniter\Debug\Exceptions->errorHandler(8, 'Trying to acces...', 'C:\\xampp\\htdocs...', 728, Array)
#1 C:\xampp\htdocs\dev\system\Model.php(557): CodeIgniter\Model->insert(Array, false)
#2 C:\xampp\htdocs\dev\app\Controllers\Users.php(147): CodeIgniter\Model->save(Array)
#3 C:\xampp\htdocs\dev\system\CodeIgniter.php(914): App\Controllers\Users->profile()
#4 C:\xampp\htdocs\dev\system\CodeIgniter.php(400): CodeIgniter\CodeIgniter->runController(Object(App\Controllers\Users))
#5 C:\xampp\htdocs\dev\system\CodeIgniter.php(308): CodeIgniter\CodeIgniter->handleRequest(NULL, Object(Config\Cache), false)
#6 C:\xampp\htdocs\dev\public\index.php(45): CodeIgniter\CodeIgniter->run()
#7 {main}
CRITICAL - 2020-05-23 14:03:40 --> Trying to access array offset on value of type null
#0 C:\xampp\htdocs\dev\system\Model.php(728): CodeIgniter\Debug\Exceptions->errorHandler(8, 'Trying to acces...', 'C:\\xampp\\htdocs...', 728, Array)
#1 C:\xampp\htdocs\dev\system\Model.php(557): CodeIgniter\Model->insert(Array, false)
#2 C:\xampp\htdocs\dev\app\Controllers\Users.php(148): CodeIgniter\Model->save(Array)
#3 C:\xampp\htdocs\dev\system\CodeIgniter.php(914): App\Controllers\Users->profile()
#4 C:\xampp\htdocs\dev\system\CodeIgniter.php(400): CodeIgniter\CodeIgniter->runController(Object(App\Controllers\Users))
#5 C:\xampp\htdocs\dev\system\CodeIgniter.php(308): CodeIgniter\CodeIgniter->handleRequest(NULL, Object(Config\Cache), false)
#6 C:\xampp\htdocs\dev\public\index.php(45): CodeIgniter\CodeIgniter->run()
#7 {main}
CRITICAL - 2020-05-23 14:06:33 --> Unknown column 'email' in 'where clause'
#0 C:\xampp\htdocs\dev\system\Database\MySQLi\Connection.php(331): mysqli->query('SELECT 1\nFROM `...')
#1 C:\xampp\htdocs\dev\system\Database\BaseConnection.php(738): CodeIgniter\Database\MySQLi\Connection->execute('SELECT 1\nFROM `...')
#2 C:\xampp\htdocs\dev\system\Database\BaseConnection.php(666): CodeIgniter\Database\BaseConnection->simpleQuery('SELECT 1\nFROM `...')
#3 C:\xampp\htdocs\dev\system\Database\BaseBuilder.php(1845): CodeIgniter\Database\BaseConnection->query('SELECT 1\nFROM `...', Array, false)
#4 C:\xampp\htdocs\dev\system\Validation\Rules.php(234): CodeIgniter\Database\BaseBuilder->get()
#5 C:\xampp\htdocs\dev\system\Validation\Validation.php(294): CodeIgniter\Validation\Rules->is_unique('test29@gmail.co...', 'email', Array, NULL)
#6 C:\xampp\htdocs\dev\system\Validation\Validation.php(189): CodeIgniter\Validation\Validation->processRules('email', 'email', 'test29@gmail.co...', Array, Array)
#7 C:\xampp\htdocs\dev\system\Controller.php(219): CodeIgniter\Validation\Validation->run()
#8 C:\xampp\htdocs\dev\app\Controllers\Users.php(79): CodeIgniter\Controller->validate(Array)
#9 C:\xampp\htdocs\dev\system\CodeIgniter.php(914): App\Controllers\Users->register()
#10 C:\xampp\htdocs\dev\system\CodeIgniter.php(400): CodeIgniter\CodeIgniter->runController(Object(App\Controllers\Users))
#11 C:\xampp\htdocs\dev\system\CodeIgniter.php(308): CodeIgniter\CodeIgniter->handleRequest(NULL, Object(Config\Cache), false)
#12 C:\xampp\htdocs\dev\public\index.php(45): CodeIgniter\CodeIgniter->run()
#13 {main}
CRITICAL - 2020-05-23 14:07:06 --> Unknown column 'email' in 'where clause'
#0 C:\xampp\htdocs\dev\system\Database\MySQLi\Connection.php(331): mysqli->query('SELECT 1\nFROM `...')
#1 C:\xampp\htdocs\dev\system\Database\BaseConnection.php(738): CodeIgniter\Database\MySQLi\Connection->execute('SELECT 1\nFROM `...')
#2 C:\xampp\htdocs\dev\system\Database\BaseConnection.php(666): CodeIgniter\Database\BaseConnection->simpleQuery('SELECT 1\nFROM `...')
#3 C:\xampp\htdocs\dev\system\Database\BaseBuilder.php(1845): CodeIgniter\Database\BaseConnection->query('SELECT 1\nFROM `...', Array, false)
#4 C:\xampp\htdocs\dev\system\Validation\Rules.php(234): CodeIgniter\Database\BaseBuilder->get()
#5 C:\xampp\htdocs\dev\system\Validation\Validation.php(294): CodeIgniter\Validation\Rules->is_unique('test29@gmail.co...', 'email', Array, NULL)
#6 C:\xampp\htdocs\dev\system\Validation\Validation.php(189): CodeIgniter\Validation\Validation->processRules('email', 'email', 'test29@gmail.co...', Array, Array)
#7 C:\xampp\htdocs\dev\system\Controller.php(219): CodeIgniter\Validation\Validation->run()
#8 C:\xampp\htdocs\dev\app\Controllers\Users.php(79): CodeIgniter\Controller->validate(Array)
#9 C:\xampp\htdocs\dev\system\CodeIgniter.php(914): App\Controllers\Users->register()
#10 C:\xampp\htdocs\dev\system\CodeIgniter.php(400): CodeIgniter\CodeIgniter->runController(Object(App\Controllers\Users))
#11 C:\xampp\htdocs\dev\system\CodeIgniter.php(308): CodeIgniter\CodeIgniter->handleRequest(NULL, Object(Config\Cache), false)
#12 C:\xampp\htdocs\dev\public\index.php(45): CodeIgniter\CodeIgniter->run()
#13 {main}
CRITICAL - 2020-05-23 14:07:33 --> Unknown column 'email' in 'where clause'
#0 C:\xampp\htdocs\dev\system\Database\MySQLi\Connection.php(331): mysqli->query('SELECT 1\nFROM `...')
#1 C:\xampp\htdocs\dev\system\Database\BaseConnection.php(738): CodeIgniter\Database\MySQLi\Connection->execute('SELECT 1\nFROM `...')
#2 C:\xampp\htdocs\dev\system\Database\BaseConnection.php(666): CodeIgniter\Database\BaseConnection->simpleQuery('SELECT 1\nFROM `...')
#3 C:\xampp\htdocs\dev\system\Database\BaseBuilder.php(1845): CodeIgniter\Database\BaseConnection->query('SELECT 1\nFROM `...', Array, false)
#4 C:\xampp\htdocs\dev\system\Validation\Rules.php(234): CodeIgniter\Database\BaseBuilder->get()
#5 C:\xampp\htdocs\dev\system\Validation\Validation.php(294): CodeIgniter\Validation\Rules->is_unique('test29@gmail.co...', 'email', Array, NULL)
#6 C:\xampp\htdocs\dev\system\Validation\Validation.php(189): CodeIgniter\Validation\Validation->processRules('email', 'email', 'test29@gmail.co...', Array, Array)
#7 C:\xampp\htdocs\dev\system\Controller.php(219): CodeIgniter\Validation\Validation->run()
#8 C:\xampp\htdocs\dev\app\Controllers\Users.php(79): CodeIgniter\Controller->validate(Array)
#9 C:\xampp\htdocs\dev\system\CodeIgniter.php(914): App\Controllers\Users->register()
#10 C:\xampp\htdocs\dev\system\CodeIgniter.php(400): CodeIgniter\CodeIgniter->runController(Object(App\Controllers\Users))
#11 C:\xampp\htdocs\dev\system\CodeIgniter.php(308): CodeIgniter\CodeIgniter->handleRequest(NULL, Object(Config\Cache), false)
#12 C:\xampp\htdocs\dev\public\index.php(45): CodeIgniter\CodeIgniter->run()
#13 {main}
CRITICAL - 2020-05-23 14:09:42 --> Undefined variable: newData
#0 C:\xampp\htdocs\dev\app\Controllers\Users.php(78): CodeIgniter\Debug\Exceptions->errorHandler(8, 'Undefined varia...', 'C:\\xampp\\htdocs...', 78, Array)
#1 C:\xampp\htdocs\dev\system\CodeIgniter.php(914): App\Controllers\Users->register()
#2 C:\xampp\htdocs\dev\system\CodeIgniter.php(400): CodeIgniter\CodeIgniter->runController(Object(App\Controllers\Users))
#3 C:\xampp\htdocs\dev\system\CodeIgniter.php(308): CodeIgniter\CodeIgniter->handleRequest(NULL, Object(Config\Cache), false)
#4 C:\xampp\htdocs\dev\public\index.php(45): CodeIgniter\CodeIgniter->run()
#5 {main}
CRITICAL - 2020-05-23 14:12:21 --> Unknown column 'email' in 'where clause'
#0 C:\xampp\htdocs\dev\system\Database\MySQLi\Connection.php(331): mysqli->query('SELECT 1\nFROM `...')
#1 C:\xampp\htdocs\dev\system\Database\BaseConnection.php(738): CodeIgniter\Database\MySQLi\Connection->execute('SELECT 1\nFROM `...')
#2 C:\xampp\htdocs\dev\system\Database\BaseConnection.php(666): CodeIgniter\Database\BaseConnection->simpleQuery('SELECT 1\nFROM `...')
#3 C:\xampp\htdocs\dev\system\Database\BaseBuilder.php(1845): CodeIgniter\Database\BaseConnection->query('SELECT 1\nFROM `...', Array, false)
#4 C:\xampp\htdocs\dev\system\Validation\Rules.php(234): CodeIgniter\Database\BaseBuilder->get()
#5 C:\xampp\htdocs\dev\system\Validation\Validation.php(294): CodeIgniter\Validation\Rules->is_unique('test29@gmail.co...', 'email', Array, NULL)
#6 C:\xampp\htdocs\dev\system\Validation\Validation.php(189): CodeIgniter\Validation\Validation->processRules('email', 'email', 'test29@gmail.co...', Array, Array)
#7 C:\xampp\htdocs\dev\system\Controller.php(219): CodeIgniter\Validation\Validation->run()
#8 C:\xampp\htdocs\dev\app\Controllers\Users.php(82): CodeIgniter\Controller->validate(Array)
#9 C:\xampp\htdocs\dev\system\CodeIgniter.php(914): App\Controllers\Users->register()
#10 C:\xampp\htdocs\dev\system\CodeIgniter.php(400): CodeIgniter\CodeIgniter->runController(Object(App\Controllers\Users))
#11 C:\xampp\htdocs\dev\system\CodeIgniter.php(308): CodeIgniter\CodeIgniter->handleRequest(NULL, Object(Config\Cache), false)
#12 C:\xampp\htdocs\dev\public\index.php(45): CodeIgniter\CodeIgniter->run()
#13 {main}
CRITICAL - 2020-05-23 14:15:08 --> Trying to access array offset on value of type null
#0 C:\xampp\htdocs\dev\system\Model.php(728): CodeIgniter\Debug\Exceptions->errorHandler(8, 'Trying to acces...', 'C:\\xampp\\htdocs...', 728, Array)
#1 C:\xampp\htdocs\dev\system\Model.php(557): CodeIgniter\Model->insert(Array, false)
#2 C:\xampp\htdocs\dev\app\Controllers\Users.php(153): CodeIgniter\Model->save(Array)
#3 C:\xampp\htdocs\dev\system\CodeIgniter.php(914): App\Controllers\Users->profile()
#4 C:\xampp\htdocs\dev\system\CodeIgniter.php(400): CodeIgniter\CodeIgniter->runController(Object(App\Controllers\Users))
#5 C:\xampp\htdocs\dev\system\CodeIgniter.php(308): CodeIgniter\CodeIgniter->handleRequest(NULL, Object(Config\Cache), false)
#6 C:\xampp\htdocs\dev\public\index.php(45): CodeIgniter\CodeIgniter->run()
#7 {main}
CRITICAL - 2020-05-23 14:16:58 --> Array to string conversion
#0 C:\xampp\htdocs\dev\app\Controllers\Users.php(146): CodeIgniter\Debug\Exceptions->errorHandler(8, 'Array to string...', 'C:\\xampp\\htdocs...', 146, Array)
#1 C:\xampp\htdocs\dev\system\CodeIgniter.php(914): App\Controllers\Users->profile()
#2 C:\xampp\htdocs\dev\system\CodeIgniter.php(400): CodeIgniter\CodeIgniter->runController(Object(App\Controllers\Users))
#3 C:\xampp\htdocs\dev\system\CodeIgniter.php(308): CodeIgniter\CodeIgniter->handleRequest(NULL, Object(Config\Cache), false)
#4 C:\xampp\htdocs\dev\public\index.php(45): CodeIgniter\CodeIgniter->run()
#5 {main}
CRITICAL - 2020-05-23 14:31:58 --> Trying to access array offset on value of type null
#0 C:\xampp\htdocs\dev\system\Model.php(728): CodeIgniter\Debug\Exceptions->errorHandler(8, 'Trying to acces...', 'C:\\xampp\\htdocs...', 728, Array)
#1 C:\xampp\htdocs\dev\system\Model.php(557): CodeIgniter\Model->insert(Array, false)
#2 C:\xampp\htdocs\dev\app\Controllers\Users.php(161): CodeIgniter\Model->save(Array)
#3 C:\xampp\htdocs\dev\system\CodeIgniter.php(914): App\Controllers\Users->profile()
#4 C:\xampp\htdocs\dev\system\CodeIgniter.php(400): CodeIgniter\CodeIgniter->runController(Object(App\Controllers\Users))
#5 C:\xampp\htdocs\dev\system\CodeIgniter.php(308): CodeIgniter\CodeIgniter->handleRequest(NULL, Object(Config\Cache), false)
#6 C:\xampp\htdocs\dev\public\index.php(45): CodeIgniter\CodeIgniter->run()
#7 {main}
CRITICAL - 2020-05-23 14:34:15 --> Trying to access array offset on value of type null
#0 C:\xampp\htdocs\dev\system\Model.php(728): CodeIgniter\Debug\Exceptions->errorHandler(8, 'Trying to acces...', 'C:\\xampp\\htdocs...', 728, Array)
#1 C:\xampp\htdocs\dev\system\Model.php(557): CodeIgniter\Model->insert(Array, false)
#2 C:\xampp\htdocs\dev\app\Controllers\Users.php(165): CodeIgniter\Model->save(Array)
#3 C:\xampp\htdocs\dev\system\CodeIgniter.php(914): App\Controllers\Users->profile()
#4 C:\xampp\htdocs\dev\system\CodeIgniter.php(400): CodeIgniter\CodeIgniter->runController(Object(App\Controllers\Users))
#5 C:\xampp\htdocs\dev\system\CodeIgniter.php(308): CodeIgniter\CodeIgniter->handleRequest(NULL, Object(Config\Cache), false)
#6 C:\xampp\htdocs\dev\public\index.php(45): CodeIgniter\CodeIgniter->run()
#7 {main}
CRITICAL - 2020-05-23 14:45:35 --> syntax error, unexpected 'dashboard' (T_STRING), expecting ')'
#0 C:\xampp\htdocs\dev\system\Autoloader\Autoloader.php(296): CodeIgniter\Autoloader\Autoloader->requireFile('C:\\xampp\\htdocs...')
#1 C:\xampp\htdocs\dev\system\Autoloader\Autoloader.php(258): CodeIgniter\Autoloader\Autoloader->loadInNamespace('App\\Controllers...')
#2 [internal function]: CodeIgniter\Autoloader\Autoloader->loadClass('App\\Controllers...')
#3 [internal function]: spl_autoload_call('App\\Controllers...')
#4 C:\xampp\htdocs\dev\system\CodeIgniter.php(865): class_exists('\\App\\Controller...', true)
#5 C:\xampp\htdocs\dev\system\CodeIgniter.php(390): CodeIgniter\CodeIgniter->startController()
#6 C:\xampp\htdocs\dev\system\CodeIgniter.php(308): CodeIgniter\CodeIgniter->handleRequest(NULL, Object(Config\Cache), false)
#7 C:\xampp\htdocs\dev\public\index.php(45): CodeIgniter\CodeIgniter->run()
#8 {main}
CRITICAL - 2020-05-23 14:45:45 --> syntax error, unexpected 'user' (T_STRING), expecting ')'
#0 C:\xampp\htdocs\dev\system\Autoloader\Autoloader.php(296): CodeIgniter\Autoloader\Autoloader->requireFile('C:\\xampp\\htdocs...')
#1 C:\xampp\htdocs\dev\system\Autoloader\Autoloader.php(258): CodeIgniter\Autoloader\Autoloader->loadInNamespace('App\\Controllers...')
#2 [internal function]: CodeIgniter\Autoloader\Autoloader->loadClass('App\\Controllers...')
#3 [internal function]: spl_autoload_call('App\\Controllers...')
#4 C:\xampp\htdocs\dev\system\CodeIgniter.php(865): class_exists('\\App\\Controller...', true)
#5 C:\xampp\htdocs\dev\system\CodeIgniter.php(390): CodeIgniter\CodeIgniter->startController()
#6 C:\xampp\htdocs\dev\system\CodeIgniter.php(308): CodeIgniter\CodeIgniter->handleRequest(NULL, Object(Config\Cache), false)
#7 C:\xampp\htdocs\dev\public\index.php(45): CodeIgniter\CodeIgniter->run()
#8 {main}
CRITICAL - 2020-05-23 14:56:02 --> Duplicate entry '22' for key 'PRIMARY'
#0 C:\xampp\htdocs\dev\system\Database\MySQLi\Connection.php(331): mysqli->query('INSERT INTO `us...')
#1 C:\xampp\htdocs\dev\system\Database\BaseConnection.php(738): CodeIgniter\Database\MySQLi\Connection->execute('INSERT INTO `us...')
#2 C:\xampp\htdocs\dev\system\Database\BaseConnection.php(666): CodeIgniter\Database\BaseConnection->simpleQuery('INSERT INTO `us...')
#3 C:\xampp\htdocs\dev\system\Database\BaseBuilder.php(2234): CodeIgniter\Database\BaseConnection->query('INSERT INTO `us...', Array, false)
#4 C:\xampp\htdocs\dev\system\Model.php(729): CodeIgniter\Database\BaseBuilder->insert()
#5 C:\xampp\htdocs\dev\system\Model.php(557): CodeIgniter\Model->insert(Array, false)
#6 C:\xampp\htdocs\dev\app\Controllers\Users.php(164): CodeIgniter\Model->save(Array)
#7 C:\xampp\htdocs\dev\system\CodeIgniter.php(914): App\Controllers\Users->profile()
#8 C:\xampp\htdocs\dev\system\CodeIgniter.php(400): CodeIgniter\CodeIgniter->runController(Object(App\Controllers\Users))
#9 C:\xampp\htdocs\dev\system\CodeIgniter.php(308): CodeIgniter\CodeIgniter->handleRequest(NULL, Object(Config\Cache), false)
#10 C:\xampp\htdocs\dev\public\index.php(45): CodeIgniter\CodeIgniter->run()
#11 {main}
CRITICAL - 2020-05-23 14:56:34 --> Duplicate entry '22' for key 'PRIMARY'
#0 C:\xampp\htdocs\dev\system\Database\MySQLi\Connection.php(331): mysqli->query('INSERT INTO `us...')
#1 C:\xampp\htdocs\dev\system\Database\BaseConnection.php(738): CodeIgniter\Database\MySQLi\Connection->execute('INSERT INTO `us...')
#2 C:\xampp\htdocs\dev\system\Database\BaseConnection.php(666): CodeIgniter\Database\BaseConnection->simpleQuery('INSERT INTO `us...')
#3 C:\xampp\htdocs\dev\system\Database\BaseBuilder.php(2234): CodeIgniter\Database\BaseConnection->query('INSERT INTO `us...', Array, false)
#4 C:\xampp\htdocs\dev\system\Model.php(729): CodeIgniter\Database\BaseBuilder->insert()
#5 C:\xampp\htdocs\dev\system\Model.php(557): CodeIgniter\Model->insert(Array, false)
#6 C:\xampp\htdocs\dev\app\Controllers\Users.php(164): CodeIgniter\Model->save(Array)
#7 C:\xampp\htdocs\dev\system\CodeIgniter.php(914): App\Controllers\Users->profile()
#8 C:\xampp\htdocs\dev\system\CodeIgniter.php(400): CodeIgniter\CodeIgniter->runController(Object(App\Controllers\Users))
#9 C:\xampp\htdocs\dev\system\CodeIgniter.php(308): CodeIgniter\CodeIgniter->handleRequest(NULL, Object(Config\Cache), false)
#10 C:\xampp\htdocs\dev\public\index.php(45): CodeIgniter\CodeIgniter->run()
#11 {main}
CRITICAL - 2020-05-23 15:16:42 --> Unknown column 'users.id' in 'where clause'
#0 C:\xampp\htdocs\dev\system\Database\MySQLi\Connection.php(331): mysqli->query('UPDATE `users` ...')
#1 C:\xampp\htdocs\dev\system\Database\BaseConnection.php(738): CodeIgniter\Database\MySQLi\Connection->execute('UPDATE `users` ...')
#2 C:\xampp\htdocs\dev\system\Database\BaseConnection.php(666): CodeIgniter\Database\BaseConnection->simpleQuery('UPDATE `users` ...')
#3 C:\xampp\htdocs\dev\system\Database\BaseBuilder.php(2441): CodeIgniter\Database\BaseConnection->query('UPDATE `users` ...', Array, false)
#4 C:\xampp\htdocs\dev\system\Model.php(864): CodeIgniter\Database\BaseBuilder->update()
#5 C:\xampp\htdocs\dev\system\Model.php(553): CodeIgniter\Model->update(Array, Array)
#6 C:\xampp\htdocs\dev\app\Controllers\Users.php(162): CodeIgniter\Model->save(Array)
#7 C:\xampp\htdocs\dev\system\CodeIgniter.php(914): App\Controllers\Users->profile()
#8 C:\xampp\htdocs\dev\system\CodeIgniter.php(400): CodeIgniter\CodeIgniter->runController(Object(App\Controllers\Users))
#9 C:\xampp\htdocs\dev\system\CodeIgniter.php(308): CodeIgniter\CodeIgniter->handleRequest(NULL, Object(Config\Cache), false)
#10 C:\xampp\htdocs\dev\public\index.php(45): CodeIgniter\CodeIgniter->run()
#11 {main}
CRITICAL - 2020-05-23 15:53:53 --> Undefined variable: userModel
#0 C:\xampp\htdocs\dev\app\Controllers\Users.php(163): CodeIgniter\Debug\Exceptions->errorHandler(8, 'Undefined varia...', 'C:\\xampp\\htdocs...', 163, Array)
#1 C:\xampp\htdocs\dev\system\CodeIgniter.php(914): App\Controllers\Users->profile()
#2 C:\xampp\htdocs\dev\system\CodeIgniter.php(400): CodeIgniter\CodeIgniter->runController(Object(App\Controllers\Users))
#3 C:\xampp\htdocs\dev\system\CodeIgniter.php(308): CodeIgniter\CodeIgniter->handleRequest(NULL, Object(Config\Cache), false)
#4 C:\xampp\htdocs\dev\public\index.php(45): CodeIgniter\CodeIgniter->run()
#5 {main}
CRITICAL - 2020-05-23 15:54:35 --> You have an error in your SQL syntax; check the manual that corresponds to your MariaDB server version for the right syntax to use near '0 = '22', `fnameUsers` = 'test96', `lnameUsers` = 'test96', `pwdUsers` = '$2y$10' at line 1
#0 C:\xampp\htdocs\dev\system\Database\MySQLi\Connection.php(331): mysqli->query('UPDATE `users` ...')
#1 C:\xampp\htdocs\dev\system\Database\BaseConnection.php(738): CodeIgniter\Database\MySQLi\Connection->execute('UPDATE `users` ...')
#2 C:\xampp\htdocs\dev\system\Database\BaseConnection.php(666): CodeIgniter\Database\BaseConnection->simpleQuery('UPDATE `users` ...')
#3 C:\xampp\htdocs\dev\system\Database\BaseBuilder.php(2441): CodeIgniter\Database\BaseConnection->query('UPDATE `users` ...', Array, false)
#4 C:\xampp\htdocs\dev\system\Model.php(864): CodeIgniter\Database\BaseBuilder->update()
#5 C:\xampp\htdocs\dev\app\Controllers\Users.php(163): CodeIgniter\Model->update(Array, Array)
#6 C:\xampp\htdocs\dev\system\CodeIgniter.php(914): App\Controllers\Users->profile()
#7 C:\xampp\htdocs\dev\system\CodeIgniter.php(400): CodeIgniter\CodeIgniter->runController(Object(App\Controllers\Users))
#8 C:\xampp\htdocs\dev\system\CodeIgniter.php(308): CodeIgniter\CodeIgniter->handleRequest(NULL, Object(Config\Cache), false)
#9 C:\xampp\htdocs\dev\public\index.php(45): CodeIgniter\CodeIgniter->run()
#10 {main}
CRITICAL - 2020-05-23 15:55:36 --> Undefined variable: id
#0 C:\xampp\htdocs\dev\app\Controllers\Users.php(163): CodeIgniter\Debug\Exceptions->errorHandler(8, 'Undefined varia...', 'C:\\xampp\\htdocs...', 163, Array)
#1 C:\xampp\htdocs\dev\system\CodeIgniter.php(914): App\Controllers\Users->profile()
#2 C:\xampp\htdocs\dev\system\CodeIgniter.php(400): CodeIgniter\CodeIgniter->runController(Object(App\Controllers\Users))
#3 C:\xampp\htdocs\dev\system\CodeIgniter.php(308): CodeIgniter\CodeIgniter->handleRequest(NULL, Object(Config\Cache), false)
#4 C:\xampp\htdocs\dev\public\index.php(45): CodeIgniter\CodeIgniter->run()
#5 {main}
CRITICAL - 2020-05-23 16:34:00 --> Undefined variable: id
#0 C:\xampp\htdocs\dev\app\Controllers\Users.php(148): CodeIgniter\Debug\Exceptions->errorHandler(8, 'Undefined varia...', 'C:\\xampp\\htdocs...', 148, Array)
#1 C:\xampp\htdocs\dev\system\CodeIgniter.php(914): App\Controllers\Users->profile()
#2 C:\xampp\htdocs\dev\system\CodeIgniter.php(400): CodeIgniter\CodeIgniter->runController(Object(App\Controllers\Users))
#3 C:\xampp\htdocs\dev\system\CodeIgniter.php(308): CodeIgniter\CodeIgniter->handleRequest(NULL, Object(Config\Cache), false)
#4 C:\xampp\htdocs\dev\public\index.php(45): CodeIgniter\CodeIgniter->run()
#5 {main}
CRITICAL - 2020-05-23 16:34:29 --> Undefined variable: id
#0 C:\xampp\htdocs\dev\app\Controllers\Users.php(148): CodeIgniter\Debug\Exceptions->errorHandler(8, 'Undefined varia...', 'C:\\xampp\\htdocs...', 148, Array)
#1 C:\xampp\htdocs\dev\system\CodeIgniter.php(914): App\Controllers\Users->profile()
#2 C:\xampp\htdocs\dev\system\CodeIgniter.php(400): CodeIgniter\CodeIgniter->runController(Object(App\Controllers\Users))
#3 C:\xampp\htdocs\dev\system\CodeIgniter.php(308): CodeIgniter\CodeIgniter->handleRequest(NULL, Object(Config\Cache), false)
#4 C:\xampp\htdocs\dev\public\index.php(45): CodeIgniter\CodeIgniter->run()
#5 {main}
CRITICAL - 2020-05-23 16:35:42 --> Array to string conversion
#0 C:\xampp\htdocs\dev\app\Controllers\Users.php(161): CodeIgniter\Debug\Exceptions->errorHandler(8, 'Array to string...', 'C:\\xampp\\htdocs...', 161, Array)
#1 C:\xampp\htdocs\dev\system\CodeIgniter.php(914): App\Controllers\Users->profile()
#2 C:\xampp\htdocs\dev\system\CodeIgniter.php(400): CodeIgniter\CodeIgniter->runController(Object(App\Controllers\Users))
#3 C:\xampp\htdocs\dev\system\CodeIgniter.php(308): CodeIgniter\CodeIgniter->handleRequest(NULL, Object(Config\Cache), false)
#4 C:\xampp\htdocs\dev\public\index.php(45): CodeIgniter\CodeIgniter->run()
#5 {main}
CRITICAL - 2020-05-23 16:36:48 --> Undefined variable: UserModel
#0 C:\xampp\htdocs\dev\app\Controllers\Users.php(164): CodeIgniter\Debug\Exceptions->errorHandler(8, 'Undefined varia...', 'C:\\xampp\\htdocs...', 164, Array)
#1 C:\xampp\htdocs\dev\system\CodeIgniter.php(914): App\Controllers\Users->profile()
#2 C:\xampp\htdocs\dev\system\CodeIgniter.php(400): CodeIgniter\CodeIgniter->runController(Object(App\Controllers\Users))
#3 C:\xampp\htdocs\dev\system\CodeIgniter.php(308): CodeIgniter\CodeIgniter->handleRequest(NULL, Object(Config\Cache), false)
#4 C:\xampp\htdocs\dev\public\index.php(45): CodeIgniter\CodeIgniter->run()
#5 {main}
CRITICAL - 2020-05-23 16:37:17 --> You have an error in your SQL syntax; check the manual that corresponds to your MariaDB server version for the right syntax to use near '0 = '22', `fnameUsers` = 'test95', `lnameUsers` = 'test95', `pwdUsers` = '$2y$10' at line 1
#0 C:\xampp\htdocs\dev\system\Database\MySQLi\Connection.php(331): mysqli->query('UPDATE `users` ...')
#1 C:\xampp\htdocs\dev\system\Database\BaseConnection.php(738): CodeIgniter\Database\MySQLi\Connection->execute('UPDATE `users` ...')
#2 C:\xampp\htdocs\dev\system\Database\BaseConnection.php(666): CodeIgniter\Database\BaseConnection->simpleQuery('UPDATE `users` ...')
#3 C:\xampp\htdocs\dev\system\Database\BaseBuilder.php(2441): CodeIgniter\Database\BaseConnection->query('UPDATE `users` ...', Array, false)
#4 C:\xampp\htdocs\dev\system\Model.php(864): CodeIgniter\Database\BaseBuilder->update()
#5 C:\xampp\htdocs\dev\app\Controllers\Users.php(164): CodeIgniter\Model->update(Array, Array)
#6 C:\xampp\htdocs\dev\system\CodeIgniter.php(914): App\Controllers\Users->profile()
#7 C:\xampp\htdocs\dev\system\CodeIgniter.php(400): CodeIgniter\CodeIgniter->runController(Object(App\Controllers\Users))
#8 C:\xampp\htdocs\dev\system\CodeIgniter.php(308): CodeIgniter\CodeIgniter->handleRequest(NULL, Object(Config\Cache), false)
#9 C:\xampp\htdocs\dev\public\index.php(45): CodeIgniter\CodeIgniter->run()
#10 {main}
CRITICAL - 2020-05-23 16:37:48 --> You have an error in your SQL syntax; check the manual that corresponds to your MariaDB server version for the right syntax to use near '0 = '22', `fnameUsers` = 'test95', `lnameUsers` = 'test95', `pwdUsers` = '$2y$10' at line 1
#0 C:\xampp\htdocs\dev\system\Database\MySQLi\Connection.php(331): mysqli->query('UPDATE `users` ...')
#1 C:\xampp\htdocs\dev\system\Database\BaseConnection.php(738): CodeIgniter\Database\MySQLi\Connection->execute('UPDATE `users` ...')
#2 C:\xampp\htdocs\dev\system\Database\BaseConnection.php(666): CodeIgniter\Database\BaseConnection->simpleQuery('UPDATE `users` ...')
#3 C:\xampp\htdocs\dev\system\Database\BaseBuilder.php(2441): CodeIgniter\Database\BaseConnection->query('UPDATE `users` ...', Array, false)
#4 C:\xampp\htdocs\dev\system\Model.php(864): CodeIgniter\Database\BaseBuilder->update()
#5 C:\xampp\htdocs\dev\app\Controllers\Users.php(164): CodeIgniter\Model->update(Array, Array)
#6 C:\xampp\htdocs\dev\system\CodeIgniter.php(914): App\Controllers\Users->profile()
#7 C:\xampp\htdocs\dev\system\CodeIgniter.php(400): CodeIgniter\CodeIgniter->runController(Object(App\Controllers\Users))
#8 C:\xampp\htdocs\dev\system\CodeIgniter.php(308): CodeIgniter\CodeIgniter->handleRequest(NULL, Object(Config\Cache), false)
#9 C:\xampp\htdocs\dev\public\index.php(45): CodeIgniter\CodeIgniter->run()
#10 {main}
CRITICAL - 2020-05-23 16:44:21 --> You have an error in your SQL syntax; check the manual that corresponds to your MariaDB server version for the right syntax to use near '0 = '22', `fnameUsers` = 'test95', `lnameUsers` = 'test95', `pwdUsers` = '$2y$10' at line 1
#0 C:\xampp\htdocs\dev\system\Database\MySQLi\Connection.php(331): mysqli->query('UPDATE `users` ...')
#1 C:\xampp\htdocs\dev\system\Database\BaseConnection.php(738): CodeIgniter\Database\MySQLi\Connection->execute('UPDATE `users` ...')
#2 C:\xampp\htdocs\dev\system\Database\BaseConnection.php(666): CodeIgniter\Database\BaseConnection->simpleQuery('UPDATE `users` ...')
#3 C:\xampp\htdocs\dev\system\Database\BaseBuilder.php(2441): CodeIgniter\Database\BaseConnection->query('UPDATE `users` ...', Array, false)
#4 C:\xampp\htdocs\dev\system\Model.php(864): CodeIgniter\Database\BaseBuilder->update()
#5 C:\xampp\htdocs\dev\app\Controllers\Users.php(164): CodeIgniter\Model->update(Array, Array)
#6 C:\xampp\htdocs\dev\system\CodeIgniter.php(914): App\Controllers\Users->profile()
#7 C:\xampp\htdocs\dev\system\CodeIgniter.php(400): CodeIgniter\CodeIgniter->runController(Object(App\Controllers\Users))
#8 C:\xampp\htdocs\dev\system\CodeIgniter.php(308): CodeIgniter\CodeIgniter->handleRequest(NULL, Object(Config\Cache), false)
#9 C:\xampp\htdocs\dev\public\index.php(45): CodeIgniter\CodeIgniter->run()
#10 {main}
CRITICAL - 2020-05-23 16:50:27 --> Undefined variable: userModel
#0 C:\xampp\htdocs\dev\app\Controllers\Users.php(160): CodeIgniter\Debug\Exceptions->errorHandler(8, 'Undefined varia...', 'C:\\xampp\\htdocs...', 160, Array)
#1 C:\xampp\htdocs\dev\system\CodeIgniter.php(914): App\Controllers\Users->profile()
#2 C:\xampp\htdocs\dev\system\CodeIgniter.php(400): CodeIgniter\CodeIgniter->runController(Object(App\Controllers\Users))
#3 C:\xampp\htdocs\dev\system\CodeIgniter.php(308): CodeIgniter\CodeIgniter->handleRequest(NULL, Object(Config\Cache), false)
#4 C:\xampp\htdocs\dev\public\index.php(45): CodeIgniter\CodeIgniter->run()
#5 {main}
CRITICAL - 2020-05-23 16:51:01 --> Trying to access array offset on value of type null
#0 C:\xampp\htdocs\dev\system\Model.php(728): CodeIgniter\Debug\Exceptions->errorHandler(8, 'Trying to acces...', 'C:\\xampp\\htdocs...', 728, Array)
#1 C:\xampp\htdocs\dev\system\Model.php(557): CodeIgniter\Model->insert(Array, false)
#2 C:\xampp\htdocs\dev\app\Controllers\Users.php(160): CodeIgniter\Model->save(Array)
#3 C:\xampp\htdocs\dev\system\CodeIgniter.php(914): App\Controllers\Users->profile()
#4 C:\xampp\htdocs\dev\system\CodeIgniter.php(400): CodeIgniter\CodeIgniter->runController(Object(App\Controllers\Users))
#5 C:\xampp\htdocs\dev\system\CodeIgniter.php(308): CodeIgniter\CodeIgniter->handleRequest(NULL, Object(Config\Cache), false)
#6 C:\xampp\htdocs\dev\public\index.php(45): CodeIgniter\CodeIgniter->run()
#7 {main}
CRITICAL - 2020-05-23 16:51:35 --> Undefined variable: userModel
#0 C:\xampp\htdocs\dev\app\Controllers\Users.php(160): CodeIgniter\Debug\Exceptions->errorHandler(8, 'Undefined varia...', 'C:\\xampp\\htdocs...', 160, Array)
#1 C:\xampp\htdocs\dev\system\CodeIgniter.php(914): App\Controllers\Users->profile()
#2 C:\xampp\htdocs\dev\system\CodeIgniter.php(400): CodeIgniter\CodeIgniter->runController(Object(App\Controllers\Users))
#3 C:\xampp\htdocs\dev\system\CodeIgniter.php(308): CodeIgniter\CodeIgniter->handleRequest(NULL, Object(Config\Cache), false)
#4 C:\xampp\htdocs\dev\public\index.php(45): CodeIgniter\CodeIgniter->run()
#5 {main}
CRITICAL - 2020-05-23 16:51:46 --> Undefined variable: userModel
#0 C:\xampp\htdocs\dev\app\Controllers\Users.php(160): CodeIgniter\Debug\Exceptions->errorHandler(8, 'Undefined varia...', 'C:\\xampp\\htdocs...', 160, Array)
#1 C:\xampp\htdocs\dev\system\CodeIgniter.php(914): App\Controllers\Users->profile()
#2 C:\xampp\htdocs\dev\system\CodeIgniter.php(400): CodeIgniter\CodeIgniter->runController(Object(App\Controllers\Users))
#3 C:\xampp\htdocs\dev\system\CodeIgniter.php(308): CodeIgniter\CodeIgniter->handleRequest(NULL, Object(Config\Cache), false)
#4 C:\xampp\htdocs\dev\public\index.php(45): CodeIgniter\CodeIgniter->run()
#5 {main}
CRITICAL - 2020-05-23 16:52:10 --> Trying to access array offset on value of type null
#0 C:\xampp\htdocs\dev\system\Model.php(728): CodeIgniter\Debug\Exceptions->errorHandler(8, 'Trying to acces...', 'C:\\xampp\\htdocs...', 728, Array)
#1 C:\xampp\htdocs\dev\system\Model.php(557): CodeIgniter\Model->insert(Array, false)
#2 C:\xampp\htdocs\dev\app\Controllers\Users.php(160): CodeIgniter\Model->save(Array)
#3 C:\xampp\htdocs\dev\system\CodeIgniter.php(914): App\Controllers\Users->profile()
#4 C:\xampp\htdocs\dev\system\CodeIgniter.php(400): CodeIgniter\CodeIgniter->runController(Object(App\Controllers\Users))
#5 C:\xampp\htdocs\dev\system\CodeIgniter.php(308): CodeIgniter\CodeIgniter->handleRequest(NULL, Object(Config\Cache), false)
#6 C:\xampp\htdocs\dev\public\index.php(45): CodeIgniter\CodeIgniter->run()
#7 {main}
CRITICAL - 2020-05-23 16:53:40 --> syntax error, unexpected ','
#0 C:\xampp\htdocs\dev\system\Autoloader\Autoloader.php(296): CodeIgniter\Autoloader\Autoloader->requireFile('C:\\xampp\\htdocs...')
#1 C:\xampp\htdocs\dev\system\Autoloader\Autoloader.php(258): CodeIgniter\Autoloader\Autoloader->loadInNamespace('App\\Controllers...')
#2 [internal function]: CodeIgniter\Autoloader\Autoloader->loadClass('App\\Controllers...')
#3 [internal function]: spl_autoload_call('App\\Controllers...')
#4 C:\xampp\htdocs\dev\system\CodeIgniter.php(865): class_exists('\\App\\Controller...', true)
#5 C:\xampp\htdocs\dev\system\CodeIgniter.php(390): CodeIgniter\CodeIgniter->startController()
#6 C:\xampp\htdocs\dev\system\CodeIgniter.php(308): CodeIgniter\CodeIgniter->handleRequest(NULL, Object(Config\Cache), false)
#7 C:\xampp\htdocs\dev\public\index.php(45): CodeIgniter\CodeIgniter->run()
#8 {main}
CRITICAL - 2020-05-23 16:54:56 --> Undefined variable: newData
#0 C:\xampp\htdocs\dev\app\Controllers\Users.php(168): CodeIgniter\Debug\Exceptions->errorHandler(8, 'Undefined varia...', 'C:\\xampp\\htdocs...', 168, Array)
#1 C:\xampp\htdocs\dev\system\CodeIgniter.php(914): App\Controllers\Users->profile()
#2 C:\xampp\htdocs\dev\system\CodeIgniter.php(400): CodeIgniter\CodeIgniter->runController(Object(App\Controllers\Users))
#3 C:\xampp\htdocs\dev\system\CodeIgniter.php(308): CodeIgniter\CodeIgniter->handleRequest(NULL, Object(Config\Cache), false)
#4 C:\xampp\htdocs\dev\public\index.php(45): CodeIgniter\CodeIgniter->run()
#5 {main}
CRITICAL - 2020-05-23 16:55:16 --> Trying to access array offset on value of type null
#0 C:\xampp\htdocs\dev\system\Model.php(863): CodeIgniter\Debug\Exceptions->errorHandler(8, 'Trying to acces...', 'C:\\xampp\\htdocs...', 863, Array)
#1 C:\xampp\htdocs\dev\app\Controllers\Users.php(168): CodeIgniter\Model->update(Array, Array)
#2 C:\xampp\htdocs\dev\system\CodeIgniter.php(914): App\Controllers\Users->profile()
#3 C:\xampp\htdocs\dev\system\CodeIgniter.php(400): CodeIgniter\CodeIgniter->runController(Object(App\Controllers\Users))
#4 C:\xampp\htdocs\dev\system\CodeIgniter.php(308): CodeIgniter\CodeIgniter->handleRequest(NULL, Object(Config\Cache), false)
#5 C:\xampp\htdocs\dev\public\index.php(45): CodeIgniter\CodeIgniter->run()
#6 {main}
CRITICAL - 2020-05-23 16:55:36 --> Trying to access array offset on value of type null
#0 C:\xampp\htdocs\dev\system\Model.php(863): CodeIgniter\Debug\Exceptions->errorHandler(8, 'Trying to acces...', 'C:\\xampp\\htdocs...', 863, Array)
#1 C:\xampp\htdocs\dev\app\Controllers\Users.php(159): CodeIgniter\Model->update(Array, Array)
#2 C:\xampp\htdocs\dev\system\CodeIgniter.php(914): App\Controllers\Users->profile()
#3 C:\xampp\htdocs\dev\system\CodeIgniter.php(400): CodeIgniter\CodeIgniter->runController(Object(App\Controllers\Users))
#4 C:\xampp\htdocs\dev\system\CodeIgniter.php(308): CodeIgniter\CodeIgniter->handleRequest(NULL, Object(Config\Cache), false)
#5 C:\xampp\htdocs\dev\public\index.php(45): CodeIgniter\CodeIgniter->run()
#6 {main}
